
[1mRooFit v3.60 -- Developed by Wouter Verkerke and David Kirkby[0m 
                Copyright (C) 2000-2013 NIKHEF, University of California & Stanford University
                All rights reserved, please read http://roofit.sourceforge.net/license.txt

analysis: K0L
data_file: /sps/compass/02/yann/2016.fix/P06
data_template: hist
data_firstfile_nb: 273675
data_lastfile_nb: 274200
fit_type: all
merged_h: false
cols_theta_bin: true
hist_file_iphi: ./hist_iphi.P06.root
hist_file_ephi: ./hist_ephi.P06.root
hist_file_K0: ./hist_K0.P06.root
hist_file_Lam: ./hist_Lambda.P06.root
out_file: rich_p06.root
remove_richpipe: true
thr_diff: 5
LH_pi_K: 1.0
LH_pi_p: 1.0
LH_pi_bg: 2.0
LH_K_pi: 1.06
LH_K_p: 1.06
LH_K_bg: 2.0
LH_bthr_p_pi: 1.
LH_bthr_p_K: 1.
LH_athr_p_pi: 1.
LH_athr_p_K: 1.
LH_athr_p_bg: 1.
LH_bthr_p_pi_bg: 2.3
LH_bthr_p_K_bg: 3.0
LH_bthr_m_pi_bg: 2.2
LH_bthr_m_K_bg: 2.9
max_retry: 100
line_width: 2
sidebins: false
=====================
lh_cut[i][j]:
[0][0] -1.00 [0][1]  1.00 [0][2]  1.00 [0][3] -1.00 [0][4] -1.00 [0][5]  2.00 
[1][0]  1.06 [1][1] -1.00 [1][2]  1.06 [1][3] -1.00 [1][4] -1.00 [1][5]  2.00 
[2][0]  1.00 [2][1]  1.00 [2][2] -1.00 [2][3] -1.00 [2][4] -1.00 [2][5] -1.00 
[3][0]  1.00 [3][1]  1.00 [3][2] -1.00 [3][3] -1.00 [3][4] -1.00 [3][5]  1.00 
[4][0]  2.30 [4][1]  3.00 [4][2]  2.20 [4][3]  2.90 [4][4] -1.00 [4][5] -1.00 

Fits of K0 sample for pi- efficiency:
 theta:  0   mom:  0   Ent:27153
=>  1 iters (-539958.77) -> 3
 theta:  0   mom:  1   Ent:22401
=>  1 iters (-460404.00) -> 3
 theta:  0   mom:  2   Ent:26453
=>  1 iters (-560446.24) -> 3
 theta:  0   mom:  3   Ent:13786
=>  1 iters (-275594.92) -> 3
 theta:  0   mom:  4   Ent:5897
=== Sucessful r9essai
=>  1 iters (-107645.42) -> 3
 theta:  0   mom:  5   Ent:10100
=== Sucessful r9essai
=>  1 iters (-194415.93) -> 3
 theta:  0   mom:  6   Ent:8062
=>  1 iters (-151167.99) -> 3
 theta:  0   mom:  7   Ent:6562
=== Sucessful r9essai
=>  6 iters (-119096.60) -> 3
 theta:  0   mom:  8   Ent:7483
=== Sucessful r9essai
=>  2 iters (-134347.06) -> 3
 theta:  0   mom:  9   Ent:5614
=>  1 iters (-96235.73) -> 3
 theta:  0   mom: 10   Ent:2946
=>  1 iters (-46073.91) -> 3
 theta:  0   mom: 11   Ent:3624
=>  1 iters (-57872.87) -> 3
 theta:  0   mom: 12   Ent:4293
=>  1 iters (-68283.73) -> 3
 theta:  0   mom: 13   Ent:2625
=== Sucessful r9essai
=>  1 iters (-38047.29) -> 3
 theta:  0   mom: 14   Ent:2579
=>  1 iters (-36554.35) -> 3
 theta:  1   mom:  0   Ent:21146
=>  1 iters (-406037.92) -> 3
 theta:  1   mom:  1   Ent:21160
=>  1 iters (-432407.91) -> 3
 theta:  1   mom:  2   Ent:25452
=>  1 iters (-537342.18) -> 3
 theta:  1   mom:  3   Ent:13111
=>  1 iters (-260806.35) -> 3
 theta:  1   mom:  4   Ent:5583
=== Sucessful r9essai
=>  1 iters (-101314.34) -> 3
 theta:  1   mom:  5   Ent:9446
=>  1 iters (-180442.69) -> 3
 theta:  1   mom:  6   Ent:7468
=>  1 iters (-138763.91) -> 3
 theta:  1   mom:  7   Ent:6025
=>  1 iters (-108455.48) -> 3
 theta:  1   mom:  8   Ent:6735
=> 101 iters (-119476.40) -> 2
 theta:  1   mom:  9   Ent:4958
=>  1 iters (-83681.96) -> 3
 theta:  1   mom: 10   Ent:2570
=>  1 iters (-39369.43) -> 3
 theta:  1   mom: 11   Ent:3163
=>  1 iters (-49630.01) -> 3
 theta:  1   mom: 12   Ent:3625
=>  1 iters (-56441.48) -> 3
 theta:  1   mom: 13   Ent:2132
=>  1 iters (-29994.60) -> 3
 theta:  1   mom: 14   Ent:1914
=>  1 iters (-26266.63) -> 3
 theta:  2   mom:  0   Ent:39783
=>  1 iters (-809480.63) -> 3
 theta:  2   mom:  1   Ent:37859
=>  1 iters (-816767.30) -> 3
 theta:  2   mom:  2   Ent:41743
=>  2 iters (-922934.46) -> 3
 theta:  2   mom:  3   Ent:19502
=>  1 iters (-403439.45) -> 3
 theta:  2   mom:  4   Ent:7835
=>  1 iters (-147358.01) -> 3
 theta:  2   mom:  5   Ent:12683
=>  1 iters (-249606.49) -> 3
 theta:  2   mom:  6   Ent:9376
=>  1 iters (-178235.24) -> 3
 theta:  2   mom:  7   Ent:7233
=>  1 iters (-132362.62) -> 3
 theta:  2   mom:  8   Ent:7743
=>  2 iters (-139032.17) -> 3
 theta:  2   mom:  9   Ent:5493
=>  1 iters (-93484.29) -> 3
 theta:  2   mom: 10   Ent:2748
=>  1 iters (-42355.26) -> 3
 theta:  2   mom: 11   Ent:3331
=>  1 iters (-52386.20) -> 3
 theta:  2   mom: 12   Ent:3789
=>  1 iters (-59217.82) -> 3
 theta:  2   mom: 13   Ent:2189
=>  1 iters (-30870.29) -> 3
 theta:  2   mom: 14   Ent:1938
=>  1 iters (-26614.13) -> 3
 theta:  3   mom:  0   Ent:5831
=== Sucessful r9essai
=>  1 iters (-102993.41) -> 3
 theta:  3   mom:  1   Ent:911
=>  1 iters (-13244.91) -> 3
 theta:  3   mom:  2   Ent:210
=>  1 iters (-2417.86) -> 3
 theta:  3   mom:  3   Ent:32
=>  2 iters (-254.61) -> 3
 theta:  3   mom:  4   Ent:4
 theta:  3   mom:  5   Ent:6
 theta:  3   mom:  6   Ent:2

Fits of K0 sample for pi+ efficiency:
 theta:  0   mom:  0   Ent:27450
=>  1 iters (-545479.75) -> 3
 theta:  0   mom:  1   Ent:22395
=== Sucessful r9essai
=>  1 iters (-459029.19) -> 3
 theta:  0   mom:  2   Ent:26899
=>  1 iters (-570432.31) -> 3
 theta:  0   mom:  3   Ent:13800
=>  1 iters (-276213.97) -> 3
 theta:  0   mom:  4   Ent:5914
=>  1 iters (-108002.10) -> 3
 theta:  0   mom:  5   Ent:10068
=>  1 iters (-194319.00) -> 3
 theta:  0   mom:  6   Ent:8201
=>  2 iters (-154042.93) -> 3
 theta:  0   mom:  7   Ent:6489
=== Sucessful r9essai
=>  2 iters (-117091.99) -> 3
 theta:  0   mom:  8   Ent:7543
=>  1 iters (-135060.13) -> 3
 theta:  0   mom:  9   Ent:5738
=>  1 iters (-98129.40) -> 3
 theta:  0   mom: 10   Ent:3137
=>  1 iters (-48885.47) -> 3
 theta:  0   mom: 11   Ent:3652
=>  1 iters (-57601.64) -> 3
 theta:  0   mom: 12   Ent:4243
=>  1 iters (-66072.13) -> 3
 theta:  0   mom: 13   Ent:2666
=>  1 iters (-38508.37) -> 3
 theta:  0   mom: 14   Ent:2576
=>  2 iters (-35752.49) -> 3
 theta:  1   mom:  0   Ent:21384
=>  4 iters (-410408.69) -> 3
 theta:  1   mom:  1   Ent:21202
=>  1 iters (-432102.46) -> 3
 theta:  1   mom:  2   Ent:25899
=>  1 iters (-547345.41) -> 3
 theta:  1   mom:  3   Ent:13160
=> 18 iters (-262094.37) -> 3
 theta:  1   mom:  4   Ent:5602
=>  1 iters (-101758.54) -> 3
 theta:  1   mom:  5   Ent:9448
=>  1 iters (-181064.73) -> 3
 theta:  1   mom:  6   Ent:7590
=>  1 iters (-141319.15) -> 3
 theta:  1   mom:  7   Ent:5937
=>  1 iters (-106217.75) -> 3
 theta:  1   mom:  8   Ent:6826
=>  1 iters (-120766.85) -> 3
 theta:  1   mom:  9   Ent:5065
=>  1 iters (-85405.59) -> 3
 theta:  1   mom: 10   Ent:2727
=>  1 iters (-41711.05) -> 3
 theta:  1   mom: 11   Ent:3131
=>  1 iters (-48448.74) -> 3
 theta:  1   mom: 12   Ent:3581
=>  1 iters (-54515.82) -> 3
 theta:  1   mom: 13   Ent:2213
=>  1 iters (-31083.42) -> 3
 theta:  1   mom: 14   Ent:2012
=>  1 iters (-27043.25) -> 3
 theta:  2   mom:  0   Ent:40244
=>  1 iters (-818147.41) -> 3
 theta:  2   mom:  1   Ent:37835
=>  4 iters (-813023.55) -> 3
 theta:  2   mom:  2   Ent:42449
=>  1 iters (-937941.61) -> 3
 theta:  2   mom:  3   Ent:19558
=>  1 iters (-404719.21) -> 3
 theta:  2   mom:  4   Ent:7827
=>  1 iters (-147190.51) -> 3
 theta:  2   mom:  5   Ent:12607
=>  1 iters (-248380.38) -> 3
 theta:  2   mom:  6   Ent:9519
=>  2 iters (-181018.61) -> 3
 theta:  2   mom:  7   Ent:7080
=>  1 iters (-128796.94) -> 3
 theta:  2   mom:  8   Ent:7838
=== Sucessful r9essai
=>  1 iters (-140056.19) -> 3
 theta:  2   mom:  9   Ent:5572
=>  1 iters (-94578.31) -> 3
 theta:  2   mom: 10   Ent:2950
=>  1 iters (-45325.32) -> 3
 theta:  2   mom: 11   Ent:3347
=>  1 iters (-52047.73) -> 3
 theta:  2   mom: 12   Ent:3739
=>  1 iters (-57166.17) -> 3
 theta:  2   mom: 13   Ent:2271
=>  1 iters (-31956.74) -> 3
 theta:  2   mom: 14   Ent:2046
=>  1 iters (-27525.26) -> 3
 theta:  3   mom:  0   Ent:5933
=>  1 iters (-104846.62) -> 3
 theta:  3   mom:  1   Ent:848
=>  1 iters (-12166.03) -> 3
 theta:  3   mom:  2   Ent:206
=>  1 iters (-2350.82) -> 3
 theta:  3   mom:  3   Ent:20
 theta:  3   mom:  4   Ent:7
 theta:  3   mom:  5   Ent:5
 theta:  3   mom:  6   Ent:0

Fits of PHI sample for K- efficiency:
 theta:  0   mom:  2   Ent:146655
=== Sucessful r9essai
=>  2 iters (-916946.28) -> 3
 theta:  0   mom:  3   Ent:55438
=== Sucessful r9essai
=>  6 iters (-342657.30) -> 3
 theta:  0   mom:  4   Ent:20968
=== Sucessful r9essai
=>  6 iters (-119557.12) -> 3
 theta:  0   mom:  5   Ent:32182
=== Sucessful r9essai
=== Sucessful r9essai
=== Sucessful r9essai
=== Sucessful r9essai
=> 67 iters (-198334.76) -> 3
 theta:  0   mom:  6   Ent:23376
=== Sucessful r9essai
=>  6 iters (-142021.43) -> 3
 theta:  0   mom:  7   Ent:17477
=== Sucessful r9essai
=>  3 iters (-100022.58) -> 3
 theta:  0   mom:  8   Ent:18077
=== Sucessful r9essai
=>  6 iters (-102084.60) -> 3
 theta:  0   mom:  9   Ent:11698
=>  2 iters (-62003.01) -> 3
 theta:  0   mom: 10   Ent:5669
=== Sucessful r9essai
=>  1 iters (-29280.91) -> 3
 theta:  0   mom: 11   Ent:6123
=>  1 iters (-30679.93) -> 3
 theta:  0   mom: 12   Ent:6020
=>  7 iters (-31111.48) -> 3
 theta:  0   mom: 13   Ent:3111
=== Sucessful r9essai
=>  1 iters (-15053.80) -> 3
 theta:  0   mom: 14   Ent:2520
=>  1 iters (-12039.60) -> 3
 theta:  1   mom:  2   Ent:140251
=== Sucessful r9essai
=== Sucessful r9essai
=== Sucessful r9essai
=> 101 iters (-876068.65) -> 2
 theta:  1   mom:  3   Ent:52749
=== Sucessful r9essai
=>  4 iters (-323994.24) -> 3
 theta:  1   mom:  4   Ent:19768
=== Sucessful r9essai
=>  5 iters (-112117.58) -> 3
 theta:  1   mom:  5   Ent:29962
=== Sucessful r9essai
=== Sucessful r9essai
=== Sucessful r9essai
=== Sucessful r9essai
=== Sucessful r9essai
=== Sucessful r9essai
=== Sucessful r9essai
=== Sucessful r9essai
=== Sucessful r9essai
=== Sucessful r9essai
=== Sucessful r9essai
=== Sucessful r9essai
=> 101 iters (-183116.65) -> 2
 theta:  1   mom:  6   Ent:21501
=== Sucessful r9essai
=>  5 iters (-129072.49) -> 3
 theta:  1   mom:  7   Ent:15821
=== Sucessful r9essai
=>  6 iters (-88500.15) -> 3
 theta:  1   mom:  8   Ent:16105
=>  1 iters (-89098.06) -> 3
 theta:  1   mom:  9   Ent:10194
=== Sucessful r9essai
=>  1 iters (-52628.34) -> 3
 theta:  1   mom: 10   Ent:4859
=>  1 iters (-23952.86) -> 3
 theta:  1   mom: 11   Ent:5114
=>  1 iters (-24413.46) -> 3
 theta:  1   mom: 12   Ent:4814
=== Sucessful r9essai
=== Sucessful r9essai
=== Sucessful r9essai
Eff+/-dEff = 0.92+/-1.97 >> 0.01
Eff+/-dEff = 0.92+/-2.34 >> 0.01
=== Sucessful r9essai
=> 34 iters (-23641.15) -> 3
 theta:  1   mom: 13   Ent:2389
=>  1 iters (-10671.40) -> 3
 theta:  1   mom: 14   Ent:1775
=== Sucessful r9essai
=>  1 iters (-7327.18) -> 3
 theta:  2   mom:  2   Ent:231712
=> 14 iters (-1502241.12) -> 3
 theta:  2   mom:  3   Ent:78896
=== Sucessful r9essai
=>  1 iters (-496745.18) -> 3
 theta:  2   mom:  4   Ent:27687
=>  1 iters (-159326.05) -> 3
 theta:  2   mom:  5   Ent:39890
=== Sucessful r9essai
=== Sucessful r9essai
=>  7 iters (-247085.49) -> 3
 theta:  2   mom:  6   Ent:26775
=>  5 iters (-162216.90) -> 3
 theta:  2   mom:  7   Ent:18746
=== Sucessful r9essai
=>  2 iters (-105372.27) -> 3
 theta:  2   mom:  8   Ent:18131
=>  1 iters (-100492.16) -> 3
 theta:  2   mom:  9   Ent:11040
=== Sucessful r9essai
Eff+/-dEff = 0.97+/-2.94 >> 0.01
=>  2 iters (-56749.10) -> 3
 theta:  2   mom: 10   Ent:5153
=>  3 iters (-25567.32) -> 3
 theta:  2   mom: 11   Ent:5313
=== Sucessful r9essai
=== Sucessful r9essai
=> 25 iters (-25352.91) -> 3
 theta:  2   mom: 12   Ent:4913
=== Sucessful r9essai
=>  1 iters (-24140.14) -> 3
 theta:  2   mom: 13   Ent:2433
=== Sucessful r9essai
=>  1 iters (-10829.27) -> 3
 theta:  2   mom: 14   Ent:1788
=>  1 iters (-7341.05) -> 3
 theta:  3   mom:  2   Ent:2352
=> 101 iters (-7303.39) -> 1
 theta:  3   mom:  3   Ent:189
=>  1 iters (-244.77) -> 3
 theta:  3   mom:  4   Ent:20
 theta:  3   mom:  5   Ent:31
=>  1 iters (-34.35) -> 3
 theta:  3   mom:  6   Ent:5
 theta:  3   mom:  7   Ent:4
 theta:  3   mom:  8   Ent:1
 theta:  3   mom:  9   Ent:0
 theta:  3   mom: 10   Ent:0
 theta:  3   mom: 11   Ent:0
 theta:  3   mom: 12   Ent:0
 theta:  3   mom: 13   Ent:0
 theta:  3   mom: 14   Ent:0

Fits of PHI sample for K+ efficiency:
 theta:  0   mom:  2   Ent:124385
=== Sucessful r9essai
=== Sucessful r9essai
=== Sucessful r9essai
=== Sucessful r9essai
=> 14 iters (-784058.53) -> 3
 theta:  0   mom:  3   Ent:48818
=== Sucessful r9essai
=>  4 iters (-306344.43) -> 3
 theta:  0   mom:  4   Ent:18783
=== Sucessful r9essai
=>  5 iters (-107501.35) -> 3
 theta:  0   mom:  5   Ent:29476
=>  2 iters (-182492.15) -> 3
 theta:  0   mom:  6   Ent:21345
=== Sucessful r9essai
=== Sucessful r9essai
=> 25 iters (-128323.32) -> 3
 theta:  0   mom:  7   Ent:15912
=== Sucessful r9essai
=> 18 iters (-93620.67) -> 3
 theta:  0   mom:  8   Ent:17047
=== Sucessful r9essai
=> 13 iters (-98806.96) -> 3
 theta:  0   mom:  9   Ent:11172
=>  2 iters (-62721.88) -> 3
 theta:  0   mom: 10   Ent:5364
=== Sucessful r9essai
=== Sucessful r9essai
=> 10 iters (-28080.39) -> 3
 theta:  0   mom: 11   Ent:5826
=== Sucessful r9essai
=>  1 iters (-30210.44) -> 3
 theta:  0   mom: 12   Ent:5850
=>  3 iters (-31342.53) -> 3
 theta:  0   mom: 13   Ent:3061
=>  1 iters (-14594.55) -> 3
 theta:  0   mom: 14   Ent:2340
=>  1 iters (-11659.29) -> 3
 theta:  1   mom:  2   Ent:118899
=== Sucessful r9essai
=>  5 iters (-749284.86) -> 3
 theta:  1   mom:  3   Ent:46558
=== Sucessful r9essai
=== Sucessful r9essai
=> 21 iters (-291402.05) -> 3
 theta:  1   mom:  4   Ent:17706
=== Sucessful r9essai
=== Sucessful r9essai
=== Sucessful r9essai
=== Sucessful r9essai
=== Sucessful r9essai
=== Sucessful r9essai
=== Sucessful r9essai
=== Sucessful r9essai
=== Sucessful r9essai
=== Sucessful r9essai
=== Sucessful r9essai
=== Sucessful r9essai
=== Sucessful r9essai
=== Sucessful r9essai
=== Sucessful r9essai
=== Sucessful r9essai
=== Sucessful r9essai
=== Sucessful r9essai
=> 24 iters (-100469.55) -> 3
 theta:  1   mom:  5   Ent:27559
=== Sucessful r9essai
=== Sucessful r9essai
=== Sucessful r9essai
=> 10 iters (-168534.52) -> 3
 theta:  1   mom:  6   Ent:19591
=>  1 iters (-116546.41) -> 3
 theta:  1   mom:  7   Ent:14428
=>  1 iters (-83126.60) -> 3
 theta:  1   mom:  8   Ent:15214
=== Sucessful r9essai
=== Sucessful r9essai
=== Sucessful r9essai
=== Sucessful r9essai
=> 14 iters (-86475.84) -> 3
 theta:  1   mom:  9   Ent:9723
=>  3 iters (-52575.00) -> 3
 theta:  1   mom: 10   Ent:4648
=>  1 iters (-23648.14) -> 3
 theta:  1   mom: 11   Ent:4904
=>  1 iters (-24401.94) -> 3
 theta:  1   mom: 12   Ent:4782
=>  1 iters (-24411.72) -> 3
 theta:  1   mom: 13   Ent:2405
=>  1 iters (-10497.16) -> 3
 theta:  1   mom: 14   Ent:1647
=>  2 iters (-7356.13) -> 3
 theta:  2   mom:  2   Ent:197086
=== Sucessful r9essai
=== Sucessful r9essai
=> 41 iters (-1289215.81) -> 3
 theta:  2   mom:  3   Ent:69782
=== Sucessful r9essai
=> 101 iters (-446038.21) -> 2
 theta:  2   mom:  4   Ent:25065
=== Sucessful r9essai
=>  3 iters (-145241.94) -> 3
 theta:  2   mom:  5   Ent:36765
=>  9 iters (-227472.25) -> 3
 theta:  2   mom:  6   Ent:24389
=>  1 iters (-145920.24) -> 3
 theta:  2   mom:  7   Ent:17033
=== Sucessful r9essai
=== Sucessful r9essai
=== Sucessful r9essai
=== Sucessful r9essai
=> 17 iters (-98740.09) -> 3
 theta:  2   mom:  8   Ent:17210
=>  2 iters (-97779.71) -> 3
 theta:  2   mom:  9   Ent:10467
=== Sucessful r9essai
=== Sucessful r9essai
=>  9 iters (-56312.65) -> 3
 theta:  2   mom: 10   Ent:4924
=>  1 iters (-25070.48) -> 3
 theta:  2   mom: 11   Ent:5091
=== Sucessful r9essai
=>  1 iters (-25495.35) -> 3
 theta:  2   mom: 12   Ent:4893
=== Sucessful r9essai
=>  1 iters (-24924.91) -> 3
 theta:  2   mom: 13   Ent:2442
=>  1 iters (-10667.29) -> 3
 theta:  2   mom: 14   Ent:1662
=== Sucessful r9essai
=>  1 iters (-7388.38) -> 3
 theta:  3   mom:  2   Ent:2079
=>  1 iters (-6184.75) -> 3
 theta:  3   mom:  3   Ent:160
=>  1 iters (-203.33) -> 3
 theta:  3   mom:  4   Ent:25
=>  1 iters (-37.70) -> 3
 theta:  3   mom:  5   Ent:18
 theta:  3   mom:  6   Ent:6
 theta:  3   mom:  7   Ent:1
 theta:  3   mom:  8   Ent:0
 theta:  3   mom:  9   Ent:0
 theta:  3   mom: 10   Ent:0
 theta:  3   mom: 11   Ent:0
 theta:  3   mom: 12   Ent:0
 theta:  3   mom: 13   Ent:0
 theta:  3   mom: 14   Ent:0

Fits of LAMBDA sample for pbar efficiency:
 theta:  0   mom:  0   Ent:0
 theta:  0   mom:  1   Ent:39
=>  2 iters (0.00) -> 1
 theta:  0   mom:  2   Ent:1067
=>  1 iters (-3425.64) -> 3
 theta:  0   mom:  3   Ent:1805
=>  2 iters (-16643.91) -> 3
 theta:  0   mom:  4   Ent:1163
=>  1 iters (-10379.37) -> 3
 theta:  0   mom:  5   Ent:2647
=>  1 iters (-26316.49) -> 3
 theta:  0   mom:  6   Ent:2929
=>  2 iters (-28866.29) -> 2
 theta:  0   mom:  7   Ent:2771
=>  1 iters (-26220.15) -> 3
 theta:  0   mom:  8   Ent:3705
=>  2 iters (-34767.58) -> 2
 theta:  0   mom:  9   Ent:3046
=>  2 iters (-26292.04) -> 3
 theta:  0   mom: 10   Ent:1797
=>  1 iters (-14939.26) -> 3
 theta:  0   mom: 11   Ent:2302
=== Sucessful r9essai
=>  2 iters (-19004.97) -> 2
 theta:  0   mom: 12   Ent:3035
=>  2 iters (-24702.20) -> 2
 theta:  0   mom: 13   Ent:2173
Eff+/-dEff = 0.96+/-0.21 >> 0.01
=>  2 iters (-17086.11) -> 3
 theta:  0   mom: 14   Ent:2344
=>  1 iters (-17869.11) -> 3
 theta:  1   mom:  0   Ent:0
 theta:  1   mom:  1   Ent:39
=>  2 iters (0.00) -> 1
 theta:  1   mom:  2   Ent:1026
=>  1 iters (-3194.11) -> 3
 theta:  1   mom:  3   Ent:1725
=>  1 iters (-15826.98) -> 3
 theta:  1   mom:  4   Ent:1113
=== Sucessful r9essai
=>  1 iters (-9974.96) -> 3
 theta:  1   mom:  5   Ent:2476
=>  1 iters (-24388.48) -> 3
 theta:  1   mom:  6   Ent:2708
=>  1 iters (-26379.02) -> 3
 theta:  1   mom:  7   Ent:2506
=>  2 iters (-23518.21) -> 3
 theta:  1   mom:  8   Ent:3358
=>  2 iters (-31325.54) -> 2
 theta:  1   mom:  9   Ent:2686
=>  2 iters (-23203.83) -> 2
 theta:  1   mom: 10   Ent:1566
=>  2 iters (-12774.54) -> 3
 theta:  1   mom: 11   Ent:1960
=>  2 iters (-15827.08) -> 2
 theta:  1   mom: 12   Ent:2558
=>  2 iters (-20451.48) -> 3
 theta:  1   mom: 13   Ent:1748
=>  1 iters (-13452.45) -> 3
 theta:  1   mom: 14   Ent:1732
=>  1 iters (-13268.94) -> 3
 theta:  2   mom:  0   Ent:0
 theta:  2   mom:  1   Ent:63
=>  2 iters (0.00) -> 1
 theta:  2   mom:  2   Ent:1647
=>  2 iters (-5264.77) -> 3
 theta:  2   mom:  3   Ent:2593
=>  1 iters (-25256.28) -> 3
 theta:  2   mom:  4   Ent:1590
=>  1 iters (-15345.92) -> 3
 theta:  2   mom:  5   Ent:3357
=== Sucessful r9essai
=>  1 iters (-35358.36) -> 3
 theta:  2   mom:  6   Ent:3519
=>  2 iters (-36163.96) -> 3
 theta:  2   mom:  7   Ent:3103
=== Sucessful r9essai
=>  2 iters (-30146.90) -> 3
 theta:  2   mom:  8   Ent:3941
=>  1 iters (-37615.08) -> 3
 theta:  2   mom:  9   Ent:3010
=>  1 iters (-26433.55) -> 3
 theta:  2   mom: 10   Ent:1707
=>  2 iters (-14193.06) -> 3
 theta:  2   mom: 11   Ent:2098
=== Sucessful r9essai
=>  1 iters (-16947.83) -> 3
 theta:  2   mom: 12   Ent:2686
=== Sucessful r9essai
=>  2 iters (-21628.42) -> 2
 theta:  2   mom: 13   Ent:1794
=>  2 iters (-13859.65) -> 3
 theta:  2   mom: 14   Ent:1767
=== Sucessful r9essai
=>  2 iters (-13591.79) -> 2
 theta:  3   mom:  0   Ent:0
 theta:  3   mom:  1   Ent:0
 theta:  3   mom:  2   Ent:13
 theta:  3   mom:  3   Ent:5
 theta:  3   mom:  4   Ent:0
 theta:  3   mom:  5   Ent:2
 theta:  3   mom:  6   Ent:0

Fits of LAMBDA sample for p efficiency:
 theta:  0   mom:  0   Ent:0
 theta:  0   mom:  1   Ent:45
=>  2 iters (0.00) -> 1
 theta:  0   mom:  2   Ent:1162
=>  1 iters (-4922.57) -> 3
 theta:  0   mom:  3   Ent:2109
=>  1 iters (-22035.11) -> 3
 theta:  0   mom:  4   Ent:1451
=>  1 iters (-15022.37) -> 3
 theta:  0   mom:  5   Ent:3323
=== Sucessful r9essai
=>  2 iters (-37874.82) -> 3
 theta:  0   mom:  6   Ent:3405
=>  1 iters (-38565.33) -> 3
 theta:  0   mom:  7   Ent:3250
=>  1 iters (-34764.32) -> 3
 theta:  0   mom:  8   Ent:4353
=>  2 iters (-45816.72) -> 3
 theta:  0   mom:  9   Ent:3701
=>  1 iters (-37811.83) -> 3
 theta:  0   mom: 10   Ent:2162
=== Sucessful r9essai
=== Sucessful r9essai
=>  2 iters (-19441.43) -> 3
 theta:  0   mom: 11   Ent:2707
=== Sucessful r9essai
=>  2 iters (-25077.30) -> 3
 theta:  0   mom: 12   Ent:3598
=>  1 iters (-34945.67) -> 3
 theta:  0   mom: 13   Ent:2449
=>  2 iters (-22064.86) -> 3
 theta:  0   mom: 14   Ent:2666
=>  1 iters (-23232.81) -> 3
 theta:  1   mom:  0   Ent:0
 theta:  1   mom:  1   Ent:41
=>  2 iters (0.00) -> 1
 theta:  1   mom:  2   Ent:1112
=>  1 iters (-4621.49) -> 3
 theta:  1   mom:  3   Ent:2017
=>  1 iters (-20912.76) -> 3
 theta:  1   mom:  4   Ent:1377
=>  1 iters (-14085.95) -> 3
 theta:  1   mom:  5   Ent:3134
=== Sucessful r9essai
=>  1 iters (-35348.47) -> 3
 theta:  1   mom:  6   Ent:3158
=>  2 iters (-35614.05) -> 2
 theta:  1   mom:  7   Ent:2987
=>  2 iters (-32017.58) -> 2
 theta:  1   mom:  8   Ent:3945
=>  1 iters (-41171.61) -> 3
 theta:  1   mom:  9   Ent:3292
=>  2 iters (-33155.96) -> 3
 theta:  1   mom: 10   Ent:1906
=>  1 iters (-16920.01) -> 3
 theta:  1   mom: 11   Ent:2329
=>  1 iters (-20906.48) -> 3
 theta:  1   mom: 12   Ent:3041
=== Sucessful r9essai
=>  2 iters (-29116.62) -> 3
 theta:  1   mom: 13   Ent:2005
=>  2 iters (-17966.20) -> 2
 theta:  1   mom: 14   Ent:2062
=>  1 iters (-17636.84) -> 3
 theta:  2   mom:  0   Ent:0
 theta:  2   mom:  1   Ent:72
=>  2 iters (0.00) -> 1
 theta:  2   mom:  2   Ent:1800
=== Sucessful r9essai
=>  1 iters (-8108.60) -> 3
 theta:  2   mom:  3   Ent:3053
=>  1 iters (-33732.14) -> 3
 theta:  2   mom:  4   Ent:1991
=>  1 iters (-21973.25) -> 3
 theta:  2   mom:  5   Ent:4355
=>  1 iters (-51948.25) -> 3
 theta:  2   mom:  6   Ent:4132
=>  1 iters (-48876.86) -> 3
 theta:  2   mom:  7   Ent:3720
=>  1 iters (-41860.08) -> 3
 theta:  2   mom:  8   Ent:4735
=>  2 iters (-51621.68) -> 2
 theta:  2   mom:  9   Ent:3761
=>  2 iters (-39042.34) -> 3
 theta:  2   mom: 10   Ent:2116
=>  2 iters (-19075.13) -> 2
 theta:  2   mom: 11   Ent:2511
=>  2 iters (-22788.87) -> 3
 theta:  2   mom: 12   Ent:3206
=>  2 iters (-30833.21) -> 2
 theta:  2   mom: 13   Ent:2091
=>  2 iters (-18932.88) -> 2
 theta:  2   mom: 14   Ent:2110
=>  2 iters (-18097.45) -> 2
 theta:  3   mom:  0   Ent:0
 theta:  3   mom:  1   Ent:2
 theta:  3   mom:  2   Ent:10
 theta:  3   mom:  3   Ent:11
 theta:  3   mom:  4   Ent:5
 theta:  3   mom:  5   Ent:1
 theta:  3   mom:  6   Ent:1
p,t,i: 0,1,2 Empty
p,t,i: 0,1,3 Empty
p,t,i: 0,1,4 Empty
p,t,i: 0,1,5 Empty
p,t,i: 0,2,2 Empty
p,t,i: 0,2,3 Empty
p,t,i: 0,2,4 Empty
p,t,i: 0,2,5 Empty
p,t,i: 1,1,2 Empty
p,t,i: 1,1,3 Empty
p,t,i: 1,2,2 Empty
p,t,i: 1,2,3 Empty
0 1 0 0.903434 0.954844 0.963451 0.967346 0.97248 0.974245 0.97437 0.977536 0.976755 0.981445 0.982939 0.983144 0.972087 0.969161 0.923579 
0 2 0 0 0 0 0.000553252 0.00111062 0.00139018 0.00240747 0.00139773 0.00154402 0.00253495 0.00446398 0.00373559 0.00805438 0.00534851 0.0070861 
0 3 0 0.0965659 0.0451564 0.0365493 0.0320187 0.0260334 0.0237173 0.0225366 0.0207222 0.0215696 0.0129102 0.00187578 0.00433309 0.0045706 0.000247709 0.0081668 
0 4 0 0 0 0 8.20794e-05 0.000375784 0.000647185 0.000686347 0.000344386 0.000131755 0.0031095 0.0107215 0.00878729 0.0152885 0.0252425 0.0611686 
0 1 1 0.922551 0.9581 0.963655 0.966405 0.971644 0.974766 0.973743 0.979101 0.978573 0.981936 0.98273 0.980176 0.972092 0.976182 0.928897 
0 2 1 0 0 0 0.000545112 0.00117111 0.00153143 0.00263917 0.0012885 0.00121904 0.00278361 0.00465575 0.00430045 0.0068707 0.00242334 0.00568816 
0 3 1 0.0774488 0.0419003 0.0363446 0.0329668 0.0267889 0.0230983 0.0228785 0.0194145 0.0200661 0.0122834 0.0016652 0.00590667 0.00453886 8.42942e-05 0.0066669 
0 4 1 0 0 0 8.2808e-05 0.000395672 0.000604544 0.000739123 0.000195803 0.000142195 0.00299737 0.0109488 0.00961697 0.0164988 0.0213101 0.0587483 
0 1 2 0.928116 0.958054 0.964092 0.965975 0.970685 0.974729 0.972998 0.97927 0.97721 0.982914 0.982324 0.980153 0.972156 0.975918 0.92813 
0 2 2 0 0 0 0.000671419 0.00151356 0.0015477 0.00257867 0.00136061 0.00114674 0.00305356 0.00514496 0.00490934 0.00710182 0.00238097 0.00507533 
0 3 2 0.0718841 0.041946 0.0359081 0.0332384 0.0273604 0.0232021 0.0235971 0.0192061 0.0215108 0.0112438 0.00162339 0.00559757 0.00489912 3.86617e-08 0.00790477 
0 4 2 0 0 0 0.000115273 0.000440689 0.000521181 0.000826058 0.000162871 0.000132476 0.00278911 0.0109079 0.00934041 0.0158434 0.0217013 0.0588896 
0 1 3 0.845201 0.873759 0.838438 0.934275 
0 2 3 0 0 0 0 
0 3 3 0.154799 0.126241 0.161562 0.0657251 
0 4 3 0 0 0 0 
1 1 0 0.896629 0.953946 0.964436 0.96729 0.972308 0.97011 0.979703 0.973114 0.980219 0.98603 0.978652 0.98111 0.981328 0.951701 0.893254 
1 2 0 0 0 0 0.000693394 0.00176154 0.00121349 0.00112859 0.000618958 0.000496885 0.00183391 0.00434569 0.00231649 0.00720684 0.00578787 0.0227951 
1 3 0 0.103371 0.0460537 0.0355642 0.0320162 0.0259304 0.0284687 0.0188982 0.0259334 0.0189099 0.00874036 0.00650326 0.00572651 2.93859e-09 0.0051114 0.00133298 
1 4 0 0 0 0 0 4.03843e-12 0.000207791 0.000269918 0.000333945 0.000373993 0.00339547 0.0104986 0.010847 0.0114649 0.0373998 0.082618 
1 1 1 0.915173 0.956975 0.964805 0.967296 0.971528 0.970365 0.980611 0.973333 0.980493 0.986639 0.981683 0.981347 0.984626 0.952986 0.924893 
1 2 1 0 0 0 0.000630878 0.00187892 0.00130489 0.000967493 0.000510317 0.000472626 0.00110663 0.00391311 0.00236831 0.00620519 0.00539686 0.00534094 
1 3 1 0.0848267 0.0430247 0.0351945 0.0320729 0.0265932 0.0281087 0.018422 0.0259384 0.0183089 0.00901795 0.00487788 0.00525804 1.95038e-07 0.00763667 4.39869e-08 
1 4 1 0 0 0 0 7.71549e-14 0.000221189 0 0.000218723 0.000725876 0.00323608 0.00952584 0.0110271 0.00916882 0.03398 0.0697664 
1 1 2 0.920968 0.957026 0.964216 0.967047 0.972901 0.969162 0.978985 0.972954 0.980357 0.987475 0.982903 0.980618 0.983813 0.952371 0.923662 
1 2 2 0 0 0 0.000747719 0.00208816 0.00179319 0.000819758 0.000426855 0.00017918 0.00101 0.00366724 0.00154394 0.00696997 0.00581919 0.00586765 
1 3 2 0.0790319 0.0429743 0.0357842 0.0322057 0.0250107 0.0288175 0.0201957 0.0261554 0.0189655 0.00851675 0.0038323 0.00604131 2.75448e-08 0.00778198 7.00487e-07 
1 4 2 0 0 0 0 1.05132e-12 0.000227206 0 0.000463672 0.000498774 0.00299808 0.00959743 0.0117968 0.00921661 0.0340282 0.0704695 
1 1 3 0.835443 0.878709 0.857811 
1 2 3 0 0 0 
1 3 3 0.164557 0.121291 0.142189 
1 4 3 0 0 0 
2 1 0 0.154917 0.103613 0.0851785 0.0950188 0.030814 0.0284663 0.0117005 3.93422e-08 0.0160952 2.72878e-07 0.0497133 0.129167 0.230552 
2 2 0 0.00255045 0.573892 0.812699 0.854018 0.925691 0.897898 0.957943 0.957838 0.934134 0.938044 0.878186 0.705825 0.437891 
2 3 0 0.842533 0.317736 0.0997945 0.0501676 0.0418837 0.0677402 0.0223992 0.0336629 0.0143784 0.0190052 0.017706 1.44369e-10 0.00876156 
2 4 0 0 0.00475918 0.00232818 0.000795139 0.00161146 0.0058956 0.00795757 0.00849901 0.0353928 0.04295 0.054395 0.165008 0.322795 
2 1 1 0.156757 0.0972436 0.0555388 0.0788659 0.0255064 0.0130855 0.0287574 1.08865e-07 0.0101246 0.0054752 0.00386251 0.0657024 0.130006 
2 2 1 0.00266146 0.586049 0.836292 0.871635 0.938922 0.915089 0.945114 0.968078 0.958846 0.936428 0.921438 0.822922 0.531487 
2 3 1 0.840582 0.312482 0.105667 0.0484891 0.0335457 0.0686454 0.0226524 0.0319222 5.42906e-05 0.0183398 0.0267679 1.05042e-07 0.0137652 
2 4 1 0 0.00422577 0.00250184 0.0010097 0.00202624 0.00318027 0.00347587 4.19678e-10 0.0309748 0.0397569 0.0479315 0.111375 0.324742 
2 1 2 0.13271 0.0800103 0.0477879 0.0831498 0.0119158 0.00150753 0.0227963 0.00207172 0.0156516 0.0101793 0.00226997 0.0705219 0.123126 
2 2 2 0.00323688 0.627836 0.844336 0.878845 0.956967 0.928216 0.948567 0.966009 0.954602 0.931351 0.922918 0.819576 0.535383 
2 3 2 0.864053 0.288692 0.105067 0.0380049 0.0290489 0.068401 0.0254447 0.0319195 0.00253134 0.0235075 0.0258755 9.2155e-10 0.0138795 
2 4 2 0 0.00346114 0.00280939 1.89072e-09 0.00206805 0.00187524 0.00319145 3.83822e-09 0.0272154 0.0349617 0.0489364 0.109902 0.327612 
2 1 3 0.087105 2.40546e-08 6.47679e-08 
2 2 3 0 0.879499 0.999999 
2 3 3 0.912895 0.120501 9.66371e-07 
2 4 3 0 0 0 
3 1 0 0.0791266 0.0562673 0.03286 0.0477705 0.0639235 0.0110705 0.0306403 8.72472e-08 0.0588506 0.00407936 0.06808 0.101061 0.292997 
3 2 0 0.00228266 0.582616 0.802928 0.906763 0.875677 0.934578 0.923503 0.952991 0.882946 0.941486 0.82922 0.76713 0.388689 
3 3 0 0.918591 0.358191 0.159355 0.0435179 0.0602918 0.0543511 0.042477 0.021566 0.0253249 0.0154464 0.0075944 0.00993207 6.09877e-08 
3 4 0 0 0.00292476 0.00485768 0.00194817 0.000108022 7.18797e-12 0.00337937 0.0254424 0.0328789 0.0389879 0.0951056 0.121877 0.318314 
3 1 1 0.0812693 0.0530847 0.0360601 0.0541538 0.0599275 0.014188 0.0247296 4.82179e-10 0.0501934 1.37418e-09 0.0340325 0.025557 0.196547 
3 2 1 0.00243064 0.594363 0.80625 0.905588 0.878881 0.942543 0.93137 0.96533 0.905197 0.963211 0.897769 0.870948 0.470297 
3 3 1 0.9163 0.349946 0.157075 0.0385492 0.0604599 0.0432694 0.0427082 0.015268 0.02495 0.00820942 0.00785043 0.00986355 1.3262e-09 
3 4 1 0 0.0026059 0.000614512 0.00170912 0.00073197 1.11868e-09 0.00119192 0.0194025 0.0196595 0.0285791 0.0603485 0.0936315 0.333156 
3 1 2 0.0641177 0.0394159 0.0271581 0.0521452 0.0411726 0.017991 0.00932759 3.41921e-09 0.0437056 1.01206e-09 0.0375581 0.0276372 0.195314 
3 2 2 0.00174423 0.620444 0.822088 0.902568 0.90378 0.924502 0.955135 0.965548 0.909594 0.964729 0.891751 0.868951 0.466709 
3 3 2 0.934138 0.338322 0.150754 0.0435628 0.0537519 0.0575066 0.0326451 0.0182061 0.0257242 0.00692027 0.00997489 0.00980958 4.99995e-09 
3 4 2 0 0.00181774 8.40215e-09 0.00172415 0.00129535 7.47456e-12 0.00289223 0.0162461 0.0209759 0.0283506 0.060716 0.0936018 0.337977 
3 1 3 1.23835e-09 1.44639e-08 5.13936e-05 
3 2 3 0.0250673 0.273298 1.75416e-06 
3 3 3 0.974933 0.726702 0.999947 
3 4 3 0 0 0 
4 1 0 0 0.179908 0.181948 0.153135 0.148875 0.159105 0.164836 0.108571 0.0834057 0.0132619 0.0301522 0.0199784 0.000992029 0.0602357 
4 2 0 0 8.27917e-10 0.00856524 0.0229294 0.0426257 0.0614304 0.0456113 0.0506194 0.0273601 0.0140099 0.0134217 0.0127796 0.00730483 0.0310841 
4 3 0 0 0.820092 0.809487 0.821358 0.805934 0.771655 0.780008 0.839903 0.873572 0.952824 0.946329 0.948829 0.958798 0.890882 
4 4 0 0 0 1.48351e-08 0.00257752 0.00256565 0.00781003 0.00954489 0.000906005 0.0156618 0.0199043 0.010097 0.0184131 0.0329056 0.017798 
4 1 1 0 0.241686 0.174309 0.135816 0.142275 0.140589 0.150645 0.0950503 0.0727096 4.71018e-06 0.0509859 0.0352577 0.0046585 0.0524386 
4 2 1 0 1.12763e-09 0.00918122 0.023779 0.0443186 0.0623562 0.0433033 0.0463454 0.0165939 0.00463811 0.0133648 0.0123534 0.0125566 0.0260269 
4 3 1 0 0.758314 0.816509 0.837686 0.810371 0.788432 0.796972 0.856466 0.897291 0.97298 0.923654 0.932856 0.950663 0.909402 
4 4 1 0 0 1.62455e-09 0.00271854 0.00303563 0.00862323 0.00907917 0.00213798 0.0134054 0.0223776 0.0119954 0.0195329 0.0321217 0.0121323 
4 1 2 0 0.438264 0.157293 0.112613 0.131744 0.128901 0.137419 0.0910313 0.0687989 1.68578e-07 0.056325 0.027983 3.5884e-10 0.0456614 
4 2 2 0 6.95627e-13 0.00795694 0.0248298 0.0480191 0.0620857 0.0441256 0.0448398 0.0165332 0.00530768 0.00972216 0.0110409 0.0159686 0.0277624 
4 3 2 0 0.561736 0.83475 0.858787 0.818335 0.801839 0.809293 0.860985 0.901485 0.969185 0.919843 0.93822 0.952719 0.914372 
4 4 2 0 0 2.8942e-08 0.00376971 0.00190245 0.0071741 0.00916294 0.00314387 0.0131826 0.0255072 0.0141098 0.0227565 0.0313123 0.0122045 
4 1 3 
4 2 3 
4 3 3 
4 4 3 
5 1 0 0 0.132676 0.162406 0.117326 0.150745 0.14696 0.169435 0.0946401 0.0476288 0.00736055 1.91326e-09 0.0204756 0.0390198 1.7474e-08 
5 2 0 0 0 0.0288377 0.042544 0.0282486 0.052312 0.0655216 0.0230075 0.0175505 0.0120953 0.00841035 0.018953 0.0119023 0.0274886 
5 3 0 0 0.867324 0.807513 0.84013 0.818133 0.796434 0.759311 0.875076 0.922939 0.961973 0.958538 0.944108 0.931026 0.953619 
5 4 0 0 0 0.00124328 0 0.00287306 0.00429406 0.00573253 0.00727644 0.0118812 0.0185709 0.0330513 0.016463 0.0180516 0.0188923 
5 1 1 0 0.133041 0.162193 0.112405 0.140118 0.138466 0.160346 0.0887363 0.0431934 1.17238e-07 2.63193e-08 0.0283123 0.0191617 4.74466e-08 
5 2 1 0 0 0.0265225 0.0459371 0.0305732 0.0513108 0.0664395 0.0209437 0.0177629 0.00955332 0.0111456 0.0190687 0.0154939 0.0284083 
5 3 1 0 0.866959 0.809983 0.841658 0.827389 0.806397 0.767074 0.884725 0.92593 0.973476 0.959644 0.937722 0.953124 0.953653 
5 4 1 0 0 0.00130219 0 0.00191992 0.0038261 0.00614066 0.00559492 0.0131135 0.0169709 0.0292104 0.0148971 0.0122202 0.0179388 
5 1 2 0 0.119157 0.155644 0.103596 0.11636 0.122094 0.142954 0.0732396 0.0349497 2.15323e-05 1.8802e-13 0.0395897 0.0235591 2.27993e-10 
5 2 2 0 0 0.0289295 0.0462038 0.0379466 0.0513187 0.0626939 0.0229216 0.0173298 0.00569892 0.00863422 0.0188411 0.0216386 0.0298789 
5 3 2 0 0.880843 0.81375 0.8502 0.843841 0.822865 0.78891 0.898622 0.935778 0.978554 0.962154 0.927654 0.942788 0.953944 
5 4 2 0 0 0.00167561 0 0.00185247 0.00372193 0.00544215 0.00521638 0.0119423 0.015726 0.0292114 0.0139151 0.0120145 0.0161768 
5 1 3 
5 2 3 
5 3 3 
5 4 3 
Error in <TGraphPainter::PaintGraph>: illegal number of points (0)
Error in <TGraphPainter::PaintGraph>: illegal number of points (0)
Error in <TGraphPainter::PaintGraph>: illegal number of points (0)
ERROR in TPDF::Open: Cannot open file:table/pim_pi.pdf
ERROR in TPDF::Open: Cannot open file:table/pim_K.pdf
ERROR in TPDF::Open: Cannot open file:table/pim_p.pdf
ERROR in TPDF::Open: Cannot open file:table/pim_u.pdf
ERROR in TPDF::Open: Cannot open file:table/pip_pi.pdf
ERROR in TPDF::Open: Cannot open file:table/pip_K.pdf
ERROR in TPDF::Open: Cannot open file:table/pip_p.pdf
ERROR in TPDF::Open: Cannot open file:table/pip_u.pdf
ERROR in TPDF::Open: Cannot open file:table/Km_pi.pdf
ERROR in TPDF::Open: Cannot open file:table/Km_K.pdf
ERROR in TPDF::Open: Cannot open file:table/Km_p.pdf
ERROR in TPDF::Open: Cannot open file:table/Km_u.pdf
ERROR in TPDF::Open: Cannot open file:table/Kp_pi.pdf
ERROR in TPDF::Open: Cannot open file:table/Kp_K.pdf
ERROR in TPDF::Open: Cannot open file:table/Kp_p.pdf
ERROR in TPDF::Open: Cannot open file:table/Kp_u.pdf
ERROR in TPDF::Open: Cannot open file:table/pm_pi.pdf
ERROR in TPDF::Open: Cannot open file:table/pm_K.pdf
ERROR in TPDF::Open: Cannot open file:table/pm_p.pdf
ERROR in TPDF::Open: Cannot open file:table/pm_u.pdf
ERROR in TPDF::Open: Cannot open file:table/pp_pi.pdf
ERROR in TPDF::Open: Cannot open file:table/pp_K.pdf
ERROR in TPDF::Open: Cannot open file:table/pp_p.pdf
ERROR in TPDF::Open: Cannot open file:table/pp_u.pdf
