
[1mRooFit v3.60 -- Developed by Wouter Verkerke and David Kirkby[0m 
                Copyright (C) 2000-2013 NIKHEF, University of California & Stanford University
                All rights reserved, please read http://roofit.sourceforge.net/license.txt

analysis: K0L
data_file: /sps/compass/02/yann/2016.fix/P07
data_template: hist
data_firstfile_nb: 270000
data_lastfile_nb: 276318
fit_type: all
merged_h: false
cols_theta_bin: true
hist_file_iphi: ./hist_iphi_08_10.root
hist_file_ephi: ./hist_ephi_08_10.root
hist_file_K0: ./hist_K0_08_10.root
hist_file_Lam: ./hist_Lambda_08_10.root
out_file: rich_08_10.root
remove_richpipe: true
thr_diff: 5
LH_pi_K: 1.0
LH_pi_p: 1.0
LH_pi_bg: 2.0
LH_K_pi: 1.06
LH_K_p: 1.06
LH_K_bg: 2.0
LH_bthr_p_pi: 1.
LH_bthr_p_K: 1.
LH_athr_p_pi: 1.
LH_athr_p_K: 1.
LH_athr_p_bg: 1.
LH_bthr_p_pi_bg: 2.3
LH_bthr_p_K_bg: 3.0
LH_bthr_m_pi_bg: 2.2
LH_bthr_m_K_bg: 2.9
max_retry: 100
line_width: 2
sidebins: false
=====================
lh_cut[i][j]:
[0][0] -1.00 [0][1]  1.00 [0][2]  1.00 [0][3] -1.00 [0][4] -1.00 [0][5]  2.00 
[1][0]  1.06 [1][1] -1.00 [1][2]  1.06 [1][3] -1.00 [1][4] -1.00 [1][5]  2.00 
[2][0]  1.00 [2][1]  1.00 [2][2] -1.00 [2][3] -1.00 [2][4] -1.00 [2][5] -1.00 
[3][0]  1.00 [3][1]  1.00 [3][2] -1.00 [3][3] -1.00 [3][4] -1.00 [3][5]  1.00 
[4][0]  2.30 [4][1]  3.00 [4][2]  2.20 [4][3]  2.90 [4][4] -1.00 [4][5] -1.00 

Fits of K0 sample for pi- efficiency:
 theta:  0   mom:  0   Ent:58094
=>  1 iters (-1239160.53) -> 3
 theta:  0   mom:  1   Ent:48378
=>  1 iters (-1065948.91) -> 3
 theta:  0   mom:  2   Ent:57316
=== Sucessful r9essai
=>  1 iters (-1300822.10) -> 3
 theta:  0   mom:  3   Ent:29378
mkdir: cannot create directory 'results_fit_theta_cols': File exists
mkdir: cannot create directory 'results_fit_theta_cols/P08_10': File exists
mkdir: cannot create directory 'results_fit_theta_cols/P07_10': File exists
mkdir: cannot create directory 'results_fit_theta_cols/P06_10': File exists
mkdir: cannot create directory 'results_fit_theta_cols/P05_10': File exists
mkdir: cannot create directory 'results_fit_theta_cols/P0708_10': File exists
mkdir: cannot create directory 'results_fit_theta_cols/P0709_10': File exists
mkdir: cannot create directory 'results_fit_theta_cols/P07_09': File exists
mkdir: cannot create directory 'results_fit_theta_cols/P08_09': File exists

[1mRooFit v3.60 -- Developed by Wouter Verkerke and David Kirkby[0m 
                Copyright (C) 2000-2013 NIKHEF, University of California & Stanford University
                All rights reserved, please read http://roofit.sourceforge.net/license.txt

analysis: K0L
data_file: /sps/compass/02/yann/2016.fix/P07
data_template: hist
data_firstfile_nb: 270000
data_lastfile_nb: 276318
fit_type: all
merged_h: false
cols_theta_bin: true
hist_file_iphi: ./hist_iphi_08_10.root
hist_file_ephi: ./hist_ephi_08_10.root
hist_file_K0: ./hist_K0_08_10.root
hist_file_Lam: ./hist_Lambda_08_10.root
out_file: rich_08_10.root
remove_richpipe: true
thr_diff: 5
LH_pi_K: 1.0
LH_pi_p: 1.0
LH_pi_bg: 2.0
LH_K_pi: 1.06
LH_K_p: 1.06
LH_K_bg: 2.0
LH_bthr_p_pi: 1.
LH_bthr_p_K: 1.
LH_athr_p_pi: 1.
LH_athr_p_K: 1.
LH_athr_p_bg: 1.
LH_bthr_p_pi_bg: 2.3
LH_bthr_p_K_bg: 3.0
LH_bthr_m_pi_bg: 2.2
LH_bthr_m_K_bg: 2.9
max_retry: 100
line_width: 2
sidebins: false
=====================
lh_cut[i][j]:
[0][0] -1.00 [0][1]  1.00 [0][2]  1.00 [0][3] -1.00 [0][4] -1.00 [0][5]  2.00 
[1][0]  1.06 [1][1] -1.00 [1][2]  1.06 [1][3] -1.00 [1][4] -1.00 [1][5]  2.00 
[2][0]  1.00 [2][1]  1.00 [2][2] -1.00 [2][3] -1.00 [2][4] -1.00 [2][5] -1.00 
[3][0]  1.00 [3][1]  1.00 [3][2] -1.00 [3][3] -1.00 [3][4] -1.00 [3][5]  1.00 
[4][0]  2.30 [4][1]  3.00 [4][2]  2.20 [4][3]  2.90 [4][4] -1.00 [4][5] -1.00 

Fits of K0 sample for pi- efficiency:
 theta:  0   mom:  0   Ent:58094
=>  1 iters (-1239160.53) -> 3
 theta:  0   mom:  1   Ent:48378
=>  1 iters (-1065948.91) -> 3
 theta:  0   mom:  2   Ent:57316
=== Sucessful r9essai
=>  1 iters (-1300822.10) -> 3
 theta:  0   mom:  3   Ent:29378
=>  2 iters (-630381.84) -> 3
 theta:  0   mom:  4   Ent:12749
=>  1 iters (-252696.04) -> 3
 theta:  0   mom:  5   Ent:21739
=>  1 iters (-452129.47) -> 3
 theta:  0   mom:  6   Ent:17413
=>  1 iters (-352091.10) -> 3
 theta:  0   mom:  7   Ent:13870
=>  1 iters (-271956.17) -> 3
 theta:  0   mom:  8   Ent:16158
=>  1 iters (-314995.99) -> 3
 theta:  0   mom:  9   Ent:11964
=>  1 iters (-221041.80) -> 3
 theta:  0   mom: 10   Ent:6474
=>  1 iters (-110400.18) -> 3
 theta:  0   mom: 11   Ent:7734
=>  1 iters (-134048.45) -> 3
 theta:  0   mom: 12   Ent:8875
=>  1 iters (-153704.60) -> 3
 theta:  0   mom: 13   Ent:5567
=>  1 iters (-88986.84) -> 3
 theta:  0   mom: 14   Ent:5517
=>  1 iters (-86252.87) -> 3
 theta:  1   mom:  0   Ent:45073
=>  1 iters (-929276.06) -> 3
 theta:  1   mom:  1   Ent:45636
=== Sucessful r9essai
=>  1 iters (-999938.89) -> 3
 theta:  1   mom:  2   Ent:55180
=== Sucessful r9essai
=>  1 iters (-1248466.38) -> 3
 theta:  1   mom:  3   Ent:27934
=>  1 iters (-596595.84) -> 3
 theta:  1   mom:  4   Ent:12055
=== Sucessful r9essai
=>  1 iters (-237615.67) -> 3
 theta:  1   mom:  5   Ent:20346
=== Sucessful r9essai
=>  1 iters (-420403.14) -> 3
 theta:  1   mom:  6   Ent:16092
=== Sucessful r9essai
=>  1 iters (-322689.49) -> 3
 theta:  1   mom:  7   Ent:12742
=>  1 iters (-247875.52) -> 3
 theta:  1   mom:  8   Ent:14592
=>  1 iters (-281777.91) -> 3
 theta:  1   mom:  9   Ent:10623
=>  1 iters (-193578.95) -> 3
 theta:  1   mom: 10   Ent:5669
=== Sucessful r9essai
=>  1 iters (-95041.22) -> 3
 theta:  1   mom: 11   Ent:6682
=>  1 iters (-113775.86) -> 3
 theta:  1   mom: 12   Ent:7403
=>  2 iters (-125533.01) -> 3
 theta:  1   mom: 13   Ent:4470
=>  1 iters (-69406.69) -> 3
 theta:  1   mom: 14   Ent:4253
=== Sucessful r9essai
=>  1 iters (-64761.30) -> 3
 theta:  2   mom:  0   Ent:84897
=>  1 iters (-1847560.99) -> 3
 theta:  2   mom:  1   Ent:81553
=>  1 iters (-1879704.61) -> 3
 theta:  2   mom:  2   Ent:90307
=>  1 iters (-2132477.48) -> 3
 theta:  2   mom:  3   Ent:41603
=== Sucessful r9essai
=>  1 iters (-921571.74) -> 3
 theta:  2   mom:  4   Ent:16867
=>  1 iters (-343271.66) -> 3
 theta:  2   mom:  5   Ent:27119
=== Sucessful r9essai
=>  1 iters (-575433.55) -> 3
 theta:  2   mom:  6   Ent:20251
=== Sucessful r9essai
=>  1 iters (-414349.80) -> 3
 theta:  2   mom:  7   Ent:15313
=>  1 iters (-302371.25) -> 3
 theta:  2   mom:  8   Ent:16789
=>  1 iters (-328041.31) -> 3
 theta:  2   mom:  9   Ent:11739
=>  1 iters (-215346.39) -> 3
 theta:  2   mom: 10   Ent:6125
=>  1 iters (-103164.89) -> 3
 theta:  2   mom: 11   Ent:7098
=== Sucessful r9essai
=>  4 iters (-121346.11) -> 3
 theta:  2   mom: 12   Ent:7717
=>  1 iters (-131311.28) -> 3
 theta:  2   mom: 13   Ent:4587
=>  1 iters (-71331.38) -> 3
 theta:  2   mom: 14   Ent:4301
=== Sucessful r9essai
=>  1 iters (-65574.17) -> 3
 theta:  3   mom:  0   Ent:12685
=>  1 iters (-243810.37) -> 3
 theta:  3   mom:  1   Ent:2010
=>  1 iters (-32160.65) -> 3
 theta:  3   mom:  2   Ent:502
=>  2 iters (-6537.14) -> 3
 theta:  3   mom:  3   Ent:57
=>  1 iters (-496.04) -> 3
 theta:  3   mom:  4   Ent:9
 theta:  3   mom:  5   Ent:6
 theta:  3   mom:  6   Ent:7

Fits of K0 sample for pi+ efficiency:
 theta:  0   mom:  0   Ent:58201
=>  1 iters (-1242459.93) -> 3
 theta:  0   mom:  1   Ent:48990
=>  1 iters (-1081553.42) -> 3
 theta:  0   mom:  2   Ent:57339
=>  1 iters (-1301354.18) -> 3
 theta:  0   mom:  3   Ent:29515
=>  1 iters (-632295.54) -> 3
 theta:  0   mom:  4   Ent:12942
=>  1 iters (-256140.37) -> 3
 theta:  0   mom:  5   Ent:21621
=>  1 iters (-448555.41) -> 3
 theta:  0   mom:  6   Ent:17635
=>  1 iters (-356959.74) -> 3
 theta:  0   mom:  7   Ent:14131
=== Sucessful r9essai
=>  2 iters (-276432.64) -> 3
 theta:  0   mom:  8   Ent:16077
=>  1 iters (-312033.05) -> 3
 theta:  0   mom:  9   Ent:12172
=>  1 iters (-223747.29) -> 3
 theta:  0   mom: 10   Ent:6481
=>  1 iters (-110036.01) -> 3
 theta:  0   mom: 11   Ent:7893
=>  1 iters (-135307.48) -> 3
 theta:  0   mom: 12   Ent:9152
=>  1 iters (-156161.23) -> 3
 theta:  0   mom: 13   Ent:5705
=>  1 iters (-90047.88) -> 3
 theta:  0   mom: 14   Ent:5490
=>  1 iters (-84061.28) -> 3
 theta:  1   mom:  0   Ent:45161
=== Sucessful r9essai
=>  1 iters (-933124.10) -> 3
 theta:  1   mom:  1   Ent:46295
=== Sucessful r9essai
=>  1 iters (-1016498.43) -> 3
 theta:  1   mom:  2   Ent:55202
=>  1 iters (-1248909.44) -> 3
 theta:  1   mom:  3   Ent:28153
=>  1 iters (-600498.76) -> 3
 theta:  1   mom:  4   Ent:12228
=>  1 iters (-240485.19) -> 3
 theta:  1   mom:  5   Ent:20297
=>  1 iters (-418382.03) -> 3
 theta:  1   mom:  6   Ent:16308
=>  5 iters (-327326.12) -> 3
 theta:  1   mom:  7   Ent:12904
=== Sucessful r9essai
=>  2 iters (-249920.14) -> 3
 theta:  1   mom:  8   Ent:14491
=>  1 iters (-278230.10) -> 3
 theta:  1   mom:  9   Ent:10834
=>  1 iters (-196157.14) -> 3
 theta:  1   mom: 10   Ent:5678
=>  1 iters (-94683.74) -> 3
 theta:  1   mom: 11   Ent:6823
=>  1 iters (-114989.81) -> 3
 theta:  1   mom: 12   Ent:7737
=>  1 iters (-129572.39) -> 3
 theta:  1   mom: 13   Ent:4678
=>  1 iters (-72155.29) -> 3
 theta:  1   mom: 14   Ent:4309
=== Sucessful r9essai
=>  2 iters (-64211.04) -> 3
 theta:  2   mom:  0   Ent:84931
=>  1 iters (-1851868.29) -> 3
 theta:  2   mom:  1   Ent:82936
=>  1 iters (-1913984.97) -> 3
 theta:  2   mom:  2   Ent:90601
=>  1 iters (-2139455.16) -> 3
 theta:  2   mom:  3   Ent:41791
=>  1 iters (-923596.66) -> 3
 theta:  2   mom:  4   Ent:17084
=>  1 iters (-346958.37) -> 3
 theta:  2   mom:  5   Ent:27166
=== Sucessful r9essai
=>  1 iters (-574553.17) -> 3
 theta:  2   mom:  6   Ent:20625
=== Sucessful r9essai
=>  1 iters (-422418.84) -> 3
 theta:  2   mom:  7   Ent:15537
=>  1 iters (-305417.09) -> 3
 theta:  2   mom:  8   Ent:16710
=>  1 iters (-324135.64) -> 3
 theta:  2   mom:  9   Ent:12055
=>  1 iters (-219320.79) -> 3
 theta:  2   mom: 10   Ent:6117
=>  1 iters (-102337.05) -> 3
 theta:  2   mom: 11   Ent:7257
=>  1 iters (-122849.15) -> 3
 theta:  2   mom: 12   Ent:8116
=>  1 iters (-136381.56) -> 3
 theta:  2   mom: 13   Ent:4807
=>  1 iters (-74327.63) -> 3
 theta:  2   mom: 14   Ent:4360
=>  1 iters (-65058.36) -> 3
 theta:  3   mom:  0   Ent:12669
=>  1 iters (-242253.08) -> 3
 theta:  3   mom:  1   Ent:1975
=>  1 iters (-31705.63) -> 3
 theta:  3   mom:  2   Ent:490
=== Sucessful r9essai
=>  2 iters (-6377.27) -> 3
 theta:  3   mom:  3   Ent:67
=>  1 iters (-599.08) -> 3
 theta:  3   mom:  4   Ent:9
 theta:  3   mom:  5   Ent:11
 theta:  3   mom:  6   Ent:4

Fits of PHI sample for K- efficiency:
 theta:  0   mom:  2   Ent:279825
=== Sucessful r9essai
=== Sucessful r9essai
=> 101 iters (-1841088.80) -> 2
 theta:  0   mom:  3   Ent:106747
=== Sucessful r9essai
=== Sucessful r9essai
=== Sucessful r9essai
=== Sucessful r9essai
=== Sucessful r9essai
=== Sucessful r9essai
=== Sucessful r9essai
=> 29 iters (-711105.46) -> 3
 theta:  0   mom:  4   Ent:40752
=== Sucessful r9essai
=>  8 iters (-259532.08) -> 3
 theta:  0   mom:  5   Ent:63756
=== Sucessful r9essai
=>  3 iters (-426953.33) -> 3
 theta:  0   mom:  6   Ent:46779
=== Sucessful r9essai
=>  9 iters (-310448.82) -> 3
 theta:  0   mom:  7   Ent:34698
=>  2 iters (-221910.06) -> 3
 theta:  0   mom:  8   Ent:36639
=== Sucessful r9essai
=>  2 iters (-236393.99) -> 3
 theta:  0   mom:  9   Ent:23975
=>  5 iters (-147418.10) -> 3
 theta:  0   mom: 10   Ent:11501
=== Sucessful r9essai
=>  6 iters (-64830.05) -> 3
 theta:  0   mom: 11   Ent:12252
=>  2 iters (-70612.50) -> 3
 theta:  0   mom: 12   Ent:12272
=>  2 iters (-71520.32) -> 3
 theta:  0   mom: 13   Ent:6494
=>  1 iters (-35432.05) -> 3
 theta:  0   mom: 14   Ent:5044
=== Sucessful r9essai
=>  1 iters (-28993.97) -> 3
 theta:  1   mom:  2   Ent:267479
=> 13 iters (-1758573.10) -> 3
 theta:  1   mom:  3   Ent:101626
=== Sucessful r9essai
=== Sucessful r9essai
=> 20 iters (-672424.08) -> 3
 theta:  1   mom:  4   Ent:38455
=== Sucessful r9essai
=>  2 iters (-241293.87) -> 3
 theta:  1   mom:  5   Ent:59518
=== Sucessful r9essai
=>  9 iters (-394834.67) -> 3
 theta:  1   mom:  6   Ent:43026
=> 101 iters (-281714.12) -> 2
 theta:  1   mom:  7   Ent:31468
=>  1 iters (-197788.86) -> 3
 theta:  1   mom:  8   Ent:32609
=== Sucessful r9essai
=>  6 iters (-205946.37) -> 3
 theta:  1   mom:  9   Ent:20915
=== Sucessful r9essai
=>  2 iters (-125841.73) -> 3
 theta:  1   mom: 10   Ent:9836
=== Sucessful r9essai
=>  3 iters (-53568.20) -> 3
 theta:  1   mom: 11   Ent:10308
=== Sucessful r9essai
=== Sucessful r9essai
=>  8 iters (-56898.94) -> 3
 theta:  1   mom: 12   Ent:10001
=>  1 iters (-55121.82) -> 3
 theta:  1   mom: 13   Ent:4964
=>  2 iters (-25371.15) -> 3
 theta:  1   mom: 14   Ent:3542
=== Sucessful r9essai
=>  1 iters (-18432.89) -> 3
 theta:  2   mom:  2   Ent:442979
=== Sucessful r9essai
=>  4 iters (-3014388.73) -> 3
 theta:  2   mom:  3   Ent:152214
=> 14 iters (-1026071.63) -> 3
 theta:  2   mom:  4   Ent:54247
=== Sucessful r9essai
=>  1 iters (-346061.40) -> 3
 theta:  2   mom:  5   Ent:79796
=== Sucessful r9essai
=> 17 iters (-533910.09) -> 3
 theta:  2   mom:  6   Ent:53993
=== Sucessful r9essai
=>  2 iters (-355453.10) -> 3
 theta:  2   mom:  7   Ent:37327
=>  1 iters (-235815.31) -> 3
 theta:  2   mom:  8   Ent:36896
=== Sucessful r9essai
=>  6 iters (-233214.69) -> 3
 theta:  2   mom:  9   Ent:22700
=>  1 iters (-136235.26) -> 3
 theta:  2   mom: 10   Ent:10439
=>  8 iters (-56718.16) -> 3
 theta:  2   mom: 11   Ent:10718
=>  2 iters (-58503.50) -> 3
 theta:  2   mom: 12   Ent:10269
=== Sucessful r9essai
=>  1 iters (-56370.28) -> 3
 theta:  2   mom: 13   Ent:5029
=>  1 iters (-25694.78) -> 3
 theta:  2   mom: 14   Ent:3569
=>  1 iters (-18642.93) -> 3
 theta:  3   mom:  2   Ent:4855
=== Sucessful r9essai
=>  1 iters (-16905.25) -> 3
 theta:  3   mom:  3   Ent:368
=>  1 iters (-793.50) -> 3
 theta:  3   mom:  4   Ent:63
=>  1 iters (-55.12) -> 3
 theta:  3   mom:  5   Ent:42
=>  2 iters (-39.73) -> 3
 theta:  3   mom:  6   Ent:23
 theta:  3   mom:  7   Ent:3
 theta:  3   mom:  8   Ent:3
 theta:  3   mom:  9   Ent:0
 theta:  3   mom: 10   Ent:0
 theta:  3   mom: 11   Ent:0
 theta:  3   mom: 12   Ent:0
 theta:  3   mom: 13   Ent:0
 theta:  3   mom: 14   Ent:0

Fits of PHI sample for K+ efficiency:
 theta:  0   mom:  2   Ent:234184
=== Sucessful r9essai
=> 17 iters (-1563411.71) -> 3
 theta:  0   mom:  3   Ent:92034
=== Sucessful r9essai
=> 19 iters (-615822.08) -> 3
 theta:  0   mom:  4   Ent:35691
=== Sucessful r9essai
=>  3 iters (-227226.86) -> 3
 theta:  0   mom:  5   Ent:56376
=== Sucessful r9essai
=== Sucessful r9essai
=>  9 iters (-384091.37) -> 3
 theta:  0   mom:  6   Ent:41947
=== Sucessful r9essai
=> 19 iters (-284506.24) -> 3
 theta:  0   mom:  7   Ent:32022
=== Sucessful r9essai
=>  9 iters (-207197.82) -> 3
 theta:  0   mom:  8   Ent:34345
=== Sucessful r9essai
=>  5 iters (-226991.05) -> 3
 theta:  0   mom:  9   Ent:22565
=>  4 iters (-141283.83) -> 3
 theta:  0   mom: 10   Ent:10782
=== Sucessful r9essai
=>  2 iters (-61831.24) -> 3
 theta:  0   mom: 11   Ent:11705
=>  1 iters (-68757.55) -> 3
 theta:  0   mom: 12   Ent:11916
=>  5 iters (-70809.43) -> 3
 theta:  0   mom: 13   Ent:6208
=>  1 iters (-35363.16) -> 3
 theta:  0   mom: 14   Ent:5007
=>  1 iters (-29839.53) -> 3
 theta:  1   mom:  2   Ent:223726
=== Sucessful r9essai
=>  8 iters (-1492693.16) -> 3
 theta:  1   mom:  3   Ent:87598
=== Sucessful r9essai
=== Sucessful r9essai
=== Sucessful r9essai
=== Sucessful r9essai
=== Sucessful r9essai
=== Sucessful r9essai
=> 101 iters (-583858.77) -> 2
 theta:  1   mom:  4   Ent:33636
=== Sucessful r9essai
=>  1 iters (-213006.38) -> 3
 theta:  1   mom:  5   Ent:52518
=== Sucessful r9essai
=>  2 iters (-354603.83) -> 3
 theta:  1   mom:  6   Ent:38582
=== Sucessful r9essai
=> 13 iters (-258192.92) -> 3
 theta:  1   mom:  7   Ent:29129
=== Sucessful r9essai
=> 28 iters (-185723.99) -> 3
 theta:  1   mom:  8   Ent:30576
=== Sucessful r9essai
=== Sucessful r9essai
=== Sucessful r9essai
=== Sucessful r9essai
=> 20 iters (-197851.62) -> 3
 theta:  1   mom:  9   Ent:19704
=>  2 iters (-119718.08) -> 3
 theta:  1   mom: 10   Ent:9197
=>  1 iters (-51092.26) -> 3
 theta:  1   mom: 11   Ent:9863
=>  5 iters (-55772.50) -> 3
 theta:  1   mom: 12   Ent:9694
=>  1 iters (-54377.45) -> 3
 theta:  1   mom: 13   Ent:4753
=>  3 iters (-24890.81) -> 3
 theta:  1   mom: 14   Ent:3519
=== Sucessful r9essai
=>  1 iters (-18930.97) -> 3
 theta:  2   mom:  2   Ent:370159
=> 101 iters (-2554312.54) -> 2
 theta:  2   mom:  3   Ent:131370
=== Sucessful r9essai
=>  7 iters (-893913.50) -> 3
 theta:  2   mom:  4   Ent:47372
=== Sucessful r9essai
=>  2 iters (-304118.19) -> 3
 theta:  2   mom:  5   Ent:70067
=== Sucessful r9essai
=>  6 iters (-476877.63) -> 3
 theta:  2   mom:  6   Ent:48225
=== Sucessful r9essai
=== Sucessful r9essai
=== Sucessful r9essai
=== Sucessful r9essai
=== Sucessful r9essai
=> 101 iters (-324013.91) -> 2
 theta:  2   mom:  7   Ent:34596
=== Sucessful r9essai
=== Sucessful r9essai
=== Sucessful r9essai
=== Sucessful r9essai
=== Sucessful r9essai
=== Sucessful r9essai
=== Sucessful r9essai
=== Sucessful r9essai
=== Sucessful r9essai
=== Sucessful r9essai
=== Sucessful r9essai
=== Sucessful r9essai
=> 18 iters (-221886.17) -> 3
 theta:  2   mom:  8   Ent:34573
=== Sucessful r9essai
=== Sucessful r9essai
=== Sucessful r9essai
=== Sucessful r9essai
=== Sucessful r9essai
=== Sucessful r9essai
=== Sucessful r9essai
=> 19 iters (-223977.22) -> 3
 theta:  2   mom:  9   Ent:21361
=== Sucessful r9essai
=>  1 iters (-129039.75) -> 3
 theta:  2   mom: 10   Ent:9776
=>  1 iters (-53933.93) -> 3
 theta:  2   mom: 11   Ent:10242
=== Sucessful r9essai
=>  7 iters (-57489.39) -> 3
 theta:  2   mom: 12   Ent:9932
=>  1 iters (-55666.49) -> 3
 theta:  2   mom: 13   Ent:4816
=>  1 iters (-25117.08) -> 3
 theta:  2   mom: 14   Ent:3546
=>  5 iters (-19078.64) -> 3
 theta:  3   mom:  2   Ent:4185
=>  1 iters (-13686.98) -> 3
 theta:  3   mom:  3   Ent:319
=>  2 iters (-714.87) -> 3
 theta:  3   mom:  4   Ent:52
=>  1 iters (-56.23) -> 3
 theta:  3   mom:  5   Ent:49
=>  1 iters (-85.45) -> 3
 theta:  3   mom:  6   Ent:10
 theta:  3   mom:  7   Ent:3
 theta:  3   mom:  8   Ent:1
 theta:  3   mom:  9   Ent:1
 theta:  3   mom: 10   Ent:0
 theta:  3   mom: 11   Ent:0
 theta:  3   mom: 12   Ent:0
 theta:  3   mom: 13   Ent:0
 theta:  3   mom: 14   Ent:0

Fits of LAMBDA sample for pbar efficiency:
 theta:  0   mom:  0   Ent:0
 theta:  0   mom:  1   Ent:113
=>  2 iters (0.00) -> 1
 theta:  0   mom:  2   Ent:2419
=>  1 iters (-9281.74) -> 3
 theta:  0   mom:  3   Ent:3972
=>  1 iters (-41042.49) -> 3
 theta:  0   mom:  4   Ent:2553
=>  2 iters (-25429.11) -> 2
 theta:  0   mom:  5   Ent:5622
=>  2 iters (-62268.94) -> 3
 theta:  0   mom:  6   Ent:6153
=>  1 iters (-64855.96) -> 3
 theta:  0   mom:  7   Ent:5777
=>  2 iters (-59862.66) -> 2
 theta:  0   mom:  8   Ent:7846
=>  2 iters (-78729.50) -> 2
 theta:  0   mom:  9   Ent:6811
=== Sucessful r9essai
=>  2 iters (-67133.60) -> 2
 theta:  0   mom: 10   Ent:3973
=== Sucessful r9essai
=>  1 iters (-35528.06) -> 3
 theta:  0   mom: 11   Ent:5019
=>  2 iters (-46855.70) -> 2
 theta:  0   mom: 12   Ent:6300
=== Sucessful r9essai
=>  1 iters (-58336.79) -> 3
 theta:  0   mom: 13   Ent:4499
=>  1 iters (-39569.04) -> 3
 theta:  0   mom: 14   Ent:4997
=>  1 iters (-42195.20) -> 3
 theta:  1   mom:  0   Ent:0
 theta:  1   mom:  1   Ent:107
=>  2 iters (0.00) -> 1
 theta:  1   mom:  2   Ent:2307
=>  1 iters (-8760.88) -> 3
 theta:  1   mom:  3   Ent:3813
=>  1 iters (-39330.67) -> 3
 theta:  1   mom:  4   Ent:2415
=>  1 iters (-24055.86) -> 3
 theta:  1   mom:  5   Ent:5266
=>  2 iters (-57977.88) -> 3
 theta:  1   mom:  6   Ent:5683
=== Sucessful r9essai
=>  2 iters (-59695.84) -> 2
 theta:  1   mom:  7   Ent:5312
=>  2 iters (-54859.93) -> 2
 theta:  1   mom:  8   Ent:7084
=>  1 iters (-70741.77) -> 3
 theta:  1   mom:  9   Ent:6073
=>  2 iters (-59180.52) -> 2
 theta:  1   mom: 10   Ent:3465
=>  2 iters (-30572.82) -> 2
 theta:  1   mom: 11   Ent:4320
=>  1 iters (-39123.34) -> 3
 theta:  1   mom: 12   Ent:5273
=== Sucessful r9essai
=>  1 iters (-48186.37) -> 3
 theta:  1   mom: 13   Ent:3587
=>  2 iters (-31278.87) -> 2
 theta:  1   mom: 14   Ent:3757
=>  2 iters (-31254.13) -> 2
 theta:  2   mom:  0   Ent:0
 theta:  2   mom:  1   Ent:181
=>  2 iters (0.00) -> 1
 theta:  2   mom:  2   Ent:3692
=== Sucessful r9essai
=>  1 iters (-14819.12) -> 3
 theta:  2   mom:  3   Ent:5677
=>  1 iters (-61491.73) -> 3
 theta:  2   mom:  4   Ent:3430
=>  1 iters (-36536.22) -> 3
 theta:  2   mom:  5   Ent:7150
=== Sucessful r9essai
=>  2 iters (-83150.64) -> 3
 theta:  2   mom:  6   Ent:7407
=>  2 iters (-80914.76) -> 2
 theta:  2   mom:  7   Ent:6542
=>  1 iters (-70042.90) -> 3
 theta:  2   mom:  8   Ent:8367
=>  1 iters (-86008.64) -> 3
 theta:  2   mom:  9   Ent:6806
=>  2 iters (-67384.72) -> 3
 theta:  2   mom: 10   Ent:3785
=>  1 iters (-33701.62) -> 3
 theta:  2   mom: 11   Ent:4624
=>  2 iters (-42202.95) -> 2
 theta:  2   mom: 12   Ent:5514
=>  2 iters (-50837.04) -> 2
 theta:  2   mom: 13   Ent:3688
=>  1 iters (-32268.43) -> 3
 theta:  2   mom: 14   Ent:3834
=>  2 iters (-31979.09) -> 2
 theta:  3   mom:  0   Ent:0
 theta:  3   mom:  1   Ent:0
 theta:  3   mom:  2   Ent:24
 theta:  3   mom:  3   Ent:8
 theta:  3   mom:  4   Ent:3
 theta:  3   mom:  5   Ent:3
 theta:  3   mom:  6   Ent:1

Fits of LAMBDA sample for p efficiency:
 theta:  0   mom:  0   Ent:0
 theta:  0   mom:  1   Ent:120
=>  2 iters (0.00) -> 1
 theta:  0   mom:  2   Ent:2734
=>  2 iters (-13529.03) -> 3
 theta:  0   mom:  3   Ent:4885
=>  1 iters (-55822.70) -> 3
 theta:  0   mom:  4   Ent:3131
=>  1 iters (-35688.12) -> 3
 theta:  0   mom:  5   Ent:7270
=>  1 iters (-92128.36) -> 3
 theta:  0   mom:  6   Ent:7471
=>  1 iters (-90471.76) -> 3
 theta:  0   mom:  7   Ent:6969
=>  2 iters (-82377.55) -> 2
 theta:  0   mom:  8   Ent:9259
=>  1 iters (-105445.97) -> 3
 theta:  0   mom:  9   Ent:8001
=== Sucessful r9essai
=>  2 iters (-87407.41) -> 3
 theta:  0   mom: 10   Ent:4576
=>  2 iters (-47279.73) -> 2
 theta:  0   mom: 11   Ent:5907
=>  2 iters (-61261.12) -> 2
 theta:  0   mom: 12   Ent:7712
=>  1 iters (-81472.00) -> 3
 theta:  0   mom: 13   Ent:5137
=>  2 iters (-50994.79) -> 2
 theta:  0   mom: 14   Ent:5767
=>  2 iters (-54387.01) -> 2
 theta:  1   mom:  0   Ent:0
 theta:  1   mom:  1   Ent:112
=>  2 iters (0.00) -> 1
 theta:  1   mom:  2   Ent:2632
=>  2 iters (-12978.52) -> 3
 theta:  1   mom:  3   Ent:4678
=>  1 iters (-53273.50) -> 3
 theta:  1   mom:  4   Ent:2951
=>  1 iters (-33483.16) -> 3
 theta:  1   mom:  5   Ent:6810
=>  2 iters (-85644.06) -> 3
 theta:  1   mom:  6   Ent:6919
=>  2 iters (-83299.10) -> 3
 theta:  1   mom:  7   Ent:6445
=>  2 iters (-75974.20) -> 3
 theta:  1   mom:  8   Ent:8401
=== Sucessful r9essai
=>  1 iters (-94822.72) -> 3
 theta:  1   mom:  9   Ent:7155
=>  1 iters (-77069.81) -> 3
 theta:  1   mom: 10   Ent:4002
=>  1 iters (-40599.10) -> 3
 theta:  1   mom: 11   Ent:5119
=>  1 iters (-52681.89) -> 3
 theta:  1   mom: 12   Ent:6515
=>  1 iters (-67812.08) -> 3
 theta:  1   mom: 13   Ent:4256
=== Sucessful r9essai
=>  2 iters (-41955.26) -> 2
 theta:  1   mom: 14   Ent:4499
=>  2 iters (-41114.93) -> 2
 theta:  2   mom:  0   Ent:0
 theta:  2   mom:  1   Ent:188
=>  2 iters (0.00) -> 1
 theta:  2   mom:  2   Ent:4322
=== Sucessful r9essai
=>  1 iters (-22209.20) -> 3
 theta:  2   mom:  3   Ent:7084
=>  1 iters (-85621.99) -> 3
 theta:  2   mom:  4   Ent:4256
=>  2 iters (-51634.26) -> 3
 theta:  2   mom:  5   Ent:9467
=== Sucessful r9essai
=>  2 iters (-125821.46) -> 3
 theta:  2   mom:  6   Ent:9193
=>  2 iters (-116471.15) -> 3
 theta:  2   mom:  7   Ent:8152
=>  2 iters (-100205.10) -> 3
 theta:  2   mom:  8   Ent:10059
=>  1 iters (-117009.40) -> 3
 theta:  2   mom:  9   Ent:8240
=>  2 iters (-90388.35) -> 3
 theta:  2   mom: 10   Ent:4433
=>  2 iters (-45555.26) -> 2
 theta:  2   mom: 11   Ent:5511
=>  2 iters (-57547.82) -> 2
 theta:  2   mom: 12   Ent:6868
=>  1 iters (-72068.61) -> 3
 theta:  2   mom: 13   Ent:4405
=== Sucessful r9essai
=>  2 iters (-43616.73) -> 3
 theta:  2   mom: 14   Ent:4585
=>  1 iters (-42135.63) -> 3
 theta:  3   mom:  0   Ent:0
 theta:  3   mom:  1   Ent:5
 theta:  3   mom:  2   Ent:30
 FUNCTION MUST BE MINIMIZED BEFORE CALLING IMProve   
=>  1 iters (-44.78) -> 3
 theta:  3   mom:  3   Ent:14
 theta:  3   mom:  4   Ent:17
 theta:  3   mom:  5   Ent:9
 theta:  3   mom:  6   Ent:2
p,t,i: 0,1,2 Empty
p,t,i: 0,1,3 Empty
p,t,i: 0,1,4 Empty
p,t,i: 0,1,5 Empty
p,t,i: 0,2,2 Empty
p,t,i: 0,2,3 Empty
p,t,i: 0,2,4 Empty
p,t,i: 0,2,5 Empty
p,t,i: 1,1,2 Empty
p,t,i: 1,1,3 Empty
p,t,i: 1,2,2 Empty
p,t,i: 1,2,3 Empty
0 1 0 0.914845 0.963824 0.970282 0.975589 0.975528 0.978239 0.980443 0.981672 0.984923 0.986723 0.986243 0.986766 0.973876 0.949875 0.914213 
0 2 0 0 0 0 0.000622491 0.00104799 0.00174793 0.0018543 0.0014799 0.00066538 0.00170114 0.0042542 0.00248092 0.00724269 0.0108998 0.0105206 
0 3 0 0.0851552 0.0361755 0.0297182 0.0236982 0.0233385 0.0198035 0.0176389 0.016652 0.0136168 0.00798389 0.00363661 0.00470167 0.00564422 0.00295415 0.00119035 
0 4 0 0 0 0 9.02998e-05 8.53581e-05 0.000209625 6.40891e-05 0.000195804 0.000794518 0.00359168 0.00586654 0.00605114 0.0132368 0.0362714 0.0740762 
0 1 1 0.931575 0.967041 0.97092 0.975533 0.976821 0.97894 0.980027 0.982777 0.985101 0.987138 0.987219 0.98686 0.977781 0.950167 0.923937 
0 2 1 0 0 0 0.000631991 0.00109451 0.00180492 0.00199213 0.00154288 0.000998247 0.0014398 0.00410198 0.00252832 0.00664794 0.0123206 0.00948815 
0 3 1 0.0684249 0.0329587 0.0290802 0.0237126 0.02199 0.0190397 0.0179102 0.0154723 0.0130247 0.00781076 0.00309968 0.00442253 0.00400884 0.00348674 0.000240366 
0 4 1 0 0 0 0.000121948 9.40153e-05 0.000214928 7.0287e-05 0.000208041 0.000876093 0.00361174 0.00557912 0.00618905 0.0115621 0.0340257 0.0663343 
0 1 2 0.936334 0.967529 0.970745 0.974442 0.974705 0.978515 0.979126 0.981628 0.983811 0.985733 0.987211 0.986792 0.978369 0.950401 0.924823 
0 2 2 0 0 0 0.000765202 0.00132068 0.00201715 0.00209026 0.00176421 0.00111485 0.00166484 0.0035217 0.00210966 0.00671662 0.0126014 0.00924526 
0 3 2 0.0636663 0.0324708 0.0292551 0.024669 0.0239098 0.0192254 0.0187262 0.016311 0.0141265 0.00897799 0.00331465 0.00385298 0.0039514 0.00361903 0.00037593 
0 4 2 0 0 0 0.000123461 6.44354e-05 0.000242312 5.73058e-05 0.000297177 0.00094778 0.00362402 0.00595313 0.0072454 0.0109633 0.0333783 0.065556 
0 1 3 0.86192 0.887136 0.84252 0.975924 
0 2 3 0 0 0 0 
0 3 3 0.13808 0.112864 0.15748 0.0240757 
0 4 3 0 0 0 0 
1 1 0 0.91206 0.960546 0.971307 0.976932 0.974801 0.978658 0.980777 0.98254 0.983448 0.984806 0.990469 0.982597 0.969118 0.959417 0.906777 
1 2 0 0 0 0 0.000306873 0.000196651 0.00165408 0.00234904 0.00174104 0.00268726 0.00278591 0.00136902 0.00124403 0.00689861 0.00592103 0.0126187 
1 3 0 0.08794 0.0394539 0.028693 0.0226872 0.025002 0.0193187 0.0164485 0.0152694 0.0129112 0.0083435 0.00233688 0.00864845 0.0100297 0.00340833 0.00721014 
1 4 0 0 0 0 7.3604e-05 1.49461e-11 0.000369659 0.000425494 0.00044973 0.000953294 0.00406474 0.00582559 0.00751095 0.0139536 0.0312539 0.073394 
1 1 1 0.928033 0.963509 0.971874 0.977208 0.974569 0.979124 0.981137 0.983446 0.984689 0.986851 0.991078 0.982246 0.97184 0.963002 0.914963 
1 2 1 0 0 0 0.000279622 0.00020676 0.0016613 0.00245952 0.00185594 0.00218262 0.00245362 0.00120787 0.00238043 0.00565161 0.00467949 0.0124517 
1 3 1 0.0719675 0.036491 0.028126 0.0224312 0.025224 0.018821 0.0159438 0.0142076 0.0121639 0.00748109 0.00161999 0.00913908 0.0108886 0.00295614 0.00596375 
1 4 1 0 0 0 8.07267e-05 4.16983e-13 0.000394034 0.000460135 0.000490132 0.000964936 0.00321476 0.00609449 0.00623424 0.0116197 0.0293619 0.0666216 
1 1 2 0.934317 0.964166 0.971899 0.977126 0.973363 0.978361 0.979737 0.98099 0.983583 0.987324 0.989049 0.981314 0.972923 0.962961 0.914919 
1 2 2 0 0 0 0.000232762 0.000406507 0.00188977 0.00309709 0.00180868 0.00240119 0.00264146 0.00134368 0.00295307 0.00459696 0.00431334 0.0125988 
1 3 2 0.0656831 0.0358343 0.0281015 0.0225335 0.0262308 0.0194132 0.0167218 0.0166218 0.012863 0.00681552 0.00342069 0.00937259 0.0110758 0.00336896 0.0056631 
1 4 2 0 0 0 0.000108139 9.12531e-13 0.000336139 0.000444338 0.000579983 0.00115295 0.00321914 0.00618672 0.00636075 0.0114046 0.0293571 0.066819 
1 1 3 0.860636 0.893999 0.856467 0.818216 
1 2 3 0 0 0 0 
1 3 3 0.139364 0.106001 0.143533 0.181784 
1 4 3 0 0 0 0 
2 1 0 0.125509 0.0538317 5.94355e-09 0.0118214 0.00992388 4.71543e-09 0.0329565 0.0361983 0.0148908 0.012622 0.0529111 0.0892905 0.232537 
2 2 0 0.00558311 0.621211 0.937278 0.942956 0.953282 0.980889 0.9368 0.945335 0.957693 0.931702 0.878354 0.740439 0.434241 
2 3 0 0.868908 0.322619 0.0621212 0.0419518 0.0346252 0.0165164 0.0237759 0.0109804 0.0155279 0.0147011 0.0101338 1.57085e-08 0.0126741 
2 4 0 2.37575e-12 0.00233786 0.000601107 0.00327125 0.00216903 0.00259461 0.00646798 0.00748671 0.0118884 0.0409746 0.0586006 0.170271 0.320548 
2 1 1 0.121108 0.0382858 1.0162e-08 0.00801983 6.22474e-06 2.04727e-07 0.037256 0.0293412 0.0190439 0.016212 0.0170467 0.0360959 0.141581 
2 2 1 0.00577953 0.640907 0.943734 0.952704 0.967743 0.98363 0.938271 0.955932 0.952265 0.944043 0.93391 0.825853 0.537563 
2 3 1 0.873113 0.318701 0.0555282 0.0361007 0.0309548 0.0131308 0.0194461 0.0115336 0.0195923 0.0164757 0.0100148 2.05647e-08 0.0143087 
2 4 1 2.17569e-11 0.00210564 0.000737824 0.00317577 0.00129626 0.00323937 0.00502711 0.00319371 0.00909852 0.0232693 0.039028 0.138051 0.306547 
2 1 2 0.109971 0.0376717 2.87318e-07 2.84568e-07 1.1311e-06 4.33172e-06 0.0294173 0.0211389 0.018541 0.0127115 0.0170787 0.037636 0.139529 
2 2 2 0.00628791 0.662671 0.95219 0.964369 0.970049 0.97997 0.943109 0.961763 0.954014 0.946853 0.932831 0.821603 0.537461 
2 3 2 0.883741 0.297653 0.0475233 0.0331646 0.0289058 0.0168652 0.023501 0.013982 0.0194693 0.0171005 0.0098191 0.00136741 0.0142831 
2 4 2 1.29765e-12 0.00200411 0.000286735 0.00246652 0.00104447 0.00316048 0.00397297 0.00311622 0.00797596 0.0233353 0.040271 0.139393 0.308727 
2 1 3 0.146113 0.398863 0.203491 0.314604 
2 2 3 0.00690695 0.253781 4.82527e-07 0.303144 
2 3 3 0.846981 0.347357 0.796509 0.382253 
2 4 3 0 0 0 0 
3 1 0 0.132543 0.0933308 0.00995379 0.0364094 0.0585964 0.0328504 0.0107415 0.0417991 0.0150302 0.0631916 0.0586717 0.108113 0.248898 
3 2 0 0.00889446 0.588084 0.878063 0.906699 0.904447 0.924503 0.954939 0.918353 0.939958 0.883235 0.857608 0.714059 0.436752 
3 3 0 0.858562 0.317069 0.107912 0.0551424 0.0348999 0.0406356 0.0311034 0.0308953 0.0180461 0.0128124 0.0101182 0.00396186 0.00610735 
3 4 0 0 0.00151596 0.00407118 0.00174875 0.00205694 0.00201085 0.00321602 0.00895245 0.0269653 0.0407608 0.0736024 0.173866 0.308243 
3 1 1 0.127776 0.0884657 0.0337335 0.0288026 0.0524932 0.0247204 0.014454 0.0227847 0.00779955 0.063325 0.041173 0.0643544 0.137659 
3 2 1 0.00890063 0.601901 0.862694 0.917214 0.915322 0.942664 0.953522 0.932078 0.956261 0.89271 0.90229 0.78339 0.562129 
3 3 1 0.863324 0.308139 0.100012 0.0521886 0.0304741 0.0305554 0.0295145 0.0379051 0.0210497 0.0143983 0.00730873 0.00319006 0.00372616 
3 4 1 0 0.00149431 0.00356094 0.00179451 0.00171112 0.00206018 0.0025099 0.00723213 0.0148894 0.0295665 0.0492285 0.149065 0.296485 
3 1 2 0.111522 0.0729366 1.3386e-06 0.0276298 0.0510099 0.023411 0.0123403 0.0152493 0.012833 0.0598548 0.0417417 0.0611792 0.13622 
3 2 2 0.00954323 0.638486 0.905556 0.92011 0.917126 0.937071 0.954587 0.943529 0.952963 0.895055 0.898415 0.788082 0.564565 
3 3 2 0.878935 0.286999 0.0911832 0.0505834 0.0307872 0.0370063 0.030808 0.0346126 0.0218086 0.0138627 0.00790797 0.00319715 0.00366235 
3 4 2 0 0.00157793 0.00325973 0.00167674 0.00107704 0.00251174 0.00226421 0.00660897 0.0123954 0.0312278 0.0519352 0.147542 0.295553 
3 1 3 0.0940223 5.31555e-07 0.59571 0.164952 
3 2 3 0.00778498 0.318591 0.109785 0.550238 
3 3 3 0.898193 0.681409 0.294505 0.28481 
3 4 3 0 0 0 0 
4 1 0 0 0.545927 0.193086 0.135995 0.172339 0.128645 0.163823 0.114452 0.0547128 0.0455381 0.011099 0.0261643 0.0518093 0.000188886 
4 2 0 0 0.00189749 0.0225545 0.0296072 0.0394064 0.0567538 0.0534458 0.0362994 0.0225399 0.011745 0.0131704 0.00624406 0.0170616 0.030749 
4 3 0 0 0.452176 0.784359 0.828124 0.7847 0.808018 0.773264 0.84422 0.914071 0.932725 0.967015 0.949806 0.907354 0.946955 
4 4 0 0 0 0 0.00627329 0.00355437 0.00658268 0.00946754 0.00502815 0.00867634 0.00999155 0.00871561 0.0177857 0.0237755 0.0221074 
4 1 1 0 0.545052 0.191909 0.13138 0.16089 0.113874 0.158219 0.108827 0.0390535 0.0309573 0.0205918 0.0290003 0.0527954 1.09e-07 
4 2 1 0 0.00199037 0.0228146 0.0296515 0.0401104 0.0584019 0.0541195 0.0353769 0.0236378 0.00621494 0.0118495 0.00413091 0.0117914 0.0237486 
4 3 1 0 0.452957 0.785277 0.832395 0.795189 0.820559 0.779429 0.850262 0.929041 0.951502 0.962463 0.946595 0.914767 0.962422 
4 4 1 0 0 0 0.00657389 0.00381038 0.00716539 0.00823317 0.00553388 0.00826763 0.0113261 0.00509604 0.0202733 0.0206461 0.0138288 
4 1 2 0 0.532956 0.178486 0.122128 0.142288 0.0998881 0.138475 0.0906589 0.038723 0.0277562 0.0216523 0.0385459 0.0557412 4.84385e-10 
4 2 2 0 0.00243053 0.0258803 0.0295931 0.0450508 0.0597659 0.056473 0.036317 0.0232712 0.00679016 0.0133766 0.0107 0.0137724 0.0233838 
4 3 2 0 0.464614 0.795633 0.843854 0.808053 0.835002 0.796867 0.86847 0.929858 0.955948 0.960052 0.93155 0.910293 0.964334 
4 4 2 0 0 0 0.00442471 0.0046086 0.00534376 0.00818423 0.00455364 0.00814769 0.00950562 0.00491948 0.0192037 0.0201935 0.0122824 
4 1 3 
4 2 3 
4 3 3 
4 4 3 
5 1 0 0 0.0685561 0.16291 0.11307 0.135387 0.144727 0.126123 0.11382 0.0516321 0.0295866 0.0197815 0.0492503 3.04059e-07 0.0213367 
5 2 0 0 8.31179e-08 0.0208898 0.0390386 0.0292963 0.0383485 0.0519239 0.038984 0.0149536 0.0114491 0.00955367 0.00421891 0.0185627 0.0128064 
5 3 0 0 0.931444 0.815657 0.847093 0.832098 0.813503 0.815843 0.840683 0.915046 0.94825 0.956552 0.934239 0.96817 0.93024 
5 4 0 0 0 0.000542947 0.000797911 0.00321891 0.00342153 0.00611001 0.00651247 0.0183682 0.0107146 0.014113 0.0122915 0.0132671 0.0356172 
5 1 1 0 0.0805664 0.15836 0.10578 0.132811 0.137634 0.122993 0.0989808 0.0484349 0.0131915 0.0175078 0.0410532 0.00594018 0.0186098 
5 2 1 0 4.21064e-12 0.0214237 0.0371312 0.0295765 0.0380285 0.0515853 0.0405262 0.014611 0.0119941 0.00545397 0.00339924 0.0177618 0.0115036 
5 3 1 0 0.919434 0.819673 0.857089 0.83488 0.820666 0.818872 0.85563 0.917913 0.966374 0.963301 0.941958 0.967551 0.948531 
5 4 1 0 0 0.000543629 0 0.00273235 0.00367168 0.00654943 0.00486258 0.019041 0.00844018 0.0137371 0.0135891 0.00874663 0.0213556 
5 1 2 0 0.0767582 0.145216 0.100249 0.122817 0.120765 0.111193 0.0902564 0.040007 0.0108589 0.0144852 0.0403388 0.0068532 0.013386 
5 2 2 0 5.15755e-11 0.0236916 0.0422893 0.0309806 0.0379826 0.0530807 0.0421548 0.0133117 0.0103161 0.00418298 0.0024382 0.0198893 0.0121523 
5 3 2 0 0.923242 0.830382 0.857462 0.843147 0.838547 0.830427 0.86334 0.928171 0.9708 0.968651 0.94331 0.963547 0.951931 
5 4 2 0 0 0.000709921 0 0.00305559 0.00270505 0.0052992 0.00424862 0.0185103 0.00802487 0.0126807 0.0139134 0.00971045 0.0225302 
5 1 3 8.26454e-06 
5 2 3 1.52679e-08 
5 3 3 0.999992 
5 4 3 0 
Error in <TGraphPainter::PaintGraph>: illegal number of points (0)
ERROR in TPDF::Open: Cannot open file:table/pim_pi.pdf
ERROR in TPDF::Open: Cannot open file:table/pim_K.pdf
ERROR in TPDF::Open: Cannot open file:table/pim_p.pdf
ERROR in TPDF::Open: Cannot open file:table/pim_u.pdf
ERROR in TPDF::Open: Cannot open file:table/pip_pi.pdf
ERROR in TPDF::Open: Cannot open file:table/pip_K.pdf
ERROR in TPDF::Open: Cannot open file:table/pip_p.pdf
ERROR in TPDF::Open: Cannot open file:table/pip_u.pdf
ERROR in TPDF::Open: Cannot open file:table/Km_pi.pdf
ERROR in TPDF::Open: Cannot open file:table/Km_K.pdf
ERROR in TPDF::Open: Cannot open file:table/Km_p.pdf
ERROR in TPDF::Open: Cannot open file:table/Km_u.pdf
ERROR in TPDF::Open: Cannot open file:table/Kp_pi.pdf
ERROR in TPDF::Open: Cannot open file:table/Kp_K.pdf
ERROR in TPDF::Open: Cannot open file:table/Kp_p.pdf
ERROR in TPDF::Open: Cannot open file:table/Kp_u.pdf
ERROR in TPDF::Open: Cannot open file:table/pm_pi.pdf
ERROR in TPDF::Open: Cannot open file:table/pm_K.pdf
ERROR in TPDF::Open: Cannot open file:table/pm_p.pdf
ERROR in TPDF::Open: Cannot open file:table/pm_u.pdf
ERROR in TPDF::Open: Cannot open file:table/pp_pi.pdf
ERROR in TPDF::Open: Cannot open file:table/pp_K.pdf
ERROR in TPDF::Open: Cannot open file:table/pp_p.pdf
ERROR in TPDF::Open: Cannot open file:table/pp_u.pdf
mv: cannot stat 'table': No such file or directory

[1mRooFit v3.60 -- Developed by Wouter Verkerke and David Kirkby[0m 
                Copyright (C) 2000-2013 NIKHEF, University of California & Stanford University
                All rights reserved, please read http://roofit.sourceforge.net/license.txt

analysis: K0L
data_file: /sps/compass/02/yann/2016.fix/P07
data_template: hist
data_firstfile_nb: 270000
data_lastfile_nb: 276318
fit_type: all
merged_h: false
cols_theta_bin: true
hist_file_iphi: ./hist_iphi_07_10.root
hist_file_ephi: ./hist_ephi_07_10.root
hist_file_K0: ./hist_K0_07_10.root
hist_file_Lam: ./hist_Lambda_07_10.root
out_file: rich_07_10.root
remove_richpipe: true
thr_diff: 5
LH_pi_K: 1.0
LH_pi_p: 1.0
LH_pi_bg: 2.0
LH_K_pi: 1.06
LH_K_p: 1.06
LH_K_bg: 2.0
LH_bthr_p_pi: 1.
LH_bthr_p_K: 1.
LH_athr_p_pi: 1.
LH_athr_p_K: 1.
LH_athr_p_bg: 1.
LH_bthr_p_pi_bg: 2.3
LH_bthr_p_K_bg: 3.0
LH_bthr_m_pi_bg: 2.2
LH_bthr_m_K_bg: 2.9
max_retry: 100
line_width: 2
sidebins: false
=====================
lh_cut[i][j]:
[0][0] -1.00 [0][1]  1.00 [0][2]  1.00 [0][3] -1.00 [0][4] -1.00 [0][5]  2.00 
[1][0]  1.06 [1][1] -1.00 [1][2]  1.06 [1][3] -1.00 [1][4] -1.00 [1][5]  2.00 
[2][0]  1.00 [2][1]  1.00 [2][2] -1.00 [2][3] -1.00 [2][4] -1.00 [2][5] -1.00 
[3][0]  1.00 [3][1]  1.00 [3][2] -1.00 [3][3] -1.00 [3][4] -1.00 [3][5]  1.00 
[4][0]  2.30 [4][1]  3.00 [4][2]  2.20 [4][3]  2.90 [4][4] -1.00 [4][5] -1.00 

Fits of K0 sample for pi- efficiency:
 theta:  0   mom:  0   Ent:116599
=>  1 iters (-2644389.65) -> 3
 theta:  0   mom:  1   Ent:97432
=>  1 iters (-2280915.95) -> 3
 theta:  0   mom:  2   Ent:114779
=== Sucessful r9essai
=>  1 iters (-2763468.04) -> 3
 theta:  0   mom:  3   Ent:58880
=== Sucessful r9essai
=>  1 iters (-1345154.36) -> 3
 theta:  0   mom:  4   Ent:25236
=== Sucessful r9essai
=>  1 iters (-533739.86) -> 3
 theta:  0   mom:  5   Ent:43376
=>  1 iters (-960493.88) -> 3
 theta:  0   mom:  6   Ent:35259
=>  1 iters (-763203.12) -> 3
 theta:  0   mom:  7   Ent:27905
=>  1 iters (-584708.06) -> 3
 theta:  0   mom:  8   Ent:32409
=>  1 iters (-674710.92) -> 3
 theta:  0   mom:  9   Ent:24104
=>  1 iters (-479500.80) -> 3
 theta:  0   mom: 10   Ent:12833
=>  1 iters (-236097.44) -> 3
 theta:  0   mom: 11   Ent:15555
=>  1 iters (-290017.53) -> 3
 theta:  0   mom: 12   Ent:18081
=>  1 iters (-337282.57) -> 3
 theta:  0   mom: 13   Ent:11169
=>  1 iters (-192420.59) -> 3
 theta:  0   mom: 14   Ent:11058
=>  1 iters (-186886.03) -> 3
 theta:  1   mom:  0   Ent:90388
=>  1 iters (-1985505.77) -> 3
 theta:  1   mom:  1   Ent:92032
=>  1 iters (-2143232.44) -> 3
 theta:  1   mom:  2   Ent:110527
=>  1 iters (-2652893.88) -> 3
 theta:  1   mom:  3   Ent:56124
=== Sucessful r9essai
=>  1 iters (-1276914.67) -> 3
 theta:  1   mom:  4   Ent:23821
=>  1 iters (-501049.29) -> 3
 theta:  1   mom:  5   Ent:40646
=== Sucessful r9essai
=>  1 iters (-894842.24) -> 3
 theta:  1   mom:  6   Ent:32691
=>  1 iters (-702589.86) -> 3
 theta:  1   mom:  7   Ent:25609
=>  1 iters (-532181.42) -> 3
 theta:  1   mom:  8   Ent:29218
=>  1 iters (-602401.17) -> 3
 theta:  1   mom:  9   Ent:21454
=>  1 iters (-421672.50) -> 3
 theta:  1   mom: 10   Ent:11198
=>  1 iters (-202416.21) -> 3
 theta:  1   mom: 11   Ent:13380
=>  1 iters (-245383.09) -> 3
 theta:  1   mom: 12   Ent:15111
=>  1 iters (-276583.38) -> 3
 theta:  1   mom: 13   Ent:9005
=>  1 iters (-151312.77) -> 3
 theta:  1   mom: 14   Ent:8441
=>  1 iters (-139203.01) -> 3
 theta:  2   mom:  0   Ent:170278
=>  1 iters (-3935049.66) -> 3
 theta:  2   mom:  1   Ent:164649
=== Sucessful r9essai
=>  5 iters (-4021546.00) -> 3
 theta:  2   mom:  2   Ent:180946
=>  1 iters (-4521858.74) -> 3
 theta:  2   mom:  3   Ent:83459
=>  1 iters (-1964886.35) -> 3
 theta:  2   mom:  4   Ent:33287
=== Sucessful r9essai
=>  1 iters (-721701.23) -> 3
 theta:  2   mom:  5   Ent:54183
=== Sucessful r9essai
=>  1 iters (-1223204.40) -> 3
 theta:  2   mom:  6   Ent:41070
=>  1 iters (-899635.73) -> 3
 theta:  2   mom:  7   Ent:30716
=>  1 iters (-647483.99) -> 3
 theta:  2   mom:  8   Ent:33527
=>  1 iters (-698267.90) -> 3
 theta:  2   mom:  9   Ent:23672
=>  1 iters (-468154.55) -> 3
 theta:  2   mom: 10   Ent:12106
=>  1 iters (-219983.70) -> 3
 theta:  2   mom: 11   Ent:14223
=>  1 iters (-261663.12) -> 3
 theta:  2   mom: 12   Ent:15721
=>  1 iters (-288534.68) -> 3
 theta:  2   mom: 13   Ent:9226
=>  1 iters (-155264.76) -> 3
 theta:  2   mom: 14   Ent:8539
=>  1 iters (-140987.36) -> 3
 theta:  3   mom:  0   Ent:25515
=>  1 iters (-524563.59) -> 3
 theta:  3   mom:  1   Ent:3985
=== Sucessful r9essai
=>  1 iters (-69334.27) -> 3
 theta:  3   mom:  2   Ent:947
=>  1 iters (-13581.87) -> 3
 theta:  3   mom:  3   Ent:115
=>  1 iters (-1134.67) -> 3
 theta:  3   mom:  4   Ent:21
 theta:  3   mom:  5   Ent:18
 theta:  3   mom:  6   Ent:14

Fits of K0 sample for pi+ efficiency:
 theta:  0   mom:  0   Ent:116906
=>  1 iters (-2652019.33) -> 3
 theta:  0   mom:  1   Ent:97701
=>  1 iters (-2288498.61) -> 3
 theta:  0   mom:  2   Ent:115101
=>  1 iters (-2771256.82) -> 3
 theta:  0   mom:  3   Ent:59297
=>  1 iters (-1352932.99) -> 3
 theta:  0   mom:  4   Ent:25865
=>  1 iters (-546996.56) -> 3
 theta:  0   mom:  5   Ent:43653
=== Sucessful r9essai
=>  1 iters (-965304.32) -> 3
 theta:  0   mom:  6   Ent:35309
=>  1 iters (-762206.60) -> 3
 theta:  0   mom:  7   Ent:28324
=>  1 iters (-592092.04) -> 3
 theta:  0   mom:  8   Ent:32651
=>  1 iters (-677140.34) -> 3
 theta:  0   mom:  9   Ent:24623
=>  1 iters (-486200.07) -> 3
 theta:  0   mom: 10   Ent:13187
=>  1 iters (-242617.39) -> 3
 theta:  0   mom: 11   Ent:15898
=>  1 iters (-294455.37) -> 3
 theta:  0   mom: 12   Ent:18276
=>  1 iters (-336332.84) -> 3
 theta:  0   mom: 13   Ent:11298
=>  1 iters (-192631.77) -> 3
 theta:  0   mom: 14   Ent:11070
=>  1 iters (-184444.17) -> 3
 theta:  1   mom:  0   Ent:90579
=>  1 iters (-1990951.87) -> 3
 theta:  1   mom:  1   Ent:92331
=>  1 iters (-2151508.62) -> 3
 theta:  1   mom:  2   Ent:110816
=>  1 iters (-2659964.80) -> 3
 theta:  1   mom:  3   Ent:56515
=== Sucessful r9essai
=>  1 iters (-1283990.41) -> 3
 theta:  1   mom:  4   Ent:24444
=>  1 iters (-514070.60) -> 3
 theta:  1   mom:  5   Ent:40965
=== Sucessful r9essai
=>  1 iters (-900420.96) -> 3
 theta:  1   mom:  6   Ent:32685
=>  2 iters (-700094.40) -> 3
 theta:  1   mom:  7   Ent:25939
=>  1 iters (-537348.59) -> 3
 theta:  1   mom:  8   Ent:29468
=>  1 iters (-604705.31) -> 3
 theta:  1   mom:  9   Ent:21865
=>  1 iters (-425975.16) -> 3
 theta:  1   mom: 10   Ent:11528
=>  1 iters (-208489.58) -> 3
 theta:  1   mom: 11   Ent:13735
=>  1 iters (-250305.90) -> 3
 theta:  1   mom: 12   Ent:15474
=== Sucessful r9essai
=>  2 iters (-279914.67) -> 3
 theta:  1   mom: 13   Ent:9250
=>  1 iters (-154371.01) -> 3
 theta:  1   mom: 14   Ent:8695
=== Sucessful r9essai
=>  1 iters (-141390.55) -> 3
 theta:  2   mom:  0   Ent:170444
=>  1 iters (-3940719.53) -> 3
 theta:  2   mom:  1   Ent:165169
=>  1 iters (-4033198.93) -> 3
 theta:  2   mom:  2   Ent:181856
=>  1 iters (-4545040.76) -> 3
 theta:  2   mom:  3   Ent:84049
=>  2 iters (-1974830.41) -> 3
 theta:  2   mom:  4   Ent:34202
=>  1 iters (-741428.11) -> 3
 theta:  2   mom:  5   Ent:54624
=>  1 iters (-1229533.90) -> 3
 theta:  2   mom:  6   Ent:41252
=>  1 iters (-900486.02) -> 3
 theta:  2   mom:  7   Ent:31270
=>  1 iters (-657055.96) -> 3
 theta:  2   mom:  8   Ent:33992
=>  1 iters (-703866.57) -> 3
 theta:  2   mom:  9   Ent:24301
=>  1 iters (-475692.99) -> 3
 theta:  2   mom: 10   Ent:12443
=>  1 iters (-225758.49) -> 3
 theta:  2   mom: 11   Ent:14637
=>  1 iters (-267720.39) -> 3
 theta:  2   mom: 12   Ent:16217
=>  1 iters (-294232.05) -> 3
 theta:  2   mom: 13   Ent:9498
=>  1 iters (-158805.41) -> 3
 theta:  2   mom: 14   Ent:8825
=== Sucessful r9essai
=>  1 iters (-143527.73) -> 3
 theta:  3   mom:  0   Ent:25595
=>  1 iters (-525201.50) -> 3
 theta:  3   mom:  1   Ent:3954
=>  1 iters (-68659.79) -> 3
 theta:  3   mom:  2   Ent:1008
=>  1 iters (-14547.07) -> 3
 theta:  3   mom:  3   Ent:131
=>  2 iters (-1344.78) -> 3
 theta:  3   mom:  4   Ent:23
 theta:  3   mom:  5   Ent:23
 theta:  3   mom:  6   Ent:10

Fits of PHI sample for K- efficiency:
 theta:  0   mom:  2   Ent:561373
=== Sucessful r9essai
=== Sucessful r9essai
=== Sucessful r9essai
=== Sucessful r9essai
=> 82 iters (-3935639.60) -> 3
 theta:  0   mom:  3   Ent:213918
=== Sucessful r9essai
=>  8 iters (-1518420.93) -> 3
 theta:  0   mom:  4   Ent:81523
=== Sucessful r9essai
=== Sucessful r9essai
=== Sucessful r9essai
=== Sucessful r9essai
=== Sucessful r9essai
=== Sucessful r9essai
=== Sucessful r9essai
=== Sucessful r9essai
=> 101 iters (-553669.88) -> 2
 theta:  0   mom:  5   Ent:127308
=> 31 iters (-911474.96) -> 3
 theta:  0   mom:  6   Ent:93535
=== Sucessful r9essai
=== Sucessful r9essai
=> 89 iters (-663325.69) -> 3
 theta:  0   mom:  7   Ent:69480
=== Sucessful r9essai
=>  2 iters (-478104.48) -> 3
 theta:  0   mom:  8   Ent:73079
=== Sucessful r9essai
=>  1 iters (-502415.24) -> 3
 theta:  0   mom:  9   Ent:48147
=== Sucessful r9essai
=>  3 iters (-320733.80) -> 3
 theta:  0   mom: 10   Ent:22858
=== Sucessful r9essai
=>  1 iters (-142220.01) -> 3
 theta:  0   mom: 11   Ent:24428
=== Sucessful r9essai
=== Sucessful r9essai
=== Sucessful r9essai
=== Sucessful r9essai
=== Sucessful r9essai
=== Sucessful r9essai
=== Sucessful r9essai
=== Sucessful r9essai
=> 44 iters (-152192.47) -> 3
 theta:  0   mom: 12   Ent:24582
=== Sucessful r9essai
=>  1 iters (-153906.40) -> 3
 theta:  0   mom: 13   Ent:12892
=>  2 iters (-76704.32) -> 3
 theta:  0   mom: 14   Ent:10140
=>  1 iters (-63124.19) -> 3
 theta:  1   mom:  2   Ent:536739
=> 12 iters (-3760677.93) -> 3
 theta:  1   mom:  3   Ent:203832
=== Sucessful r9essai
=>  7 iters (-1439055.31) -> 3
 theta:  1   mom:  4   Ent:76891
=== Sucessful r9essai
=>  3 iters (-516736.27) -> 3
 theta:  1   mom:  5   Ent:118778
=== Sucessful r9essai
=== Sucessful r9essai
=> 87 iters (-842199.29) -> 3
 theta:  1   mom:  6   Ent:86059
=== Sucessful r9essai
=== Sucessful r9essai
=>  3 iters (-602340.68) -> 3
 theta:  1   mom:  7   Ent:63019
=== Sucessful r9essai
=>  1 iters (-426958.18) -> 3
 theta:  1   mom:  8   Ent:65142
=== Sucessful r9essai
=>  1 iters (-439700.32) -> 3
 theta:  1   mom:  9   Ent:42094
=== Sucessful r9essai
=== Sucessful r9essai
=>  7 iters (-273377.86) -> 3
 theta:  1   mom: 10   Ent:19504
=== Sucessful r9essai
=== Sucessful r9essai
=== Sucessful r9essai
=> 12 iters (-117317.15) -> 3
 theta:  1   mom: 11   Ent:20529
=== Sucessful r9essai
=>  1 iters (-122896.88) -> 3
 theta:  1   mom: 12   Ent:19928
=>  1 iters (-118548.00) -> 3
 theta:  1   mom: 13   Ent:9883
=>  2 iters (-54744.50) -> 3
 theta:  1   mom: 14   Ent:7130
=>  6 iters (-40352.44) -> 3
 theta:  2   mom:  2   Ent:889423
=== Sucessful r9essai
=== Sucessful r9essai
=== Sucessful r9essai
=== Sucessful r9essai
=== Sucessful r9essai
=== Sucessful r9essai
=== Sucessful r9essai
=== Sucessful r9essai
=== Sucessful r9essai
=== Sucessful r9essai
=== Sucessful r9essai
=== Sucessful r9essai
=== Sucessful r9essai
=== Sucessful r9essai
=== Sucessful r9essai
=== Sucessful r9essai
=== Sucessful r9essai
=== Sucessful r9essai
=== Sucessful r9essai
=== Sucessful r9essai
=== Sucessful r9essai
=== Sucessful r9essai
=== Sucessful r9essai
=== Sucessful r9essai
=== Sucessful r9essai
=> 50 iters (-6433156.02) -> 3
 theta:  2   mom:  3   Ent:305436
=== Sucessful r9essai
=== Sucessful r9essai
=== Sucessful r9essai
=> 71 iters (-2193024.09) -> 3
 theta:  2   mom:  4   Ent:108457
=== Sucessful r9essai
=>  7 iters (-737384.73) -> 3
 theta:  2   mom:  5   Ent:159075
=== Sucessful r9essai
=> 22 iters (-1135126.57) -> 3
 theta:  2   mom:  6   Ent:107766
=== Sucessful r9essai
=>  6 iters (-758733.63) -> 3
 theta:  2   mom:  7   Ent:74882
=== Sucessful r9essai
=>  4 iters (-509700.90) -> 3
 theta:  2   mom:  8   Ent:73594
=>  1 iters (-497858.27) -> 3
 theta:  2   mom:  9   Ent:45610
=== Sucessful r9essai
=== Sucessful r9essai
=== Sucessful r9essai
=== Sucessful r9essai
=== Sucessful r9essai
=> 34 iters (-295655.76) -> 3
 theta:  2   mom: 10   Ent:20645
=== Sucessful r9essai
=> 37 iters (-123868.91) -> 3
 theta:  2   mom: 11   Ent:21332
=== Sucessful r9essai
=>  4 iters (-126840.49) -> 3
 theta:  2   mom: 12   Ent:20422
=>  1 iters (-121033.02) -> 3
 theta:  2   mom: 13   Ent:10002
=== Sucessful r9essai
=>  1 iters (-55354.53) -> 3
 theta:  2   mom: 14   Ent:7177
=== Sucessful r9essai
=== Sucessful r9essai
=== Sucessful r9essai
=> 52 iters (-40617.47) -> 3
 theta:  3   mom:  2   Ent:9564
=>  2 iters (-36516.00) -> 3
 theta:  3   mom:  3   Ent:723
=> 101 iters (-1877.57) -> 2
 theta:  3   mom:  4   Ent:121
=>  1 iters (-162.91) -> 3
 theta:  3   mom:  5   Ent:86
=>  1 iters (-103.74) -> 3
 theta:  3   mom:  6   Ent:40
=>  2 iters (-61.98) -> 3
 theta:  3   mom:  7   Ent:7
 theta:  3   mom:  8   Ent:7
 theta:  3   mom:  9   Ent:0
 theta:  3   mom: 10   Ent:0
 theta:  3   mom: 11   Ent:0
 theta:  3   mom: 12   Ent:0
 theta:  3   mom: 13   Ent:0
 theta:  3   mom: 14   Ent:0

Fits of PHI sample for K+ efficiency:
 theta:  0   mom:  2   Ent:469061
=== Sucessful r9essai
=> 28 iters (-3324196.73) -> 3
 theta:  0   mom:  3   Ent:184444
=== Sucessful r9essai
=> 15 iters (-1321570.05) -> 3
 theta:  0   mom:  4   Ent:71829
=== Sucessful r9essai
=>  7 iters (-493171.77) -> 3
 theta:  0   mom:  5   Ent:113243
=== Sucessful r9essai
=>  3 iters (-827526.08) -> 3
 theta:  0   mom:  6   Ent:83943
=== Sucessful r9essai
=== Sucessful r9essai
=== Sucessful r9essai
=== Sucessful r9essai
=> 17 iters (-608083.82) -> 3
 theta:  0   mom:  7   Ent:63723
=== Sucessful r9essai
=> 14 iters (-446181.02) -> 3
 theta:  0   mom:  8   Ent:68838
=== Sucessful r9essai
=>  1 iters (-484841.56) -> 3
 theta:  0   mom:  9   Ent:45105
=== Sucessful r9essai
=== Sucessful r9essai
=== Sucessful r9essai
=== Sucessful r9essai
=== Sucessful r9essai
=== Sucessful r9essai
=> 43 iters (-305372.02) -> 3
 theta:  0   mom: 10   Ent:21462
=== Sucessful r9essai
=== Sucessful r9essai
=== Sucessful r9essai
=== Sucessful r9essai
=== Sucessful r9essai
=== Sucessful r9essai
=== Sucessful r9essai
=== Sucessful r9essai
=== Sucessful r9essai
=== Sucessful r9essai
=== Sucessful r9essai
=== Sucessful r9essai
=== Sucessful r9essai
=== Sucessful r9essai
=== Sucessful r9essai
=== Sucessful r9essai
=== Sucessful r9essai
=== Sucessful r9essai
=== Sucessful r9essai
=> 101 iters (-133607.44) -> 2
 theta:  0   mom: 11   Ent:23395
=>  7 iters (-148385.15) -> 3
 theta:  0   mom: 12   Ent:23719
=>  1 iters (-153035.05) -> 3
 theta:  0   mom: 13   Ent:12295
=>  1 iters (-76629.99) -> 3
 theta:  0   mom: 14   Ent:10022
=>  1 iters (-64317.70) -> 3
 theta:  1   mom:  2   Ent:448219
=== Sucessful r9essai
=== Sucessful r9essai
=== Sucessful r9essai
=> 12 iters (-3175444.66) -> 3
 theta:  1   mom:  3   Ent:175569
mkdir: cannot create directory 'results_fit_theta_cols': File exists
mkdir: cannot create directory 'results_fit_theta_cols/P08_10': File exists
mkdir: cannot create directory 'results_fit_theta_cols/P07_10': File exists
mkdir: cannot create directory 'results_fit_theta_cols/P06_10': File exists
mkdir: cannot create directory 'results_fit_theta_cols/P05_10': File exists
mkdir: cannot create directory 'results_fit_theta_cols/P0708_10': File exists
mkdir: cannot create directory 'results_fit_theta_cols/P0709_10': File exists
mkdir: cannot create directory 'results_fit_theta_cols/P07_09': File exists
mkdir: cannot create directory 'results_fit_theta_cols/P08_09': File exists

[1mRooFit v3.60 -- Developed by Wouter Verkerke and David Kirkby[0m 
                Copyright (C) 2000-2013 NIKHEF, University of California & Stanford University
                All rights reserved, please read http://roofit.sourceforge.net/license.txt

analysis: K0L
data_file: /sps/compass/02/yann/2016.fix/P07
data_template: hist
data_firstfile_nb: 270000
data_lastfile_nb: 276318
fit_type: all
merged_h: false
cols_theta_bin: true
hist_file_iphi: ./hist_iphi_07_10.root
hist_file_ephi: ./hist_ephi_07_10.root
hist_file_K0: ./hist_K0_07_10.root
hist_file_Lam: ./hist_Lambda_07_10.root
out_file: rich_07_10.root
remove_richpipe: true
thr_diff: 5
LH_pi_K: 1.0
LH_pi_p: 1.0
LH_pi_bg: 2.0
LH_K_pi: 1.06
LH_K_p: 1.06
LH_K_bg: 2.0
LH_bthr_p_pi: 1.
LH_bthr_p_K: 1.
LH_athr_p_pi: 1.
LH_athr_p_K: 1.
LH_athr_p_bg: 1.
LH_bthr_p_pi_bg: 2.3
LH_bthr_p_K_bg: 3.0
LH_bthr_m_pi_bg: 2.2
LH_bthr_m_K_bg: 2.9
max_retry: 100
line_width: 2
sidebins: false
Error in <TFile::TFile>: file ./hist_K0_07_10.root does not exist
=====================
lh_cut[i][j]:
[0][0] -1.00 [0][1]  1.00 [0][2]  1.00 [0][3] -1.00 [0][4] -1.00 [0][5]  2.00 
[1][0]  1.06 [1][1] -1.00 [1][2]  1.06 [1][3] -1.00 [1][4] -1.00 [1][5]  2.00 
[2][0]  1.00 [2][1]  1.00 [2][2] -1.00 [2][3] -1.00 [2][4] -1.00 [2][5] -1.00 
[3][0]  1.00 [3][1]  1.00 [3][2] -1.00 [3][3] -1.00 [3][4] -1.00 [3][5]  1.00 
[4][0]  2.30 [4][1]  3.00 [4][2]  2.20 [4][3]  2.90 [4][4] -1.00 [4][5] -1.00 
** fit_table: Error opening TFile "./hist_K0_07_10.root"
mv: cannot stat '*.txt': No such file or directory
mv: cannot stat '*.pdf': No such file or directory
mv: cannot stat 'table': No such file or directory

[1mRooFit v3.60 -- Developed by Wouter Verkerke and David Kirkby[0m 
                Copyright (C) 2000-2013 NIKHEF, University of California & Stanford University
                All rights reserved, please read http://roofit.sourceforge.net/license.txt

analysis: K0L
data_file: /sps/compass/02/yann/2016.fix/P07
data_template: hist
data_firstfile_nb: 270000
data_lastfile_nb: 276318
fit_type: all
merged_h: false
cols_theta_bin: true
hist_file_iphi: ./hist_iphi_07_10.root
hist_file_ephi: ./hist_ephi_07_10.root
hist_file_K0: ./hist_K0_07_10.root
hist_file_Lam: ./hist_Lambda_07_10.root
out_file: rich_07_10.root
remove_richpipe: true
thr_diff: 5
LH_pi_K: 1.0
LH_pi_p: 1.0
LH_pi_bg: 2.0
LH_K_pi: 1.06
LH_K_p: 1.06
LH_K_bg: 2.0
LH_bthr_p_pi: 1.
LH_bthr_p_K: 1.
LH_athr_p_pi: 1.
LH_athr_p_K: 1.
LH_athr_p_bg: 1.
LH_bthr_p_pi_bg: 2.3
LH_bthr_p_K_bg: 3.0
LH_bthr_m_pi_bg: 2.2
LH_bthr_m_K_bg: 2.9
max_retry: 100
line_width: 2
sidebins: false
=====================
lh_cut[i][j]:
[0][0] -1.00 [0][1]  1.00 [0][2]  1.00 [0][3] -1.00 [0][4] -1.00 [0][5]  2.00 
[1][0]  1.06 [1][1] -1.00 [1][2]  1.06 [1][3] -1.00 [1][4] -1.00 [1][5]  2.00 
[2][0]  1.00 [2][1]  1.00 [2][2] -1.00 [2][3] -1.00 [2][4] -1.00 [2][5] -1.00 
[3][0]  1.00 [3][1]  1.00 [3][2] -1.00 [3][3] -1.00 [3][4] -1.00 [3][5]  1.00 
[4][0]  2.30 [4][1]  3.00 [4][2]  2.20 [4][3]  2.90 [4][4] -1.00 [4][5] -1.00 

Fits of K0 sample for pi- efficiency:
 theta:  0   mom:  0   Ent:116599
=>  1 iters (-2644389.65) -> 3
 theta:  0   mom:  1   Ent:97432
=>  1 iters (-2280915.95) -> 3
 theta:  0   mom:  2   Ent:114779
=== Sucessful r9essai
=>  1 iters (-2763468.04) -> 3
 theta:  0   mom:  3   Ent:58880
=== Sucessful r9essai
=>  1 iters (-1345154.36) -> 3
 theta:  0   mom:  4   Ent:25236
=== Sucessful r9essai
=>  1 iters (-533739.86) -> 3
 theta:  0   mom:  5   Ent:43376
=>  1 iters (-960493.88) -> 3
 theta:  0   mom:  6   Ent:35259
=>  1 iters (-763203.12) -> 3
 theta:  0   mom:  7   Ent:27905
=>  1 iters (-584708.06) -> 3
 theta:  0   mom:  8   Ent:32409
=>  1 iters (-674710.92) -> 3
 theta:  0   mom:  9   Ent:24104
=>  1 iters (-479500.80) -> 3
 theta:  0   mom: 10   Ent:12833
=>  1 iters (-236097.44) -> 3
 theta:  0   mom: 11   Ent:15555
=>  1 iters (-290017.53) -> 3
 theta:  0   mom: 12   Ent:18081
=>  1 iters (-337282.57) -> 3
 theta:  0   mom: 13   Ent:11169
=>  1 iters (-192420.59) -> 3
 theta:  0   mom: 14   Ent:11058
=>  1 iters (-186886.03) -> 3
 theta:  1   mom:  0   Ent:90388
=>  1 iters (-1985505.77) -> 3
 theta:  1   mom:  1   Ent:92032
=>  1 iters (-2143232.44) -> 3
 theta:  1   mom:  2   Ent:110527
=>  1 iters (-2652893.88) -> 3
 theta:  1   mom:  3   Ent:56124
=== Sucessful r9essai
=>  1 iters (-1276914.67) -> 3
 theta:  1   mom:  4   Ent:23821
=>  1 iters (-501049.29) -> 3
 theta:  1   mom:  5   Ent:40646
=== Sucessful r9essai
=>  1 iters (-894842.24) -> 3
 theta:  1   mom:  6   Ent:32691
=>  1 iters (-702589.86) -> 3
 theta:  1   mom:  7   Ent:25609
=>  1 iters (-532181.42) -> 3
 theta:  1   mom:  8   Ent:29218
=>  1 iters (-602401.17) -> 3
 theta:  1   mom:  9   Ent:21454
=>  1 iters (-421672.50) -> 3
 theta:  1   mom: 10   Ent:11198
=>  1 iters (-202416.21) -> 3
 theta:  1   mom: 11   Ent:13380
=>  1 iters (-245383.09) -> 3
 theta:  1   mom: 12   Ent:15111
=>  1 iters (-276583.38) -> 3
 theta:  1   mom: 13   Ent:9005
=>  1 iters (-151312.77) -> 3
 theta:  1   mom: 14   Ent:8441
=>  1 iters (-139203.01) -> 3
 theta:  2   mom:  0   Ent:170278
=>  1 iters (-3935049.66) -> 3
 theta:  2   mom:  1   Ent:164649
=== Sucessful r9essai
=>  5 iters (-4021546.00) -> 3
 theta:  2   mom:  2   Ent:180946
=>  1 iters (-4521858.74) -> 3
 theta:  2   mom:  3   Ent:83459
=>  1 iters (-1964886.35) -> 3
 theta:  2   mom:  4   Ent:33287
=== Sucessful r9essai
=>  1 iters (-721701.23) -> 3
 theta:  2   mom:  5   Ent:54183
=== Sucessful r9essai
=>  1 iters (-1223204.40) -> 3
 theta:  2   mom:  6   Ent:41070
=>  1 iters (-899635.73) -> 3
 theta:  2   mom:  7   Ent:30716
=>  1 iters (-647483.99) -> 3
 theta:  2   mom:  8   Ent:33527
=>  1 iters (-698267.90) -> 3
 theta:  2   mom:  9   Ent:23672
=>  1 iters (-468154.55) -> 3
 theta:  2   mom: 10   Ent:12106
=>  1 iters (-219983.70) -> 3
 theta:  2   mom: 11   Ent:14223
=>  1 iters (-261663.12) -> 3
 theta:  2   mom: 12   Ent:15721
=>  1 iters (-288534.68) -> 3
 theta:  2   mom: 13   Ent:9226
=>  1 iters (-155264.76) -> 3
 theta:  2   mom: 14   Ent:8539
=>  1 iters (-140987.36) -> 3
 theta:  3   mom:  0   Ent:25515
=>  1 iters (-524563.59) -> 3
 theta:  3   mom:  1   Ent:3985
=== Sucessful r9essai
=>  1 iters (-69334.27) -> 3
 theta:  3   mom:  2   Ent:947
=>  1 iters (-13581.87) -> 3
 theta:  3   mom:  3   Ent:115
=>  1 iters (-1134.67) -> 3
 theta:  3   mom:  4   Ent:21
 theta:  3   mom:  5   Ent:18
 theta:  3   mom:  6   Ent:14

Fits of K0 sample for pi+ efficiency:
 theta:  0   mom:  0   Ent:116906
=>  1 iters (-2652019.33) -> 3
 theta:  0   mom:  1   Ent:97701
=>  1 iters (-2288498.61) -> 3
 theta:  0   mom:  2   Ent:115101
=>  1 iters (-2771256.82) -> 3
 theta:  0   mom:  3   Ent:59297
=>  1 iters (-1352932.99) -> 3
 theta:  0   mom:  4   Ent:25865
=>  1 iters (-546996.56) -> 3
 theta:  0   mom:  5   Ent:43653
=== Sucessful r9essai
=>  1 iters (-965304.32) -> 3
 theta:  0   mom:  6   Ent:35309
=>  1 iters (-762206.60) -> 3
 theta:  0   mom:  7   Ent:28324
=>  1 iters (-592092.04) -> 3
 theta:  0   mom:  8   Ent:32651
=>  1 iters (-677140.34) -> 3
 theta:  0   mom:  9   Ent:24623
=>  1 iters (-486200.07) -> 3
 theta:  0   mom: 10   Ent:13187
=>  1 iters (-242617.39) -> 3
 theta:  0   mom: 11   Ent:15898
=>  1 iters (-294455.37) -> 3
 theta:  0   mom: 12   Ent:18276
=>  1 iters (-336332.84) -> 3
 theta:  0   mom: 13   Ent:11298
=>  1 iters (-192631.77) -> 3
 theta:  0   mom: 14   Ent:11070
=>  1 iters (-184444.17) -> 3
 theta:  1   mom:  0   Ent:90579
=>  1 iters (-1990951.87) -> 3
 theta:  1   mom:  1   Ent:92331
=>  1 iters (-2151508.62) -> 3
 theta:  1   mom:  2   Ent:110816
=>  1 iters (-2659964.80) -> 3
 theta:  1   mom:  3   Ent:56515
=== Sucessful r9essai
=>  1 iters (-1283990.41) -> 3
 theta:  1   mom:  4   Ent:24444
=>  1 iters (-514070.60) -> 3
 theta:  1   mom:  5   Ent:40965
=== Sucessful r9essai
=>  1 iters (-900420.96) -> 3
 theta:  1   mom:  6   Ent:32685
=>  2 iters (-700094.40) -> 3
 theta:  1   mom:  7   Ent:25939
=>  1 iters (-537348.59) -> 3
 theta:  1   mom:  8   Ent:29468
=>  1 iters (-604705.31) -> 3
 theta:  1   mom:  9   Ent:21865
=>  1 iters (-425975.16) -> 3
 theta:  1   mom: 10   Ent:11528
=>  1 iters (-208489.58) -> 3
 theta:  1   mom: 11   Ent:13735
=>  1 iters (-250305.90) -> 3
 theta:  1   mom: 12   Ent:15474
=== Sucessful r9essai
=>  2 iters (-279914.67) -> 3
 theta:  1   mom: 13   Ent:9250
=>  1 iters (-154371.01) -> 3
 theta:  1   mom: 14   Ent:8695
=== Sucessful r9essai
=>  1 iters (-141390.55) -> 3
 theta:  2   mom:  0   Ent:170444
=>  1 iters (-3940719.53) -> 3
 theta:  2   mom:  1   Ent:165169
=>  1 iters (-4033198.93) -> 3
 theta:  2   mom:  2   Ent:181856
=>  1 iters (-4545040.76) -> 3
 theta:  2   mom:  3   Ent:84049
=>  2 iters (-1974830.41) -> 3
 theta:  2   mom:  4   Ent:34202
=>  1 iters (-741428.11) -> 3
 theta:  2   mom:  5   Ent:54624
=>  1 iters (-1229533.90) -> 3
 theta:  2   mom:  6   Ent:41252
=>  1 iters (-900486.02) -> 3
 theta:  2   mom:  7   Ent:31270
=>  1 iters (-657055.96) -> 3
 theta:  2   mom:  8   Ent:33992
=>  1 iters (-703866.57) -> 3
 theta:  2   mom:  9   Ent:24301
=>  1 iters (-475692.99) -> 3
 theta:  2   mom: 10   Ent:12443
=>  1 iters (-225758.49) -> 3
 theta:  2   mom: 11   Ent:14637
=>  1 iters (-267720.39) -> 3
 theta:  2   mom: 12   Ent:16217
=>  1 iters (-294232.05) -> 3
 theta:  2   mom: 13   Ent:9498
=>  1 iters (-158805.41) -> 3
 theta:  2   mom: 14   Ent:8825
=== Sucessful r9essai
=>  1 iters (-143527.73) -> 3
 theta:  3   mom:  0   Ent:25595
=>  1 iters (-525201.50) -> 3
 theta:  3   mom:  1   Ent:3954
=>  1 iters (-68659.79) -> 3
 theta:  3   mom:  2   Ent:1008
=>  1 iters (-14547.07) -> 3
 theta:  3   mom:  3   Ent:131
=>  2 iters (-1344.78) -> 3
 theta:  3   mom:  4   Ent:23
 theta:  3   mom:  5   Ent:23
 theta:  3   mom:  6   Ent:10

Fits of PHI sample for K- efficiency:
 theta:  0   mom:  2   Ent:561373
=== Sucessful r9essai
=> 83 iters (-399795.13) -> 3
 theta:  1   mom:  8   Ent:61427
=== Sucessful r9essai
=== Sucessful r9essai
=== Sucessful r9essai
=== Sucessful r9essai
=> 82 iters (-3935639.60) -> 3
 theta:  0   mom:  3   Ent:213918
=== Sucessful r9essai
=>  8 iters (-1518420.93) -> 3
 theta:  0   mom:  4   Ent:81523
=== Sucessful r9essai
=>  2 iters (-258691.76) -> 3
 theta:  1   mom: 10   Ent:18246
=== Sucessful r9essai
=== Sucessful r9essai
=>  5 iters (-110005.05) -> 3
 theta:  1   mom: 11   Ent:19581
=== Sucessful r9essai
=== Sucessful r9essai
=== Sucessful r9essai
=>  9 iters (-119129.83) -> 3
 theta:  1   mom: 12   Ent:19244
=> 101 iters (-117509.20) -> 2
 theta:  1   mom: 13   Ent:9430
=>  1 iters (-54778.96) -> 3
 theta:  1   mom: 14   Ent:7056
=>  1 iters (-41042.20) -> 3
 theta:  2   mom:  2   Ent:742473
=== Sucessful r9essai
=>  1 iters (-5421668.79) -> 3
 theta:  2   mom:  3   Ent:263187
> 3
 theta:  0   mom:  6   Ent:93535
=== Sucessful r9essai
=> 12 iters (-1914797.42) -> 3
 theta:  2   mom:  4   Ent:95593
=== Sucessful r9essai
=>  4 iters (-660342.92) -> 3
 theta:  2   mom:  5   Ent:141092
=== Sucessful r9essai
=>  4 iters (-1027637.73) -> 3
 theta:  2   mom:  6   Ent:96758
=== Sucessful r9essai
=== Sucessful r9essai
=> 89 iters (-663325.69) -> 3
 theta:  0   mom:  7   Ent:69480
=== Sucessful r9essai
=>  2 iters (-478104.48) -> 3
 theta:  0   mom:  8   Ent:73079
=== Sucessful r9essai
=>  1 iters (-502415.24) -> 3
 theta:  0   mom:  9   Ent:48147
=== Sucessful r9essai
=>  3 iters (-320733.80) -> 3
 theta:  0   mom: 10   Ent:22858
=== Sucessful r9essai
=>  1 iters (-142220.01) -> 3
 theta:  0   mom: 11   Ent:24428
=== Sucessful r9essai
=== Sucessful r9essai
=== Sucessful r9essai
=== Sucessful r9essai
=> 101 iters (-695729.34) -> 2
 theta:  2   mom:  7   Ent:68658
=== Sucessful r9essai
=== Sucessful r9essai
=== Sucessful r9essai
=> 20 iters (-477184.16) -> 3
 theta:  2   mom:  8   Ent:69396
=== Sucessful r9essai
=>  9 iters (-479500.60) -> 3
 theta:  2   mom:  9   Ent:42572
 mom: 14   Ent:10140
=>  1 iters (-63124.19) -> 3
 theta:  1   mom:  2   Ent:536739
=> 12 iters (-3760677.93) -> 3
 theta:  1   mom:  3   Ent:203832
=== Sucessful r9essai
=>  7 iters (-1439055.31) -> 3
 theta:  1   mom:  4   Ent:76891
=== Sucessful r9essai
=>  3 iters (-516736.27) -> 3
 theta:  1   mom:  5   Ent:118778
=== Sucessful r9essai
=>  3 iters (-278943.18) -> 3
 theta:  2   mom: 10   Ent:19367
=>  4 iters (-116358.72) -> 3
 theta:  2   mom: 11   Ent:20367
=== Sucessful r9essai
=== Sucessful r9essai
=== Sucessful r9essai
=== Sucessful r9essai
=== Sucessful r9essai
=== Sucessful r9essai
=> 38 iters (-122789.87) -> 3
 theta:  2   mom: 12   Ent:19733
=== Sucessful r9essai
=>  1 iters (-120115.44) -> 3
 theta:  2   mom: 13   Ent:9570
=== Sucessful r9essai
=== Sucessful r9essai
=> 87 iters (-842199.29) -> 3
 theta:  1   mom:  6   Ent:86059
=== Sucessful r9essai
=== Sucessful r9essai
=>  3 iters (-602340.68) -> 3
 theta:  1   mom:  7   Ent:63019
=== Sucessful r9essai
=>  1 iters (-426958.18) -> 3
 theta:  1   mom:  8   Ent:65142
=== Sucessful r9essai
=>  1 iters (-439700.32) -> 3
 theta:  1   mom:  9   Ent:42094
-> 3
 theta:  3   mom:  6   Ent:23
 theta:  3   mom:  7   Ent:9
 theta:  3   mom:  8   Ent:6
 theta:  3   mom:  9   Ent:2
 theta:  3   mom: 10   Ent:0
 theta:  3   mom: 11   Ent:0
 theta:  3   mom: 12   Ent:0
 theta:  3   mom: 13   Ent:0
 theta:  3   mom: 14   Ent:0
SysError in <TFile::ReadBuffer>: error reading from file test_iphi_1.root (Stale file handle)
Error in <TKey::ReadFile>: Failed to read data.
SysError in <TFile::ReadBuffer>: error reading from file test_iphi_1.root (Stale file handle)
Error in <TKey::ReadFile>: Failed to read data.
SysError in <TFile::ReadBuffer>: error reading from file test_iphi_1.root (Stale file handle)
Error in <TKey::ReadFile>: Failed to read data.
SysError in <TFile::ReadBuffer>: error reading from file test_iphi_1.root (Stale file handle)
Error in <TKey::ReadFile>: Failed to read data.
SysError in <TFile::ReadBuffer>: error reading from file test_iphi_1.root (Stale file handle)
Error in <TKey::ReadFile>: Failed to read data.
SysError in <TFile::ReadBuffer>: error reading from file test_iphi_1.root (Stale file handle)
Error in <TKey::ReadFile>: Failed to read data.
SysError in <TFile::ReadBuffer>: error reading from file test_iphi_1.root (Stale file handle)
Error in <TKey::ReadFile>: Failed to read data.
SysError in <TFile::ReadBuffer>: error reading from file test_iphi_1.root (Stale file handle)
Error in <TKey::ReadFile>: Failed to read data.
SysError in <TFile::ReadBuffer>: error reading from file test_iphi_1.root (Stale file handle)
Error in <TKey::ReadFile>: Failed to read data.
SysError in <TFile::ReadBuffer>: error reading from file test_iphi_1.root (Stale file handle)
Error in <TKey::ReadFile>: Failed to read data.
SysError in <TFile::ReadBuffer>: error reading from file test_iphi_1.root (Stale file handle)
Error in <TKey::ReadFile>: Failed to read data.
SysError in <TFile::ReadBuffer>: error reading from file test_iphi_1.root (Stale file handle)
Error in <TKey::ReadFile>: Failed to read data.
SysError in <TFile::ReadBuffer>: error reading from file test_iphi_1.root (Stale file handle)
Error in <TKey::ReadFile>: Failed to read data.
SysError in <TFile::ReadBuffer>: error reading from file test_iphi_1.root (Stale file handle)
Error in <TKey::ReadFile>: Failed to read data.
SysError in <TFile::ReadBuffer>: error reading from file test_iphi_1.root (Stale file handle)
Error in <TKey::ReadFile>: Failed to read data.
SysError in <TFile::ReadBuffer>: error reading from file test_iphi_1.root (Stale file handle)
Error in <TKey::ReadFile>: Failed to read data.
SysError in <TFile::ReadBuffer>: error reading from file test_iphi_1.root (Stale file handle)
Error in <TKey::ReadFile>: Failed to read data.
SysError in <TFile::ReadBuffer>: error reading from file test_iphi_1.root (Stale file handle)
Error in <TKey::ReadFile>: Failed to read data.
SysError in <TFile::ReadBuffer>: error reading from file test_iphi_1.root (Stale file handle)
Error in <TKey::ReadFile>: Failed to read data.
SysError in <TFile::ReadBuffer>: error reading from file test_iphi_1.root (Stale file handle)
Error in <TKey::ReadFile>: Failed to read data.
SysError in <TFile::ReadBuffer>: error reading from file test_iphi_1.root (Stale file handle)
Error in <TKey::ReadFile>: Failed to read data.
SysError in <TFile::ReadBuffer>: error reading from file test_iphi_1.root (Stale file handle)
Error in <TKey::ReadFile>: Failed to read data.
SysError in <TFile::ReadBuffer>: error reading from file test_iphi_1.root (Stale file handle)
Error in <TKey::ReadFile>: Failed to read data.
SysError in <TFile::ReadBuffer>: error reading from file test_iphi_1.root (Stale file handle)
Error in <TKey::ReadFile>: Failed to read data.
SysError in <TFile::ReadBuffer>: error reading from file test_iphi_1.root (Stale file handle)
Error in <TKey::ReadFile>: Failed to read data.
SysError in <TFile::ReadBuffer>: error reading from file test_iphi_1.root (Stale file handle)
Error in <TKey::ReadFile>: Failed to read data.
SysError in <TFile::ReadBuffer>: error reading from file test_iphi_1.root (Stale file handle)
Error in <TKey::ReadFile>: Failed to read data.
SysError in <TFile::ReadBuffer>: error reading from file test_iphi_1.root (Stale file handle)
Error in <TKey::ReadFile>: Failed to read data.
SysError in <TFile::ReadBuffer>: error reading from file test_iphi_1.root (Stale file handle)
Error in <TKey::ReadFile>: Failed to read data.
SysError in <TFile::ReadBuffer>: error reading from file test_iphi_1.root (Stale file handle)
Error in <TKey::ReadFile>: Failed to read data.

Fits of LAMBDA sample for pbar efficiency:
 theta:  0   mom:  0   Ent:0
 theta:  0   mom:  1   Ent:238
=>  2 iters (0.00) -> 1
 theta:  0   mom:  2   Ent:4867
=>  1 iters (-20678.33) -> 3
 theta:  0   mom:  3   Ent:7851
=>  1 iters (-87200.48) -> 3
 theta:  0   mom:  4   Ent:5161
=== Sucessful r9essai
=>  2 iters (-56310.60) -> 3
 theta:  0   mom:  5   Ent:11383
=>  1 iters (-134250.09) -> 3
 theta:  0   mom:  6   Ent:12282
=>  2 iters (-142439.00) -> 2
 theta:  0   mom:  7   Ent:11643
=== Sucessful r9essai
=>  2 iters (-130248.65) -> 2
 theta:  0   mom:  8   Ent:15755
=>  1 iters (-172949.82) -> 3
 theta:  0   mom:  9   Ent:13684
=>  2 iters (-145470.02) -> 2
 theta:  0   mom: 10   Ent:7836
=>  1 iters (-76186.13) -> 3
 theta:  0   mom: 11   Ent:10003
=== Sucessful r9essai
=>  2 iters (-99879.78) -> 2
 theta:  0   mom: 12   Ent:12540
=>  2 iters (-124991.57) -> 3
 theta:  0   mom: 13   Ent:9106
=>  1 iters (-86516.04) -> 3
 theta:  0   mom: 14   Ent:10022
=== Sucessful r9essai
=>  1 iters (-93206.71) -> 3
 theta:  1   mom:  0   Ent:0
 theta:  1   mom:  1   Ent:230
=>  2 iters (0.00) -> 1
 theta:  1   mom:  2   Ent:4653
=>  1 iters (-19574.76) -> 3
 theta:  1   mom:  3   Ent:7505
=>  1 iters (-83080.04) -> 3
 theta:  1   mom:  4   Ent:4894
=>  2 iters (-53346.54) -> 3
 theta:  1   mom:  5   Ent:10691
=== Sucessful r9essai
=>  2 iters (-125335.86) -> 3
 theta:  1   mom:  6   Ent:11376
=>  2 iters (-131395.62) -> 2
 theta:  1   mom:  7   Ent:10702
=== Sucessful r9essai
=>  2 iters (-119326.27) -> 2
 theta:  1   mom:  8   Ent:14219
=>  1 iters (-155303.97) -> 3
 theta:  1   mom:  9   Ent:12194
=>  2 iters (-128270.86) -> 2
 theta:  1   mom: 10   Ent:6842
=== Sucessful r9essai
=>  2 iters (-66023.20) -> 2
 theta:  1   mom: 11   Ent:8579
=>  2 iters (-83540.39) -> 3
 theta:  1   mom: 12   Ent:10467
=>  2 iters (-102890.71) -> 3
 theta:  1   mom: 13   Ent:7307
=== Sucessful r9essai
=>  2 iters (-68896.04) -> 2
 theta:  1   mom: 14   Ent:7458
=== Sucessful r9essai
=>  1 iters (-68313.80) -> 3
 theta:  2   mom:  0   Ent:0
 theta:  2   mom:  1   Ent:395
=>  2 iters (0.00) -> 1
 theta:  2   mom:  2   Ent:7452
=>  1 iters (-32441.46) -> 3
 theta:  2   mom:  3   Ent:11226
=>  1 iters (-130260.55) -> 3
 theta:  2   mom:  4   Ent:7003
=>  2 iters (-81193.40) -> 2
 theta:  2   mom:  5   Ent:14631
=>  1 iters (-181458.21) -> 3
 theta:  2   mom:  6   Ent:14788
=== Sucessful r9essai
=>  1 iters (-178085.56) -> 3
 theta:  2   mom:  7   Ent:13202
=== Sucessful r9essai
=>  1 iters (-152512.15) -> 3
 theta:  2   mom:  8   Ent:16773
=>  2 iters (-188385.54) -> 3
 theta:  2   mom:  9   Ent:13701
=>  2 iters (-146401.08) -> 3
 theta:  2   mom: 10   Ent:7469
=>  1 iters (-72645.55) -> 3
 theta:  2   mom: 11   Ent:9221
=>  1 iters (-90378.62) -> 3
 theta:  2   mom: 12   Ent:10949
=== Sucessful r9essai
=>  2 iters (-108536.01) -> 3
 theta:  2   mom: 13   Ent:7526
=>  1 iters (-71226.73) -> 3
 theta:  2   mom: 14   Ent:7592
=>  2 iters (-69692.07) -> 2
 theta:  3   mom:  0   Ent:0
 theta:  3   mom:  1   Ent:1
 theta:  3   mom:  2   Ent:44
Eff+/-dEff = 1.00+/-4.98 >> 0.03
Eff+/-dEff = 1.00+/-4.99 >> 0.02
=>  2 iters (-62.32) -> 3
 theta:  3   mom:  3   Ent:20
 theta:  3   mom:  4   Ent:8
 theta:  3   mom:  5   Ent:8
 theta:  3   mom:  6   Ent:2

Fits of LAMBDA sample for p efficiency:
 theta:  0   mom:  0   Ent:0
 theta:  0   mom:  1   Ent:236
=>  2 iters (0.00) -> 1
 theta:  0   mom:  2   Ent:5426
=>  1 iters (-27522.83) -> 3
 theta:  0   mom:  3   Ent:9786
=>  1 iters (-120719.71) -> 3
 theta:  0   mom:  4   Ent:6204
=== Sucessful r9essai
=>  1 iters (-76871.71) -> 3
 theta:  0   mom:  5   Ent:14296
=>  2 iters (-194202.20) -> 2
 theta:  0   mom:  6   Ent:14815
=== Sucessful r9essai
=>  2 iters (-193499.35) -> 3
 theta:  0   mom:  7   Ent:14131
=>  1 iters (-179510.43) -> 3
 theta:  0   mom:  8   Ent:18721
=== Sucessful r9essai
=== Sucessful r9essai
=>  2 iters (-231456.26) -> 2
 theta:  0   mom:  9   Ent:16082
=== Sucessful r9essai
=>  2 iters (-189066.33) -> 3
 theta:  0   mom: 10   Ent:9200
=>  1 iters (-101140.43) -> 3
 theta:  0   mom: 11   Ent:11881
=>  2 iters (-132120.36) -> 3
 theta:  0   mom: 12   Ent:15190
=>  2 iters (-172167.92) -> 3
 theta:  0   mom: 13   Ent:10332
=>  2 iters (-110291.02) -> 2
 theta:  0   mom: 14   Ent:11406
=== Sucessful r9essai
=>  1 iters (-115245.59) -> 3
 theta:  1   mom:  0   Ent:0
 theta:  1   mom:  1   Ent:223
=>  2 iters (0.00) -> 1
 theta:  1   mom:  2   Ent:5197
=>  1 iters (-26247.56) -> 3
 theta:  1   mom:  3   Ent:9369
=>  1 iters (-115203.73) -> 3
 theta:  1   mom:  4   Ent:5862
=== Sucessful r9essai
=>  1 iters (-72001.22) -> 3
 theta:  1   mom:  5   Ent:13447
=== Sucessful r9essai
=>  2 iters (-181763.95) -> 3
 theta:  1   mom:  6   Ent:13753
=>  1 iters (-178843.10) -> 3
 theta:  1   mom:  7   Ent:13015
=>  2 iters (-165333.64) -> 3
 theta:  1   mom:  8   Ent:16972
=>  2 iters (-207763.84) -> 2
 theta:  1   mom:  9   Ent:14325
=>  1 iters (-166561.89) -> 3
 theta:  1   mom: 10   Ent:8080
=>  2 iters (-87322.04) -> 2
 theta:  1   mom: 11   Ent:10298
=>  2 iters (-113337.68) -> 3
 theta:  1   mom: 12   Ent:12825
=== Sucessful r9essai
=>  2 iters (-143306.17) -> 3
 theta:  1   mom: 13   Ent:8519
=>  2 iters (-90301.27) -> 3
 theta:  1   mom: 14   Ent:8915
=>  1 iters (-88039.11) -> 3
 theta:  2   mom:  0   Ent:0
 theta:  2   mom:  1   Ent:383
=>  2 iters (0.00) -> 1
 theta:  2   mom:  2   Ent:8449
=>  1 iters (-44345.14) -> 3
 theta:  2   mom:  3   Ent:14159
=>  1 iters (-183715.90) -> 3
 theta:  2   mom:  4   Ent:8496
=>  2 iters (-111273.65) -> 3
 theta:  2   mom:  5   Ent:18696
=== Sucessful r9essai
=>  1 iters (-266546.02) -> 3
 theta:  2   mom:  6   Ent:18219
=== Sucessful r9essai
=>  1 iters (-248604.92) -> 3
 theta:  2   mom:  7   Ent:16491
=>  2 iters (-217486.54) -> 3
 theta:  2   mom:  8   Ent:20332
=== Sucessful r9essai
=>  1 iters (-255588.42) -> 3
 theta:  2   mom:  9   Ent:16437
=>  2 iters (-195094.71) -> 2
 theta:  2   mom: 10   Ent:8997
=>  2 iters (-98724.91) -> 3
 theta:  2   mom: 11   Ent:11153
=>  2 iters (-124683.75) -> 3
 theta:  2   mom: 12   Ent:13523
=== Sucessful r9essai
=>  1 iters (-152707.61) -> 3
 theta:  2   mom: 13   Ent:8829
=>  2 iters (-94046.68) -> 2
 theta:  2   mom: 14   Ent:9094
=>  1 iters (-90134.59) -> 3
 theta:  3   mom:  0   Ent:0
 theta:  3   mom:  1   Ent:9
 theta:  3   mom:  2   Ent:59
 FUNCTION MUST BE MINIMIZED BEFORE CALLING IMProve   
=>  1 iters (-122.52) -> 3
 theta:  3   mom:  3   Ent:32
Eff+/-dEff = 0.98+/-1.74 >> 0.05
Eff+/-dEff = 1.00+/-1.49 >> 0.01
=>  2 iters (-185.31) -> 3
 theta:  3   mom:  4   Ent:29
=== Sucessful r9essai
=>  2 iters (-193.97) -> 3
 theta:  3   mom:  5   Ent:17
 theta:  3   mom:  6   Ent:7
=== Sucessful r9essai
=== Sucessful r9essai
=== Sucessful r9essai
=> 71 iters (-2193024.09) -> 3
 theta:  2   mom:  4   Ent:108457
=== Sucessful r9essai
=>  7 iters (-737384.73) -> 3
 theta:  2   mom:  5   Ent:159075
 Empty
0 1 0 0.916296 0.963785 0.970734 0.975813 0.977044 0.978316 0.980745 0.983207 0.985755 0.986629 0.987561 0.987143 0.97238 0.95688 0.913828 
0 2 0 0 0 9.61507e-06 0.000511179 0.00137885 0.00161282 0.00178528 0.00163952 0.00100032 0.00193184 0.00283316 0.00302457 0.00642871 0.00847603 0.0134655 
0 3 0 0.0837037 0.0362153 0.0292567 0.0235837 0.0212768 0.01978 0.0172578 0.0147382 0.0124981 0.00798548 0.00449026 0.00323281 0.00645889 0.00364473 0.00401327 
0 4 0 0 0 0 9.19802e-05 0.000300482 0.000290857 0.00021163 0.000414992 0.000746164 0.00345414 0.00511605 0.00659924 0.0147324 0.0309992 0.0686934 
0 1 1 0.932708 0.967105 0.971347 0.975737 0.978295 0.978678 0.980606 0.983831 0.98623 0.986583 0.988052 0.987883 0.974832 0.956562 0.924938 
0 2 1 0 0 9.96336e-06 0.000524685 0.00146474 0.00165338 0.00188342 0.00169754 0.00124693 0.00182526 0.00271006 0.00265657 0.00610323 0.00960862 0.0116277 
0 3 1 0.0672921 0.0328947 0.0286432 0.0236417 0.0199681 0.0193583 0.0173303 0.0140631 0.0117207 0.00834118 0.00432245 0.00309114 0.00626347 0.00435248 0.00260271 
0 4 1 0 0 0 9.64578e-05 0.000272608 0.000310112 0.000180199 0.000408374 0.000802595 0.0032502 0.00491562 0.0063689 0.0128009 0.0294773 0.0608319 
0 1 2 0.937669 0.967411 0.971014 0.974951 0.976934 0.977729 0.979227 0.982772 0.985382 0.985764 0.988068 0.98797 0.974788 0.956973 0.92598 
0 2 2 0 0 1.21469e-05 0.000617164 0.00171259 0.00199547 0.00192535 0.00177458 0.00130338 0.00183971 0.00231174 0.00230017 0.00611791 0.00970608 0.0112954 
0 3 2 0.0623307 0.032589 0.0289743 0.0242968 0.0210274 0.019895 0.018656 0.0150116 0.0124815 0.00919757 0.00460474 0.00297227 0.00637571 0.00443547 0.00260307 
0 4 2 0 0 0 0.000134906 0.000326192 0.000380638 0.000191283 0.000442063 0.000832703 0.00319863 0.0050151 0.00675787 0.0127188 0.0288859 0.0601219 
0 1 3 0.864192 0.882906 0.853425 0.931139 
0 2 3 0 0 0 0 
0 3 3 0.135808 0.117094 0.146575 0.0688612 
0 4 3 0 0 0 0 
1 1 0 0.912827 0.961034 0.970788 0.976523 0.977257 0.977438 0.981571 0.981656 0.983658 0.985896 0.990125 0.982435 0.969831 0.958262 0.911492 
1 2 0 0 0 2.4371e-13 0.000437157 0.00062906 0.00181406 0.00196976 0.0021155 0.00165529 0.00257413 0.00104851 0.00348513 0.00705042 0.00913665 0.01165 
1 3 0 0.0871728 0.0389663 0.0292117 0.0229447 0.0221137 0.0203734 0.0159179 0.0157162 0.0140376 0.00777147 0.00289883 0.00664192 0.00818596 0.00474764 0.0051827 
1 4 0 0 0 0 9.53383e-05 1.2444e-09 0.000374464 0.000541284 0.000512399 0.000649114 0.00375822 0.00592765 0.00743807 0.0149323 0.0278541 0.0716751 
1 1 1 0.928904 0.96457 0.971415 0.977029 0.977054 0.977897 0.981856 0.982015 0.984515 0.987543 0.989893 0.982469 0.972372 0.959931 0.921143 
1 2 1 0 0 0 0.000440409 0.000690787 0.00185694 0.00204594 0.0021514 0.00142383 0.00221069 0.00119238 0.00373091 0.00621603 0.00864977 0.0113788 
1 3 1 0.0710963 0.03543 0.0285846 0.0224383 0.0222554 0.019874 0.0155102 0.0152734 0.0134245 0.00693923 0.00282224 0.00731168 0.0085774 0.00400661 0.00409855 
1 4 1 0 0 0 9.27235e-05 1.56552e-11 0.00037243 0.000587721 0.000559697 0.000636904 0.00330756 0.00609202 0.00648821 0.0128342 0.0274131 0.0633795 
1 1 2 0.934907 0.965209 0.971113 0.97672 0.975771 0.976934 0.980904 0.980123 0.983664 0.986954 0.98896 0.981787 0.972911 0.960089 0.921805 
1 2 2 0 0 0 0.000398442 0.000926714 0.00222454 0.00238128 0.00235987 0.00153027 0.0024286 0.00128445 0.00407896 0.0055317 0.00865945 0.0115113 
1 3 2 0.0650928 0.0347907 0.0288871 0.0227693 0.0233023 0.0204617 0.016065 0.0168664 0.0140188 0.00712765 0.00347961 0.00755313 0.00885784 0.00379772 0.00362046 
1 4 2 0 0 0 0.000112613 1.37424e-10 0.000379262 0.00064955 0.000650378 0.000787285 0.00348942 0.00627558 0.00658065 0.0126992 0.0274541 0.0630629 
1 1 3 0.861918 0.878179 0.86067 0.766589 
1 2 3 0 0 6.99158e-13 0.00770145 
1 3 3 0.138082 0.121821 0.13933 0.22571 
1 4 3 0 0 0 0 
2 1 0 0.112774 0.0660534 0.0224851 0.0250906 0.0232308 0.00926267 0.0139884 0.029545 0.0241795 0.0195544 0.0589495 0.115228 0.241745 
2 2 0 0.00521119 0.612721 0.893306 0.924619 0.942358 0.973518 0.962507 0.949689 0.949853 0.933496 0.860457 0.717292 0.427542 
2 3 0 0.882015 0.31889 0.0820384 0.0470289 0.0314196 0.0164519 0.0177831 0.00986171 0.0130414 0.00834628 0.00979912 0.00511145 0.00833074 
2 4 0 8.15887e-14 0.00233565 0.00217044 0.00326142 0.00299152 0.000767213 0.00572157 0.0109047 0.0129265 0.0386033 0.0707943 0.162369 0.322382 
2 1 1 0.103777 0.0548119 0.0237242 0.0153287 0.01604 0.0100389 0.0199455 0.0103074 0.0279504 0.012745 0.0211634 0.0604883 0.155878 
2 2 1 0.00562907 0.628304 0.898132 0.941834 0.955378 0.977588 0.960326 0.973691 0.951055 0.953183 0.918236 0.798689 0.526656 
2 3 1 0.890594 0.314993 0.0767963 0.0397736 0.0268069 0.0116843 0.0156371 0.00941859 0.0126381 0.0109426 0.00932603 0.00713521 0.0103533 
2 4 1 1.16581e-08 0.00189116 0.00134745 0.0030639 0.00177545 0.000689048 0.00409166 0.00658271 0.00835666 0.0231299 0.0512741 0.133687 0.307113 
2 1 2 0.0934922 0.0435892 0.0242279 0.00210421 0.00883279 0.0145293 0.0122591 0.00398921 0.0251673 0.0136932 0.0211424 0.0617689 0.154647 
2 2 2 0.00591394 0.656218 0.908954 0.959246 0.962612 0.969807 0.965635 0.980353 0.954662 0.952246 0.918267 0.795814 0.527245 
2 3 2 0.900594 0.298237 0.0655119 0.0360181 0.0270133 0.0150164 0.0188897 0.00932146 0.0126077 0.0114897 0.00929148 0.00803852 0.010348 
2 4 2 8.96358e-14 0.00195587 0.00130659 0.00263187 0.0015423 0.000647396 0.0032164 0.00633624 0.00756257 0.022571 0.0512989 0.134379 0.30776 
2 1 3 0.170865 0.103183 1.62754e-06 0.158649 2.49159e-07 
2 2 3 0.00559052 0.434483 1.13214e-06 0.501422 0.291391 
2 3 3 0.823544 0.462335 0.999997 0.339929 0.708608 
2 4 3 0 0 0 0 0 
3 1 0 0.112306 0.0851863 0.0638288 0.0196962 0.0506097 0.0172683 0.0235859 0.0272669 0.0344115 0.0528059 0.0750181 0.121499 0.257218 
3 2 0 0.00655755 0.589914 0.850484 0.93223 0.910092 0.945376 0.95275 0.940729 0.93198 0.898833 0.842447 0.707849 0.428566 
3 3 0 0.881136 0.322943 0.0819701 0.0453843 0.0358619 0.0358396 0.020317 0.0215423 0.0117055 0.0152598 0.011814 0.00563828 0.0102292 
3 4 0 0 0.00195639 0.00371689 0.00268956 0.00343678 0.00151605 0.00334702 0.0104623 0.0219033 0.0331009 0.0707211 0.165014 0.303988 
3 1 1 0.106211 0.0738637 0.058444 0.0141947 0.0397614 0.0138688 0.0165243 0.00737599 0.0252763 0.0361525 0.0508303 0.0693682 0.141306 
3 2 1 0.00666783 0.610217 0.860142 0.941696 0.926239 0.957964 0.962275 0.958691 0.947776 0.925126 0.88216 0.788195 0.543852 
3 3 1 0.887121 0.313818 0.078243 0.0413586 0.0310067 0.0267723 0.0179911 0.0257539 0.0134767 0.0157823 0.0115103 0.00759392 0.0121056 
3 4 1 0 0.00210096 0.00317076 0.00275115 0.00299331 0.00139535 0.00321006 0.00817914 0.0134707 0.0229389 0.0554993 0.134843 0.302736 
3 1 2 0.0926161 0.0588726 0.0483243 0.0128824 0.0319655 0.0129588 0.0116689 8.62228e-07 0.0247269 0.0373179 0.0499472 0.0678328 0.141446 
3 2 2 0.00700604 0.645374 0.876213 0.94699 0.936654 0.954944 0.966093 0.969863 0.949206 0.925151 0.881726 0.789649 0.545092 
3 3 2 0.900378 0.293637 0.0725081 0.0378787 0.0287696 0.0307238 0.0193281 0.0227752 0.0134972 0.0140127 0.0110885 0.00894696 0.0120547 
3 4 2 0 0.00211659 0.00295426 0.00224892 0.00261084 0.00137331 0.00291006 0.00736071 0.01257 0.0235181 0.0572387 0.133571 0.301408 
3 1 3 0.0244071 5.28936e-10 0.263826 0.245336 
3 2 3 0.00804359 0.422821 0.369365 0.559027 
3 3 3 0.967549 0.577179 0.366809 0.195637 
3 4 3 0 0 0 0 
4 1 0 0 0.501129 0.177142 0.151418 0.160795 0.154657 0.17308 0.112422 0.0618017 0.0369504 0.0267274 0.0244128 0.0234461 0.0315397 
4 2 0 0 0.000966971 0.0227832 0.0293943 0.037626 0.0563254 0.0602064 0.03592 0.0272852 0.00523448 0.0107901 0.011635 0.02099 0.0283258 
4 3 0 0 0.497904 0.800075 0.814881 0.798435 0.783523 0.756492 0.845127 0.900387 0.941189 0.949668 0.950974 0.929172 0.918 
4 4 0 0 0 0 0.00430696 0.00314485 0.00549467 0.0102215 0.006531 0.0105261 0.0166261 0.0128141 0.0129783 0.0263915 0.0221349 
4 1 1 0 0.495176 0.173688 0.146437 0.153 0.140872 0.166487 0.100249 0.0484491 0.0315521 0.0356832 0.0254543 0.0184556 0.0323722 
4 2 1 0 0.00102123 0.0235356 0.0292414 0.0373336 0.0576553 0.0600367 0.0357554 0.0276064 0.00219781 0.00952336 0.0141392 0.0192549 0.0227739 
4 3 1 0 0.503802 0.802776 0.819805 0.806322 0.795831 0.763518 0.857359 0.913059 0.949695 0.944101 0.947134 0.937965 0.926197 
4 4 1 0 0 0 0.00451579 0.0033448 0.00564162 0.00995764 0.00663637 0.0108852 0.016555 0.0106929 0.0132724 0.0243243 0.0186566 
4 1 2 0 0.495783 0.160567 0.136218 0.13895 0.127915 0.148956 0.0873239 0.0498295 0.029057 0.0356496 0.030583 0.0221711 0.032808 
4 2 2 0 0.00127677 0.0267534 0.0300443 0.0409076 0.0583417 0.0635676 0.0348277 0.0265425 0.00317611 0.00949631 0.0164019 0.020035 0.0239102 
4 3 2 0 0.50294 0.81268 0.830378 0.816677 0.808864 0.777235 0.872091 0.913742 0.951646 0.943642 0.9403 0.934101 0.925502 
4 4 2 0 0 0 0.00335965 0.00346559 0.00487941 0.0102414 0.00575733 0.00988614 0.016121 0.0112119 0.012715 0.0236934 0.0177802 
4 1 3 0.00306256 
4 2 3 0 
4 3 3 0.996937 
4 4 3 0 
5 1 0 0 0.127419 0.158028 0.113725 0.141299 0.148608 0.138521 0.107975 0.0593926 0.0394824 0.0341893 0.0401888 0.0136534 0.016288 
5 2 0 0 3.93353e-10 0.0181881 0.0387191 0.0286927 0.0448493 0.0531664 0.0379917 0.0145987 0.0066892 0.00421774 0.00803453 0.0217609 0.0170559 
5 3 0 0 0.872581 0.823009 0.846405 0.826788 0.803037 0.801261 0.846285 0.910649 0.939828 0.9478 0.938746 0.947583 0.93877 
5 4 0 0 0 0.000775006 0.0011508 0.00321992 0.00350542 0.00705216 0.00774915 0.0153595 0.0140001 0.013793 0.0130302 0.0170032 0.0278856 
5 1 1 0 0.117048 0.151465 0.106367 0.135276 0.141065 0.134821 0.0938607 0.0559533 0.0262789 0.030195 0.0372788 0.0221524 0.0171542 
5 2 1 0 3.33369e-09 0.0188724 0.0389976 0.0293881 0.0460891 0.054875 0.0385788 0.0145567 0.00723841 0.00158555 0.00712054 0.0233942 0.013701 
5 3 1 0 0.882952 0.828858 0.853821 0.832253 0.809254 0.802944 0.861108 0.913837 0.954942 0.954741 0.941851 0.938311 0.948747 
5 4 1 0 0 0.000805075 0.000813511 0.00308276 0.00359183 0.00735994 0.00645225 0.0156528 0.011541 0.0134783 0.0137492 0.0161427 0.0203976 
5 1 2 0 0.112649 0.141491 0.0967519 0.123725 0.127668 0.122694 0.0863177 0.0495605 0.0247142 0.0284509 0.0363333 0.0240091 0.0130523 
5 2 2 0 2.94978e-10 0.0211079 0.0448493 0.0302763 0.0477427 0.0535296 0.0380759 0.0144491 0.00745222 0.00134376 0.00604715 0.0238234 0.0139353 
5 3 2 0 0.887351 0.836529 0.857315 0.842693 0.821881 0.81787 0.869629 0.920186 0.956903 0.957072 0.943512 0.936381 0.952563 
5 4 2 0 0 0.000871593 0.00108347 0.00330559 0.00270842 0.00590638 0.0059779 0.0158046 0.0109303 0.013133 0.0141076 0.0157865 0.0204494 
5 1 3 2.07907e-06 0.000971738 0.0968995 
5 2 3 2.67398e-08 1.51134e-06 3.13917e-13 
5 3 3 0.999998 0.999027 0.9031 
5 4 3 0 0 0 
ERROR in TPDF::Open: Cannot open file:table/pim_pi.pdf
ERROR in TPDF::Open: Cannot open file:table/pim_K.pdf
ERROR in TPDF::Open: Cannot open file:table/pim_p.pdf
ERROR in TPDF::Open: Cannot open file:table/pim_u.pdf
ERROR in TPDF::Open: Cannot open file:table/pip_pi.pdf
ERROR in TPDF::Open: Cannot open file:table/pip_K.pdf
ERROR in TPDF::Open: Cannot open file:table/pip_p.pdf
ERROR in TPDF::Open: Cannot open file:table/pip_u.pdf
ERROR in TPDF::Open: Cannot open file:table/Km_pi.pdf
ERROR in TPDF::Open: Cannot open file:table/Km_K.pdf
ERROR in TPDF::Open: Cannot open file:table/Km_p.pdf
ERROR in TPDF::Open: Cannot open file:table/Km_u.pdf
ERROR in TPDF::Open: Cannot open file:table/Kp_pi.pdf
ERROR in TPDF::Open: Cannot open file:table/Kp_K.pdf
ERROR in TPDF::Open: Cannot open file:table/Kp_p.pdf
ERROR in TPDF::Open: Cannot open file:table/Kp_u.pdf
ERROR in TPDF::Open: Cannot open file:table/pm_pi.pdf
ERROR in TPDF::Open: Cannot open file:table/pm_K.pdf
ERROR in TPDF::Open: Cannot open file:table/pm_p.pdf
ERROR in TPDF::Open: Cannot open file:table/pm_u.pdf
ERROR in TPDF::Open: Cannot open file:table/pp_pi.pdf
ERROR in TPDF::Open: Cannot open file:table/pp_K.pdf
ERROR in TPDF::Open: Cannot open file:table/pp_p.pdf
ERROR in TPDF::Open: Cannot open file:table/pp_u.pdf
=== Sucessful r9essai
=> 22 iters (-1135126.57) -> 3
 theta:  2   mom:  6   Ent:107766
=== Sucessful r9essai
=>  6 iters (-758733.63) -> 3
 theta:  2   mom:  7   Ent:74882
=== Sucessful r9essai
=>  4 iters (-509700.90) -> 3
 theta:  2   mom:  8   Ent:73594
=>  1 iters (-497858.27) -> 3
 theta:  2   mom:  9   Ent:45610
=== Sucessful r9essai
=== Sucessful r9essai
=== Sucessful r9essai
=== Sucessful r9essai
=== Sucessful r9essai
=> 34 iters (-295655.76) -> 3
 theta:  2   mom: 10   Ent:20645
=== Sucessful r9essai
=> 37 iters (-123868.91) -> 3
 theta:  2   mom: 11   Ent:21332
=== Sucessful r9essai
=>  4 iters (-126840.49) -> 3
 theta:  2   mom: 12   Ent:20422
=>  1 iters (-121033.02) -> 3
 theta:  2   mom: 13   Ent:10002
=== Sucessful r9essai
=>  1 iters (-55354.53) -> 3
 theta:  2   mom: 14   Ent:7177
=== Sucessful r9essai
=== Sucessful r9essai
=== Sucessful r9essai
=> 52 iters (-40617.47) -> 3
 theta:  3   mom:  2   Ent:9564
=>  2 iters (-36516.00) -> 3
 theta:  3   mom:  3   Ent:723
=> 101 iters (-1877.57) -> 2
 theta:  3   mom:  4   Ent:121
=>  1 iters (-162.91) -> 3
 theta:  3   mom:  5   Ent:86
=>  1 iters (-103.74) -> 3
 theta:  3   mom:  6   Ent:40
=>  2 iters (-61.98) -> 3
 theta:  3   mom:  7   Ent:7
 theta:  3   mom:  8   Ent:7
 theta:  3   mom:  9   Ent:0
 theta:  3   mom: 10   Ent:0
 theta:  3   mom: 11   Ent:0
 theta:  3   mom: 12   Ent:0
 theta:  3   mom: 13   Ent:0
 theta:  3   mom: 14   Ent:0

Fits of PHI sample for K+ efficiency:
 theta:  0   mom:  2   Ent:469061
=== Sucessful r9essai
=> 28 iters (-3324196.73) -> 3
 theta:  0   mom:  3   Ent:184444
=== Sucessful r9essai
=> 15 iters (-1321570.05) -> 3
 theta:  0   mom:  4   Ent:71829
=== Sucessful r9essai
=>  7 iters (-493171.77) -> 3
 theta:  0   mom:  5   Ent:113243
=== Sucessful r9essai
=>  3 iters (-827526.08) -> 3
 theta:  0   mom:  6   Ent:83943
=== Sucessful r9essai
=== Sucessful r9essai
=== Sucessful r9essai
=== Sucessful r9essai
=> 17 iters (-608083.82) -> 3
 theta:  0   mom:  7   Ent:63723
=== Sucessful r9essai
=> 14 iters (-446181.02) -> 3
 theta:  0   mom:  8   Ent:68838
=== Sucessful r9essai
=>  1 iters (-484841.56) -> 3
 theta:  0   mom:  9   Ent:45105
=== Sucessful r9essai
=== Sucessful r9essai
=== Sucessful r9essai
=== Sucessful r9essai
=== Sucessful r9essai
=== Sucessful r9essai
=> 43 iters (-305372.02) -> 3
 theta:  0   mom: 10   Ent:21462
=== Sucessful r9essai
=== Sucessful r9essai
=== Sucessful r9essai
=== Sucessful r9essai
=== Sucessful r9essai
=== Sucessful r9essai
=== Sucessful r9essai
=== Sucessful r9essai
=== Sucessful r9essai
=== Sucessful r9essai
=== Sucessful r9essai
=== Sucessful r9essai
=== Sucessful r9essai
=== Sucessful r9essai
=== Sucessful r9essai
=== Sucessful r9essai
=== Sucessful r9essai
=== Sucessful r9essai
=== Sucessful r9essai
=> 101 iters (-133607.44) -> 2
 theta:  0   mom: 11   Ent:23395
=>  7 iters (-148385.15) -> 3
 theta:  0   mom: 12   Ent:23719
=>  1 iters (-153035.05) -> 3
 theta:  0   mom: 13   Ent:12295
=>  1 iters (-76629.99) -> 3
 theta:  0   mom: 14   Ent:10022
=>  1 iters (-64317.70) -> 3
 theta:  1   mom:  2   Ent:448219
=== Sucessful r9essai
=== Sucessful r9essai
=== Sucessful r9essai
=> 12 iters (-3175444.66) -> 3
 theta:  1   mom:  3   Ent:175569
=== Sucessful r9essai
=== Sucessful r9essai
=== Sucessful r9essai
=> 41 iters (-1253887.80) -> 3
 theta:  1   mom:  4   Ent:67778
=== Sucessful r9essai
=>  2 iters (-462821.85) -> 3
 theta:  1   mom:  5   Ent:105574
=== Sucessful r9essai
=>  4 iters (-764755.05) -> 3
 theta:  1   mom:  6   Ent:77298
=== Sucessful r9essai
=== Sucessful r9essai
=== Sucessful r9essai
=> 101 iters (-553267.99) -> 2
 theta:  1   mom:  7   Ent:57905
=== Sucessful r9essai
=> 83 iters (-399795.13) -> 3
 theta:  1   mom:  8   Ent:61427
=== Sucessful r9essai
=> 101 iters (-424267.49) -> 2
 theta:  1   mom:  9   Ent:39307
=== Sucessful r9essai
=>  2 iters (-258691.76) -> 3
 theta:  1   mom: 10   Ent:18246
=== Sucessful r9essai
=== Sucessful r9essai
=>  5 iters (-110005.05) -> 3
 theta:  1   mom: 11   Ent:19581
=== Sucessful r9essai
=== Sucessful r9essai
=== Sucessful r9essai
=>  9 iters (-119129.83) -> 3
 theta:  1   mom: 12   Ent:19244
=> 101 iters (-117509.20) -> 2
 theta:  1   mom: 13   Ent:9430
=>  1 iters (-54778.96) -> 3
 theta:  1   mom: 14   Ent:7056
=>  1 iters (-41042.20) -> 3
 theta:  2   mom:  2   Ent:742473
=== Sucessful r9essai
=>  1 iters (-5421668.79) -> 3
 theta:  2   mom:  3   Ent:263187
=== Sucessful r9essai
=> 12 iters (-1914797.42) -> 3
 theta:  2   mom:  4   Ent:95593
=== Sucessful r9essai
=>  4 iters (-660342.92) -> 3
 theta:  2   mom:  5   Ent:141092
=== Sucessful r9essai
=>  4 iters (-1027637.73) -> 3
 theta:  2   mom:  6   Ent:96758
=== Sucessful r9essai
=== Sucessful r9essai
=== Sucessful r9essai
=== Sucessful r9essai
=> 101 iters (-695729.34) -> 2
 theta:  2   mom:  7   Ent:68658
=== Sucessful r9essai
=== Sucessful r9essai
=== Sucessful r9essai
=> 20 iters (-477184.16) -> 3
 theta:  2   mom:  8   Ent:69396
=== Sucessful r9essai
=>  9 iters (-479500.60) -> 3
 theta:  2   mom:  9   Ent:42572
=== Sucessful r9essai
=>  3 iters (-278943.18) -> 3
 theta:  2   mom: 10   Ent:19367
=>  4 iters (-116358.72) -> 3
 theta:  2   mom: 11   Ent:20367
