
[1mRooFit v3.60 -- Developed by Wouter Verkerke and David Kirkby[0m 
                Copyright (C) 2000-2013 NIKHEF, University of California & Stanford University
                All rights reserved, please read http://roofit.sourceforge.net/license.txt

analysis: K0L
data_file: /sps/compass/02/yann/2016.fix/P07
data_template: hist
data_firstfile_nb: 270000
data_lastfile_nb: 276318
fit_type: all
merged_h: true
cols_theta_bin: true
hist_file_iphi: ./hist_iphi_0708_10.root
hist_file_ephi: ./hist_ephi_0708_10.root
hist_file_K0: ./hist_K0_0708_10.root
hist_file_Lam: ./hist_Lambda_0708_10.root
out_file: rich_0708_10.root
remove_richpipe: true
thr_diff: 5
LH_pi_K: 1.0
LH_pi_p: 1.0
LH_pi_bg: 2.0
LH_K_pi: 1.06
LH_K_p: 1.06
LH_K_bg: 2.0
LH_bthr_p_pi: 1.
LH_bthr_p_K: 1.
LH_athr_p_pi: 1.
LH_athr_p_K: 1.
LH_athr_p_bg: 1.
LH_bthr_p_pi_bg: 2.3
LH_bthr_p_K_bg: 3.0
LH_bthr_m_pi_bg: 2.2
LH_bthr_m_K_bg: 2.9
max_retry: 100
line_width: 2
sidebins: false
=====================
lh_cut[i][j]:
[0][0] -1.00 [0][1]  1.00 [0][2]  1.00 [0][3] -1.00 [0][4] -1.00 [0][5]  2.00 
[1][0]  1.06 [1][1] -1.00 [1][2]  1.06 [1][3] -1.00 [1][4] -1.00 [1][5]  2.00 
[2][0]  1.00 [2][1]  1.00 [2][2] -1.00 [2][3] -1.00 [2][4] -1.00 [2][5] -1.00 
[3][0]  1.00 [3][1]  1.00 [3][2] -1.00 [3][3] -1.00 [3][4] -1.00 [3][5]  1.00 
[4][0]  2.30 [4][1]  3.00 [4][2]  2.20 [4][3]  2.90 [4][4] -1.00 [4][5] -1.00 

Fits of K0 sample for pi- efficiency:
 theta:  0   mom:  0   Ent:806304
=>  1 iters (-21155462.14) -> 3
 theta:  0   mom:  1   Ent:717253
=>  2 iters (-19583919.93) -> 3
 theta:  0   mom:  2   Ent:815980
=== Sucessful r9essai
=>  2 iters (-22801830.04) -> 3
 theta:  0   mom:  3   Ent:398570
=>  2 iters (-10601607.50) -> 3
 theta:  0   mom:  4   Ent:166899
=>  1 iters (-4146536.41) -> 3
 theta:  0   mom:  5   Ent:277488
=>  2 iters (-7150196.18) -> 3
 theta:  0   mom:  6   Ent:218290
=== Sucessful r9essai
=>  1 iters (-5494992.31) -> 3
 theta:  0   mom:  7   Ent:169772
=>  1 iters (-4143600.40) -> 3
 theta:  0   mom:  8   Ent:191268
=>  1 iters (-4620580.64) -> 3
 theta:  0   mom:  9   Ent:140019
=>  1 iters (-3236019.27) -> 3
 theta:  0   mom: 10   Ent:73296
=>  1 iters (-1584466.14) -> 3
 theta:  0   mom: 11   Ent:87428
=>  1 iters (-1905851.97) -> 3
 theta:  0   mom: 12   Ent:98880
=> 101 iters (-2145867.64) -> 2
 theta:  0   mom: 13   Ent:59446
=>  1 iters (-1202272.33) -> 3
 theta:  0   mom: 14   Ent:56628
=>  2 iters (-1123638.14) -> 3
 theta:  1   mom:  0   Ent:521689
=>  1 iters (-13175457.06) -> 3
 theta:  1   mom:  1   Ent:514181
=>  1 iters (-13700511.43) -> 3
 theta:  1   mom:  2   Ent:584145
=== Sucessful r9essai
=>  1 iters (-15941134.97) -> 3
 theta:  1   mom:  3   Ent:280147
=== Sucessful r9essai
=>  2 iters (-7256802.26) -> 3
 theta:  1   mom:  4   Ent:115754
=>  1 iters (-2791863.81) -> 3
 theta:  1   mom:  5   Ent:190418
=>  2 iters (-4764362.44) -> 3
 theta:  1   mom:  6   Ent:147698
=== Sucessful r9essai
=>  1 iters (-3603034.77) -> 3
 theta:  1   mom:  7   Ent:113534
=>  1 iters (-2680182.35) -> 3
 theta:  1   mom:  8   Ent:126205
=>  1 iters (-2945526.37) -> 3
 theta:  1   mom:  9   Ent:91292
=>  1 iters (-2032874.58) -> 3
 theta:  1   mom: 10   Ent:47275
=>  1 iters (-980908.45) -> 3
 theta:  1   mom: 11   Ent:55975
=>  1 iters (-1171938.61) -> 3
 theta:  1   mom: 12   Ent:62523
=== Sucessful r9essai
=>  1 iters (-1302414.51) -> 3
 theta:  1   mom: 13   Ent:36979
=>  1 iters (-715027.38) -> 3
 theta:  1   mom: 14   Ent:34500
=>  1 iters (-653783.95) -> 3
 theta:  2   mom:  0   Ent:862411
=>  1 iters (-22594323.03) -> 3
 theta:  2   mom:  1   Ent:843999
=>  1 iters (-23304112.54) -> 3
 theta:  2   mom:  2   Ent:946947
=>  2 iters (-26745612.61) -> 3
 theta:  2   mom:  3   Ent:447655
=== Sucessful r9essai
=>  2 iters (-12010363.01) -> 3
 theta:  2   mom:  4   Ent:183243
=>  1 iters (-4585449.77) -> 3
 theta:  2   mom:  5   Ent:299225
=>  2 iters (-7752321.61) -> 3
 theta:  2   mom:  6   Ent:230020
=>  1 iters (-5809874.68) -> 3
 theta:  2   mom:  7   Ent:175520
=>  1 iters (-4290883.31) -> 3
 theta:  2   mom:  8   Ent:193724
=>  1 iters (-4678868.84) -> 3
 theta:  2   mom:  9   Ent:139265
=>  1 iters (-3211297.45) -> 3
 theta:  2   mom: 10   Ent:71824
=>  1 iters (-1546419.18) -> 3
 theta:  2   mom: 11   Ent:84835
=>  1 iters (-1842187.14) -> 3
 theta:  2   mom: 12   Ent:94461
=>  1 iters (-2040644.42) -> 3
 theta:  2   mom: 13   Ent:55703
=>  1 iters (-1119343.04) -> 3
 theta:  2   mom: 14   Ent:51864
=>  1 iters (-1021932.35) -> 3
 theta:  3   mom:  0   Ent:51110
=>  1 iters (-1119041.24) -> 3
 theta:  3   mom:  1   Ent:7939
=>  1 iters (-148901.06) -> 3
 theta:  3   mom:  2   Ent:1955
=>  1 iters (-30801.47) -> 3
 theta:  3   mom:  3   Ent:246
=>  1 iters (-2800.64) -> 3
 theta:  3   mom:  4   Ent:44
=>  1 iters (-328.67) -> 3
 theta:  3   mom:  5   Ent:41
=>  1 iters (-322.45) -> 3
 theta:  3   mom:  6   Ent:24

Fits of K0 sample for pi+ efficiency:
 theta:  0   mom:  0   Ent:806304
=>  1 iters (-21155462.14) -> 3
 theta:  0   mom:  1   Ent:717253
=>  2 iters (-19583919.93) -> 3
 theta:  0   mom:  2   Ent:815980
=== Sucessful r9essai
=>  2 iters (-22801830.04) -> 3
 theta:  0   mom:  3   Ent:398570
=>  2 iters (-10601607.50) -> 3
 theta:  0   mom:  4   Ent:166899
=>  1 iters (-4146536.41) -> 3
 theta:  0   mom:  5   Ent:277488
=>  2 iters (-7150196.18) -> 3
 theta:  0   mom:  6   Ent:218290
=== Sucessful r9essai
=>  1 iters (-5494992.31) -> 3
 theta:  0   mom:  7   Ent:169772
=>  1 iters (-4143600.40) -> 3
 theta:  0   mom:  8   Ent:191268
=>  1 iters (-4620580.64) -> 3
 theta:  0   mom:  9   Ent:140019
=>  1 iters (-3236019.27) -> 3
 theta:  0   mom: 10   Ent:73296
=>  1 iters (-1584466.14) -> 3
 theta:  0   mom: 11   Ent:87428
=>  1 iters (-1905851.97) -> 3
 theta:  0   mom: 12   Ent:98880
=> 101 iters (-2145867.64) -> 2
 theta:  0   mom: 13   Ent:59446
=>  1 iters (-1202272.33) -> 3
 theta:  0   mom: 14   Ent:56628
=>  2 iters (-1123638.14) -> 3
 theta:  1   mom:  0   Ent:521689
=>  1 iters (-13175457.06) -> 3
 theta:  1   mom:  1   Ent:514181
=>  1 iters (-13700511.43) -> 3
 theta:  1   mom:  2   Ent:584145
=== Sucessful r9essai
=>  1 iters (-15941134.97) -> 3
 theta:  1   mom:  3   Ent:280147
=== Sucessful r9essai
=>  2 iters (-7256802.26) -> 3
 theta:  1   mom:  4   Ent:115754
=>  1 iters (-2791863.81) -> 3
 theta:  1   mom:  5   Ent:190418
=>  2 iters (-4764362.44) -> 3
 theta:  1   mom:  6   Ent:147698
=== Sucessful r9essai
=>  1 iters (-3603034.77) -> 3
 theta:  1   mom:  7   Ent:113534
=>  1 iters (-2680182.35) -> 3
 theta:  1   mom:  8   Ent:126205
=>  1 iters (-2945526.37) -> 3
 theta:  1   mom:  9   Ent:91292
=>  1 iters (-2032874.58) -> 3
 theta:  1   mom: 10   Ent:47275
=>  1 iters (-980908.45) -> 3
 theta:  1   mom: 11   Ent:55975
=>  1 iters (-1171938.61) -> 3
 theta:  1   mom: 12   Ent:62523
=== Sucessful r9essai
=>  1 iters (-1302414.51) -> 3
 theta:  1   mom: 13   Ent:36979
=>  1 iters (-715027.38) -> 3
 theta:  1   mom: 14   Ent:34500
=>  1 iters (-653783.95) -> 3
 theta:  2   mom:  0   Ent:862411
=>  1 iters (-22594323.03) -> 3
 theta:  2   mom:  1   Ent:843999
=>  1 iters (-23304112.54) -> 3
 theta:  2   mom:  2   Ent:946947
=>  2 iters (-26745612.61) -> 3
 theta:  2   mom:  3   Ent:447655
=== Sucessful r9essai
=>  2 iters (-12010363.01) -> 3
 theta:  2   mom:  4   Ent:183243
=>  1 iters (-4585449.77) -> 3
 theta:  2   mom:  5   Ent:299225
=>  2 iters (-7752321.61) -> 3
 theta:  2   mom:  6   Ent:230020
=>  1 iters (-5809874.68) -> 3
 theta:  2   mom:  7   Ent:175520
=>  1 iters (-4290883.31) -> 3
 theta:  2   mom:  8   Ent:193724
=>  1 iters (-4678868.84) -> 3
 theta:  2   mom:  9   Ent:139265
=>  1 iters (-3211297.45) -> 3
 theta:  2   mom: 10   Ent:71824
=>  1 iters (-1546419.18) -> 3
 theta:  2   mom: 11   Ent:84835
=>  1 iters (-1842187.14) -> 3
 theta:  2   mom: 12   Ent:94461
=>  1 iters (-2040644.42) -> 3
 theta:  2   mom: 13   Ent:55703
=>  1 iters (-1119343.04) -> 3
 theta:  2   mom: 14   Ent:51864
=>  1 iters (-1021932.35) -> 3
 theta:  3   mom:  0   Ent:51110
=>  1 iters (-1119041.24) -> 3
 theta:  3   mom:  1   Ent:7939
=>  1 iters (-148901.06) -> 3
 theta:  3   mom:  2   Ent:1955
=>  1 iters (-30801.47) -> 3
 theta:  3   mom:  3   Ent:246
=>  1 iters (-2800.64) -> 3
 theta:  3   mom:  4   Ent:44
=>  1 iters (-328.67) -> 3
 theta:  3   mom:  5   Ent:41
=>  1 iters (-322.45) -> 3
 theta:  3   mom:  6   Ent:24

Fits of PHI sample for K- efficiency:
 theta:  0   mom:  2   Ent:2837056
=> 101 iters (-22693153.32) -> 2
 theta:  0   mom:  3   Ent:1042874
=== Sucessful r9essai
=> 57 iters (-8474177.17) -> 3
 theta:  0   mom:  4   Ent:389587
=> 101 iters (-3060916.83) -> 2
 theta:  0   mom:  5   Ent:593178
=== Sucessful r9essai
=> 44 iters (-4880283.84) -> 3
 theta:  0   mom:  6   Ent:422757
=> 101 iters (-3457662.50) -> 2
 theta:  0   mom:  7   Ent:309281
=== Sucessful r9essai
=== Sucessful r9essai
=> 12 iters (-2451340.58) -> 3
 theta:  0   mom:  8   Ent:319024
=> 101 iters (-2523386.67) -> 3
 theta:  0   mom:  9   Ent:203609
=== Sucessful r9essai
=> 10 iters (-1555458.05) -> 3
 theta:  0   mom: 10   Ent:94841
=== Sucessful r9essai
=>  5 iters (-674620.32) -> 3
 theta:  0   mom: 11   Ent:100012
=> 11 iters (-712337.41) -> 3
 theta:  0   mom: 12   Ent:99438
=>  2 iters (-712182.66) -> 3
 theta:  0   mom: 13   Ent:49724
=== Sucessful r9essai
=== Sucessful r9essai
=== Sucessful r9essai
=== Sucessful r9essai
=== Sucessful r9essai
=> 43 iters (-340668.28) -> 3
 theta:  0   mom: 14   Ent:37758
=>  1 iters (-267404.30) -> 3
 theta:  1   mom:  2   Ent:2025535
=== Sucessful r9essai
=> 101 iters (-15809340.56) -> 2
 theta:  1   mom:  3   Ent:733534
=== Sucessful r9essai
=>  5 iters (-5778741.25) -> 3
 theta:  1   mom:  4   Ent:270542
=== Sucessful r9essai
=== Sucessful r9essai
=> 78 iters (-2051244.73) -> 3
 theta:  1   mom:  5   Ent:406574
=> 15 iters (-3226692.23) -> 3
 theta:  1   mom:  6   Ent:285115
=== Sucessful r9essai
=== Sucessful r9essai
=== Sucessful r9essai
=== Sucessful r9essai
=== Sucessful r9essai
=== Sucessful r9essai
=== Sucessful r9essai
=== Sucessful r9essai
=== Sucessful r9essai
=== Sucessful r9essai
=> 101 iters (-2245218.68) -> 2
 theta:  1   mom:  7   Ent:205726
=== Sucessful r9essai
=== Sucessful r9essai
=>  5 iters (-1567216.18) -> 3
 theta:  1   mom:  8   Ent:208966
=== Sucessful r9essai
=> 10 iters (-1585466.10) -> 3
 theta:  1   mom:  9   Ent:131338
=== Sucessful r9essai
=== Sucessful r9essai
=== Sucessful r9essai
=> 67 iters (-958057.31) -> 3
 theta:  1   mom: 10   Ent:60430
=== Sucessful r9essai
=>  2 iters (-408738.42) -> 3
 theta:  1   mom: 11   Ent:63127
=== Sucessful r9essai
=== Sucessful r9essai
=== Sucessful r9essai
=> 26 iters (-425677.67) -> 3
 theta:  1   mom: 12   Ent:61849
=>  1 iters (-418088.34) -> 3
 theta:  1   mom: 13   Ent:30121
=== Sucessful r9essai
=>  7 iters (-192518.82) -> 3
 theta:  1   mom: 14   Ent:22078
=>  1 iters (-144524.01) -> 3
 theta:  2   mom:  2   Ent:3288573
=== Sucessful r9essai
=> 101 iters (-26555078.67) -> 2
 theta:  2   mom:  3   Ent:1173530
=== Sucessful r9essai
=> 37 iters (-9570263.17) -> 3
 theta:  2   mom:  4   Ent:428892
=> 101 iters (-3371777.87) -> 2
 theta:  2   mom:  5   Ent:639273
=== Sucessful r9essai
=> 14 iters (-5249782.57) -> 3
 theta:  2   mom:  6   Ent:443650
=== Sucessful r9essai
=== Sucessful r9essai
=== Sucessful r9essai
=== Sucessful r9essai
=> 31 iters (-3617836.84) -> 3
 theta:  2   mom:  7   Ent:317381
=== Sucessful r9essai
=> 11 iters (-2506343.89) -> 3
 theta:  2   mom:  8   Ent:319866
=== Sucessful r9essai
=> 10 iters (-2514391.07) -> 3
 theta:  2   mom:  9   Ent:199654
=== Sucessful r9essai
=== Sucessful r9essai
=> 15 iters (-1509880.53) -> 3
 theta:  2   mom: 10   Ent:91549
=== Sucessful r9essai
=>  3 iters (-643761.60) -> 3
 theta:  2   mom: 11   Ent:95300
=== Sucessful r9essai
=>  2 iters (-667263.47) -> 3
 theta:  2   mom: 12   Ent:93165
=>  1 iters (-654509.91) -> 3
 theta:  2   mom: 13   Ent:45280
=>  1 iters (-301680.23) -> 3
 theta:  2   mom: 14   Ent:33160
=== Sucessful r9essai
=> 10 iters (-226621.87) -> 3
 theta:  3   mom:  2   Ent:13806
=== Sucessful r9essai
=>  1 iters (-54533.29) -> 3
 theta:  3   mom:  3   Ent:1042
=>  1 iters (-2843.19) -> 3
 theta:  3   mom:  4   Ent:174
Eff+/-dEff = 0.07+/-1.30 >> 0.10
Eff+/-dEff = 0.07+/-0.47 >> 0.10
=== Sucessful r9essai
Eff+/-dEff = 0.07+/-0.89 >> 0.09
Eff+/-dEff = 0.07+/-0.92 >> 0.09
Eff+/-dEff = 0.07+/-0.85 >> 0.09
Eff+/-dEff = 0.07+/-0.90 >> 0.09
Eff+/-dEff = 0.07+/-0.94 >> 0.09
Eff+/-dEff = 0.07+/-0.90 >> 0.09
Eff+/-dEff = 0.07+/-0.95 >> 0.09
Eff+/-dEff = 0.07+/-0.92 >> 0.09
Eff+/-dEff = 0.07+/-0.89 >> 0.09
Eff+/-dEff = 0.07+/-0.93 >> 0.09
Eff+/-dEff = 0.06+/-0.90 >> 0.09
Eff+/-dEff = 0.07+/-0.85 >> 0.10
Eff+/-dEff = 0.07+/-0.89 >> 0.09
Eff+/-dEff = 0.07+/-0.92 >> 0.09
Eff+/-dEff = 0.07+/-0.86 >> 0.09
Eff+/-dEff = 0.06+/-0.92 >> 0.09
Eff+/-dEff = 0.07+/-0.90 >> 0.09
Eff+/-dEff = 0.07+/-0.94 >> 0.09
Eff+/-dEff = 0.06+/-1.14 >> 0.09
Eff+/-dEff = 0.07+/-0.74 >> 0.09
Eff+/-dEff = 0.07+/-0.90 >> 0.09
Eff+/-dEff = 0.07+/-0.97 >> 0.09
Eff+/-dEff = 0.07+/-0.91 >> 0.09
Eff+/-dEff = 0.07+/-0.78 >> 0.10
Eff+/-dEff = 0.07+/-0.94 >> 0.09
Eff+/-dEff = 0.07+/-0.94 >> 0.09
Eff+/-dEff = 0.07+/-0.86 >> 0.10
Eff+/-dEff = 0.07+/-0.90 >> 0.09
Eff+/-dEff = 0.07+/-1.09 >> 0.09
Eff+/-dEff = 0.07+/-0.90 >> 0.09
Eff+/-dEff = 0.07+/-0.85 >> 0.09
Eff+/-dEff = 0.07+/-0.94 >> 0.09
Eff+/-dEff = 0.07+/-0.78 >> 0.10
Eff+/-dEff = 0.07+/-0.69 >> 0.10
Eff+/-dEff = 0.07+/-0.86 >> 0.10
Eff+/-dEff = 0.07+/-0.56 >> 0.10
Eff+/-dEff = 0.07+/-3.76 >> 0.10
Eff+/-dEff = 0.07+/-0.66 >> 0.10
Eff+/-dEff = 0.07+/-0.56 >> 0.10
Eff+/-dEff = 0.07+/-0.56 >> 0.10
Eff+/-dEff = 0.07+/-0.57 >> 0.10
Eff+/-dEff = 0.07+/-0.57 >> 0.10
Eff+/-dEff = 0.07+/-0.58 >> 0.10
Eff+/-dEff = 0.07+/-0.59 >> 0.10
Eff+/-dEff = 0.07+/-0.60 >> 0.10
Eff+/-dEff = 0.07+/-0.60 >> 0.10
Eff+/-dEff = 0.07+/-0.93 >> 0.09
Eff+/-dEff = 0.07+/-0.92 >> 0.09
Eff+/-dEff = 0.07+/-0.67 >> 0.10
Eff+/-dEff = 0.07+/-0.55 >> 0.10
Eff+/-dEff = 0.07+/-0.56 >> 0.10
Eff+/-dEff = 0.07+/-0.74 >> 0.09
Eff+/-dEff = 0.07+/-0.90 >> 0.09
Eff+/-dEff = 0.07+/-0.97 >> 0.09
Eff+/-dEff = 0.07+/-0.90 >> 0.09
Eff+/-dEff = 0.07+/-0.89 >> 0.09
Eff+/-dEff = 0.07+/-0.91 >> 0.09
Eff+/-dEff = 0.07+/-0.85 >> 0.09
Eff+/-dEff = 0.06+/-0.77 >> 0.09
Eff+/-dEff = 0.07+/-0.74 >> 0.10
Eff+/-dEff = 0.07+/-0.91 >> 0.09
Eff+/-dEff = 0.07+/-0.89 >> 0.09
Eff+/-dEff = 0.07+/-0.91 >> 0.09
Eff+/-dEff = 0.07+/-0.86 >> 0.09
Eff+/-dEff = 0.07+/-0.89 >> 0.09
Eff+/-dEff = 0.06+/-0.87 >> 0.09
Eff+/-dEff = 0.07+/-0.89 >> 0.09
Eff+/-dEff = 0.07+/-0.87 >> 0.10
Eff+/-dEff = 0.07+/-0.89 >> 0.09
Eff+/-dEff = 0.07+/-0.92 >> 0.09
Eff+/-dEff = 0.06+/-0.89 >> 0.09
Eff+/-dEff = 0.06+/-0.89 >> 0.09
Eff+/-dEff = 0.07+/-0.87 >> 0.09
Eff+/-dEff = 0.07+/-0.88 >> 0.09
Eff+/-dEff = 0.07+/-0.84 >> 0.09
Eff+/-dEff = 0.07+/-0.88 >> 0.09
Eff+/-dEff = 0.07+/-0.89 >> 0.09
Eff+/-dEff = 0.06+/-0.91 >> 0.09
Eff+/-dEff = 0.07+/-0.65 >> 0.10
Eff+/-dEff = 0.07+/-0.67 >> 0.10
Eff+/-dEff = 0.07+/-0.90 >> 0.09
Eff+/-dEff = 0.07+/-0.85 >> 0.09
Eff+/-dEff = 0.07+/-0.90 >> 0.09
Eff+/-dEff = 0.06+/-0.91 >> 0.09
Eff+/-dEff = 0.07+/-0.94 >> 0.09
Eff+/-dEff = 0.07+/-0.92 >> 0.10
Eff+/-dEff = 0.07+/-0.93 >> 0.09
Eff+/-dEff = 0.07+/-0.74 >> 0.10
Eff+/-dEff = 0.07+/-0.92 >> 0.10
Eff+/-dEff = 0.07+/-0.87 >> 0.10
Eff+/-dEff = 0.07+/-0.90 >> 0.09
Eff+/-dEff = 0.07+/-0.89 >> 0.09
Eff+/-dEff = 0.07+/-0.89 >> 0.09
Eff+/-dEff = 0.07+/-0.85 >> 0.09
Eff+/-dEff = 0.07+/-0.93 >> 0.09
Eff+/-dEff = 0.07+/-0.62 >> 0.10
Eff+/-dEff = 0.07+/-0.56 >> 0.10
Eff+/-dEff = 0.07+/-0.56 >> 0.10
Eff+/-dEff = 0.07+/-0.61 >> 0.10
=> 101 iters (-230.01) -> 3
 theta:  3   mom:  5   Ent:141
=>  1 iters (-263.64) -> 3
 theta:  3   mom:  6   Ent:48
=>  1 iters (-77.25) -> 3
 theta:  3   mom:  7   Ent:11
 theta:  3   mom:  8   Ent:8
 theta:  3   mom:  9   Ent:2
 theta:  3   mom: 10   Ent:0
 theta:  3   mom: 11   Ent:0
 theta:  3   mom: 12   Ent:0
 theta:  3   mom: 13   Ent:0
 theta:  3   mom: 14   Ent:0

Fits of PHI sample for K+ efficiency:
 theta:  0   mom:  2   Ent:2837056
=> 101 iters (-22693153.33) -> 2
 theta:  0   mom:  3   Ent:1042874
=== Sucessful r9essai
=> 22 iters (-8474177.17) -> 3
 theta:  0   mom:  4   Ent:389587
=> 101 iters (-3060916.60) -> 2
 theta:  0   mom:  5   Ent:593178
=> 101 iters (-4880283.84) -> 2
 theta:  0   mom:  6   Ent:422757
=== Sucessful r9essai
=== Sucessful r9essai
=> 101 iters (-3457662.51) -> 2
 theta:  0   mom:  7   Ent:309281
=== Sucessful r9essai
=>  5 iters (-2451340.58) -> 3
 theta:  0   mom:  8   Ent:319024
=== Sucessful r9essai
=> 50 iters (-2523386.67) -> 3
 theta:  0   mom:  9   Ent:203609
=== Sucessful r9essai
=== Sucessful r9essai
=== Sucessful r9essai
=== Sucessful r9essai
=== Sucessful r9essai
=== Sucessful r9essai
=== Sucessful r9essai
=== Sucessful r9essai
=== Sucessful r9essai
=== Sucessful r9essai
=== Sucessful r9essai
=== Sucessful r9essai
=== Sucessful r9essai
=== Sucessful r9essai
=== Sucessful r9essai
=== Sucessful r9essai
=== Sucessful r9essai
=== Sucessful r9essai
=== Sucessful r9essai
=== Sucessful r9essai
=== Sucessful r9essai
=== Sucessful r9essai
=> 101 iters (-1555458.54) -> 2
 theta:  0   mom: 10   Ent:94841
=== Sucessful r9essai
=== Sucessful r9essai
=>  8 iters (-674620.32) -> 3
 theta:  0   mom: 11   Ent:100012
=== Sucessful r9essai
=> 23 iters (-712337.37) -> 3
 theta:  0   mom: 12   Ent:99438
=== Sucessful r9essai
=>  1 iters (-712182.66) -> 3
 theta:  0   mom: 13   Ent:49724
=== Sucessful r9essai
=>  8 iters (-340668.30) -> 3
 theta:  0   mom: 14   Ent:37758
=>  1 iters (-267404.30) -> 3
 theta:  1   mom:  2   Ent:2025535
=> 101 iters (-15809340.55) -> 2
 theta:  1   mom:  3   Ent:733534
=== Sucessful r9essai
=> 21 iters (-5778741.25) -> 3
 theta:  1   mom:  4   Ent:270542
=> 101 iters (-2051245.54) -> 2
 theta:  1   mom:  5   Ent:406574
=== Sucessful r9essai
=> 17 iters (-3226692.23) -> 3
 theta:  1   mom:  6   Ent:285115
=== Sucessful r9essai
=== Sucessful r9essai
=> 18 iters (-2245218.67) -> 3
 theta:  1   mom:  7   Ent:205726
=== Sucessful r9essai
=== Sucessful r9essai
=== Sucessful r9essai
=== Sucessful r9essai
=> 15 iters (-1567216.15) -> 3
 theta:  1   mom:  8   Ent:208966
=== Sucessful r9essai
=== Sucessful r9essai
=> 12 iters (-1585466.10) -> 3
 theta:  1   mom:  9   Ent:131338
=== Sucessful r9essai
=== Sucessful r9essai
=== Sucessful r9essai
=== Sucessful r9essai
=== Sucessful r9essai
=== Sucessful r9essai
=== Sucessful r9essai
=== Sucessful r9essai
=== Sucessful r9essai
=== Sucessful r9essai
=== Sucessful r9essai
=== Sucessful r9essai
=== Sucessful r9essai
=> 34 iters (-958057.41) -> 3
 theta:  1   mom: 10   Ent:60430
=> 17 iters (-408738.41) -> 3
 theta:  1   mom: 11   Ent:63127
=== Sucessful r9essai
=>  7 iters (-425677.67) -> 3
 theta:  1   mom: 12   Ent:61849
=>  1 iters (-418088.34) -> 3
 theta:  1   mom: 13   Ent:30121
=>  1 iters (-192518.41) -> 3
 theta:  1   mom: 14   Ent:22078
=>  3 iters (-144524.01) -> 3
 theta:  2   mom:  2   Ent:3288573
=> 101 iters (-26555078.83) -> 2
 theta:  2   mom:  3   Ent:1173530
=== Sucessful r9essai
=> 22 iters (-9570263.17) -> 3
 theta:  2   mom:  4   Ent:428892
=== Sucessful r9essai
=> 79 iters (-3371777.87) -> 3
 theta:  2   mom:  5   Ent:639273
=== Sucessful r9essai
=> 44 iters (-5249782.57) -> 3
 theta:  2   mom:  6   Ent:443650
=> 101 iters (-3617836.61) -> 2
 theta:  2   mom:  7   Ent:317381
=== Sucessful r9essai
=> 18 iters (-2506343.89) -> 3
 theta:  2   mom:  8   Ent:319866
=== Sucessful r9essai
=>  2 iters (-2514391.07) -> 3
 theta:  2   mom:  9   Ent:199654
=>  4 iters (-1509881.40) -> 3
 theta:  2   mom: 10   Ent:91549
=>  3 iters (-643761.60) -> 3
 theta:  2   mom: 11   Ent:95300
=== Sucessful r9essai
=== Sucessful r9essai
=== Sucessful r9essai
=== Sucessful r9essai
=== Sucessful r9essai
=== Sucessful r9essai
=== Sucessful r9essai
=== Sucessful r9essai
=== Sucessful r9essai
=== Sucessful r9essai
=== Sucessful r9essai
=== Sucessful r9essai
=== Sucessful r9essai
=> 101 iters (-667263.48) -> 2
 theta:  2   mom: 12   Ent:93165
=== Sucessful r9essai
=>  1 iters (-654509.91) -> 3
 theta:  2   mom: 13   Ent:45280
=== Sucessful r9essai
=>  4 iters (-301680.87) -> 3
 theta:  2   mom: 14   Ent:33160
=>  1 iters (-226621.86) -> 3
 theta:  3   mom:  2   Ent:13806
=>  2 iters (-54533.27) -> 3
 theta:  3   mom:  3   Ent:1042
=>  1 iters (-2843.42) -> 3
 theta:  3   mom:  4   Ent:174
=== Sucessful r9essai
=>  2 iters (-229.98) -> 3
 theta:  3   mom:  5   Ent:141
=>  1 iters (-263.64) -> 3
 theta:  3   mom:  6   Ent:48
=>  1 iters (-77.25) -> 3
 theta:  3   mom:  7   Ent:11
 theta:  3   mom:  8   Ent:8
 theta:  3   mom:  9   Ent:2
 theta:  3   mom: 10   Ent:0
 theta:  3   mom: 11   Ent:0
 theta:  3   mom: 12   Ent:0
 theta:  3   mom: 13   Ent:0
 theta:  3   mom: 14   Ent:0

Fits of LAMBDA sample for pbar efficiency:
 theta:  0   mom:  0   Ent:0
 theta:  0   mom:  1   Ent:1715
=>  2 iters (0.00) -> 1
 theta:  0   mom:  2   Ent:36147
=>  1 iters (-207105.69) -> 3
 theta:  0   mom:  3   Ent:59948
=== Sucessful r9essai
=>  1 iters (-852027.59) -> 3
 theta:  0   mom:  4   Ent:37657
=>  2 iters (-537778.27) -> 2
 theta:  0   mom:  5   Ent:83169
=== Sucessful r9essai
=>  1 iters (-1274388.97) -> 3
 theta:  0   mom:  6   Ent:85242
=>  2 iters (-1262907.58) -> 2
 theta:  0   mom:  7   Ent:79192
=>  2 iters (-1138004.18) -> 2
 theta:  0   mom:  8   Ent:102774
=>  2 iters (-1426339.95) -> 2
 theta:  0   mom:  9   Ent:86424
=>  2 iters (-1147026.97) -> 2
 theta:  0   mom: 10   Ent:48425
=>  1 iters (-599039.90) -> 3
 theta:  0   mom: 11   Ent:61135
=>  2 iters (-765401.58) -> 3
 theta:  0   mom: 12   Ent:75494
=== Sucessful r9essai
=>  1 iters (-953334.31) -> 3
 theta:  0   mom: 13   Ent:51619
=>  2 iters (-622553.56) -> 3
 theta:  0   mom: 14   Ent:54487
=== Sucessful r9essai
=>  1 iters (-626675.39) -> 3
 theta:  1   mom:  0   Ent:0
 theta:  1   mom:  1   Ent:1231
=>  2 iters (0.00) -> 1
 theta:  1   mom:  2   Ent:25751
=>  1 iters (-142035.47) -> 3
 theta:  1   mom:  3   Ent:42259
=== Sucessful r9essai
=>  1 iters (-583365.54) -> 3
 theta:  1   mom:  4   Ent:26255
=== Sucessful r9essai
=>  1 iters (-364160.56) -> 3
 theta:  1   mom:  5   Ent:57465
=>  2 iters (-856526.64) -> 3
 theta:  1   mom:  6   Ent:58136
=>  2 iters (-836973.06) -> 2
 theta:  1   mom:  7   Ent:53410
=>  2 iters (-745118.26) -> 2
 theta:  1   mom:  8   Ent:68296
=>  2 iters (-917384.00) -> 2
 theta:  1   mom:  9   Ent:56657
=== Sucessful r9essai
=>  2 iters (-725498.71) -> 2
 theta:  1   mom: 10   Ent:31388
=>  1 iters (-373282.01) -> 3
 theta:  1   mom: 11   Ent:39251
=>  2 iters (-472159.23) -> 3
 theta:  1   mom: 12   Ent:47764
=>  1 iters (-580300.62) -> 3
 theta:  1   mom: 13   Ent:32181
=>  1 iters (-373577.01) -> 3
 theta:  1   mom: 14   Ent:33059
=>  2 iters (-364368.82) -> 2
 theta:  2   mom:  0   Ent:0
 theta:  2   mom:  1   Ent:2009
=>  2 iters (0.00) -> 1
 theta:  2   mom:  2   Ent:41652
=>  1 iters (-240418.47) -> 3
 theta:  2   mom:  3   Ent:67644
=== Sucessful r9essai
=>  1 iters (-974733.34) -> 3
 theta:  2   mom:  4   Ent:41754
=== Sucessful r9essai
=>  2 iters (-606552.26) -> 2
 theta:  2   mom:  5   Ent:90792
=>  2 iters (-1412256.39) -> 2
 theta:  2   mom:  6   Ent:91143
=>  2 iters (-1367840.55) -> 3
 theta:  2   mom:  7   Ent:83103
=>  2 iters (-1207650.39) -> 2
 theta:  2   mom:  8   Ent:105401
=>  2 iters (-1472066.30) -> 2
 theta:  2   mom:  9   Ent:86795
=== Sucessful r9essai
=>  2 iters (-1154935.31) -> 3
 theta:  2   mom: 10   Ent:47854
=>  2 iters (-591999.59) -> 2
 theta:  2   mom: 11   Ent:59625
=>  2 iters (-745568.32) -> 2
 theta:  2   mom: 12   Ent:72236
=== Sucessful r9essai
=>  2 iters (-911555.75) -> 2
 theta:  2   mom: 13   Ent:48536
=== Sucessful r9essai
=>  2 iters (-585658.62) -> 2
 theta:  2   mom: 14   Ent:49745
=>  2 iters (-569886.49) -> 3
 theta:  3   mom:  0   Ent:0
 theta:  3   mom:  1   Ent:10
 theta:  3   mom:  2   Ent:103
 FUNCTION MUST BE MINIMIZED BEFORE CALLING IMProve   
=>  1 iters (-217.98) -> 3
 theta:  3   mom:  3   Ent:52
=>  1 iters (-300.37) -> 3
 theta:  3   mom:  4   Ent:37
 FUNCTION MUST BE MINIMIZED BEFORE CALLING IMProve   
=>  2 iters (-245.42) -> 3
 theta:  3   mom:  5   Ent:25
 FUNCTION MUST BE MINIMIZED BEFORE CALLING IMProve   
=>  1 iters (-183.55) -> 3
 theta:  3   mom:  6   Ent:9

Fits of LAMBDA sample for p efficiency:
 theta:  0   mom:  0   Ent:0
 theta:  0   mom:  1   Ent:1715
=>  2 iters (0.00) -> 1
 theta:  0   mom:  2   Ent:36147
=>  1 iters (-207105.69) -> 3
 theta:  0   mom:  3   Ent:59948
=== Sucessful r9essai
=>  1 iters (-852027.59) -> 3
 theta:  0   mom:  4   Ent:37657
=>  2 iters (-537778.25) -> 3
 theta:  0   mom:  5   Ent:83169
=== Sucessful r9essai
=>  1 iters (-1274388.97) -> 3
 theta:  0   mom:  6   Ent:85242
=>  2 iters (-1262907.58) -> 2
 theta:  0   mom:  7   Ent:79192
=>  2 iters (-1138004.20) -> 2
 theta:  0   mom:  8   Ent:102774
=>  2 iters (-1426339.95) -> 2
 theta:  0   mom:  9   Ent:86424
=== Sucessful r9essai
=>  2 iters (-1147026.97) -> 3
 theta:  0   mom: 10   Ent:48425
=>  1 iters (-599039.90) -> 3
 theta:  0   mom: 11   Ent:61135
=>  2 iters (-765401.63) -> 2
 theta:  0   mom: 12   Ent:75494
=== Sucessful r9essai
=>  1 iters (-953334.31) -> 3
 theta:  0   mom: 13   Ent:51619
=>  2 iters (-622553.56) -> 2
 theta:  0   mom: 14   Ent:54487
=== Sucessful r9essai
=>  1 iters (-626675.39) -> 3
 theta:  1   mom:  0   Ent:0
 theta:  1   mom:  1   Ent:1231
=>  2 iters (0.00) -> 1
 theta:  1   mom:  2   Ent:25751
=>  1 iters (-142035.47) -> 3
 theta:  1   mom:  3   Ent:42259
=== Sucessful r9essai
=>  1 iters (-583365.54) -> 3
 theta:  1   mom:  4   Ent:26255
=== Sucessful r9essai
=>  1 iters (-364160.56) -> 3
 theta:  1   mom:  5   Ent:57465
=>  2 iters (-856526.64) -> 2
 theta:  1   mom:  6   Ent:58136
=>  2 iters (-836973.06) -> 2
 theta:  1   mom:  7   Ent:53410
=>  2 iters (-745118.21) -> 2
 theta:  1   mom:  8   Ent:68296
=>  2 iters (-917384.00) -> 2
 theta:  1   mom:  9   Ent:56657
=== Sucessful r9essai
=>  2 iters (-725498.71) -> 3
 theta:  1   mom: 10   Ent:31388
=>  1 iters (-373282.01) -> 3
 theta:  1   mom: 11   Ent:39251
=>  2 iters (-472159.24) -> 3
 theta:  1   mom: 12   Ent:47764
=>  1 iters (-580300.62) -> 3
 theta:  1   mom: 13   Ent:32181
=>  1 iters (-373577.01) -> 3
 theta:  1   mom: 14   Ent:33059
=>  2 iters (-364368.83) -> 2
 theta:  2   mom:  0   Ent:0
 theta:  2   mom:  1   Ent:2009
=>  2 iters (0.00) -> 1
 theta:  2   mom:  2   Ent:41652
=>  1 iters (-240418.47) -> 3
 theta:  2   mom:  3   Ent:67644
=== Sucessful r9essai
=>  1 iters (-974733.34) -> 3
 theta:  2   mom:  4   Ent:41754
=== Sucessful r9essai
=>  2 iters (-606552.24) -> 2
 theta:  2   mom:  5   Ent:90792
=>  2 iters (-1412256.39) -> 2
 theta:  2   mom:  6   Ent:91143
=== Sucessful r9essai
=>  2 iters (-1367840.55) -> 3
 theta:  2   mom:  7   Ent:83103
=>  2 iters (-1207650.43) -> 2
 theta:  2   mom:  8   Ent:105401
=>  2 iters (-1472066.30) -> 2
 theta:  2   mom:  9   Ent:86795
=== Sucessful r9essai
=== Sucessful r9essai
=>  2 iters (-1154935.31) -> 3
 theta:  2   mom: 10   Ent:47854
=>  2 iters (-591999.59) -> 2
 theta:  2   mom: 11   Ent:59625
=>  2 iters (-745568.31) -> 2
 theta:  2   mom: 12   Ent:72236
=>  1 iters (-911555.75) -> 3
 theta:  2   mom: 13   Ent:48536
=>  2 iters (-585658.62) -> 3
 theta:  2   mom: 14   Ent:49745
=>  2 iters (-569886.52) -> 2
 theta:  3   mom:  0   Ent:0
 theta:  3   mom:  1   Ent:10
 theta:  3   mom:  2   Ent:103
 FUNCTION MUST BE MINIMIZED BEFORE CALLING IMProve   
=>  1 iters (-217.98) -> 3
 theta:  3   mom:  3   Ent:52
=>  1 iters (-300.37) -> 3
 theta:  3   mom:  4   Ent:37
 FUNCTION MUST BE MINIMIZED BEFORE CALLING IMProve   
=>  2 iters (-245.85) -> 3
 theta:  3   mom:  5   Ent:25
 FUNCTION MUST BE MINIMIZED BEFORE CALLING IMProve   
=>  1 iters (-183.55) -> 3
 theta:  3   mom:  6   Ent:9
p,t,i: 0,1,2 Empty
p,t,i: 0,1,3 Empty
p,t,i: 0,1,4 Empty
p,t,i: 0,1,5 Empty
p,t,i: 0,2,2 Empty
p,t,i: 0,2,3 Empty
p,t,i: 0,2,4 Empty
p,t,i: 0,2,5 Empty
p,t,i: 1,1,2 Empty
p,t,i: 1,1,3 Empty
p,t,i: 1,2,2 Empty
p,t,i: 1,2,3 Empty
0 1 0 0.923755 0.964238 0.970807 0.976049 0.976968 0.977756 0.980708 0.982232 0.984829 0.986529 0.988709 0.984861 0.972839 0.958489 0.919543 
0 2 0 0 0 5.35624e-06 0.000493326 0.00113609 0.00188807 0.00200819 0.00195158 0.00136622 0.00213696 0.00189761 0.00323131 0.00618288 0.00882534 0.0118169 
0 3 0 0.0762453 0.0357622 0.0291871 0.0233525 0.0217604 0.0199872 0.0168886 0.0153165 0.0130616 0.007926 0.00380692 0.00518167 0.00744967 0.0040811 0.00368032 
0 4 0 0 0 0 0.000105158 0.000135726 0.000368444 0.000395167 0.000499944 0.000743193 0.00340783 0.00558685 0.0067265 0.0135282 0.0286042 0.0649597 
0 1 1 0.934434 0.966126 0.971185 0.976091 0.976913 0.977732 0.980529 0.98216 0.984903 0.986685 0.988644 0.984929 0.973833 0.958881 0.9238 
0 2 1 0 0 5.66207e-06 0.000498576 0.00120235 0.00196062 0.00207161 0.00198325 0.00138279 0.00207335 0.00187874 0.00320726 0.00587601 0.00892873 0.0113457 
0 3 1 0.0655664 0.0338739 0.0288098 0.0232989 0.0217492 0.0199329 0.0169946 0.0153393 0.0129462 0.0079371 0.00386067 0.00530257 0.00753487 0.00403257 0.00310181 
0 4 1 0 0 0 0.000111616 0.000135638 0.000374836 0.000404962 0.000517245 0.000767688 0.00330491 0.00561637 0.00656114 0.0127563 0.0281581 0.061753 
0 1 2 0.9352 0.966191 0.971127 0.976005 0.976723 0.977581 0.980342 0.981926 0.984766 0.986571 0.988557 0.984879 0.973875 0.958933 0.923949 
0 2 2 0 0 6.04346e-06 0.000502641 0.00124113 0.0020165 0.00210284 0.0020049 0.00139571 0.00209088 0.00185527 0.00320653 0.00581864 0.00893141 0.0113318 
0 3 2 0.0647996 0.0338086 0.0288669 0.0233778 0.0218995 0.0200157 0.0171448 0.015542 0.0130561 0.00802264 0.00394272 0.00531362 0.00757016 0.00402888 0.0030584 
0 4 2 0 0 0 0.000114911 0.000136837 0.000386908 0.000410871 0.000526751 0.00078271 0.00331586 0.00564456 0.00660097 0.0127361 0.0281066 0.0616609 
0 1 3 0.863078 0.880645 0.857421 0.839489 0.877179 0.868314 
0 2 3 0 0 6.18062e-15 0.00426009 0 0.0263061 
0 3 3 0.136922 0.119355 0.142579 0.156251 0.122821 0.10538 
0 4 3 0 0 0 0 0 0 
1 1 0 0.923755 0.964238 0.970807 0.976049 0.976968 0.977756 0.980708 0.982232 0.984829 0.986529 0.988709 0.984861 0.972839 0.958489 0.919543 
1 2 0 0 0 5.35624e-06 0.000493326 0.00113609 0.00188807 0.00200819 0.00195158 0.00136622 0.00213696 0.00189761 0.00323131 0.00618288 0.00882534 0.0118169 
1 3 0 0.0762453 0.0357622 0.0291871 0.0233525 0.0217604 0.0199872 0.0168886 0.0153165 0.0130616 0.007926 0.00380692 0.00518167 0.00744967 0.0040811 0.00368032 
1 4 0 0 0 0 0.000105158 0.000135726 0.000368444 0.000395167 0.000499944 0.000743193 0.00340783 0.00558685 0.0067265 0.0135282 0.0286042 0.0649597 
1 1 1 0.934434 0.966126 0.971185 0.976091 0.976913 0.977732 0.980529 0.98216 0.984903 0.986685 0.988644 0.984929 0.973833 0.958881 0.9238 
1 2 1 0 0 5.66207e-06 0.000498576 0.00120235 0.00196062 0.00207161 0.00198325 0.00138279 0.00207335 0.00187874 0.00320726 0.00587601 0.00892873 0.0113457 
1 3 1 0.0655664 0.0338739 0.0288098 0.0232989 0.0217492 0.0199329 0.0169946 0.0153393 0.0129462 0.0079371 0.00386067 0.00530257 0.00753487 0.00403257 0.00310181 
1 4 1 0 0 0 0.000111616 0.000135638 0.000374836 0.000404962 0.000517245 0.000767688 0.00330491 0.00561637 0.00656114 0.0127563 0.0281581 0.061753 
1 1 2 0.9352 0.966191 0.971127 0.976005 0.976723 0.977581 0.980342 0.981926 0.984766 0.986571 0.988557 0.984879 0.973875 0.958933 0.923949 
1 2 2 0 0 6.04346e-06 0.000502641 0.00124113 0.0020165 0.00210284 0.0020049 0.00139571 0.00209088 0.00185527 0.00320653 0.00581864 0.00893141 0.0113318 
1 3 2 0.0647996 0.0338086 0.0288669 0.0233778 0.0218995 0.0200157 0.0171448 0.015542 0.0130561 0.00802264 0.00394272 0.00531362 0.00757016 0.00402888 0.0030584 
1 4 2 0 0 0 0.000114911 0.000136837 0.000386908 0.000410871 0.000526751 0.00078271 0.00331586 0.00564456 0.00660097 0.0127361 0.0281066 0.0616609 
1 1 3 0.863078 0.880645 0.857421 0.839489 0.877179 0.868314 
1 2 3 0 0 6.18062e-15 0.00426009 0 0.0263061 
1 3 3 0.136922 0.119355 0.142579 0.156251 0.122821 0.10538 
1 4 3 0 0 0 0 0 0 
2 1 0 0.110401 0.065781 0.00791235 0.0145219 0.0300009 0.0218736 0.0233933 0.00911532 0.0278764 0.0353463 0.0464794 0.0833767 0.196085 
2 2 0 0.006379 0.626792 0.915071 0.943282 0.940374 0.956052 0.954873 0.966326 0.942701 0.922185 0.88538 0.769697 0.486693 
2 3 0 0.88322 0.304896 0.0749559 0.0393568 0.0278715 0.0209347 0.018351 0.0166905 0.0171272 0.0135278 0.0110157 0.00505264 0.0110849 
2 4 0 8.59938e-12 0.00253065 0.00206094 0.00283886 0.00175327 0.00113979 0.00338231 0.00786781 0.0122952 0.028941 0.057125 0.141873 0.306137 
2 1 1 0.108308 0.060452 0.0147935 0.0125599 0.0266005 0.0217306 0.02215 0.0035817 0.0270329 0.031194 0.0344645 0.0603297 0.153521 
2 2 1 0.00648392 0.637224 0.911424 0.947838 0.945715 0.95764 0.956861 0.972984 0.946002 0.931466 0.904928 0.805182 0.53195 
2 3 1 0.885208 0.299822 0.0719302 0.036891 0.0262565 0.0194479 0.0180942 0.0169174 0.0175519 0.0137279 0.0107653 0.00567012 0.0123637 
2 4 1 1.06257e-10 0.00250224 0.00185202 0.00271069 0.00142785 0.0011819 0.00289467 0.00651642 0.00941309 0.0236122 0.0498423 0.128818 0.302165 
2 1 2 0.106366 0.0586916 0.00398018 0.0115038 0.0256311 0.0217779 0.0214333 0.0013544 0.027176 0.0308886 0.0343452 0.0630434 0.153352 
2 2 2 0.00657487 0.641904 0.92259 0.949381 0.946933 0.956905 0.957303 0.97468 0.945912 0.931888 0.904826 0.80195 0.532268 
2 3 2 0.887059 0.296905 0.0715906 0.0365106 0.0260762 0.0201432 0.0184616 0.0174832 0.0176435 0.0135897 0.0107362 0.00601918 0.0123462 
2 4 2 2.17175e-11 0.00249999 0.00183885 0.00260434 0.0013597 0.00117343 0.00280216 0.00648262 0.00926834 0.023634 0.0500926 0.128988 0.302034 
2 1 3 0.0811781 0.0417339 0.929518 0.0732214 5.41668e-06 
2 2 3 0.00954511 0.453949 0.0687127 0.498839 0.347278 
2 3 3 0.909277 0.504317 0.00176959 0.42794 0.652717 
2 4 3 0 0 0 0 0 
3 1 0 0.110949 0.0657995 0.0114578 0.0141864 0.0302023 0.0219084 0.0234127 0.0110672 0.0278645 0.0356102 0.0464719 0.0826184 0.196089 
3 2 0 0.006383 0.626782 0.911692 0.943606 0.94022 0.956011 0.95483 0.96514 0.942744 0.921919 0.88539 0.770346 0.486661 
3 3 0 0.882668 0.304887 0.074759 0.0393684 0.0278248 0.0209393 0.0183737 0.0159863 0.0171024 0.0135412 0.0110132 0.00506101 0.0110837 
3 4 0 6.1282e-13 0.00253121 0.00209111 0.00283906 0.00175336 0.00114118 0.00338365 0.00780631 0.0122895 0.0289298 0.0571246 0.141975 0.306166 
3 1 1 0.108084 0.0605253 0.00235219 0.0125172 0.0266567 0.0212294 0.0221655 5.30628e-05 0.0270332 0.0311378 0.0344614 0.0629646 0.153442 
3 2 1 0.00649041 0.637166 0.923013 0.947863 0.945658 0.958118 0.956842 0.97643 0.945999 0.93151 0.904936 0.802211 0.532166 
3 3 1 0.885425 0.299807 0.0727676 0.0369067 0.0262568 0.0194698 0.0180977 0.0169817 0.0175541 0.0137371 0.0107613 0.0058355 0.01235 
3 4 1 3.62152e-13 0.00250217 0.00186682 0.00271263 0.00142836 0.00118329 0.00289469 0.00653531 0.00941416 0.0236151 0.0498416 0.128988 0.302042 
3 1 2 0.106171 0.0586701 0.00528478 0.0114434 0.0262037 0.0220804 0.0213986 0.000165837 0.0271562 0.030296 0.0343466 0.0603184 0.153353 
3 2 2 0.0065754 0.64193 0.921479 0.949438 0.946253 0.956577 0.957336 0.976606 0.945937 0.932468 0.904821 0.805054 0.532266 
3 3 2 0.887254 0.2969 0.0714006 0.0365159 0.0261799 0.0201648 0.0184638 0.0167871 0.0176388 0.0135954 0.0107377 0.00586147 0.0123455 
3 4 2 8.64122e-13 0.00249961 0.00183565 0.00260305 0.00136314 0.00117825 0.00280209 0.00644131 0.00926802 0.0236408 0.0500943 0.128766 0.302036 
3 1 3 0.0788476 0.0538137 0.89424 0.0736343 1.87441e-07 
3 2 3 0.00948941 0.455617 2.41082e-07 0.49815 0.347342 
3 3 3 0.911663 0.49057 0.105759 0.428215 0.652658 
3 4 3 0 0 0 0 0 
4 1 0 0 0.160116 0.156757 0.119439 0.139453 0.138793 0.143077 0.0974843 0.0540876 0.0311489 0.0313811 0.0334877 0.0196895 0.0221276 
4 2 0 0 0.00137111 0.021532 0.0364889 0.0331288 0.0507528 0.0569273 0.0372286 0.0195818 0.00571669 0.0053935 0.00965174 0.0218434 0.0192534 
4 3 0 0 0.838513 0.821217 0.841852 0.824182 0.806477 0.791945 0.858741 0.912799 0.949322 0.950559 0.943519 0.938648 0.937026 
4 4 0 0 0 0.00049418 0.00222061 0.00323633 0.00397732 0.00805004 0.00654563 0.0135319 0.0138123 0.0126664 0.0133416 0.0198186 0.0215936 
4 1 1 0 0.381262 0.153406 0.115866 0.135194 0.133239 0.138971 0.0912639 0.0509222 0.0272035 0.0314676 0.0331603 0.0211376 0.0218699 
4 2 1 0 0.000953478 0.0222052 0.0372222 0.0335811 0.0513959 0.057332 0.0372187 0.0195352 0.00551264 0.00458347 0.0097988 0.0220564 0.0176164 
4 3 1 0 0.617784 0.823882 0.844776 0.827949 0.811507 0.795795 0.865335 0.915945 0.954102 0.951639 0.943486 0.937595 0.94129 
4 4 1 0 0 0.000506801 0.00213546 0.00327545 0.00385819 0.00790205 0.00618223 0.0135973 0.0131815 0.0123102 0.013555 0.0192106 0.0192237 
4 1 2 0 0.380743 0.151737 0.114398 0.133348 0.131137 0.136708 0.089704 0.0485374 0.0268785 0.0313234 0.0334355 0.0217042 0.0211175 
4 2 2 0 0.000944845 0.0225949 0.0377813 0.0338836 0.051595 0.0574042 0.0371123 0.0190426 0.00568099 0.0045918 0.00984955 0.0221838 0.0175196 
4 3 2 0 0.618312 0.825155 0.845719 0.829474 0.81354 0.798093 0.8671 0.919063 0.954354 0.951781 0.943157 0.936965 0.942339 
4 4 2 0 0 0.00051287 0.00210206 0.00329424 0.0037279 0.00779493 0.00608336 0.0133571 0.0130868 0.0123042 0.0135577 0.0191465 0.0190237 
4 1 3 2.83163e-06 0.0410079 0.0753288 0.162828 
4 2 3 0 4.16533e-07 2.32507e-07 5.49294e-08 
4 3 3 0.999997 0.958992 0.924671 0.837172 
4 4 3 0 0 0 0 
5 1 0 0 0.160116 0.156757 0.119408 0.139453 0.138785 0.142894 0.0974717 0.0540991 0.0311489 0.0312625 0.0334877 0.019694 0.0221276 
5 2 0 0 0.00137111 0.021532 0.0364865 0.0331288 0.0507526 0.0568809 0.0372232 0.0195838 0.00571669 0.00529493 0.00965174 0.0218814 0.0192534 
5 3 0 0 0.838513 0.821217 0.841884 0.824182 0.806486 0.79218 0.858752 0.912783 0.949322 0.950791 0.943519 0.938606 0.937026 
5 4 0 0 0 0.00049418 0.00222097 0.00323633 0.00397703 0.00804444 0.0065526 0.0135337 0.0138123 0.0126516 0.0133416 0.019819 0.0215936 
5 1 1 0 0.381262 0.153406 0.115866 0.135184 0.133237 0.13894 0.0912486 0.0509202 0.0272035 0.0314549 0.0331603 0.0211376 0.0219243 
5 2 1 0 0.000953478 0.0222052 0.0372222 0.0335876 0.0513977 0.05733 0.0372157 0.0195375 0.00551264 0.00462307 0.0097988 0.0220564 0.0176329 
5 3 1 0 0.617784 0.823882 0.844776 0.827954 0.811508 0.795814 0.865354 0.915943 0.954102 0.951617 0.943486 0.937595 0.941193 
5 4 1 0 0 0.000506801 0.00213546 0.00327436 0.00385751 0.00791574 0.00618144 0.0135993 0.0131815 0.012305 0.013555 0.0192106 0.0192503 
5 1 2 0 0.380743 0.151737 0.114365 0.133332 0.131136 0.136692 0.0897075 0.0503854 0.0269464 0.0313675 0.0334351 0.0217223 0.0214878 
5 2 2 0 0.000944845 0.0225949 0.0377873 0.0338839 0.051595 0.057402 0.0371084 0.0194543 0.00564983 0.00462962 0.0098406 0.0221823 0.0177148 
5 3 2 0 0.618312 0.825155 0.845752 0.82948 0.813539 0.798113 0.867087 0.916607 0.954322 0.951698 0.943167 0.936948 0.941627 
5 4 2 0 0 0.00051287 0.00209613 0.00330442 0.00372921 0.00779268 0.00609731 0.0135535 0.0130818 0.0123052 0.0135574 0.0191473 0.0191707 
5 1 3 2.83163e-06 0.0410079 0.0797818 0.162828 
5 2 3 0 4.16533e-07 2.61909e-07 5.49294e-08 
5 3 3 0.999997 0.958992 0.920218 0.837172 
5 4 3 0 0 0 0 
ERROR in TPDF::Open: Cannot open file:table/pim_pi.pdf
ERROR in TPDF::Open: Cannot open file:table/pim_K.pdf
ERROR in TPDF::Open: Cannot open file:table/pim_p.pdf
ERROR in TPDF::Open: Cannot open file:table/pim_u.pdf
ERROR in TPDF::Open: Cannot open file:table/pip_pi.pdf
ERROR in TPDF::Open: Cannot open file:table/pip_K.pdf
ERROR in TPDF::Open: Cannot open file:table/pip_p.pdf
ERROR in TPDF::Open: Cannot open file:table/pip_u.pdf
ERROR in TPDF::Open: Cannot open file:table/Km_pi.pdf
ERROR in TPDF::Open: Cannot open file:table/Km_K.pdf
ERROR in TPDF::Open: Cannot open file:table/Km_p.pdf
ERROR in TPDF::Open: Cannot open file:table/Km_u.pdf
ERROR in TPDF::Open: Cannot open file:table/Kp_pi.pdf
ERROR in TPDF::Open: Cannot open file:table/Kp_K.pdf
ERROR in TPDF::Open: Cannot open file:table/Kp_p.pdf
ERROR in TPDF::Open: Cannot open file:table/Kp_u.pdf
ERROR in TPDF::Open: Cannot open file:table/pm_pi.pdf
ERROR in TPDF::Open: Cannot open file:table/pm_K.pdf
ERROR in TPDF::Open: Cannot open file:table/pm_p.pdf
ERROR in TPDF::Open: Cannot open file:table/pm_u.pdf
ERROR in TPDF::Open: Cannot open file:table/pp_pi.pdf
ERROR in TPDF::Open: Cannot open file:table/pp_K.pdf
ERROR in TPDF::Open: Cannot open file:table/pp_p.pdf
ERROR in TPDF::Open: Cannot open file:table/pp_u.pdf
