
[1mRooFit v3.60 -- Developed by Wouter Verkerke and David Kirkby[0m 
                Copyright (C) 2000-2013 NIKHEF, University of California & Stanford University
                All rights reserved, please read http://roofit.sourceforge.net/license.txt

analysis: K0L
data_file: /sps/compass/02/yann/2016.fix/P07
data_template: hist
data_firstfile_nb: 270000
data_lastfile_nb: 276318
fit_type: all
merged_h: false
cols_theta_bin: true
hist_file_iphi: ./hist_iphi_07_09.root
hist_file_ephi: ./hist_ephi_07_09.root
hist_file_K0: ./hist_K0_07_09.root
hist_file_Lam: ./hist_Lambda_07_09.root
out_file: rich_07_09.root
remove_richpipe: true
thr_diff: 5
LH_pi_K: 1.0
LH_pi_p: 1.0
LH_pi_bg: 2.0
LH_K_pi: 1.06
LH_K_p: 1.06
LH_K_bg: 2.0
LH_bthr_p_pi: 1.
LH_bthr_p_K: 1.
LH_athr_p_pi: 1.
LH_athr_p_K: 1.
LH_athr_p_bg: 1.
LH_bthr_p_pi_bg: 2.3
LH_bthr_p_K_bg: 3.0
LH_bthr_m_pi_bg: 2.2
LH_bthr_m_K_bg: 2.9
max_retry: 100
line_width: 2
sidebins: false
=====================
lh_cut[i][j]:
[0][0] -1.00 [0][1]  1.00 [0][2]  1.00 [0][3] -1.00 [0][4] -1.00 [0][5]  2.00 
[1][0]  1.06 [1][1] -1.00 [1][2]  1.06 [1][3] -1.00 [1][4] -1.00 [1][5]  2.00 
[2][0]  1.00 [2][1]  1.00 [2][2] -1.00 [2][3] -1.00 [2][4] -1.00 [2][5] -1.00 
[3][0]  1.00 [3][1]  1.00 [3][2] -1.00 [3][3] -1.00 [3][4] -1.00 [3][5]  1.00 
[4][0]  2.30 [4][1]  3.00 [4][2]  2.20 [4][3]  2.90 [4][4] -1.00 [4][5] -1.00 

Fits of K0 sample for pi- efficiency:
 theta:  0   mom:  0   Ent:91062
=>  1 iters (-2023258.52) -> 3
 theta:  0   mom:  1   Ent:76131
=>  1 iters (-1746511.31) -> 3
 theta:  0   mom:  2   Ent:89493
=>  1 iters (-2112110.09) -> 3
 theta:  0   mom:  3   Ent:46059
=>  1 iters (-1030886.27) -> 3
 theta:  0   mom:  4   Ent:19641
=>  1 iters (-405629.89) -> 3
 theta:  0   mom:  5   Ent:33701
=>  1 iters (-729796.58) -> 3
 theta:  0   mom:  6   Ent:27592
=== Sucessful r9essai
=>  1 iters (-584028.03) -> 3
 theta:  0   mom:  7   Ent:21748
=>  1 iters (-445186.44) -> 3
 theta:  0   mom:  8   Ent:25256
=>  1 iters (-513973.17) -> 3
 theta:  0   mom:  9   Ent:18890
=>  1 iters (-367644.84) -> 3
 theta:  0   mom: 10   Ent:9978
=>  1 iters (-178817.37) -> 3
 theta:  0   mom: 11   Ent:12194
=>  1 iters (-221982.24) -> 3
 theta:  0   mom: 12   Ent:14080
=>  1 iters (-256069.51) -> 3
 theta:  0   mom: 13   Ent:8689
=>  1 iters (-145704.35) -> 3
 theta:  0   mom: 14   Ent:8653
=>  1 iters (-142201.20) -> 3
 theta:  1   mom:  0   Ent:70570
=>  1 iters (-1518158.53) -> 3
 theta:  1   mom:  1   Ent:71925
=>  2 iters (-1641090.98) -> 3
 theta:  1   mom:  2   Ent:86191
=== Sucessful r9essai
=>  1 iters (-2027665.14) -> 3
 theta:  1   mom:  3   Ent:43941
=== Sucessful r9essai
=>  1 iters (-979362.04) -> 3
 theta:  1   mom:  4   Ent:18531
=>  1 iters (-380567.19) -> 3
 theta:  1   mom:  5   Ent:31570
=>  1 iters (-679658.39) -> 3
 theta:  1   mom:  6   Ent:25616
=>  1 iters (-538356.98) -> 3
 theta:  1   mom:  7   Ent:19940
=>  1 iters (-404539.01) -> 3
 theta:  1   mom:  8   Ent:22782
=>  1 iters (-458919.03) -> 3
 theta:  1   mom:  9   Ent:16853
=>  1 iters (-324218.43) -> 3
 theta:  1   mom: 10   Ent:8707
=>  1 iters (-153206.13) -> 3
 theta:  1   mom: 11   Ent:10463
=>  1 iters (-187429.84) -> 3
 theta:  1   mom: 12   Ent:11764
=>  1 iters (-209816.14) -> 3
 theta:  1   mom: 13   Ent:7011
=>  1 iters (-114736.74) -> 3
 theta:  1   mom: 14   Ent:6601
=>  1 iters (-105888.43) -> 3
 theta:  2   mom:  0   Ent:132991
=>  1 iters (-3013280.35) -> 3
 theta:  2   mom:  1   Ent:128772
=>  1 iters (-3085174.18) -> 3
 theta:  2   mom:  2   Ent:141092
=>  1 iters (-3458435.42) -> 3
 theta:  2   mom:  3   Ent:65387
=>  2 iters (-1509243.82) -> 3
 theta:  2   mom:  4   Ent:25850
=== Sucessful r9essai
=>  1 iters (-547625.78) -> 3
 theta:  2   mom:  5   Ent:42137
=== Sucessful r9essai
=>  3 iters (-930794.94) -> 3
 theta:  2   mom:  6   Ent:32229
=>  2 iters (-690808.22) -> 3
 theta:  2   mom:  7   Ent:23897
=>  1 iters (-491989.26) -> 3
 theta:  2   mom:  8   Ent:26139
=>  1 iters (-532098.52) -> 3
 theta:  2   mom:  9   Ent:18595
=>  1 iters (-360050.31) -> 3
 theta:  2   mom: 10   Ent:9413
=>  1 iters (-166667.45) -> 3
 theta:  2   mom: 11   Ent:11120
=>  1 iters (-199819.77) -> 3
 theta:  2   mom: 12   Ent:12214
=>  1 iters (-218511.55) -> 3
 theta:  2   mom: 13   Ent:7180
=>  1 iters (-117653.56) -> 3
 theta:  2   mom: 14   Ent:6678
=>  1 iters (-107256.49) -> 3
 theta:  3   mom:  0   Ent:19948
=>  1 iters (-400471.78) -> 3
 theta:  3   mom:  1   Ent:3102
=>  2 iters (-52672.18) -> 3
 theta:  3   mom:  2   Ent:725
=>  1 iters (-9985.36) -> 3
 theta:  3   mom:  3   Ent:93
=>  1 iters (-887.00) -> 3
 theta:  3   mom:  4   Ent:17
 theta:  3   mom:  5   Ent:17
 theta:  3   mom:  6   Ent:12

Fits of K0 sample for pi+ efficiency:
 theta:  0   mom:  0   Ent:91471
=>  1 iters (-2034021.23) -> 3
 theta:  0   mom:  1   Ent:76128
=>  1 iters (-1746214.72) -> 3
 theta:  0   mom:  2   Ent:90046
=>  1 iters (-2125626.67) -> 3
 theta:  0   mom:  3   Ent:46287
=>  2 iters (-1034126.13) -> 3
 theta:  0   mom:  4   Ent:20141
=>  1 iters (-416077.97) -> 3
 theta:  0   mom:  5   Ent:33935
=>  1 iters (-733564.06) -> 3
 theta:  0   mom:  6   Ent:27539
=== Sucessful r9essai
=>  1 iters (-580741.37) -> 3
 theta:  0   mom:  7   Ent:22081
=== Sucessful r9essai
=>  1 iters (-450787.52) -> 3
 theta:  0   mom:  8   Ent:25591
=>  1 iters (-518742.68) -> 3
 theta:  0   mom:  9   Ent:19235
=>  1 iters (-371066.35) -> 3
 theta:  0   mom: 10   Ent:10250
=== Sucessful r9essai
=>  1 iters (-184003.37) -> 3
 theta:  0   mom: 11   Ent:12423
=>  1 iters (-224766.08) -> 3
 theta:  0   mom: 12   Ent:14246
=>  1 iters (-255938.47) -> 3
 theta:  0   mom: 13   Ent:8753
=>  1 iters (-145458.26) -> 3
 theta:  0   mom: 14   Ent:8689
=== Sucessful r9essai
=> 15 iters (-141349.20) -> 3
 theta:  1   mom:  0   Ent:70757
=>  1 iters (-1523340.23) -> 3
 theta:  1   mom:  1   Ent:71964
=>  1 iters (-1641993.41) -> 3
 theta:  1   mom:  2   Ent:86637
=>  1 iters (-2038602.10) -> 3
 theta:  1   mom:  3   Ent:44115
=== Sucessful r9essai
=>  1 iters (-981312.17) -> 3
 theta:  1   mom:  4   Ent:19039
=>  1 iters (-391056.38) -> 3
 theta:  1   mom:  5   Ent:31854
=== Sucessful r9essai
=>  1 iters (-684388.98) -> 3
 theta:  1   mom:  6   Ent:25477
=== Sucessful r9essai
=>  1 iters (-532968.59) -> 3
 theta:  1   mom:  7   Ent:20240
=>  1 iters (-409260.12) -> 3
 theta:  1   mom:  8   Ent:23118
=== Sucessful r9essai
=>  1 iters (-463614.52) -> 3
 theta:  1   mom:  9   Ent:17044
=>  1 iters (-324166.39) -> 3
 theta:  1   mom: 10   Ent:8952
=>  1 iters (-157915.58) -> 3
 theta:  1   mom: 11   Ent:10711
=== Sucessful r9essai
=>  4 iters (-190558.26) -> 3
 theta:  1   mom: 12   Ent:12077
=>  1 iters (-213170.60) -> 3
 theta:  1   mom: 13   Ent:7164
=>  1 iters (-116373.20) -> 3
 theta:  1   mom: 14   Ent:6813
=>  1 iters (-108005.10) -> 3
 theta:  2   mom:  0   Ent:133177
=>  1 iters (-3019237.57) -> 3
 theta:  2   mom:  1   Ent:128679
=>  1 iters (-3079519.84) -> 3
 theta:  2   mom:  2   Ent:142208
=>  1 iters (-3486762.93) -> 3
 theta:  2   mom:  3   Ent:65594
=>  2 iters (-1509990.32) -> 3
 theta:  2   mom:  4   Ent:26657
=>  1 iters (-564746.83) -> 3
 theta:  2   mom:  5   Ent:42444
=== Sucessful r9essai
=>  1 iters (-934405.39) -> 3
 theta:  2   mom:  6   Ent:32166
=== Sucessful r9essai
=>  1 iters (-686243.96) -> 3
 theta:  2   mom:  7   Ent:24386
=>  1 iters (-500380.46) -> 3
 theta:  2   mom:  8   Ent:26712
=>  1 iters (-540776.01) -> 3
 theta:  2   mom:  9   Ent:18914
=>  1 iters (-361547.28) -> 3
 theta:  2   mom: 10   Ent:9681
=>  1 iters (-171382.38) -> 3
 theta:  2   mom: 11   Ent:11409
=>  1 iters (-203784.50) -> 3
 theta:  2   mom: 12   Ent:12651
=== Sucessful r9essai
=>  1 iters (-223850.40) -> 3
 theta:  2   mom: 13   Ent:7358
=>  1 iters (-119692.44) -> 3
 theta:  2   mom: 14   Ent:6923
=>  1 iters (-109752.64) -> 3
 theta:  3   mom:  0   Ent:20160
=>  1 iters (-404681.06) -> 3
 theta:  3   mom:  1   Ent:3093
=>  1 iters (-52181.89) -> 3
 theta:  3   mom:  2   Ent:809
=>  1 iters (-11395.50) -> 3
 theta:  3   mom:  3   Ent:105
=>  1 iters (-1020.68) -> 3
 theta:  3   mom:  4   Ent:21
 theta:  3   mom:  5   Ent:20
 theta:  3   mom:  6   Ent:7

Fits of PHI sample for K- efficiency:
 theta:  0   mom:  2   Ent:439417
=== Sucessful r9essai
=== Sucessful r9essai
=> 60 iters (-3019310.52) -> 3
 theta:  0   mom:  3   Ent:167341
=== Sucessful r9essai
=>  9 iters (-1160744.22) -> 3
 theta:  0   mom:  4   Ent:63687
=== Sucessful r9essai
=>  5 iters (-422702.35) -> 3
 theta:  0   mom:  5   Ent:99336
=== Sucessful r9essai
=== Sucessful r9essai
=> 10 iters (-695953.77) -> 3
 theta:  0   mom:  6   Ent:72881
=== Sucessful r9essai
=== Sucessful r9essai
=== Sucessful r9essai
=>  5 iters (-504036.23) -> 3
 theta:  0   mom:  7   Ent:54040
=== Sucessful r9essai
=== Sucessful r9essai
=> 41 iters (-363053.03) -> 3
 theta:  0   mom:  8   Ent:56982
=== Sucessful r9essai
=>  5 iters (-381661.60) -> 3
 theta:  0   mom:  9   Ent:37470
=== Sucessful r9essai
=== Sucessful r9essai
=== Sucessful r9essai
=== Sucessful r9essai
=>  5 iters (-243397.06) -> 3
 theta:  0   mom: 10   Ent:17773
=== Sucessful r9essai
=== Sucessful r9essai
=> 11 iters (-108483.05) -> 3
 theta:  0   mom: 11   Ent:19129
=== Sucessful r9essai
=== Sucessful r9essai
=== Sucessful r9essai
=>  5 iters (-115617.07) -> 3
 theta:  0   mom: 12   Ent:19125
=== Sucessful r9essai
=>  5 iters (-116421.32) -> 3
 theta:  0   mom: 13   Ent:10026
=== Sucessful r9essai
=>  1 iters (-58334.75) -> 3
 theta:  0   mom: 14   Ent:7924
=>  1 iters (-47829.69) -> 3
 theta:  1   mom:  2   Ent:420067
=== Sucessful r9essai
=== Sucessful r9essai
=== Sucessful r9essai
=== Sucessful r9essai
=== Sucessful r9essai
=== Sucessful r9essai
=== Sucessful r9essai
=== Sucessful r9essai
=== Sucessful r9essai
=== Sucessful r9essai
=== Sucessful r9essai
=== Sucessful r9essai
=== Sucessful r9essai
=== Sucessful r9essai
=== Sucessful r9essai
=== Sucessful r9essai
=> 101 iters (-2885691.93) -> 2
 theta:  1   mom:  3   Ent:159532
=== Sucessful r9essai
=> 18 iters (-1100727.17) -> 3
 theta:  1   mom:  4   Ent:60043
=== Sucessful r9essai
=>  4 iters (-394625.76) -> 3
 theta:  1   mom:  5   Ent:92670
=== Sucessful r9essai
=== Sucessful r9essai
=> 10 iters (-642484.91) -> 3
 theta:  1   mom:  6   Ent:67065
=== Sucessful r9essai
=> 44 iters (-457678.46) -> 3
 theta:  1   mom:  7   Ent:49012
=== Sucessful r9essai
=>  6 iters (-324515.35) -> 3
 theta:  1   mom:  8   Ent:50788
=== Sucessful r9essai
=> 12 iters (-334273.31) -> 3
 theta:  1   mom:  9   Ent:32765
=== Sucessful r9essai
=>  1 iters (-207227.67) -> 3
 theta:  1   mom: 10   Ent:15193
=== Sucessful r9essai
=== Sucessful r9essai
=> 14 iters (-89546.24) -> 3
 theta:  1   mom: 11   Ent:16097
=>  1 iters (-93778.85) -> 3
 theta:  1   mom: 12   Ent:15508
=> 19 iters (-89633.66) -> 3
 theta:  1   mom: 13   Ent:7697
=>  1 iters (-41513.88) -> 3
 theta:  1   mom: 14   Ent:5596
=>  1 iters (-30803.35) -> 3
 theta:  2   mom:  2   Ent:696600
=== Sucessful r9essai
=== Sucessful r9essai
=== Sucessful r9essai
=> 101 iters (-4945971.74) -> 2
 theta:  2   mom:  3   Ent:239080
=== Sucessful r9essai
=== Sucessful r9essai
=== Sucessful r9essai
=== Sucessful r9essai
=== Sucessful r9essai
=== Sucessful r9essai
=> 101 iters (-1677900.10) -> 2
 theta:  2   mom:  4   Ent:84747
=== Sucessful r9essai
=> 12 iters (-564061.28) -> 3
 theta:  2   mom:  5   Ent:124110
=== Sucessful r9essai
=> 56 iters (-866579.57) -> 3
 theta:  2   mom:  6   Ent:83962
=> 101 iters (-576899.81) -> 2
 theta:  2   mom:  7   Ent:58260
=== Sucessful r9essai
=== Sucessful r9essai
=== Sucessful r9essai
=== Sucessful r9essai
=== Sucessful r9essai
=== Sucessful r9essai
=== Sucessful r9essai
=== Sucessful r9essai
=== Sucessful r9essai
=== Sucessful r9essai
=== Sucessful r9essai
=== Sucessful r9essai
=== Sucessful r9essai
=== Sucessful r9essai
=> 43 iters (-388050.38) -> 3
 theta:  2   mom:  8   Ent:57383
=>  1 iters (-378480.00) -> 3
 theta:  2   mom:  9   Ent:35479
=== Sucessful r9essai
=> 12 iters (-224282.23) -> 3
 theta:  2   mom: 10   Ent:16099
=>  4 iters (-94560.79) -> 3
 theta:  2   mom: 11   Ent:16724
=>  4 iters (-97049.32) -> 3
 theta:  2   mom: 12   Ent:15876
=>  3 iters (-91472.38) -> 3
 theta:  2   mom: 13   Ent:7787
=>  1 iters (-41915.40) -> 3
 theta:  2   mom: 14   Ent:5630
=>  1 iters (-30980.77) -> 3
 theta:  3   mom:  2   Ent:7473
=== Sucessful r9essai
=>  1 iters (-27142.32) -> 3
 theta:  3   mom:  3   Ent:550
=>  1 iters (-1373.34) -> 3
 theta:  3   mom:  4   Ent:93
=>  1 iters (-110.06) -> 3
 theta:  3   mom:  5   Ent:66
=>  1 iters (-86.53) -> 3
 theta:  3   mom:  6   Ent:31
=>  1 iters (-41.32) -> 3
 theta:  3   mom:  7   Ent:6
 theta:  3   mom:  8   Ent:7
 theta:  3   mom:  9   Ent:0
 theta:  3   mom: 10   Ent:0
 theta:  3   mom: 11   Ent:0
 theta:  3   mom: 12   Ent:0
 theta:  3   mom: 13   Ent:0
 theta:  3   mom: 14   Ent:0

Fits of PHI sample for K+ efficiency:
 theta:  0   mom:  2   Ent:367498
Eff+/-dEff = 0.00+/-11.40 >> 0.05
=== Sucessful r9essai
=== Sucessful r9essai
=== Sucessful r9essai
=== Sucessful r9essai
=== Sucessful r9essai
=== Sucessful r9essai
=== Sucessful r9essai
=== Sucessful r9essai
=== Sucessful r9essai
=== Sucessful r9essai
=> 101 iters (-2547756.20) -> 2
 theta:  0   mom:  3   Ent:144111
=== Sucessful r9essai
=> 59 iters (-1010044.83) -> 3
 theta:  0   mom:  4   Ent:56204
=== Sucessful r9essai
=== Sucessful r9essai
=== Sucessful r9essai
=> 13 iters (-375612.84) -> 3
 theta:  0   mom:  5   Ent:88395
=> 10 iters (-631301.53) -> 3
 theta:  0   mom:  6   Ent:65519
=== Sucessful r9essai
=== Sucessful r9essai
=== Sucessful r9essai
=>  5 iters (-461900.86) -> 3
 theta:  0   mom:  7   Ent:49617
=== Sucessful r9essai
=>  1 iters (-340688.38) -> 3
 theta:  0   mom:  8   Ent:53804
=>  2 iters (-370082.00) -> 3
 theta:  0   mom:  9   Ent:35032
=== Sucessful r9essai
=== Sucessful r9essai
=>  7 iters (-230722.26) -> 3
 theta:  0   mom: 10   Ent:16706
=== Sucessful r9essai
=== Sucessful r9essai
=== Sucessful r9essai
=== Sucessful r9essai
=== Sucessful r9essai
=== Sucessful r9essai
=== Sucessful r9essai
=== Sucessful r9essai
=== Sucessful r9essai
=== Sucessful r9essai
=> 29 iters (-102309.77) -> 3
 theta:  0   mom: 11   Ent:18241
=>  3 iters (-112906.38) -> 3
 theta:  0   mom: 12   Ent:18322
=>  1 iters (-114487.63) -> 3
 theta:  0   mom: 13   Ent:9491
=== Sucessful r9essai
=== Sucessful r9essai
=== Sucessful r9essai
=== Sucessful r9essai
=> 13 iters (-58795.96) -> 3
 theta:  0   mom: 14   Ent:7805
=== Sucessful r9essai
=>  4 iters (-49091.16) -> 3
 theta:  1   mom:  2   Ent:351252
=== Sucessful r9essai
=> 101 iters (-2433918.46) -> 2
 theta:  1   mom:  3   Ent:137162
=> 15 iters (-959433.99) -> 3
 theta:  1   mom:  4   Ent:53050
=== Sucessful r9essai
=>  6 iters (-352318.73) -> 3
 theta:  1   mom:  5   Ent:82413
=> 101 iters (-582546.54) -> 3
 theta:  1   mom:  6   Ent:60337
=== Sucessful r9essai
=== Sucessful r9essai
=== Sucessful r9essai
=== Sucessful r9essai
=== Sucessful r9essai
=== Sucessful r9essai
=== Sucessful r9essai
=== Sucessful r9essai
=== Sucessful r9essai
=== Sucessful r9essai
=== Sucessful r9essai
=== Sucessful r9essai
=> 85 iters (-420052.81) -> 3
 theta:  1   mom:  7   Ent:45048
=== Sucessful r9essai
=== Sucessful r9essai
=>  4 iters (-305076.05) -> 3
 theta:  1   mom:  8   Ent:47993
=== Sucessful r9essai
=>  9 iters (-324044.62) -> 3
 theta:  1   mom:  9   Ent:30534
=== Sucessful r9essai
=== Sucessful r9essai
=== Sucessful r9essai
=> 16 iters (-195581.01) -> 3
 theta:  1   mom: 10   Ent:14218
=== Sucessful r9essai
=> 13 iters (-84318.25) -> 3
 theta:  1   mom: 11   Ent:15194
=>  2 iters (-90350.87) -> 3
 theta:  1   mom: 12   Ent:14856
=== Sucessful r9essai
=>  1 iters (-87753.71) -> 3
 theta:  1   mom: 13   Ent:7269
=>  1 iters (-42007.23) -> 3
 theta:  1   mom: 14   Ent:5486
=>  1 iters (-31121.96) -> 3
 theta:  2   mom:  2   Ent:582134
=== Sucessful r9essai
=== Sucessful r9essai
=== Sucessful r9essai
=== Sucessful r9essai
=> 101 iters (-4158354.54) -> 2
 theta:  2   mom:  3   Ent:205597
=> 78 iters (-1466402.26) -> 3
 theta:  2   mom:  4   Ent:74936
=== Sucessful r9essai
=>  5 iters (-504229.01) -> 3
 theta:  2   mom:  5   Ent:110302
=== Sucessful r9essai
=> 17 iters (-785372.83) -> 3
 theta:  2   mom:  6   Ent:75565
=== Sucessful r9essai
=>  2 iters (-528905.38) -> 3
 theta:  2   mom:  7   Ent:53418
=== Sucessful r9essai
=>  4 iters (-364369.90) -> 3
 theta:  2   mom:  8   Ent:54217
=== Sucessful r9essai
=== Sucessful r9essai
=== Sucessful r9essai
=== Sucessful r9essai
=== Sucessful r9essai
=== Sucessful r9essai
=== Sucessful r9essai
=== Sucessful r9essai
=== Sucessful r9essai
=== Sucessful r9essai
=== Sucessful r9essai
=== Sucessful r9essai
=== Sucessful r9essai
=== Sucessful r9essai
=== Sucessful r9essai
=== Sucessful r9essai
=== Sucessful r9essai
=> 101 iters (-366151.22) -> 2
 theta:  2   mom:  9   Ent:33105
=== Sucessful r9essai
=== Sucessful r9essai
=== Sucessful r9essai
=== Sucessful r9essai
=== Sucessful r9essai
=== Sucessful r9essai
=== Sucessful r9essai
=> 101 iters (-211362.90) -> 2
 theta:  2   mom: 10   Ent:15087
=== Sucessful r9essai
=== Sucessful r9essai
=== Sucessful r9essai
=== Sucessful r9essai
=== Sucessful r9essai
=== Sucessful r9essai
=> 17 iters (-89416.98) -> 3
 theta:  2   mom: 11   Ent:15822
=>  6 iters (-93214.68) -> 3
 theta:  2   mom: 12   Ent:15235
=>  4 iters (-89672.43) -> 3
 theta:  2   mom: 13   Ent:7378
=>  1 iters (-42534.06) -> 3
 theta:  2   mom: 14   Ent:5527
=>  1 iters (-31316.05) -> 3
 theta:  3   mom:  2   Ent:6425
=== Sucessful r9essai
=>  1 iters (-22942.66) -> 3
 theta:  3   mom:  3   Ent:490
=>  1 iters (-1204.49) -> 3
 theta:  3   mom:  4   Ent:75
=>  1 iters (-94.52) -> 3
 theta:  3   mom:  5   Ent:82
=>  1 iters (-168.26) -> 3
 theta:  3   mom:  6   Ent:19
 theta:  3   mom:  7   Ent:7
 theta:  3   mom:  8   Ent:6
 theta:  3   mom:  9   Ent:1
 theta:  3   mom: 10   Ent:0
 theta:  3   mom: 11   Ent:0
 theta:  3   mom: 12   Ent:0
 theta:  3   mom: 13   Ent:0
 theta:  3   mom: 14   Ent:0

Fits of LAMBDA sample for pbar efficiency:
 theta:  0   mom:  0   Ent:0
 theta:  0   mom:  1   Ent:192
=>  2 iters (0.00) -> 1
 theta:  0   mom:  2   Ent:3745
=>  1 iters (-15413.29) -> 3
 theta:  0   mom:  3   Ent:6065
=>  1 iters (-65300.31) -> 3
 theta:  0   mom:  4   Ent:4054
=>  2 iters (-43184.17) -> 3
 theta:  0   mom:  5   Ent:8917
=>  2 iters (-102358.00) -> 3
 theta:  0   mom:  6   Ent:9578
=== Sucessful r9essai
=>  2 iters (-109550.41) -> 3
 theta:  0   mom:  7   Ent:9084
=>  2 iters (-99228.30) -> 3
 theta:  0   mom:  8   Ent:12257
=== Sucessful r9essai
=>  2 iters (-131497.66) -> 2
 theta:  0   mom:  9   Ent:10710
=>  2 iters (-111103.41) -> 2
 theta:  0   mom: 10   Ent:6067
=== Sucessful r9essai
=>  1 iters (-57130.14) -> 3
 theta:  0   mom: 11   Ent:7787
=>  2 iters (-74616.37) -> 2
 theta:  0   mom: 12   Ent:9732
=>  1 iters (-94308.44) -> 3
 theta:  0   mom: 13   Ent:7031
=== Sucessful r9essai
=>  2 iters (-64676.54) -> 2
 theta:  0   mom: 14   Ent:7853
=== Sucessful r9essai
=>  2 iters (-71684.46) -> 3
 theta:  1   mom:  0   Ent:0
 theta:  1   mom:  1   Ent:187
=>  2 iters (0.00) -> 1
 theta:  1   mom:  2   Ent:3588
=>  1 iters (-14696.14) -> 3
 theta:  1   mom:  3   Ent:5784
=>  1 iters (-62031.73) -> 3
 theta:  1   mom:  4   Ent:3843
=>  2 iters (-40868.46) -> 2
 theta:  1   mom:  5   Ent:8381
=== Sucessful r9essai
=>  1 iters (-95685.74) -> 3
 theta:  1   mom:  6   Ent:8864
=>  2 iters (-100847.65) -> 3
 theta:  1   mom:  7   Ent:8331
=>  2 iters (-90540.36) -> 3
 theta:  1   mom:  8   Ent:11065
=>  1 iters (-117988.15) -> 3
 theta:  1   mom:  9   Ent:9555
=>  2 iters (-98171.55) -> 2
 theta:  1   mom: 10   Ent:5300
=>  1 iters (-49489.95) -> 3
 theta:  1   mom: 11   Ent:6660
=== Sucessful r9essai
=>  2 iters (-62548.06) -> 2
 theta:  1   mom: 12   Ent:8105
=>  1 iters (-77503.26) -> 3
 theta:  1   mom: 13   Ent:5627
=== Sucessful r9essai
=>  2 iters (-51334.63) -> 2
 theta:  1   mom: 14   Ent:5830
=>  2 iters (-52363.49) -> 3
 theta:  2   mom:  0   Ent:0
 theta:  2   mom:  1   Ent:320
=>  2 iters (0.00) -> 1
 theta:  2   mom:  2   Ent:5767
=>  1 iters (-24469.38) -> 3
 theta:  2   mom:  3   Ent:8681
=>  1 iters (-97910.30) -> 3
 theta:  2   mom:  4   Ent:5510
=== Sucessful r9essai
=>  1 iters (-62399.50) -> 3
 theta:  2   mom:  5   Ent:11489
=>  2 iters (-138855.67) -> 3
 theta:  2   mom:  6   Ent:11500
=>  2 iters (-136783.68) -> 2
 theta:  2   mom:  7   Ent:10284
=== Sucessful r9essai
=>  1 iters (-115794.34) -> 3
 theta:  2   mom:  8   Ent:13052
=>  1 iters (-142947.56) -> 3
 theta:  2   mom:  9   Ent:10756
=>  2 iters (-112383.69) -> 3
 theta:  2   mom: 10   Ent:5787
=>  2 iters (-54505.87) -> 3
 theta:  2   mom: 11   Ent:7168
=>  2 iters (-67820.33) -> 3
 theta:  2   mom: 12   Ent:8480
=>  1 iters (-81845.25) -> 3
 theta:  2   mom: 13   Ent:5803
=== Sucessful r9essai
=>  2 iters (-53200.15) -> 2
 theta:  2   mom: 14   Ent:5929
=== Sucessful r9essai
=>  1 iters (-53324.50) -> 3
 theta:  3   mom:  0   Ent:0
 theta:  3   mom:  1   Ent:1
 theta:  3   mom:  2   Ent:35
 FUNCTION MUST BE MINIMIZED BEFORE CALLING IMProve   
=>  1 iters (-38.39) -> 3
 theta:  3   mom:  3   Ent:17
 theta:  3   mom:  4   Ent:8
 theta:  3   mom:  5   Ent:8
 theta:  3   mom:  6   Ent:1

Fits of LAMBDA sample for p efficiency:
 theta:  0   mom:  0   Ent:0
 theta:  0   mom:  1   Ent:188
=>  2 iters (0.00) -> 1
 theta:  0   mom:  2   Ent:4196
=>  1 iters (-20211.58) -> 3
 theta:  0   mom:  3   Ent:7662
=>  1 iters (-92142.78) -> 3
 theta:  0   mom:  4   Ent:4879
=>  1 iters (-59232.29) -> 3
 theta:  0   mom:  5   Ent:11124
=>  1 iters (-147598.14) -> 3
 theta:  0   mom:  6   Ent:11497
=>  2 iters (-147001.34) -> 2
 theta:  0   mom:  7   Ent:11030
=>  2 iters (-136657.18) -> 2
 theta:  0   mom:  8   Ent:14678
=>  2 iters (-177940.54) -> 2
 theta:  0   mom:  9   Ent:12512
=== Sucessful r9essai
=>  2 iters (-143482.62) -> 2
 theta:  0   mom: 10   Ent:7168
=>  1 iters (-76377.69) -> 3
 theta:  0   mom: 11   Ent:9225
=>  2 iters (-100047.09) -> 3
 theta:  0   mom: 12   Ent:11846
=>  2 iters (-131174.57) -> 3
 theta:  0   mom: 13   Ent:7962
=== Sucessful r9essai
=>  2 iters (-82468.04) -> 3
 theta:  0   mom: 14   Ent:8797
=== Sucessful r9essai
=>  2 iters (-85971.77) -> 2
 theta:  1   mom:  0   Ent:0
 theta:  1   mom:  1   Ent:179
=>  2 iters (0.00) -> 1
 theta:  1   mom:  2   Ent:4021
=>  1 iters (-19260.09) -> 3
 theta:  1   mom:  3   Ent:7331
=>  1 iters (-87876.44) -> 3
 theta:  1   mom:  4   Ent:4618
=>  2 iters (-55503.81) -> 2
 theta:  1   mom:  5   Ent:10470
=>  2 iters (-138225.66) -> 2
 theta:  1   mom:  6   Ent:10667
=>  2 iters (-135939.65) -> 2
 theta:  1   mom:  7   Ent:10145
=>  2 iters (-125537.24) -> 2
 theta:  1   mom:  8   Ent:13312
=== Sucessful r9essai
=>  2 iters (-159573.80) -> 2
 theta:  1   mom:  9   Ent:11143
=>  2 iters (-126448.01) -> 3
 theta:  1   mom: 10   Ent:6279
=>  2 iters (-65812.07) -> 2
 theta:  1   mom: 11   Ent:7990
=>  2 iters (-85656.93) -> 3
 theta:  1   mom: 12   Ent:10023
=>  2 iters (-109302.48) -> 2
 theta:  1   mom: 13   Ent:6560
=>  2 iters (-67334.34) -> 2
 theta:  1   mom: 14   Ent:6875
=>  1 iters (-65790.42) -> 3
 theta:  2   mom:  0   Ent:0
 theta:  2   mom:  1   Ent:311
=>  2 iters (0.00) -> 1
 theta:  2   mom:  2   Ent:6521
=>  1 iters (-32387.47) -> 3
 theta:  2   mom:  3   Ent:11044
=>  1 iters (-139882.85) -> 3
 theta:  2   mom:  4   Ent:6687
=>  2 iters (-85948.88) -> 3
 theta:  2   mom:  5   Ent:14546
=>  2 iters (-202768.33) -> 2
 theta:  2   mom:  6   Ent:14141
=== Sucessful r9essai
=>  2 iters (-188732.27) -> 2
 theta:  2   mom:  7   Ent:12854
=>  2 iters (-164925.91) -> 2
 theta:  2   mom:  8   Ent:15940
=>  1 iters (-196410.09) -> 3
 theta:  2   mom:  9   Ent:12763
=== Sucessful r9essai
=>  2 iters (-148230.70) -> 3
 theta:  2   mom: 10   Ent:7013
=>  1 iters (-74804.46) -> 3
 theta:  2   mom: 11   Ent:8658
=== Sucessful r9essai
=>  2 iters (-94234.05) -> 3
 theta:  2   mom: 12   Ent:10570
=== Sucessful r9essai
=>  1 iters (-116554.97) -> 3
 theta:  2   mom: 13   Ent:6803
=>  2 iters (-70171.46) -> 3
 theta:  2   mom: 14   Ent:7005
=>  1 iters (-67212.78) -> 3
 theta:  3   mom:  0   Ent:0
 theta:  3   mom:  1   Ent:8
 theta:  3   mom:  2   Ent:40
 FUNCTION MUST BE MINIMIZED BEFORE CALLING IMProve   
 FUNCTION MUST BE MINIMIZED BEFORE CALLING IMProve   
=>  2 iters (-93.34) -> 3
 theta:  3   mom:  3   Ent:26
=>  1 iters (-145.13) -> 3
 theta:  3   mom:  4   Ent:21
 theta:  3   mom:  5   Ent:13
 theta:  3   mom:  6   Ent:6
p,t,i: 0,1,2 Empty
p,t,i: 0,1,3 Empty
p,t,i: 0,1,4 Empty
p,t,i: 0,1,5 Empty
p,t,i: 0,2,2 Empty
p,t,i: 0,2,3 Empty
p,t,i: 0,2,4 Empty
p,t,i: 0,2,5 Empty
p,t,i: 1,1,2 Empty
p,t,i: 1,1,3 Empty
p,t,i: 1,2,2 Empty
p,t,i: 1,2,3 Empty
0 1 0 0.915673 0.963301 0.970245 0.975975 0.97737 0.978918 0.980286 0.982569 0.985533 0.986516 0.988905 0.987482 0.97373 0.958765 0.914598 
0 2 0 0 0 1.25654e-05 0.000532547 0.00142071 0.00138969 0.00164676 0.00184435 0.00134816 0.00181098 0.00210328 0.00306964 0.0054857 0.00707965 0.0127533 
0 3 0 0.0843273 0.0366989 0.0297428 0.0233977 0.0208764 0.0193928 0.0177457 0.0151293 0.0124712 0.00815044 0.0046 0.00272359 0.00652646 0.00415129 0.0049799 
0 4 0 0 0 0 9.4382e-05 0.000332427 0.000299643 0.000321777 0.000457151 0.000647616 0.00352239 0.00439207 0.00672463 0.0142577 0.030004 0.0676686 
0 1 1 0.932973 0.966605 0.970942 0.976034 0.978619 0.979242 0.980229 0.983182 0.986119 0.986132 0.989415 0.988084 0.975066 0.95897 0.926702 
0 2 1 0 0 1.28298e-05 0.000534402 0.00150379 0.00145445 0.00171525 0.00185468 0.00155023 0.00177025 0.0020047 0.00277149 0.00550788 0.00777091 0.0107552 
0 3 1 0.0670271 0.0333952 0.0290448 0.0233292 0.0195821 0.0189829 0.0177819 0.0145224 0.0116473 0.00890546 0.00453817 0.00278287 0.0069114 0.00490641 0.00338431 
0 4 1 0 0 0 0.000102362 0.000294769 0.000320912 0.000273906 0.000441394 0.000683667 0.00319205 0.00404244 0.00636171 0.0125149 0.0283529 0.0591583 
0 1 2 0.938248 0.966959 0.970587 0.97551 0.977338 0.978128 0.978834 0.981834 0.985299 0.985442 0.989581 0.988147 0.974666 0.959372 0.927991 
0 2 2 0 0 1.54872e-05 0.00064418 0.00176401 0.00178899 0.001727 0.0020596 0.00158154 0.00171675 0.0016286 0.00256885 0.00547154 0.00800452 0.0103594 
0 3 2 0.0617519 0.0330405 0.0293971 0.0237117 0.0205198 0.019684 0.0191486 0.0156809 0.0124465 0.00973575 0.00503658 0.00267041 0.00722845 0.00488901 0.00325677 
0 4 2 0 0 0 0.00013421 0.000377797 0.000399304 0.000290357 0.000425404 0.000672728 0.00310539 0.0037541 0.00661352 0.0126337 0.0277348 0.0583932 
0 1 3 0.860942 0.884298 0.843167 0.908157 
0 2 3 0 0 0 0 
0 3 3 0.139058 0.115702 0.156833 0.0918432 
0 4 3 0 0 0 0 
1 1 0 0.911721 0.961036 0.970035 0.976226 0.978716 0.97734 0.981134 0.981701 0.983467 0.986089 0.991359 0.983963 0.969733 0.956867 0.911572 
1 2 0 0 0 1.19472e-14 0.000498172 0.000817027 0.00185738 0.00170715 0.0021921 0.00109785 0.00244867 0.000256676 0.00342239 0.00692441 0.01104 0.0104177 
1 3 0 0.0882787 0.0389644 0.0299649 0.0231968 0.0204667 0.0204642 0.0164871 0.0154983 0.0150024 0.0077429 0.00285909 0.00540728 0.00812771 0.00538135 0.00555108 
1 4 0 0 0 0 7.90277e-05 3.80003e-12 0.000338278 0.000672229 0.000608508 0.000432915 0.00371941 0.00552503 0.00720759 0.015215 0.0267117 0.0724591 
1 1 1 0.92827 0.964535 0.970667 0.976709 0.978496 0.97771 0.981714 0.98185 0.984208 0.987399 0.991113 0.984456 0.972252 0.958382 0.922599 
1 2 1 0 0 0 0.0005274 0.000894967 0.00190275 0.00181792 0.00224503 0.00101268 0.00215891 0.00054164 0.00337765 0.00590827 0.0098119 0.0103946 
1 3 1 0.0717299 0.035465 0.0293333 0.0226798 0.0206086 0.0200767 0.0157361 0.0152408 0.0143516 0.00705587 0.00265054 0.00588786 0.00834741 0.00521613 0.00386575 
1 4 1 0 0 0 8.3558e-05 7.32453e-10 0.000310466 0.000731968 0.000664192 0.000428219 0.00338582 0.00569502 0.0062784 0.0134927 0.0265902 0.0631408 
1 1 2 0.934339 0.965136 0.970239 0.976454 0.977418 0.976834 0.980829 0.980252 0.983228 0.986518 0.990612 0.984297 0.972605 0.958249 0.923566 
1 2 2 0 0 0 0.000519748 0.00119504 0.00224393 0.0020051 0.00252261 0.00109276 0.00266452 0.00083353 0.00369061 0.00532442 0.00993656 0.010383 
1 3 2 0.0656605 0.0348637 0.0297608 0.0229284 0.0213871 0.0205878 0.0163514 0.016481 0.0151627 0.00728156 0.00279709 0.00583496 0.00872575 0.00495866 0.0032739 
1 4 2 0 0 0 9.78122e-05 9.31053e-12 0.000333763 0.000814397 0.000744135 0.000516055 0.00353588 0.00575776 0.0061776 0.0133451 0.0268555 0.0627776 
1 1 3 0.860281 0.877676 0.861254 0.755938 
1 2 3 0 0 1.71701e-10 0.00991643 
1 3 3 0.139719 0.122324 0.138746 0.234145 
1 4 3 0 0 0 0 
2 1 0 0.108726 0.0626125 0.0307875 0.0383361 0.0191472 0.0271252 1.56481e-06 0.0199139 0.0192459 0.0205773 0.0624818 0.129571 0.239065 
2 2 0 0.00582467 0.613599 0.877235 0.910683 0.946348 0.957534 0.977453 0.960906 0.958519 0.940555 0.852866 0.700068 0.422071 
2 3 0 0.885449 0.32165 0.0890519 0.0482697 0.0309895 0.0147122 0.0171952 0.00749543 0.00938647 0.00177761 0.00922594 0.00733369 0.00672346 
2 4 0 5.34072e-12 0.00213836 0.00292549 0.00271078 0.00351501 0.000628268 0.00535001 0.0116843 0.0128487 0.0370902 0.0754265 0.163028 0.33214 
2 1 1 0.0996595 0.0490388 0.0124887 0.0300343 0.013598 0.0279351 0.00537323 0.000735078 0.0230625 0.0200273 0.0215577 0.0724037 0.158242 
2 2 1 0.00595992 0.631201 0.901567 0.928023 0.958389 0.962278 0.974882 0.98414 0.958994 0.953029 0.914436 0.783643 0.51673 
2 3 1 0.894381 0.318228 0.0842545 0.0395738 0.0258658 0.00930518 0.0163241 0.0071813 0.00853618 0.00388097 0.00918015 0.0084416 0.00660749 
2 4 1 3.83749e-17 0.00153288 0.00168994 0.00236888 0.00214724 0.000481379 0.00342089 0.00794326 0.00940784 0.0230623 0.054826 0.135512 0.318421 
2 1 2 0.0877635 0.0330556 0.0145899 0.0173922 0.00304098 0.0283012 1.89555e-07 5.13504e-08 0.0215667 0.0210657 0.0223839 0.0714457 0.157493 
2 2 2 0.00656994 0.661729 0.913003 0.944061 0.96816 0.96038 0.979472 0.985633 0.961664 0.952249 0.914469 0.7832 0.516885 
2 3 2 0.905667 0.303455 0.0709575 0.0365576 0.0268404 0.0108141 0.018028 0.00686452 0.00832985 0.00420569 0.00923502 0.00856485 0.00658652 
2 4 2 2.6246e-13 0.00175974 0.00144968 0.00198929 0.00195863 0.000504954 0.00250004 0.00750271 0.00843947 0.0224796 0.0539122 0.136789 0.319035 
2 1 3 0.1819 0.0353713 0.103337 0.207613 2.89786e-08 
2 2 3 0.00605678 0.446011 4.14755e-08 0.670148 0.425923 
2 3 3 0.812043 0.518618 0.896663 0.122239 0.574077 
2 4 3 0 0 0 0 0 
3 1 0 0.105337 0.0842446 0.088366 0.00731258 0.0445147 0.0158426 0.0164072 0.0202701 0.0379669 0.0428788 0.0729485 0.118601 0.24946 
3 2 0 0.00547681 0.58475 0.835042 0.953185 0.913072 0.940608 0.961302 0.950482 0.933613 0.91328 0.8491 0.712952 0.428386 
3 3 0 0.889187 0.329707 0.0724612 0.0371746 0.0383849 0.0423518 0.0188441 0.0179342 0.00820912 0.0136985 0.0115205 0.00627861 0.0126374 
3 4 0 0 0.00129819 0.00413096 0.00232783 0.00402795 0.00119752 0.00344685 0.011314 0.0202108 0.0301431 0.0664308 0.162168 0.309517 
3 1 1 0.0962444 0.071101 0.0768681 0.000691228 0.0340963 0.0116613 0.0113338 1.02434e-06 0.0319712 0.0232715 0.0430998 0.0618735 0.138395 
3 2 1 0.00566855 0.606452 0.852522 0.964194 0.927121 0.951985 0.970402 0.971189 0.94307 0.941969 0.89137 0.794915 0.533596 
3 3 1 0.898087 0.320991 0.0671879 0.0326821 0.0351653 0.0350748 0.0148622 0.0200381 0.0107657 0.0142998 0.0125367 0.00804775 0.0143435 
3 4 1 0 0.00145575 0.00342224 0.00243223 0.00361773 0.00127933 0.00340237 0.00877157 0.0141928 0.0204601 0.0529939 0.135163 0.313666 
3 1 2 0.0852766 0.0564895 0.067449 1.19201e-07 0.0277461 0.0106891 0.00614432 4.95323e-10 0.0289695 0.025804 0.0422906 0.0611085 0.137888 
3 2 2 0.0060662 0.639899 0.869045 0.971076 0.936881 0.949862 0.974653 0.973867 0.947385 0.941989 0.892614 0.794969 0.535414 
3 3 2 0.908657 0.302072 0.0601021 0.0268732 0.0321925 0.0381252 0.0161051 0.018115 0.010365 0.010872 0.0120351 0.00972747 0.014276 
3 4 2 0 0.00153954 0.00340414 0.00205112 0.00318068 0.00132392 0.00309768 0.00801754 0.0132801 0.0213349 0.0530599 0.134195 0.312422 
3 1 3 0.00790617 2.317e-14 0.117438 0.246989 
3 2 3 0.00477625 0.438826 0.29404 0.628964 
3 3 3 0.987318 0.561174 0.588522 0.124047 
3 4 3 0 0 0 0 
4 1 0 0 0.505419 0.169579 0.156604 0.155144 0.16402 0.182519 0.110237 0.0689737 0.013496 0.0296311 0.0255903 0.0161777 0.0346813 
4 2 0 0 4.6999e-10 0.0203322 0.0289527 0.0368087 0.0542437 0.058433 0.0391549 0.0329656 0.00600874 0.0102016 0.0127079 0.0215954 0.0284019 
4 3 0 0 0.494581 0.810089 0.811438 0.804648 0.777057 0.748758 0.843593 0.886871 0.962045 0.945032 0.950368 0.935271 0.910935 
4 4 0 0 0 0 0.00300504 0.00339981 0.00467942 0.01029 0.0070149 0.0111894 0.0184508 0.0151353 0.0113334 0.0269562 0.0259819 
4 1 1 0 0.496201 0.165484 0.148854 0.149178 0.15021 0.178041 0.098196 0.0571665 0.0136828 0.0413759 0.0311437 0.0150778 0.0375129 
4 2 1 0 1.01696e-08 0.0211041 0.0284607 0.03582 0.0559023 0.0585013 0.0387675 0.033501 0.00176625 0.00935862 0.0171926 0.0207642 0.0230952 
4 3 1 0 0.503799 0.813412 0.819507 0.811386 0.789222 0.752819 0.85587 0.897961 0.966237 0.936896 0.941079 0.938415 0.915515 
4 4 1 0 0 0 0.00317816 0.00361608 0.00466568 0.0106393 0.00716668 0.0113715 0.0183142 0.012369 0.0105849 0.0257433 0.0238773 
4 1 2 0 0.494067 0.15312 0.14024 0.138112 0.139676 0.160909 0.0862502 0.0588856 0.0102025 0.0423014 0.035961 0.0215974 0.0396445 
4 2 2 0 8.7739e-10 0.0243142 0.0274397 0.0385533 0.0560361 0.0623712 0.0379428 0.0324469 0.00279515 0.00961704 0.0175421 0.0198293 0.0244654 
4 3 2 0 0.505933 0.822566 0.829767 0.819848 0.799942 0.765976 0.869585 0.898078 0.968011 0.934975 0.936346 0.933548 0.912626 
4 4 2 0 0 0 0.00255296 0.00348697 0.00434554 0.0107437 0.00622209 0.0105896 0.0189909 0.0131064 0.0101512 0.0250254 0.023264 
4 1 3 0.132887 
4 2 3 0 
4 3 3 0.867113 
4 4 3 0 
5 1 0 0 0.156911 0.155282 0.116409 0.142147 0.147856 0.135476 0.109995 0.0565617 0.0407603 0.0426563 0.0414981 0.0176702 0.0178947 
5 2 0 0 3.35886e-15 0.0188977 0.0341355 0.0253864 0.0475832 0.0541462 0.0415123 0.0144166 0.00694009 6.64113e-07 0.0103546 0.0238605 0.0174934 
5 3 0 0 0.843089 0.825162 0.848487 0.829157 0.800896 0.802972 0.841107 0.914214 0.93578 0.94503 0.935027 0.939122 0.940728 
5 4 0 0 0 0.000658701 0.000968028 0.00330967 0.00366471 0.00740533 0.00738562 0.0148076 0.01652 0.012313 0.0131201 0.0193474 0.0238842 
5 1 1 0 0.119973 0.147824 0.107671 0.134347 0.140199 0.131626 0.0957619 0.0517681 0.0309124 0.038414 0.0394572 0.0286115 0.0202887 
5 2 1 0 3.41232e-10 0.0197998 0.0345676 0.0264325 0.0489282 0.0564777 0.0418253 0.0151589 0.0080126 6.25705e-09 0.0102989 0.026134 0.0124432 
5 3 1 0 0.880027 0.831687 0.856741 0.835926 0.807175 0.80419 0.856296 0.917931 0.947414 0.949534 0.937015 0.92696 0.949985 
5 4 1 0 0 0.00068876 0.00101992 0.00329509 0.00369872 0.0077063 0.00611644 0.0151419 0.0136614 0.0120518 0.0132287 0.0182949 0.0172832 
5 1 2 0 0.131133 0.13817 0.0983049 0.119957 0.127353 0.118897 0.0882939 0.0453421 0.0291873 0.0372643 0.038275 0.0319668 0.0160967 
5 2 2 0 1.13236e-16 0.0227581 0.0401162 0.0267652 0.0515623 0.0538607 0.03999 0.0153356 0.00905723 2.47924e-10 0.00926705 0.0261809 0.0123155 
5 3 2 0 0.868867 0.838397 0.860224 0.849615 0.818258 0.821124 0.865982 0.924034 0.948765 0.9507 0.938921 0.924164 0.954967 
5 4 2 0 0 0.000674372 0.00135467 0.00366268 0.00282597 0.00611852 0.00573361 0.0152888 0.0129901 0.0120359 0.0135367 0.0176879 0.0166208 
5 1 3 1.33344e-06 3.61493e-08 
5 2 3 4.32695e-15 3.89192e-07 
5 3 3 0.999999 1 
5 4 3 0 0 
