
[1mRooFit v3.60 -- Developed by Wouter Verkerke and David Kirkby[0m 
                Copyright (C) 2000-2013 NIKHEF, University of California & Stanford University
                All rights reserved, please read http://roofit.sourceforge.net/license.txt

analysis: K0L
data_file: /sps/compass/02/yann/2016.fix/P07
data_template: hist
data_firstfile_nb: 270000
data_lastfile_nb: 276318
fit_type: all
merged_h: false
cols_theta_bin: true
remove_richpipe: false
hist_file_iphi: ./hist_iphi_08_10.root
hist_file_ephi: ./hist_ephi_08_10.root
hist_file_K0: ./hist_K0_08_10.root
hist_file_Lam: ./hist_Lambda_08_10.root
out_file: rich_08_10.root
remove_richpipe: true
thr_diff: 5
LH_pi_K: 1.0
LH_pi_p: 1.0
LH_pi_bg: 2.0
LH_K_pi: 1.06
LH_K_p: 1.06
LH_K_bg: 2.0
LH_bthr_p_pi: 1.
LH_bthr_p_K: 1.
LH_bthr_p_pi_bg: 2.3
LH_bthr_p_K_bg: 3.0
LH_bthr_m_pi_bg: 2.2
LH_bthr_m_K_bg: 2.9
LH_athr_p_pi: 1.
LH_athr_p_K: 1.
LH_athr_p_bg: 1.
max_retry: 100
line_width: 2
sidebins: false
=====================
lh_cut[i][j]:
[0][0] -1.00 [0][1]  1.00 [0][2]  1.00 [0][3] -1.00 [0][4] -1.00 [0][5]  2.00 
[1][0]  1.06 [1][1] -1.00 [1][2]  1.06 [1][3] -1.00 [1][4] -1.00 [1][5]  2.00 
[2][0]  1.00 [2][1]  1.00 [2][2] -1.00 [2][3] -1.00 [2][4] -1.00 [2][5] -1.00 
[3][0]  1.00 [3][1]  1.00 [3][2] -1.00 [3][3] -1.00 [3][4] -1.00 [3][5]  1.00 
[4][0]  2.30 [4][1]  3.00 [4][2]  2.20 [4][3]  2.90 [4][4] -1.00 [4][5] -1.00 

Fits of K0 sample for pi- efficiency:
 theta:  0   mom:  0   Ent:83768
=>  1 iters (-1847247.63) -> 3
 theta:  0   mom:  1   Ent:70112
=>  1 iters (-1595304.78) -> 3
 theta:  0   mom:  2   Ent:83041
=>  1 iters (-1945865.75) -> 3
 theta:  0   mom:  3   Ent:42381
=>  1 iters (-940377.21) -> 3
 theta:  0   mom:  4   Ent:18284
=>  1 iters (-374890.86) -> 3
 theta:  0   mom:  5   Ent:31399
=>  1 iters (-675342.54) -> 3
 theta:  0   mom:  6   Ent:25292
=== Sucessful r9essai
=>  2 iters (-530896.40) -> 3
 theta:  0   mom:  7   Ent:20174
=>  1 iters (-409970.69) -> 3
 theta:  0   mom:  8   Ent:23294
=>  1 iters (-470122.19) -> 3
 theta:  0   mom:  9   Ent:17269
=>  1 iters (-332094.05) -> 3
 theta:  0   mom: 10   Ent:9374
=>  1 iters (-166611.13) -> 3
 theta:  0   mom: 11   Ent:11228
=>  1 iters (-202524.18) -> 3
 theta:  0   mom: 12   Ent:13122
=>  1 iters (-237255.08) -> 3
 theta:  0   mom: 13   Ent:8042
=>  1 iters (-133941.40) -> 3
 theta:  0   mom: 14   Ent:7971
=>  1 iters (-129770.64) -> 3
 theta:  1   mom:  0   Ent:64913
=>  1 iters (-1384742.20) -> 3
 theta:  1   mom:  1   Ent:66233
=>  1 iters (-1499095.61) -> 3
 theta:  1   mom:  2   Ent:79942
=>  1 iters (-1867469.24) -> 3
 theta:  1   mom:  3   Ent:40360
=== Sucessful r9essai
=>  2 iters (-891607.25) -> 3
 theta:  1   mom:  4   Ent:17247
=>  1 iters (-351586.52) -> 3
 theta:  1   mom:  5   Ent:29397
=>  1 iters (-628405.90) -> 3
 theta:  1   mom:  6   Ent:23419
=== Sucessful r9essai
=>  1 iters (-487777.22) -> 3
 theta:  1   mom:  7   Ent:18519
=>  1 iters (-373176.92) -> 3
 theta:  1   mom:  8   Ent:20976
=>  1 iters (-419155.29) -> 3
 theta:  1   mom:  9   Ent:15386
=>  1 iters (-292203.28) -> 3
 theta:  1   mom: 10   Ent:8199
=>  1 iters (-143157.80) -> 3
 theta:  1   mom: 11   Ent:9708
=>  1 iters (-172186.28) -> 3
 theta:  1   mom: 12   Ent:10954
=>  1 iters (-194259.13) -> 3
 theta:  1   mom: 13   Ent:6492
=>  1 iters (-105427.59) -> 3
 theta:  1   mom: 14   Ent:6101
=>  1 iters (-96897.21) -> 3
 theta:  2   mom:  0   Ent:122259
=>  1 iters (-2748000.93) -> 3
 theta:  2   mom:  1   Ent:118497
=>  1 iters (-2816554.26) -> 3
 theta:  2   mom:  2   Ent:130871
=== Sucessful r9essai
=>  2 iters (-3185918.16) -> 3
 theta:  2   mom:  3   Ent:60025
=>  1 iters (-1373900.79) -> 3
 theta:  2   mom:  4   Ent:24106
=== Sucessful r9essai
=>  1 iters (-507086.11) -> 3
 theta:  2   mom:  5   Ent:39132
=>  2 iters (-858240.00) -> 3
 theta:  2   mom:  6   Ent:29472
=>  1 iters (-626026.21) -> 3
 theta:  2   mom:  7   Ent:22285
=>  1 iters (-455708.72) -> 3
 theta:  2   mom:  8   Ent:24091
=>  1 iters (-486662.09) -> 3
 theta:  2   mom:  9   Ent:16976
=>  1 iters (-324442.61) -> 3
 theta:  2   mom: 10   Ent:8866
=>  1 iters (-155568.34) -> 3
 theta:  2   mom: 11   Ent:10299
=== Sucessful r9essai
=>  1 iters (-183312.65) -> 3
 theta:  2   mom: 12   Ent:11395
=>  1 iters (-202616.34) -> 3
 theta:  2   mom: 13   Ent:6653
=>  1 iters (-108194.83) -> 3
 theta:  2   mom: 14   Ent:6169
=>  2 iters (-98094.31) -> 3
 theta:  3   mom:  0   Ent:18350
=>  1 iters (-366078.85) -> 3
 theta:  3   mom:  1   Ent:2855
=>  1 iters (-47704.06) -> 3
 theta:  3   mom:  2   Ent:720
=>  1 iters (-9869.74) -> 3
 theta:  3   mom:  3   Ent:88
=>  1 iters (-845.35) -> 3
 theta:  3   mom:  4   Ent:15
 theta:  3   mom:  5   Ent:11
 theta:  3   mom:  6   Ent:11

Fits of K0 sample for pi+ efficiency:
 theta:  0   mom:  0   Ent:84202
=>  1 iters (-1857662.16) -> 3
 theta:  0   mom:  1   Ent:70672
=>  1 iters (-1610603.41) -> 3
 theta:  0   mom:  2   Ent:82781
=>  1 iters (-1938920.15) -> 3
 theta:  0   mom:  3   Ent:42894
=>  1 iters (-951214.00) -> 3
 theta:  0   mom:  4   Ent:18618
=>  1 iters (-381503.00) -> 3
 theta:  0   mom:  5   Ent:31428
=== Sucessful r9essai
=>  1 iters (-674491.24) -> 3
 theta:  0   mom:  6   Ent:25595
=== Sucessful r9essai
=>  3 iters (-536478.86) -> 3
 theta:  0   mom:  7   Ent:20421
=>  1 iters (-414131.02) -> 3
 theta:  0   mom:  8   Ent:23417
=>  1 iters (-470880.29) -> 3
 theta:  0   mom:  9   Ent:17628
=== Sucessful r9essai
=>  2 iters (-336892.68) -> 3
 theta:  0   mom: 10   Ent:9540
=>  1 iters (-169340.56) -> 3
 theta:  0   mom: 11   Ent:11423
=>  1 iters (-204544.58) -> 3
 theta:  0   mom: 12   Ent:13116
=>  1 iters (-233017.48) -> 3
 theta:  0   mom: 13   Ent:8167
=>  1 iters (-134003.28) -> 3
 theta:  0   mom: 14   Ent:8008
=>  1 iters (-128450.93) -> 3
 theta:  1   mom:  0   Ent:65332
=>  1 iters (-1395898.51) -> 3
 theta:  1   mom:  1   Ent:66810
=>  1 iters (-1514586.16) -> 3
 theta:  1   mom:  2   Ent:79740
=>  1 iters (-1862056.72) -> 3
 theta:  1   mom:  3   Ent:40903
=>  1 iters (-903187.55) -> 3
 theta:  1   mom:  4   Ent:17591
=>  1 iters (-358314.94) -> 3
 theta:  1   mom:  5   Ent:29460
=>  1 iters (-628217.96) -> 3
 theta:  1   mom:  6   Ent:23686
=== Sucessful r9essai
=>  1 iters (-492418.26) -> 3
 theta:  1   mom:  7   Ent:18653
=>  1 iters (-374593.58) -> 3
 theta:  1   mom:  8   Ent:21119
=>  1 iters (-420151.65) -> 3
 theta:  1   mom:  9   Ent:15670
=> 101 iters (-295191.46) -> 3
 theta:  1   mom: 10   Ent:8370
=>  1 iters (-146096.51) -> 3
 theta:  1   mom: 11   Ent:9875
=>  1 iters (-174016.98) -> 3
 theta:  1   mom: 12   Ent:11087
=>  1 iters (-193425.54) -> 3
 theta:  1   mom: 13   Ent:6667
=>  1 iters (-107036.24) -> 3
 theta:  1   mom: 14   Ent:6273
=>  1 iters (-98087.39) -> 3
 theta:  2   mom:  0   Ent:122934
=>  1 iters (-2766699.50) -> 3
 theta:  2   mom:  1   Ent:119641
=>  1 iters (-2846127.00) -> 3
 theta:  2   mom:  2   Ent:130866
=>  1 iters (-3185316.55) -> 3
 theta:  2   mom:  3   Ent:60650
=== Sucessful r9essai
=>  1 iters (-1385704.66) -> 3
 theta:  2   mom:  4   Ent:24579
=>  1 iters (-516364.16) -> 3
 theta:  2   mom:  5   Ent:39312
=>  2 iters (-859051.39) -> 3
 theta:  2   mom:  6   Ent:29892
=>  1 iters (-633516.79) -> 3
 theta:  2   mom:  7   Ent:22415
=>  1 iters (-456451.44) -> 3
 theta:  2   mom:  8   Ent:24339
=== Sucessful r9essai
=> 37 iters (-488913.24) -> 3
 theta:  2   mom:  9   Ent:17391
=>  1 iters (-329051.61) -> 3
 theta:  2   mom: 10   Ent:9025
=>  1 iters (-158047.50) -> 3
 theta:  2   mom: 11   Ent:10517
=== Sucessful r9essai
=>  1 iters (-185999.23) -> 3
 theta:  2   mom: 12   Ent:11612
=>  1 iters (-203328.42) -> 3
 theta:  2   mom: 13   Ent:6857
=>  1 iters (-110310.45) -> 3
 theta:  2   mom: 14   Ent:6350
=>  1 iters (-99362.79) -> 3
 theta:  3   mom:  0   Ent:18334
=>  1 iters (-364237.75) -> 3
 theta:  3   mom:  1   Ent:2841
=>  1 iters (-47508.73) -> 3
 theta:  3   mom:  2   Ent:711
=>  1 iters (-9725.67) -> 3
 theta:  3   mom:  3   Ent:93
=>  1 iters (-890.41) -> 3
 theta:  3   mom:  4   Ent:16
 theta:  3   mom:  5   Ent:16
 theta:  3   mom:  6   Ent:7

Fits of PHI sample for K- efficiency:
 theta:  0   mom:  2   Ent:406670
=== Sucessful r9essai
=> 101 iters (-2771963.82) -> 2
 theta:  0   mom:  3   Ent:155038
=== Sucessful r9essai
=>  6 iters (-1068477.20) -> 3
 theta:  0   mom:  4   Ent:59043
=== Sucessful r9essai
=== Sucessful r9essai
=== Sucessful r9essai
=> 10 iters (-386893.51) -> 3
 theta:  0   mom:  5   Ent:92190
=== Sucessful r9essai
=== Sucessful r9essai
=>  4 iters (-640063.97) -> 3
 theta:  0   mom:  6   Ent:67844
=== Sucessful r9essai
=> 52 iters (-466300.03) -> 3
 theta:  0   mom:  7   Ent:50254
=== Sucessful r9essai
=>  1 iters (-333681.69) -> 3
 theta:  0   mom:  8   Ent:52954
=== Sucessful r9essai
=>  4 iters (-353818.40) -> 3
 theta:  0   mom:  9   Ent:34881
=== Sucessful r9essai
=>  2 iters (-223669.34) -> 3
 theta:  0   mom: 10   Ent:16619
=== Sucessful r9essai
=>  1 iters (-98838.01) -> 3
 theta:  0   mom: 11   Ent:17824
=== Sucessful r9essai
=== Sucessful r9essai
=>  8 iters (-107376.99) -> 3
 theta:  0   mom: 12   Ent:17792
=>  1 iters (-108450.29) -> 3
 theta:  0   mom: 13   Ent:9409
=== Sucessful r9essai
=>  3 iters (-54222.69) -> 3
 theta:  0   mom: 14   Ent:7295
=== Sucessful r9essai
=>  2 iters (-43993.15) -> 3
 theta:  1   mom:  2   Ent:388726
=== Sucessful r9essai
=== Sucessful r9essai
=> 101 iters (-2647917.79) -> 2
 theta:  1   mom:  3   Ent:147718
=== Sucessful r9essai
=== Sucessful r9essai
=> 62 iters (-1012404.07) -> 3
 theta:  1   mom:  4   Ent:55650
=== Sucessful r9essai
=== Sucessful r9essai
=== Sucessful r9essai
=== Sucessful r9essai
=== Sucessful r9essai
=> 55 iters (-360094.23) -> 3
 theta:  1   mom:  5   Ent:86011
=== Sucessful r9essai
=== Sucessful r9essai
=== Sucessful r9essai
=>  6 iters (-592252.26) -> 3
 theta:  1   mom:  6   Ent:62431
=== Sucessful r9essai
=>  8 iters (-423237.93) -> 3
 theta:  1   mom:  7   Ent:45561
=== Sucessful r9essai
=>  9 iters (-297691.96) -> 3
 theta:  1   mom:  8   Ent:47214
=== Sucessful r9essai
=>  5 iters (-309171.47) -> 3
 theta:  1   mom:  9   Ent:30503
=== Sucessful r9essai
=>  3 iters (-190926.62) -> 3
 theta:  1   mom: 10   Ent:14208
=>  6 iters (-81425.76) -> 3
 theta:  1   mom: 11   Ent:15008
=>  1 iters (-86669.98) -> 3
 theta:  1   mom: 12   Ent:14423
=>  1 iters (-83096.35) -> 3
 theta:  1   mom: 13   Ent:7232
=== Sucessful r9essai
=>  1 iters (-38925.08) -> 3
 theta:  1   mom: 14   Ent:5142
=== Sucessful r9essai
=>  1 iters (-27992.82) -> 3
 theta:  2   mom:  2   Ent:643904
=== Sucessful r9essai
=> 21 iters (-4530704.33) -> 3
 theta:  2   mom:  3   Ent:221239
=== Sucessful r9essai
=== Sucessful r9essai
=== Sucessful r9essai
=== Sucessful r9essai
=> 34 iters (-1542952.09) -> 3
 theta:  2   mom:  4   Ent:78459
=== Sucessful r9essai
=> 10 iters (-514969.20) -> 3
 theta:  2   mom:  5   Ent:115182
=== Sucessful r9essai
=== Sucessful r9essai
=== Sucessful r9essai
=> 101 iters (-798701.14) -> 2
 theta:  2   mom:  6   Ent:78225
=== Sucessful r9essai
=>  7 iters (-533008.31) -> 3
 theta:  2   mom:  7   Ent:54127
=>  8 iters (-356008.51) -> 3
 theta:  2   mom:  8   Ent:53355
=== Sucessful r9essai
=> 10 iters (-350117.25) -> 3
 theta:  2   mom:  9   Ent:33061
=== Sucessful r9essai
=>  9 iters (-206595.36) -> 3
 theta:  2   mom: 10   Ent:15042
=>  1 iters (-85929.53) -> 3
 theta:  2   mom: 11   Ent:15602
=>  2 iters (-89378.13) -> 3
 theta:  2   mom: 12   Ent:14786
=>  1 iters (-84890.47) -> 3
 theta:  2   mom: 13   Ent:7323
=>  1 iters (-39444.46) -> 3
 theta:  2   mom: 14   Ent:5172
=>  1 iters (-28212.58) -> 3
 theta:  3   mom:  2   Ent:7034
=>  1 iters (-25708.77) -> 3
 theta:  3   mom:  3   Ent:529
=>  1 iters (-1274.72) -> 3
 theta:  3   mom:  4   Ent:90
=>  1 iters (-120.24) -> 3
 theta:  3   mom:  5   Ent:63
=>  1 iters (-54.48) -> 3
 theta:  3   mom:  6   Ent:31
=>  2 iters (-46.44) -> 3
 theta:  3   mom:  7   Ent:5
 theta:  3   mom:  8   Ent:6
 theta:  3   mom:  9   Ent:0
 theta:  3   mom: 10   Ent:0
 theta:  3   mom: 11   Ent:0
 theta:  3   mom: 12   Ent:0
 theta:  3   mom: 13   Ent:0
 theta:  3   mom: 14   Ent:0

Fits of PHI sample for K+ efficiency:
 theta:  0   mom:  2   Ent:340058
=== Sucessful r9essai
=> 31 iters (-2349957.38) -> 3
 theta:  0   mom:  3   Ent:133807
=== Sucessful r9essai
=== Sucessful r9essai
=> 101 iters (-929489.87) -> 2
 theta:  0   mom:  4   Ent:51881
=== Sucessful r9essai
=>  6 iters (-344168.18) -> 3
 theta:  0   mom:  5   Ent:82030
=== Sucessful r9essai
=>  5 iters (-579683.91) -> 3
 theta:  0   mom:  6   Ent:60766
=== Sucessful r9essai
=>  1 iters (-426453.04) -> 3
 theta:  0   mom:  7   Ent:46125
=== Sucessful r9essai
=== Sucessful r9essai
=== Sucessful r9essai
=> 19 iters (-311623.80) -> 3
 theta:  0   mom:  8   Ent:49897
=== Sucessful r9essai
=>  1 iters (-342203.76) -> 3
 theta:  0   mom:  9   Ent:32642
=== Sucessful r9essai
=>  8 iters (-212615.34) -> 3
 theta:  0   mom: 10   Ent:15573
=== Sucessful r9essai
=> 27 iters (-93512.52) -> 3
 theta:  0   mom: 11   Ent:17071
=== Sucessful r9essai
=== Sucessful r9essai
=== Sucessful r9essai
=== Sucessful r9essai
=> 22 iters (-105052.02) -> 3
 theta:  0   mom: 12   Ent:17108
=== Sucessful r9essai
=>  1 iters (-106493.37) -> 3
 theta:  0   mom: 13   Ent:8877
=>  2 iters (-52938.93) -> 3
 theta:  0   mom: 14   Ent:7238
=== Sucessful r9essai
=>  3 iters (-44961.67) -> 3
 theta:  1   mom:  2   Ent:324940
=> 101 iters (-2244661.83) -> 2
 theta:  1   mom:  3   Ent:127369
=> 101 iters (-881740.02) -> 2
 theta:  1   mom:  4   Ent:48918
=>  3 iters (-322417.07) -> 3
 theta:  1   mom:  5   Ent:76502
=== Sucessful r9essai
=>  9 iters (-535938.13) -> 3
 theta:  1   mom:  6   Ent:55954
=== Sucessful r9essai
=>  1 iters (-387709.13) -> 3
 theta:  1   mom:  7   Ent:41889
=== Sucessful r9essai
=== Sucessful r9essai
=> 13 iters (-278960.62) -> 3
 theta:  1   mom:  8   Ent:44474
=== Sucessful r9essai
=> 12 iters (-299455.83) -> 3
 theta:  1   mom:  9   Ent:28495
=== Sucessful r9essai
=>  5 iters (-180448.15) -> 3
 theta:  1   mom: 10   Ent:13264
=== Sucessful r9essai
=== Sucessful r9essai
=== Sucessful r9essai
=== Sucessful r9essai
=== Sucessful r9essai
=== Sucessful r9essai
=> 22 iters (-77167.28) -> 3
 theta:  1   mom: 11   Ent:14319
=> 101 iters (-84750.20) -> 2
 theta:  1   mom: 12   Ent:13911
=>  1 iters (-81727.75) -> 3
 theta:  1   mom: 13   Ent:6836
=== Sucessful r9essai
=== Sucessful r9essai
=>  4 iters (-38031.88) -> 3
 theta:  1   mom: 14   Ent:5109
=>  1 iters (-28786.42) -> 3
 theta:  2   mom:  2   Ent:538092
=> 101 iters (-3837311.19) -> 2
 theta:  2   mom:  3   Ent:190972
=> 101 iters (-1346449.98) -> 2
 theta:  2   mom:  4   Ent:68860
=== Sucessful r9essai
=>  8 iters (-459150.13) -> 3
 theta:  2   mom:  5   Ent:102149
=== Sucessful r9essai
=> 11 iters (-720475.60) -> 3
 theta:  2   mom:  6   Ent:69982
=>  2 iters (-487247.10) -> 3
 theta:  2   mom:  7   Ent:49681
=== Sucessful r9essai
=> 11 iters (-332510.41) -> 3
 theta:  2   mom:  8   Ent:50204
=== Sucessful r9essai
=> 17 iters (-337535.54) -> 3
 theta:  2   mom:  9   Ent:30866
=== Sucessful r9essai
=>  4 iters (-194264.73) -> 3
 theta:  2   mom: 10   Ent:14066
=>  1 iters (-81333.46) -> 3
 theta:  2   mom: 11   Ent:14884
=>  1 iters (-87467.63) -> 3
 theta:  2   mom: 12   Ent:14254
=== Sucessful r9essai
=>  1 iters (-83605.69) -> 3
 theta:  2   mom: 13   Ent:6935
=== Sucessful r9essai
=>  5 iters (-38496.60) -> 3
 theta:  2   mom: 14   Ent:5147
=>  1 iters (-28996.87) -> 3
 theta:  3   mom:  2   Ent:6035
=>  1 iters (-20991.28) -> 3
 theta:  3   mom:  3   Ent:462
=>  1 iters (-1152.65) -> 3
 theta:  3   mom:  4   Ent:77
=>  1 iters (-112.47) -> 3
 theta:  3   mom:  5   Ent:73
=>  1 iters (-144.89) -> 3
 theta:  3   mom:  6   Ent:17
 theta:  3   mom:  7   Ent:6
 theta:  3   mom:  8   Ent:3
 theta:  3   mom:  9   Ent:1
 theta:  3   mom: 10   Ent:0
 theta:  3   mom: 11   Ent:0
 theta:  3   mom: 12   Ent:0
 theta:  3   mom: 13   Ent:0
 theta:  3   mom: 14   Ent:0

Fits of LAMBDA sample for pbar efficiency:
 theta:  0   mom:  2   Ent:3490
=>  1 iters (-14070.37) -> 3
 theta:  0   mom:  3   Ent:5726
=>  1 iters (-61928.87) -> 3
 theta:  0   mom:  4   Ent:3718
=>  2 iters (-39280.29) -> 3
 theta:  0   mom:  5   Ent:8124
=>  1 iters (-92582.25) -> 3
 theta:  0   mom:  6   Ent:8911
=>  2 iters (-98583.92) -> 2
 theta:  0   mom:  7   Ent:8348
=>  1 iters (-90103.45) -> 3
 theta:  0   mom:  8   Ent:11337
=>  1 iters (-119357.65) -> 3
 theta:  0   mom:  9   Ent:9784
=>  2 iters (-100941.83) -> 3
 theta:  0   mom: 10   Ent:5695
=>  2 iters (-53287.59) -> 2
 theta:  0   mom: 11   Ent:7209
=>  1 iters (-69773.81) -> 3
 theta:  0   mom: 12   Ent:9092
=>  2 iters (-87090.96) -> 2
 theta:  0   mom: 13   Ent:6497
=== Sucessful r9essai
=== Sucessful r9essai
=>  2 iters (-59880.65) -> 3
 theta:  0   mom: 14   Ent:7214
=>  2 iters (-63931.05) -> 2
 theta:  1   mom:  2   Ent:3337
=>  2 iters (-13335.37) -> 3
 theta:  1   mom:  3   Ent:5483
=== Sucessful r9essai
=>  1 iters (-59151.36) -> 3
 theta:  1   mom:  4   Ent:3516
=>  1 iters (-37272.04) -> 3
 theta:  1   mom:  5   Ent:7607
=>  1 iters (-86191.85) -> 3
 theta:  1   mom:  6   Ent:8244
=>  2 iters (-91004.73) -> 3
 theta:  1   mom:  7   Ent:7679
=>  1 iters (-82609.83) -> 3
 theta:  1   mom:  8   Ent:10243
=== Sucessful r9essai
=>  1 iters (-107371.18) -> 3
 theta:  1   mom:  9   Ent:8734
=>  2 iters (-89181.41) -> 3
 theta:  1   mom: 10   Ent:4980
=>  1 iters (-46058.46) -> 3
 theta:  1   mom: 11   Ent:6201
=== Sucessful r9essai
=>  2 iters (-58431.91) -> 2
 theta:  1   mom: 12   Ent:7620
=>  2 iters (-72053.31) -> 2
 theta:  1   mom: 13   Ent:5209
=>  2 iters (-47542.85) -> 2
 theta:  1   mom: 14   Ent:5389
=>  2 iters (-47140.02) -> 3
 theta:  2   mom:  2   Ent:5356
=>  1 iters (-22278.61) -> 3
 theta:  2   mom:  3   Ent:8179
=>  1 iters (-92496.31) -> 3
 theta:  2   mom:  4   Ent:5014
=== Sucessful r9essai
=>  2 iters (-56526.64) -> 2
 theta:  2   mom:  5   Ent:10393
=>  1 iters (-124458.21) -> 3
 theta:  2   mom:  6   Ent:10710
=== Sucessful r9essai
=== Sucessful r9essai
=>  2 iters (-122988.44) -> 2
 theta:  2   mom:  7   Ent:9477
=>  2 iters (-105683.68) -> 3
 theta:  2   mom:  8   Ent:12080
=>  2 iters (-129951.12) -> 2
 theta:  2   mom:  9   Ent:9796
=>  2 iters (-101543.06) -> 3
 theta:  2   mom: 10   Ent:5445
=>  2 iters (-50853.43) -> 2
 theta:  2   mom: 11   Ent:6652
=>  2 iters (-63329.95) -> 2
 theta:  2   mom: 12   Ent:7979
=>  2 iters (-76106.74) -> 2
 theta:  2   mom: 13   Ent:5365
=>  2 iters (-49220.04) -> 2
 theta:  2   mom: 14   Ent:5488
=== Sucessful r9essai
=>  1 iters (-48153.09) -> 3
 theta:  3   mom:  2   Ent:36
 FUNCTION MUST BE MINIMIZED BEFORE CALLING IMProve   
=>  1 iters (-48.01) -> 3
 theta:  3   mom:  3   Ent:14
 theta:  3   mom:  4   Ent:4
 theta:  3   mom:  5   Ent:8
 theta:  3   mom:  6   Ent:1

Fits of LAMBDA sample for p efficiency:
 theta:  0   mom:  2   Ent:3944
=>  1 iters (-19896.74) -> 3
 theta:  0   mom:  3   Ent:6972
=>  1 iters (-83542.17) -> 3
 theta:  0   mom:  4   Ent:4485
=== Sucessful r9essai
=>  1 iters (-53417.07) -> 3
 theta:  0   mom:  5   Ent:10407
=>  2 iters (-136537.13) -> 2
 theta:  0   mom:  6   Ent:10670
=>  1 iters (-134667.83) -> 3
 theta:  0   mom:  7   Ent:10137
=>  2 iters (-124630.61) -> 3
 theta:  0   mom:  8   Ent:13421
=>  1 iters (-160285.92) -> 3
 theta:  0   mom:  9   Ent:11506
=>  1 iters (-130900.22) -> 3
 theta:  0   mom: 10   Ent:6617
=>  2 iters (-70149.72) -> 2
 theta:  0   mom: 11   Ent:8501
=== Sucessful r9essai
=>  2 iters (-91881.09) -> 3
 theta:  0   mom: 12   Ent:10945
=>  1 iters (-120309.47) -> 3
 theta:  0   mom: 13   Ent:7483
=>  2 iters (-76959.31) -> 3
 theta:  0   mom: 14   Ent:8312
=>  1 iters (-81764.80) -> 3
 theta:  1   mom:  2   Ent:3794
=>  1 iters (-19020.73) -> 3
 theta:  1   mom:  3   Ent:6665
=>  1 iters (-79504.37) -> 3
 theta:  1   mom:  4   Ent:4232
=== Sucessful r9essai
=>  1 iters (-50094.08) -> 3
 theta:  1   mom:  5   Ent:9767
=>  2 iters (-127498.17) -> 2
 theta:  1   mom:  6   Ent:9888
=>  1 iters (-124096.39) -> 3
 theta:  1   mom:  7   Ent:9356
=>  2 iters (-114828.24) -> 3
 theta:  1   mom:  8   Ent:12154
=>  1 iters (-143904.16) -> 3
 theta:  1   mom:  9   Ent:10257
=>  1 iters (-115282.04) -> 3
 theta:  1   mom: 10   Ent:5808
=== Sucessful r9essai
=>  2 iters (-60222.04) -> 2
 theta:  1   mom: 11   Ent:7375
=>  1 iters (-78913.40) -> 3
 theta:  1   mom: 12   Ent:9234
=>  2 iters (-99852.40) -> 3
 theta:  1   mom: 13   Ent:6150
=>  1 iters (-62787.84) -> 3
 theta:  1   mom: 14   Ent:6485
=== Sucessful r9essai
=>  1 iters (-62308.01) -> 3
 theta:  2   mom:  2   Ent:6167
=>  1 iters (-32203.37) -> 3
 theta:  2   mom:  3   Ent:10069
=>  1 iters (-126919.02) -> 3
 theta:  2   mom:  4   Ent:6133
=== Sucessful r9essai
=>  1 iters (-77442.42) -> 3
 theta:  2   mom:  5   Ent:13552
=>  2 iters (-187168.25) -> 3
 theta:  2   mom:  6   Ent:13117
=== Sucessful r9essai
=== Sucessful r9essai
=>  2 iters (-172893.54) -> 2
 theta:  2   mom:  7   Ent:11844
=>  2 iters (-151004.58) -> 2
 theta:  2   mom:  8   Ent:14567
=>  2 iters (-177413.43) -> 2
 theta:  2   mom:  9   Ent:11786
=>  2 iters (-135094.35) -> 3
 theta:  2   mom: 10   Ent:6427
=>  2 iters (-67370.45) -> 3
 theta:  2   mom: 11   Ent:7974
=>  2 iters (-86561.53) -> 3
 theta:  2   mom: 12   Ent:9720
=== Sucessful r9essai
=>  1 iters (-106073.02) -> 3
 theta:  2   mom: 13   Ent:6380
=>  2 iters (-65486.70) -> 3
 theta:  2   mom: 14   Ent:6613
=>  1 iters (-63856.88) -> 3
 theta:  3   mom:  2   Ent:45
=>  1 iters (-81.52) -> 3
 theta:  3   mom:  3   Ent:22
 theta:  3   mom:  4   Ent:23
 theta:  3   mom:  5   Ent:13
 theta:  3   mom:  6   Ent:2
p,t,i: 0,1,2 Empty
p,t,i: 0,1,3 Empty
p,t,i: 0,1,4 Empty
p,t,i: 0,1,5 Empty
p,t,i: 0,2,2 Empty
p,t,i: 0,2,3 Empty
p,t,i: 0,2,4 Empty
p,t,i: 0,2,5 Empty
p,t,i: 1,1,2 Empty
p,t,i: 1,1,3 Empty
p,t,i: 1,1,4 Empty
p,t,i: 1,1,5 Empty
p,t,i: 1,2,2 Empty
p,t,i: 1,2,3 Empty
p,t,i: 1,2,4 Empty
p,t,i: 1,2,5 Empty
0 1 0 0.916216 0.963264 0.970467 0.975668 0.975638 0.97763 0.980746 0.982429 0.985196 0.986657 0.986497 0.988329 0.973559 0.95521 0.913239 
0 2 0 0 0 1.37606e-05 0.000467851 0.000746526 0.00150713 0.0016999 0.00157748 0.00100466 0.00211905 0.00373769 0.00188191 0.00686287 0.00911704 0.0111991 
0 3 0 0.0837841 0.0367363 0.0295192 0.023795 0.0234969 0.0206075 0.0173933 0.0156338 0.0131472 0.0075816 0.0044657 0.00336195 0.00551573 0.00272844 0.00278193 
0 4 0 0 0 0 6.9087e-05 0.000118919 0.000255639 0.000160514 0.000360201 0.000652179 0.00364215 0.0052994 0.00642712 0.0140624 0.0329442 0.0727803 
0 1 1 0.931959 0.966459 0.971166 0.975642 0.976791 0.978179 0.980712 0.983134 0.985384 0.986945 0.987261 0.988769 0.977553 0.955681 0.922805 
0 2 1 0 0 1.43157e-05 0.000478566 0.00078658 0.00156182 0.00181193 0.00169502 0.00133974 0.00195984 0.00367429 0.00163801 0.00610636 0.0107195 0.0094287 
0 3 1 0.0680414 0.0335415 0.0288193 0.0238136 0.0222903 0.0199864 0.0173601 0.0147839 0.0125593 0.00772309 0.00413315 0.00325293 0.00460727 0.00321621 0.00146899 
0 4 1 0 0 0 6.53572e-05 0.000131775 0.000272899 0.000115642 0.000386966 0.000717266 0.00337181 0.00493167 0.00633969 0.0117338 0.0303833 0.0662974 
0 1 2 0.937086 0.966858 0.970933 0.974648 0.975241 0.977508 0.979789 0.981964 0.984621 0.985817 0.986938 0.988968 0.977936 0.955552 0.923666 
0 2 2 0 0 1.73977e-05 0.000530622 0.000978706 0.00187306 0.00191785 0.00193042 0.00140959 0.00206895 0.00315981 0.00124232 0.00611406 0.0108222 0.00916286 
0 3 2 0.0629138 0.0331424 0.0290492 0.0247294 0.0236385 0.0203394 0.0182006 0.0156471 0.0132182 0.00862047 0.00462418 0.00293879 0.00459618 0.00378525 0.00159275 
0 4 2 0 0 0 9.24655e-05 0.000141746 0.000279217 9.2498e-05 0.000458281 0.000751561 0.00349318 0.00527813 0.00685072 0.0113536 0.0298408 0.065578 
0 1 3 0.866204 0.883058 0.847145 0.97661 
0 2 3 0 0 0 0 
0 3 3 0.133796 0.116942 0.152855 0.0233902 
0 4 3 0 0 0 0 
1 1 0 0.912547 0.96047 0.970682 0.976242 0.975518 0.977226 0.981629 0.981901 0.982666 0.985296 0.990915 0.981683 0.96934 0.958881 0.909601 
1 2 0 0 0 8.46036e-16 0.00019818 0.000402568 0.00194662 0.00191179 0.0014265 0.00219912 0.00302385 0.00108023 0.00333578 0.00671799 0.00764504 0.0110459 
1 3 0 0.0874531 0.0395303 0.0293176 0.0234575 0.0240798 0.0204465 0.0159358 0.0160693 0.0144279 0.00764715 0.00221683 0.00785315 0.00875045 0.00509107 0.00441431 
1 4 0 0 0 0 0.000102353 7.60116e-10 0.000381155 0.000523529 0.000602677 0.000707082 0.00403346 0.00578829 0.00712848 0.0151917 0.0283826 0.0749387 
1 1 1 0.927224 0.963615 0.971183 0.976756 0.97544 0.977733 0.982094 0.982757 0.983776 0.987065 0.991313 0.981661 0.972832 0.959754 0.918402 
1 2 1 0 0 0 0.000180598 0.000419499 0.00197078 0.00193024 0.0015071 0.00185806 0.00255723 0.000743017 0.0037407 0.00528507 0.00740493 0.0108397 
1 3 1 0.0727762 0.0363849 0.0288172 0.0229528 0.0241405 0.0198695 0.0154088 0.0150772 0.0136393 0.00694199 0.00202057 0.00871396 0.00910097 0.00476265 0.00283032 
1 4 1 0 0 0 0.000110552 3.85342e-13 0.000426342 0.000566777 0.00065898 0.000726256 0.00343603 0.00592345 0.00588429 0.0127817 0.0280787 0.0679283 
1 1 2 0.933475 0.964298 0.970938 0.97659 0.974175 0.976845 0.980764 0.981252 0.983144 0.986679 0.990125 0.980222 0.973789 0.959868 0.918505 
1 2 2 0 0 0 0.000171948 0.000614407 0.00231393 0.0023806 0.00138679 0.00186917 0.00282843 0.000823595 0.00433275 0.00463043 0.00725967 0.0110131 
1 3 2 0.0665255 0.0357022 0.0290617 0.0231079 0.0252102 0.0204544 0.0162743 0.0166096 0.0141403 0.00694811 0.00308115 0.00928255 0.00913147 0.00465518 0.00249333 
1 4 2 0 0 0 0.000130119 1.8566e-12 0.000386843 0.000581068 0.000751733 0.000846009 0.00354464 0.00597002 0.0061629 0.0124493 0.0282174 0.0679885 
1 1 3 0.865392 0.88541 0.863768 0.750276 
1 2 3 0 0 9.3406e-11 0 
1 3 3 0.134608 0.11459 0.136232 0.249724 
1 4 3 0 0 0 0 
2 1 0 0.125438 0.0675504 0.0169315 0.0275928 0.0237929 1.45432e-07 0.0185574 0.0411862 0.0197228 0.00727975 0.0589063 0.103199 0.228632 
2 2 0 0.00609793 0.612778 0.903078 0.923541 0.938698 0.979851 0.949683 0.936646 0.952012 0.945537 0.859655 0.721513 0.435543 
2 3 0 0.868464 0.318036 0.0785744 0.0456736 0.034216 0.0178127 0.0255657 0.0114391 0.0127581 0.00982212 0.0123631 0.00413849 0.0112515 
2 4 0 2.41235e-12 0.00163571 0.00141628 0.0031926 0.00329325 0.00233571 0.00619377 0.0107283 0.0155076 0.0373612 0.0690759 0.17115 0.324573 
2 1 1 0.114369 0.055453 0.0121406 0.0167397 0.00820425 7.59174e-10 0.0219296 0.0320794 0.0236024 0.00548033 0.0222103 0.0503525 0.143671 
2 2 1 0.00643982 0.630124 0.914644 0.940972 0.959839 0.98546 0.951013 0.950742 0.948623 0.961536 0.914862 0.798113 0.534263 
2 3 1 0.879191 0.313188 0.0721911 0.0392049 0.029368 0.0124948 0.022081 0.0104708 0.0151148 0.0116992 0.0115609 0.0062784 0.0118154 
2 4 1 1.39357e-08 0.0012354 0.00102454 0.00308354 0.00258885 0.00204508 0.00497686 0.00670824 0.0126593 0.0212847 0.0513666 0.145256 0.31025 
2 1 2 0.104406 0.0470203 0.0259882 0.000362904 0.0035637 8.7192e-07 0.0134781 0.0235736 0.0209376 0.00584361 0.0231979 0.0527713 0.142464 
2 2 2 0.0068384 0.657689 0.911734 0.962778 0.963917 0.983437 0.956838 0.959663 0.95279 0.960622 0.914304 0.793797 0.533771 
2 3 2 0.888755 0.294018 0.0615057 0.034118 0.0299446 0.0145053 0.0256746 0.0105114 0.014628 0.0123743 0.0110096 0.00747593 0.0118136 
2 4 2 1.43524e-13 0.00127256 0.000772357 0.00274134 0.0025745 0.00205668 0.00400959 0.00625238 0.0116444 0.0211597 0.0514888 0.145956 0.311951 
2 1 3 0.186993 0.256203 6.43118e-09 1.56312e-08 6.157e-06 
2 2 3 0.00169004 0.340777 1.59699e-11 0.353346 0.334617 
2 3 3 0.811317 0.40302 1 0.646654 0.665377 
2 4 3 0 0 0 0 0 
3 1 0 0.106334 0.076108 0.0571524 0.0220327 0.04798 0.0193778 0.0197425 0.0309258 0.0187118 0.0608796 0.0655752 0.112498 0.249121 
3 2 0 0.00713189 0.592023 0.848893 0.924443 0.908772 0.935769 0.951943 0.931864 0.951041 0.887713 0.856552 0.709685 0.437734 
3 3 0 0.886534 0.330509 0.0891462 0.0517493 0.0399654 0.0431435 0.0247274 0.0286185 0.00882198 0.0144032 0.00751074 0.00425641 0.00722945 
3 4 0 0 0.00135972 0.00480869 0.00177544 0.00328284 0.00170954 0.00358721 0.00859179 0.0214252 0.037004 0.0703616 0.173561 0.305916 
3 1 1 0.0996615 0.0677615 0.06371 0.0111213 0.0416046 0.0106858 0.0134159 0.0109386 0.0144317 0.0472912 0.0443139 0.0692602 0.130114 
3 2 1 0.00738735 0.611387 0.847343 0.937227 0.920974 0.953123 0.960406 0.948345 0.962111 0.907055 0.896869 0.778509 0.563666 
3 3 1 0.892951 0.319489 0.0846638 0.0499106 0.034773 0.0343846 0.0227365 0.0341174 0.0115282 0.0170866 0.00656368 0.00500547 0.00576921 
3 4 1 0 0.00136273 0.00428297 0.00174134 0.00264862 0.00180667 0.00344187 0.006599 0.0119292 0.0285668 0.0522529 0.147225 0.300451 
3 1 2 0.0813691 0.049964 0.0456131 0.00951651 0.0365772 0.0064639 0.00831411 0.00439338 0.0145014 0.0475723 0.0443905 0.0678951 0.130273 
3 2 2 0.00791086 0.649558 0.874164 0.941535 0.927644 0.95204 0.965151 0.957785 0.964133 0.907428 0.895044 0.781687 0.565573 
3 3 2 0.91072 0.298982 0.0759049 0.0472853 0.033619 0.0395018 0.0234014 0.0316934 0.0111436 0.015771 0.00670835 0.00578002 0.00568909 
3 4 2 0 0.00149629 0.00431803 0.00166309 0.00215994 0.00199412 0.0031331 0.00612782 0.0102217 0.0292284 0.0538573 0.144638 0.298465 
3 1 3 0.0644079 2.69971e-08 0.220455 0.292797 
3 2 3 0.00528176 0.332159 0.502759 0.578741 
3 3 3 0.93031 0.667841 0.276785 0.128462 
3 4 3 0 0 0 0 
4 1 0 0.516568 0.182488 0.142347 0.168113 0.146498 0.168302 0.101289 0.0534692 0.0360205 0.0238986 0.0257894 0.0384669 0.0185786 
4 2 0 0.00132347 0.018627 0.0290947 0.0338383 0.0571348 0.0561001 0.0325472 0.0252642 0.0056048 0.0137668 0.0113564 0.02265 0.0302795 
4 3 0 0.482108 0.798885 0.824453 0.795103 0.791608 0.764825 0.859298 0.90961 0.945114 0.952053 0.945007 0.913912 0.928604 
4 4 0 0 0 0.00410542 0.00294565 0.00475942 0.0107721 0.00686551 0.0116564 0.0132609 0.0102813 0.0178475 0.0249712 0.0225382 
4 1 1 0.510104 0.178817 0.139315 0.16099 0.134693 0.16246 0.094351 0.0421665 0.0292401 0.0312627 0.0292029 0.0372205 0.0111996 
4 2 1 0.00139626 0.0191239 0.0289226 0.0337369 0.0578759 0.0568124 0.0336486 0.0264176 0.00192183 0.0131118 0.0130391 0.0227113 0.0244891 
4 3 1 0.488499 0.802059 0.827407 0.802138 0.802301 0.770648 0.86534 0.919925 0.954879 0.948536 0.939082 0.917156 0.948978 
4 4 1 0 0 0.00435472 0.00313481 0.00512986 0.0100794 0.0066604 0.0114911 0.0139588 0.00708955 0.0186758 0.0229127 0.0153336 
4 1 2 0.506888 0.167465 0.135849 0.143798 0.123512 0.141367 0.0824791 0.0418249 0.0262227 0.029829 0.0366533 0.0410667 0.0119684 
4 2 2 0.00175091 0.0217736 0.030483 0.0376343 0.0583522 0.0621403 0.0340675 0.0254229 0.00458165 0.0140078 0.0159638 0.0236508 0.0252379 
4 3 2 0.491361 0.810762 0.830753 0.815041 0.814009 0.786365 0.877526 0.922032 0.955786 0.949079 0.929609 0.912908 0.948623 
4 4 2 0 0 0.00291466 0.00352686 0.00412707 0.0101275 0.00592782 0.0107203 0.0134096 0.00708372 0.0177742 0.0223742 0.0141711 
4 1 3 8.5355e-06 
4 2 3 0 
4 3 3 0.999991 
4 4 3 0 
5 1 0 0.09227 0.161854 0.104773 0.136162 0.138025 0.12801 0.109469 0.0591687 0.0383395 0.0244746 0.0429051 9.92818e-09 0.0140033 
5 2 0 2.47889e-09 0.0172985 0.037321 0.0259327 0.0404619 0.0497841 0.0368594 0.0140271 0.00719795 0.00460066 0.00638874 0.0209844 0.0177557 
5 3 0 0.90773 0.820124 0.856783 0.833911 0.818309 0.815416 0.845478 0.909563 0.941908 0.956222 0.938229 0.962247 0.940904 
5 4 0 0 0.000723278 0.00112285 0.00399423 0.00320389 0.00678999 0.00819385 0.0172408 0.0125546 0.0147025 0.012477 0.0167683 0.0273374 
5 1 1 0.11121 0.1566 0.0949285 0.12948 0.131048 0.126072 0.0958533 0.0561204 0.0274516 0.0206605 0.0364901 0.00499778 0.0181262 
5 2 1 5.62698e-11 0.0179174 0.0370491 0.0265643 0.0413811 0.0507652 0.0385542 0.0135699 0.00735488 0.00259974 0.00497973 0.021152 0.0138898 
5 3 1 0.88879 0.824722 0.867454 0.840192 0.824118 0.815905 0.858474 0.912167 0.955303 0.963038 0.94422 0.960372 0.950863 
5 4 1 0 0.000760768 0.000568353 0.00376399 0.00345294 0.00725804 0.00711802 0.0181431 0.0098907 0.0137017 0.0143105 0.0134784 0.0171212 
5 1 2 0.108122 0.144375 0.0869271 0.11883 0.116927 0.11425 0.0874607 0.0498532 0.0262294 0.0210065 0.036003 0.00806209 0.012621 
5 2 2 4.11341e-09 0.0199628 0.0431679 0.0282804 0.0411993 0.0513361 0.0394926 0.0129593 0.00740936 0.00259736 0.00368659 0.0229054 0.0142661 
5 3 2 0.891878 0.83492 0.869151 0.848983 0.839232 0.82873 0.866624 0.919259 0.957167 0.963438 0.94526 0.955239 0.955406 
5 4 2 0 0.000742089 0.000754223 0.00390671 0.00264198 0.00568446 0.00642301 0.0179283 0.00919374 0.0129578 0.0150501 0.0137935 0.0177072 
5 1 3 9.26745e-10 
5 2 3 0 
5 3 3 1 
5 4 3 0 
