
[1mRooFit v3.60 -- Developed by Wouter Verkerke and David Kirkby[0m 
                Copyright (C) 2000-2013 NIKHEF, University of California & Stanford University
                All rights reserved, please read http://roofit.sourceforge.net/license.txt

analysis: K0L
data_file: /sps/compass/02/yann/2016.fix/P07
data_template: hist
data_firstfile_nb: 270000
data_lastfile_nb: 276318
fit_type: all
merged_h: false
cols_theta_bin: true
remove_richpipe: false
hist_file_iphi: ./hist_iphi_06_10.root
hist_file_ephi: ./hist_ephi_06_10.root
hist_file_K0: ./hist_K0_06_10.root
hist_file_Lam: ./hist_Lambda_06_10.root
out_file: rich_06_10.root
remove_richpipe: true
thr_diff: 5
LH_pi_K: 1.0
LH_pi_p: 1.0
LH_pi_bg: 2.0
LH_K_pi: 1.06
LH_K_p: 1.06
LH_K_bg: 2.0
LH_bthr_p_pi: 1.
LH_bthr_p_K: 1.
LH_bthr_p_pi_bg: 2.3
LH_bthr_p_K_bg: 3.0
LH_bthr_m_pi_bg: 2.2
LH_bthr_m_K_bg: 2.9
LH_athr_p_pi: 1.
LH_athr_p_K: 1.
LH_athr_p_bg: 1.
max_retry: 100
line_width: 2
sidebins: false
=====================
lh_cut[i][j]:
[0][0] -1.00 [0][1]  1.00 [0][2]  1.00 [0][3] -1.00 [0][4] -1.00 [0][5]  2.00 
[1][0]  1.06 [1][1] -1.00 [1][2]  1.06 [1][3] -1.00 [1][4] -1.00 [1][5]  2.00 
[2][0]  1.00 [2][1]  1.00 [2][2] -1.00 [2][3] -1.00 [2][4] -1.00 [2][5] -1.00 
[3][0]  1.00 [3][1]  1.00 [3][2] -1.00 [3][3] -1.00 [3][4] -1.00 [3][5]  1.00 
[4][0]  2.30 [4][1]  3.00 [4][2]  2.20 [4][3]  2.90 [4][4] -1.00 [4][5] -1.00 

Fits of K0 sample for pi- efficiency:
 theta:  0   mom:  0   Ent:143752
=>  1 iters (-3317438.11) -> 3
 theta:  0   mom:  1   Ent:119833
=>  1 iters (-2854063.11) -> 3
 theta:  0   mom:  2   Ent:141232
=== Sucessful r9essai
=>  1 iters (-3458054.92) -> 3
 theta:  0   mom:  3   Ent:72666
=== Sucessful r9essai
=>  1 iters (-1690464.57) -> 3
 theta:  0   mom:  4   Ent:31133
=== Sucessful r9essai
=>  1 iters (-671171.03) -> 3
 theta:  0   mom:  5   Ent:53476
=== Sucessful r9essai
=>  1 iters (-1205992.12) -> 3
 theta:  0   mom:  6   Ent:43321
=>  1 iters (-955291.60) -> 3
 theta:  0   mom:  7   Ent:34467
=>  1 iters (-736589.95) -> 3
 theta:  0   mom:  8   Ent:39892
=>  1 iters (-846167.62) -> 3
 theta:  0   mom:  9   Ent:29718
=>  1 iters (-603334.15) -> 3
 theta:  0   mom: 10   Ent:15779
=>  1 iters (-296631.57) -> 3
 theta:  0   mom: 11   Ent:19179
=>  1 iters (-365523.79) -> 3
 theta:  0   mom: 12   Ent:22374
=>  1 iters (-426142.48) -> 3
 theta:  0   mom: 13   Ent:13794
=>  1 iters (-242982.38) -> 3
 theta:  0   mom: 14   Ent:13637
=>  1 iters (-235682.90) -> 3
 theta:  1   mom:  0   Ent:111534
=>  1 iters (-2494318.85) -> 3
 theta:  1   mom:  1   Ent:113192
=>  1 iters (-2682060.19) -> 3
 theta:  1   mom:  2   Ent:135979
=== Sucessful r9essai
=>  2 iters (-3319349.15) -> 3
 theta:  1   mom:  3   Ent:69235
=>  1 iters (-1604084.61) -> 3
 theta:  1   mom:  4   Ent:29404
=== Sucessful r9essai
=>  1 iters (-630535.77) -> 3
 theta:  1   mom:  5   Ent:50092
=>  1 iters (-1123096.86) -> 3
 theta:  1   mom:  6   Ent:40159
=>  1 iters (-879268.18) -> 3
 theta:  1   mom:  7   Ent:31634
=>  1 iters (-670755.27) -> 3
 theta:  1   mom:  8   Ent:35953
=>  1 iters (-755306.82) -> 3
 theta:  1   mom:  9   Ent:26412
=>  1 iters (-529772.67) -> 3
 theta:  1   mom: 10   Ent:13768
=>  1 iters (-254360.32) -> 3
 theta:  1   mom: 11   Ent:16543
=>  1 iters (-310322.64) -> 3
 theta:  1   mom: 12   Ent:18736
=>  5 iters (-350336.77) -> 3
 theta:  1   mom: 13   Ent:11137
=>  2 iters (-191435.97) -> 3
 theta:  1   mom: 14   Ent:10355
=>  1 iters (-174696.48) -> 3
 theta:  2   mom:  0   Ent:210061
=>  1 iters (-4937648.73) -> 3
 theta:  2   mom:  1   Ent:202508
=>  1 iters (-5028636.30) -> 3
 theta:  2   mom:  2   Ent:222689
=>  2 iters (-5656529.47) -> 3
 theta:  2   mom:  3   Ent:102961
=== Sucessful r9essai
=>  1 iters (-2466887.99) -> 3
 theta:  2   mom:  4   Ent:41122
=== Sucessful r9essai
=>  1 iters (-908555.04) -> 3
 theta:  2   mom:  5   Ent:66866
=== Sucessful r9essai
=>  1 iters (-1536883.13) -> 3
 theta:  2   mom:  6   Ent:50446
=>  1 iters (-1125491.63) -> 3
 theta:  2   mom:  7   Ent:37949
=>  1 iters (-815953.83) -> 3
 theta:  2   mom:  8   Ent:41270
=>  1 iters (-875671.67) -> 3
 theta:  2   mom:  9   Ent:29165
=>  1 iters (-588616.76) -> 3
 theta:  2   mom: 10   Ent:14854
=>  1 iters (-275840.18) -> 3
 theta:  2   mom: 11   Ent:17554
=>  1 iters (-330209.01) -> 3
 theta:  2   mom: 12   Ent:19510
=>  1 iters (-365814.62) -> 3
 theta:  2   mom: 13   Ent:11415
=>  1 iters (-196523.05) -> 3
 theta:  2   mom: 14   Ent:10477
=>  1 iters (-176939.52) -> 3
 theta:  3   mom:  0   Ent:31346
=>  1 iters (-656988.99) -> 3
 theta:  3   mom:  1   Ent:4896
=== Sucessful r9essai
=>  1 iters (-87230.16) -> 3
 theta:  3   mom:  2   Ent:1157
=>  1 iters (-17079.25) -> 3
 theta:  3   mom:  3   Ent:147
=>  1 iters (-1539.07) -> 3
 theta:  3   mom:  4   Ent:25
=>  1 iters (-173.59) -> 3
 theta:  3   mom:  5   Ent:24
 theta:  3   mom:  6   Ent:16

Fits of K0 sample for pi+ efficiency:
 theta:  0   mom:  0   Ent:144356
=>  1 iters (-3331535.73) -> 3
 theta:  0   mom:  1   Ent:120096
=>  1 iters (-2860336.19) -> 3
 theta:  0   mom:  2   Ent:142000
=>  2 iters (-3477435.93) -> 3
 theta:  0   mom:  3   Ent:73097
=== Sucessful r9essai
=>  2 iters (-1699092.94) -> 3
 theta:  0   mom:  4   Ent:31779
=== Sucessful r9essai
=>  1 iters (-685112.62) -> 3
 theta:  0   mom:  5   Ent:53721
=== Sucessful r9essai
=>  1 iters (-1210754.18) -> 3
 theta:  0   mom:  6   Ent:43510
=>  1 iters (-957664.72) -> 3
 theta:  0   mom:  7   Ent:34813
=>  1 iters (-741793.78) -> 3
 theta:  0   mom:  8   Ent:40194
=>  3 iters (-849527.46) -> 3
 theta:  0   mom:  9   Ent:30361
=>  1 iters (-612452.20) -> 3
 theta:  0   mom: 10   Ent:16324
=>  1 iters (-306699.11) -> 3
 theta:  0   mom: 11   Ent:19550
=> 101 iters (-369834.48) -> 2
 theta:  0   mom: 12   Ent:22519
=>  1 iters (-422768.92) -> 3
 theta:  0   mom: 13   Ent:13964
=>  1 iters (-243792.92) -> 3
 theta:  0   mom: 14   Ent:13646
=>  1 iters (-232366.22) -> 3
 theta:  1   mom:  0   Ent:111963
=>  1 iters (-2504875.71) -> 3
 theta:  1   mom:  1   Ent:113533
=>  1 iters (-2690269.53) -> 3
 theta:  1   mom:  2   Ent:136715
=== Sucessful r9essai
=>  3 iters (-3337999.02) -> 3
 theta:  1   mom:  3   Ent:69675
=>  1 iters (-1612766.01) -> 3
 theta:  1   mom:  4   Ent:30046
=== Sucessful r9essai
=>  1 iters (-644345.42) -> 3
 theta:  1   mom:  5   Ent:50413
=== Sucessful r9essai
=>  1 iters (-1129464.03) -> 3
 theta:  1   mom:  6   Ent:40275
=>  1 iters (-879735.50) -> 3
 theta:  1   mom:  7   Ent:31876
=>  1 iters (-673419.82) -> 3
 theta:  1   mom:  8   Ent:36294
=>  1 iters (-759203.55) -> 3
 theta:  1   mom:  9   Ent:26930
=>  1 iters (-536265.96) -> 3
 theta:  1   mom: 10   Ent:14255
=>  1 iters (-263437.75) -> 3
 theta:  1   mom: 11   Ent:16866
=>  1 iters (-314043.42) -> 3
 theta:  1   mom: 12   Ent:19055
=>  1 iters (-351635.49) -> 3
 theta:  1   mom: 13   Ent:11463
=>  1 iters (-195892.66) -> 3
 theta:  1   mom: 14   Ent:10707
=>  1 iters (-177954.61) -> 3
 theta:  2   mom:  0   Ent:210688
=>  2 iters (-4953302.34) -> 3
 theta:  2   mom:  1   Ent:203004
=>  2 iters (-5036635.54) -> 3
 theta:  2   mom:  2   Ent:224305
=>  1 iters (-5697315.91) -> 3
 theta:  2   mom:  3   Ent:103607
=== Sucessful r9essai
=>  2 iters (-2478677.61) -> 3
 theta:  2   mom:  4   Ent:42029
=== Sucessful r9essai
=>  1 iters (-928480.62) -> 3
 theta:  2   mom:  5   Ent:67231
=== Sucessful r9essai
=>  1 iters (-1541901.08) -> 3
 theta:  2   mom:  6   Ent:50771
=>  1 iters (-1129639.22) -> 3
 theta:  2   mom:  7   Ent:38350
=>  2 iters (-821579.97) -> 3
 theta:  2   mom:  8   Ent:41830
=>  1 iters (-882656.62) -> 3
 theta:  2   mom:  9   Ent:29873
=>  1 iters (-597711.40) -> 3
 theta:  2   mom: 10   Ent:15393
=>  1 iters (-285372.37) -> 3
 theta:  2   mom: 11   Ent:17984
=>  1 iters (-336084.85) -> 3
 theta:  2   mom: 12   Ent:19956
=>  1 iters (-369389.56) -> 3
 theta:  2   mom: 13   Ent:11769
=>  1 iters (-201472.89) -> 3
 theta:  2   mom: 14   Ent:10871
=>  1 iters (-180726.76) -> 3
 theta:  3   mom:  0   Ent:31528
=>  1 iters (-659791.12) -> 3
 theta:  3   mom:  1   Ent:4802
=>  1 iters (-85240.53) -> 3
 theta:  3   mom:  2   Ent:1214
=>  1 iters (-17986.45) -> 3
 theta:  3   mom:  3   Ent:151
=>  1 iters (-1590.12) -> 3
 theta:  3   mom:  4   Ent:30
=>  3 iters (-191.83) -> 3
 theta:  3   mom:  5   Ent:28
=>  1 iters (-191.09) -> 3
 theta:  3   mom:  6   Ent:10

Fits of PHI sample for K- efficiency:
 theta:  0   mom:  2   Ent:708028
=== Sucessful r9essai
=> 101 iters (-5060761.87) -> 2
 theta:  0   mom:  3   Ent:269356
=== Sucessful r9essai
=>  2 iters (-1947527.15) -> 3
 theta:  0   mom:  4   Ent:102491
=== Sucessful r9essai
=> 28 iters (-706924.46) -> 3
 theta:  0   mom:  5   Ent:159490
=== Sucessful r9essai
=== Sucessful r9essai
=== Sucessful r9essai
=> 56 iters (-1162946.83) -> 3
 theta:  0   mom:  6   Ent:116911
=== Sucessful r9essai
=== Sucessful r9essai
=== Sucessful r9essai
=> 55 iters (-844811.75) -> 3
 theta:  0   mom:  7   Ent:86957
=== Sucessful r9essai
=>  3 iters (-607077.84) -> 3
 theta:  0   mom:  8   Ent:91156
=== Sucessful r9essai
=>  2 iters (-634181.48) -> 3
 theta:  0   mom:  9   Ent:59845
=== Sucessful r9essai
=== Sucessful r9essai
=> 12 iters (-401959.64) -> 3
 theta:  0   mom: 10   Ent:28527
=== Sucessful r9essai
=>  1 iters (-181066.27) -> 3
 theta:  0   mom: 11   Ent:30551
=>  1 iters (-192941.33) -> 3
 theta:  0   mom: 12   Ent:30602
=== Sucessful r9essai
=>  3 iters (-195198.27) -> 3
 theta:  0   mom: 13   Ent:16003
=>  2 iters (-97150.49) -> 3
 theta:  0   mom: 14   Ent:12660
=>  1 iters (-79610.59) -> 3
 theta:  1   mom:  2   Ent:676990
=== Sucessful r9essai
=== Sucessful r9essai
=== Sucessful r9essai
=> 101 iters (-4836378.18) -> 2
 theta:  1   mom:  3   Ent:256581
=== Sucessful r9essai
=>  9 iters (-1845264.70) -> 3
 theta:  1   mom:  4   Ent:96659
=> 10 iters (-660598.80) -> 3
 theta:  1   mom:  5   Ent:148740
=== Sucessful r9essai
=== Sucessful r9essai
=> 52 iters (-1074746.30) -> 3
 theta:  1   mom:  6   Ent:107560
=== Sucessful r9essai
=== Sucessful r9essai
=> 29 iters (-767595.51) -> 3
 theta:  1   mom:  7   Ent:78840
=>  2 iters (-541460.69) -> 3
 theta:  1   mom:  8   Ent:81247
=== Sucessful r9essai
=>  4 iters (-555059.44) -> 3
 theta:  1   mom:  9   Ent:52288
=== Sucessful r9essai
=> 18 iters (-342609.03) -> 3
 theta:  1   mom: 10   Ent:24363
=== Sucessful r9essai
=>  4 iters (-149266.19) -> 3
 theta:  1   mom: 11   Ent:25643
=== Sucessful r9essai
=>  1 iters (-155537.72) -> 3
 theta:  1   mom: 12   Ent:24742
=>  2 iters (-150171.50) -> 3
 theta:  1   mom: 13   Ent:12272
=== Sucessful r9essai
=>  9 iters (-69389.27) -> 3
 theta:  1   mom: 14   Ent:8905
=>  1 iters (-50576.47) -> 3
 theta:  2   mom:  2   Ent:1121135
=> 101 iters (-8263018.04) -> 2
 theta:  2   mom:  3   Ent:384332
=== Sucessful r9essai
=> 16 iters (-2810984.40) -> 3
 theta:  2   mom:  4   Ent:136144
=== Sucessful r9essai
=> 14 iters (-940391.48) -> 3
 theta:  2   mom:  5   Ent:198965
=> 101 iters (-1447081.79) -> 2
 theta:  2   mom:  6   Ent:134541
=> 101 iters (-965495.32) -> 2
 theta:  2   mom:  7   Ent:93628
=== Sucessful r9essai
=== Sucessful r9essai
=> 101 iters (-645542.86) -> 2
 theta:  2   mom:  8   Ent:91725
=== Sucessful r9essai
=> 13 iters (-627670.25) -> 3
 theta:  2   mom:  9   Ent:56650
=== Sucessful r9essai
=>  5 iters (-370184.40) -> 3
 theta:  2   mom: 10   Ent:25798
=== Sucessful r9essai
=>  3 iters (-157877.38) -> 3
 theta:  2   mom: 11   Ent:26645
=== Sucessful r9essai
=>  2 iters (-160681.73) -> 3
 theta:  2   mom: 12   Ent:25335
=== Sucessful r9essai
=== Sucessful r9essai
=> 16 iters (-153302.46) -> 3
 theta:  2   mom: 13   Ent:12435
=>  1 iters (-70204.17) -> 3
 theta:  2   mom: 14   Ent:8965
=>  1 iters (-50864.75) -> 3
 theta:  3   mom:  2   Ent:11916
=== Sucessful r9essai
=>  1 iters (-46644.22) -> 3
 theta:  3   mom:  3   Ent:912
=== Sucessful r9essai
=>  1 iters (-2300.23) -> 3
 theta:  3   mom:  4   Ent:141
=>  1 iters (-188.92) -> 3
 theta:  3   mom:  5   Ent:117
Eff+/-dEff = 0.83+/-3.37 >> 0.14
Eff+/-dEff = 0.83+/-0.74 >> 0.14
Eff+/-dEff = 0.83+/-3.64 >> 0.14
Eff+/-dEff = 0.83+/-3.55 >> 0.14
Eff+/-dEff = 0.83+/-0.84 >> 0.14
Eff+/-dEff = 0.83+/-0.87 >> 0.14
Eff+/-dEff = 0.83+/-0.83 >> 0.14
Eff+/-dEff = 0.83+/-0.84 >> 0.14
Eff+/-dEff = 0.83+/-0.83 >> 0.14
Eff+/-dEff = 0.83+/-0.83 >> 0.14
Eff+/-dEff = 0.83+/-0.85 >> 0.14
Eff+/-dEff = 0.83+/-0.87 >> 0.14
Eff+/-dEff = 0.83+/-0.85 >> 0.14
Eff+/-dEff = 0.83+/-0.85 >> 0.14
Eff+/-dEff = 0.83+/-0.85 >> 0.14
Eff+/-dEff = 0.83+/-0.85 >> 0.14
Eff+/-dEff = 0.83+/-0.85 >> 0.14
Eff+/-dEff = 0.83+/-0.85 >> 0.14
Eff+/-dEff = 0.83+/-0.85 >> 0.14
Eff+/-dEff = 0.83+/-0.85 >> 0.14
Eff+/-dEff = 0.83+/-0.83 >> 0.14
Eff+/-dEff = 0.83+/-0.85 >> 0.14
Eff+/-dEff = 0.83+/-0.83 >> 0.14
Eff+/-dEff = 0.83+/-0.85 >> 0.14
Eff+/-dEff = 0.83+/-0.84 >> 0.14
Eff+/-dEff = 0.83+/-0.85 >> 0.14
Eff+/-dEff = 0.83+/-0.85 >> 0.14
Eff+/-dEff = 0.83+/-0.83 >> 0.14
Eff+/-dEff = 0.83+/-0.85 >> 0.14
Eff+/-dEff = 0.83+/-0.85 >> 0.14
Eff+/-dEff = 0.83+/-0.85 >> 0.14
Eff+/-dEff = 0.83+/-0.85 >> 0.14
Eff+/-dEff = 0.83+/-0.85 >> 0.14
Eff+/-dEff = 0.83+/-0.85 >> 0.14
Eff+/-dEff = 0.83+/-0.85 >> 0.14
Eff+/-dEff = 0.83+/-0.83 >> 0.14
Eff+/-dEff = 0.83+/-0.83 >> 0.14
Eff+/-dEff = 0.83+/-0.85 >> 0.14
Eff+/-dEff = 0.83+/-0.83 >> 0.14
Eff+/-dEff = 0.83+/-0.83 >> 0.14
Eff+/-dEff = 0.83+/-0.85 >> 0.14
Eff+/-dEff = 0.83+/-0.83 >> 0.14
Eff+/-dEff = 0.83+/-0.85 >> 0.14
Eff+/-dEff = 0.83+/-0.86 >> 0.14
Eff+/-dEff = 0.83+/-0.85 >> 0.14
Eff+/-dEff = 0.83+/-0.85 >> 0.14
Eff+/-dEff = 0.83+/-0.85 >> 0.14
Eff+/-dEff = 0.83+/-0.85 >> 0.14
Eff+/-dEff = 0.83+/-0.85 >> 0.14
Eff+/-dEff = 0.83+/-0.85 >> 0.14
Eff+/-dEff = 0.83+/-0.85 >> 0.14
Eff+/-dEff = 0.83+/-0.87 >> 0.14
Eff+/-dEff = 0.83+/-0.86 >> 0.14
Eff+/-dEff = 0.83+/-0.86 >> 0.14
Eff+/-dEff = 0.83+/-0.86 >> 0.14
Eff+/-dEff = 0.83+/-0.87 >> 0.14
Eff+/-dEff = 0.83+/-0.86 >> 0.14
Eff+/-dEff = 0.83+/-0.86 >> 0.14
Eff+/-dEff = 0.83+/-0.85 >> 0.14
Eff+/-dEff = 0.83+/-0.85 >> 0.14
Eff+/-dEff = 0.83+/-0.85 >> 0.14
Eff+/-dEff = 0.83+/-0.85 >> 0.14
Eff+/-dEff = 0.83+/-0.85 >> 0.14
Eff+/-dEff = 0.83+/-0.85 >> 0.14
Eff+/-dEff = 0.83+/-0.85 >> 0.14
Eff+/-dEff = 0.83+/-0.85 >> 0.14
Eff+/-dEff = 0.83+/-0.85 >> 0.14
Eff+/-dEff = 0.83+/-0.87 >> 0.14
Eff+/-dEff = 0.83+/-0.85 >> 0.14
Eff+/-dEff = 0.83+/-0.85 >> 0.14
Eff+/-dEff = 0.83+/-0.85 >> 0.14
Eff+/-dEff = 0.83+/-0.85 >> 0.14
Eff+/-dEff = 0.83+/-0.87 >> 0.14
Eff+/-dEff = 0.83+/-0.85 >> 0.14
Eff+/-dEff = 0.83+/-0.85 >> 0.14
Eff+/-dEff = 0.83+/-0.87 >> 0.14
Eff+/-dEff = 0.83+/-0.85 >> 0.14
Eff+/-dEff = 0.83+/-0.85 >> 0.14
Eff+/-dEff = 0.83+/-0.85 >> 0.14
Eff+/-dEff = 0.83+/-0.86 >> 0.14
Eff+/-dEff = 0.83+/-0.85 >> 0.14
Eff+/-dEff = 0.83+/-0.86 >> 0.14
Eff+/-dEff = 0.83+/-0.85 >> 0.14
Eff+/-dEff = 0.83+/-0.87 >> 0.14
Eff+/-dEff = 0.83+/-0.85 >> 0.14
Eff+/-dEff = 0.83+/-0.87 >> 0.14
Eff+/-dEff = 0.83+/-0.86 >> 0.14
Eff+/-dEff = 0.83+/-0.86 >> 0.14
Eff+/-dEff = 0.83+/-0.85 >> 0.14
Eff+/-dEff = 0.83+/-0.87 >> 0.14
Eff+/-dEff = 0.83+/-0.85 >> 0.14
Eff+/-dEff = 0.83+/-0.86 >> 0.14
Eff+/-dEff = 0.83+/-0.85 >> 0.14
Eff+/-dEff = 0.83+/-0.85 >> 0.14
Eff+/-dEff = 0.83+/-0.85 >> 0.14
Eff+/-dEff = 0.83+/-0.85 >> 0.14
Eff+/-dEff = 0.83+/-0.86 >> 0.14
Eff+/-dEff = 0.83+/-0.86 >> 0.14
=> 101 iters (-159.98) -> 3
 theta:  3   mom:  6   Ent:45
=>  1 iters (-71.02) -> 3
 theta:  3   mom:  7   Ent:11
 theta:  3   mom:  8   Ent:8
 theta:  3   mom:  9   Ent:0
 theta:  3   mom: 10   Ent:0
 theta:  3   mom: 11   Ent:0
 theta:  3   mom: 12   Ent:0
 theta:  3   mom: 13   Ent:0
 theta:  3   mom: 14   Ent:0

Fits of PHI sample for K+ efficiency:
 theta:  0   mom:  2   Ent:593446
=== Sucessful r9essai
=== Sucessful r9essai
=>  2 iters (-4287987.29) -> 3
 theta:  0   mom:  3   Ent:233262
=== Sucessful r9essai
=> 62 iters (-1705400.38) -> 3
 theta:  0   mom:  4   Ent:90612
=== Sucessful r9essai
=>  4 iters (-631225.51) -> 3
 theta:  0   mom:  5   Ent:142719
=== Sucessful r9essai
=>  4 iters (-1059172.30) -> 3
 theta:  0   mom:  6   Ent:105288
=== Sucessful r9essai
=>  5 iters (-772623.11) -> 3
 theta:  0   mom:  7   Ent:79635
=== Sucessful r9essai
=== Sucessful r9essai
=== Sucessful r9essai
=== Sucessful r9essai
=== Sucessful r9essai
=== Sucessful r9essai
=== Sucessful r9essai
=== Sucessful r9essai
=== Sucessful r9essai
=> 101 iters (-567063.05) -> 2
 theta:  0   mom:  8   Ent:85885
=== Sucessful r9essai
=== Sucessful r9essai
=> 11 iters (-612458.11) -> 3
 theta:  0   mom:  9   Ent:56277
=== Sucessful r9essai
=== Sucessful r9essai
=> 12 iters (-387170.99) -> 3
 theta:  0   mom: 10   Ent:26826
=== Sucessful r9essai
=== Sucessful r9essai
=> 16 iters (-170872.97) -> 3
 theta:  0   mom: 11   Ent:29221
=== Sucessful r9essai
=>  5 iters (-188488.02) -> 3
 theta:  0   mom: 12   Ent:29569
=>  1 iters (-194582.93) -> 3
 theta:  0   mom: 13   Ent:15356
=>  1 iters (-96510.99) -> 3
 theta:  0   mom: 14   Ent:12362
=>  1 iters (-80362.39) -> 3
 theta:  1   mom:  2   Ent:567118
=== Sucessful r9essai
=== Sucessful r9essai
=== Sucessful r9essai
=== Sucessful r9essai
=== Sucessful r9essai
=== Sucessful r9essai
=== Sucessful r9essai
=== Sucessful r9essai
=== Sucessful r9essai
=== Sucessful r9essai
=== Sucessful r9essai
=> 101 iters (-4097096.20) -> 2
 theta:  1   mom:  3   Ent:222127
=== Sucessful r9essai
=>  6 iters (-1619264.70) -> 3
 theta:  1   mom:  4   Ent:85484
=== Sucessful r9essai
=== Sucessful r9essai
=> 60 iters (-592066.79) -> 3
 theta:  1   mom:  5   Ent:133133
=== Sucessful r9essai
=> 19 iters (-979021.07) -> 3
 theta:  1   mom:  6   Ent:96889
=> 101 iters (-703025.78) -> 2
 theta:  1   mom:  7   Ent:72333
=== Sucessful r9essai
=> 101 iters (-507480.10) -> 2
 theta:  1   mom:  8   Ent:76641
=== Sucessful r9essai
=>  9 iters (-536279.27) -> 3
 theta:  1   mom:  9   Ent:49030
=== Sucessful r9essai
=>  7 iters (-327593.61) -> 3
 theta:  1   mom: 10   Ent:22894
=> 101 iters (-141462.12) -> 2
 theta:  1   mom: 11   Ent:24485
=== Sucessful r9essai
=== Sucessful r9essai
=== Sucessful r9essai
=== Sucessful r9essai
=== Sucessful r9essai
=== Sucessful r9essai
=== Sucessful r9essai
=> 72 iters (-151678.39) -> 3
 theta:  1   mom: 12   Ent:24026
=>  4 iters (-150025.24) -> 3
 theta:  1   mom: 13   Ent:11835
=>  1 iters (-69196.01) -> 3
 theta:  1   mom: 14   Ent:8703
=>  6 iters (-51321.24) -> 3
 theta:  2   mom:  2   Ent:939559
=== Sucessful r9essai
=== Sucessful r9essai
=== Sucessful r9essai
=== Sucessful r9essai
=== Sucessful r9essai
=== Sucessful r9essai
=> 101 iters (-6993974.06) -> 2
 theta:  2   mom:  3   Ent:332969
=== Sucessful r9essai
=> 27 iters (-2469812.05) -> 3
 theta:  2   mom:  4   Ent:120658
=== Sucessful r9essai
=>  2 iters (-845553.35) -> 3
 theta:  2   mom:  5   Ent:177857
=== Sucessful r9essai
=> 19 iters (-1315052.68) -> 3
 theta:  2   mom:  6   Ent:121147
=== Sucessful r9essai
=== Sucessful r9essai
=> 15 iters (-882406.75) -> 3
 theta:  2   mom:  7   Ent:85691
=== Sucessful r9essai
=== Sucessful r9essai
=> 60 iters (-604652.97) -> 3
 theta:  2   mom:  8   Ent:86606
=== Sucessful r9essai
=== Sucessful r9essai
=== Sucessful r9essai
=> 15 iters (-605800.50) -> 3
 theta:  2   mom:  9   Ent:53039
=== Sucessful r9essai
=> 20 iters (-352659.02) -> 3
 theta:  2   mom: 10   Ent:24291
=>  4 iters (-149645.81) -> 3
 theta:  2   mom: 11   Ent:25458
=== Sucessful r9essai
=== Sucessful r9essai
=== Sucessful r9essai
=== Sucessful r9essai
=== Sucessful r9essai
=== Sucessful r9essai
=== Sucessful r9essai
=== Sucessful r9essai
=== Sucessful r9essai
=== Sucessful r9essai
=== Sucessful r9essai
=== Sucessful r9essai
=== Sucessful r9essai
=== Sucessful r9essai
=== Sucessful r9essai
=== Sucessful r9essai
=== Sucessful r9essai
=== Sucessful r9essai
=== Sucessful r9essai
=== Sucessful r9essai
=== Sucessful r9essai
=== Sucessful r9essai
=> 64 iters (-156718.37) -> 3
 theta:  2   mom: 12   Ent:24626
=== Sucessful r9essai
=> 11 iters (-153300.27) -> 3
 theta:  2   mom: 13   Ent:12012
=>  1 iters (-70105.58) -> 3
 theta:  2   mom: 14   Ent:8771
=== Sucessful r9essai
=>  2 iters (-51599.53) -> 3
 theta:  3   mom:  2   Ent:10350
=>  2 iters (-38924.10) -> 3
 theta:  3   mom:  3   Ent:783
=>  1 iters (-1950.50) -> 3
 theta:  3   mom:  4   Ent:130
=>  1 iters (-227.99) -> 3
 theta:  3   mom:  5   Ent:118
=>  1 iters (-252.13) -> 3
 theta:  3   mom:  6   Ent:29
=> 101 iters (-23.65) -> 1
 theta:  3   mom:  7   Ent:10
 theta:  3   mom:  8   Ent:6
 theta:  3   mom:  9   Ent:2
 theta:  3   mom: 10   Ent:0
 theta:  3   mom: 11   Ent:0
 theta:  3   mom: 12   Ent:0
 theta:  3   mom: 13   Ent:0
 theta:  3   mom: 14   Ent:0

Fits of LAMBDA sample for pbar efficiency:
 theta:  0   mom:  2   Ent:5934
=>  1 iters (-25546.46) -> 3
 theta:  0   mom:  3   Ent:9656
=>  1 iters (-109358.54) -> 3
 theta:  0   mom:  4   Ent:6324
=>  1 iters (-70345.28) -> 3
 theta:  0   mom:  5   Ent:14030
=>  2 iters (-168772.68) -> 3
 theta:  0   mom:  6   Ent:15211
=== Sucessful r9essai
=>  2 iters (-180169.09) -> 2
 theta:  0   mom:  7   Ent:14414
=>  2 iters (-164648.01) -> 2
 theta:  0   mom:  8   Ent:19460
=>  2 iters (-218319.81) -> 2
 theta:  0   mom:  9   Ent:16730
=>  2 iters (-180294.13) -> 3
 theta:  0   mom: 10   Ent:9633
=>  1 iters (-96153.10) -> 3
 theta:  0   mom: 11   Ent:12305
=>  2 iters (-125180.91) -> 2
 theta:  0   mom: 12   Ent:15575
=== Sucessful r9essai
=>  1 iters (-157582.07) -> 3
 theta:  0   mom: 13   Ent:11279
=>  2 iters (-109308.66) -> 3
 theta:  0   mom: 14   Ent:12366
=>  1 iters (-117079.17) -> 3
 theta:  1   mom:  2   Ent:5679
=>  1 iters (-24132.00) -> 3
 theta:  1   mom:  3   Ent:9230
=>  1 iters (-104175.86) -> 3
 theta:  1   mom:  4   Ent:6007
=>  1 iters (-66834.94) -> 3
 theta:  1   mom:  5   Ent:13167
=>  2 iters (-157411.05) -> 2
 theta:  1   mom:  6   Ent:14084
=>  2 iters (-165976.92) -> 3
 theta:  1   mom:  7   Ent:13208
=>  2 iters (-150313.69) -> 3
 theta:  1   mom:  8   Ent:17577
=>  1 iters (-196270.68) -> 3
 theta:  1   mom:  9   Ent:14880
=>  2 iters (-159098.27) -> 2
 theta:  1   mom: 10   Ent:8408
=== Sucessful r9essai
=>  1 iters (-83190.31) -> 3
 theta:  1   mom: 11   Ent:10539
=== Sucessful r9essai
=== Sucessful r9essai
=>  2 iters (-104717.50) -> 3
 theta:  1   mom: 12   Ent:13025
=>  1 iters (-129984.44) -> 3
 theta:  1   mom: 13   Ent:9055
=>  2 iters (-86974.32) -> 3
 theta:  1   mom: 14   Ent:9190
=>  2 iters (-86167.27) -> 3
 theta:  2   mom:  2   Ent:9099
=>  1 iters (-39807.48) -> 3
 theta:  2   mom:  3   Ent:13819
=== Sucessful r9essai
=>  2 iters (-163471.76) -> 3
 theta:  2   mom:  4   Ent:8593
=>  2 iters (-101674.16) -> 2
 theta:  2   mom:  5   Ent:17988
=>  2 iters (-227531.34) -> 2
 theta:  2   mom:  6   Ent:18307
=== Sucessful r9essai
=>  1 iters (-225086.59) -> 3
 theta:  2   mom:  7   Ent:16305
=== Sucessful r9essai
=>  2 iters (-191978.65) -> 3
 theta:  2   mom:  8   Ent:20714
=>  2 iters (-237386.96) -> 2
 theta:  2   mom:  9   Ent:16711
=>  1 iters (-181403.36) -> 3
 theta:  2   mom: 10   Ent:9176
=== Sucessful r9essai
=>  2 iters (-91645.55) -> 2
 theta:  2   mom: 11   Ent:11319
=== Sucessful r9essai
=>  2 iters (-113034.75) -> 3
 theta:  2   mom: 12   Ent:13635
=>  2 iters (-137141.94) -> 3
 theta:  2   mom: 13   Ent:9320
=== Sucessful r9essai
=>  1 iters (-89838.64) -> 3
 theta:  2   mom: 14   Ent:9359
=== Sucessful r9essai
=>  2 iters (-87963.98) -> 3
 theta:  3   mom:  2   Ent:57
=>  1 iters (-105.36) -> 3
 theta:  3   mom:  3   Ent:25
=== Sucessful r9essai
=>  1 iters (-108.92) -> 3
 theta:  3   mom:  4   Ent:8
 theta:  3   mom:  5   Ent:10
 theta:  3   mom:  6   Ent:2

Fits of LAMBDA sample for p efficiency:
 theta:  0   mom:  2   Ent:6588
=>  1 iters (-34335.70) -> 3
 theta:  0   mom:  3   Ent:11895
=>  1 iters (-149869.90) -> 3
 theta:  0   mom:  4   Ent:7655
=>  1 iters (-96823.47) -> 3
 theta:  0   mom:  5   Ent:17619
=>  1 iters (-243378.17) -> 3
 theta:  0   mom:  6   Ent:18220
=== Sucessful r9essai
=>  1 iters (-243501.52) -> 3
 theta:  0   mom:  7   Ent:17381
=>  2 iters (-224860.51) -> 3
 theta:  0   mom:  8   Ent:23074
=>  1 iters (-290789.21) -> 3
 theta:  0   mom:  9   Ent:19783
=== Sucessful r9essai
=>  2 iters (-238236.15) -> 3
 theta:  0   mom: 10   Ent:11362
=>  1 iters (-126937.40) -> 3
 theta:  0   mom: 11   Ent:14588
=>  2 iters (-165190.39) -> 2
 theta:  0   mom: 12   Ent:18788
=== Sucessful r9essai
=>  1 iters (-217705.18) -> 3
 theta:  0   mom: 13   Ent:12781
=== Sucessful r9essai
=>  1 iters (-139434.40) -> 3
 theta:  0   mom: 14   Ent:14072
=>  2 iters (-145890.71) -> 2
 theta:  1   mom:  2   Ent:6309
=>  1 iters (-32663.78) -> 3
 theta:  1   mom:  3   Ent:11386
=>  1 iters (-142916.21) -> 3
 theta:  1   mom:  4   Ent:7239
=== Sucessful r9essai
=== Sucessful r9essai
=>  2 iters (-90740.80) -> 3
 theta:  1   mom:  5   Ent:16581
=== Sucessful r9essai
=>  1 iters (-227740.76) -> 3
 theta:  1   mom:  6   Ent:16911
=>  2 iters (-225107.99) -> 2
 theta:  1   mom:  7   Ent:16002
=>  2 iters (-207182.26) -> 2
 theta:  1   mom:  8   Ent:20917
=>  2 iters (-261194.29) -> 2
 theta:  1   mom:  9   Ent:17617
=== Sucessful r9essai
=>  1 iters (-209813.52) -> 3
 theta:  1   mom: 10   Ent:9986
=== Sucessful r9essai
=>  2 iters (-109843.56) -> 2
 theta:  1   mom: 11   Ent:12627
=== Sucessful r9essai
=>  2 iters (-141098.25) -> 3
 theta:  1   mom: 12   Ent:15866
=>  1 iters (-181405.19) -> 3
 theta:  1   mom: 13   Ent:10524
=== Sucessful r9essai
=>  2 iters (-114165.08) -> 2
 theta:  1   mom: 14   Ent:10977
=>  1 iters (-111484.94) -> 3
 theta:  2   mom:  2   Ent:10249
=>  1 iters (-55382.92) -> 3
 theta:  2   mom:  3   Ent:17212
=>  1 iters (-227863.23) -> 3
 theta:  2   mom:  4   Ent:10487
=== Sucessful r9essai
=>  2 iters (-140156.01) -> 2
 theta:  2   mom:  5   Ent:23051
=== Sucessful r9essai
=== Sucessful r9essai
=>  2 iters (-333511.47) -> 3
 theta:  2   mom:  6   Ent:22351
=>  2 iters (-311681.77) -> 3
 theta:  2   mom:  7   Ent:20211
=>  1 iters (-271860.17) -> 3
 theta:  2   mom:  8   Ent:25067
=>  1 iters (-322142.96) -> 3
 theta:  2   mom:  9   Ent:20198
=== Sucessful r9essai
=>  1 iters (-245798.80) -> 3
 theta:  2   mom: 10   Ent:11113
=>  2 iters (-124034.11) -> 3
 theta:  2   mom: 11   Ent:13664
=== Sucessful r9essai
=>  2 iters (-154903.98) -> 2
 theta:  2   mom: 12   Ent:16729
=== Sucessful r9essai
=>  2 iters (-193017.21) -> 3
 theta:  2   mom: 13   Ent:10920
=>  2 iters (-119141.78) -> 3
 theta:  2   mom: 14   Ent:11204
=== Sucessful r9essai
=>  1 iters (-114172.84) -> 3
 theta:  3   mom:  2   Ent:69
=>  1 iters (-181.79) -> 3
 theta:  3   mom:  3   Ent:43
=>  1 iters (-266.65) -> 3
 theta:  3   mom:  4   Ent:34
=>  1 iters (-251.36) -> 3
 theta:  3   mom:  5   Ent:18
 theta:  3   mom:  6   Ent:8
p,t,i: 0,1,2 Empty
p,t,i: 0,1,3 Empty
p,t,i: 0,1,4 Empty
p,t,i: 0,1,5 Empty
p,t,i: 0,2,2 Empty
p,t,i: 0,2,3 Empty
p,t,i: 0,2,4 Empty
p,t,i: 0,2,5 Empty
p,t,i: 1,1,2 Empty
p,t,i: 1,1,3 Empty
p,t,i: 1,1,4 Empty
p,t,i: 1,1,5 Empty
p,t,i: 1,2,2 Empty
p,t,i: 1,2,3 Empty
p,t,i: 1,2,4 Empty
p,t,i: 1,2,5 Empty
0 1 0 0.913905 0.962107 0.969368 0.974256 0.976183 0.977489 0.979477 0.98204 0.984134 0.985509 0.986691 0.98636 0.9723 0.959074 0.915443 
0 2 0 0 0 8.02476e-06 0.000517401 0.00131693 0.00157432 0.00192472 0.00158965 0.0010979 0.0020538 0.00307977 0.00317556 0.00675146 0.00789409 0.0124089 
0 3 0 0.086095 0.0378926 0.0306238 0.0251369 0.0221856 0.0205719 0.0182808 0.0159642 0.0141425 0.00907118 0.00403443 0.00343676 0.00611511 0.00312008 0.00493615 
0 4 0 0 0 0 8.94204e-05 0.00031466 0.00036436 0.000317822 0.000406242 0.000626037 0.0033662 0.00619491 0.00702764 0.0148339 0.0299113 0.067212 
0 1 1 0.930814 0.965419 0.969917 0.974 0.977067 0.977897 0.979262 0.982808 0.984878 0.985332 0.986978 0.986381 0.974237 0.960012 0.925442 
0 2 1 0 0 8.11898e-06 0.00052606 0.00139493 0.00163763 0.00205419 0.00161696 0.00123045 0.0020252 0.00300041 0.00298281 0.00626024 0.00827801 0.0106961 
0 3 1 0.0691857 0.0345812 0.0300751 0.0253793 0.0212277 0.0201003 0.0183731 0.0152056 0.0132179 0.0094653 0.00384281 0.00364113 0.00597185 0.00375273 0.00348273 
0 4 1 0 0 0 9.42396e-05 0.000310013 0.00036535 0.000310358 0.00036956 0.000673802 0.00317712 0.0061792 0.00699469 0.0135309 0.0279574 0.0603795 
0 1 2 0.935891 0.965656 0.969723 0.971928 0.975798 0.977112 0.977992 0.981978 0.98395 0.984839 0.987028 0.986461 0.974209 0.960351 0.926123 
0 2 2 0 0 9.80793e-06 0.000631743 0.0016576 0.00191342 0.00208381 0.00170259 0.00125227 0.00209135 0.00269258 0.00282444 0.00631191 0.00838403 0.0102878 
0 3 2 0.0641089 0.0343438 0.0302668 0.0273145 0.0221988 0.0205626 0.0195906 0.0159294 0.0140968 0.00997516 0.00403337 0.00346904 0.006151 0.00372787 0.00374386 
0 4 2 0 0 0 0.000125851 0.000345912 0.000411657 0.000333795 0.000389993 0.000700636 0.00309437 0.00624594 0.00724569 0.0133284 0.0275375 0.0598455 
0 1 3 0.860683 0.881125 0.850484 0.930041 0.823755 
0 2 3 0 0 0 0 0 
0 3 3 0.139317 0.118875 0.149516 0.0699588 0.176245 
0 4 3 0 0 0 0 0 
1 1 0 0.90975 0.959721 0.969585 0.974756 0.976211 0.976039 0.981301 0.980239 0.982972 0.985935 0.988013 0.982093 0.972282 0.957111 0.913763 
1 2 0 0 0 1.54043e-14 0.000491051 0.000838209 0.00169579 0.00180717 0.00185407 0.00141176 0.00242669 0.00168936 0.00333134 0.00707199 0.00849042 0.011012 
1 3 0 0.0902505 0.0402787 0.0304152 0.0246827 0.0229512 0.0219183 0.0163951 0.0174278 0.0150165 0.00796153 0.00352824 0.00645366 0.0063155 0.00475672 0.00407953 
1 4 0 0 0 0 6.99665e-05 1.68745e-16 0.000347087 0.000496577 0.000479348 0.000599335 0.00367686 0.00676919 0.00812236 0.0143303 0.0296423 0.0711459 
1 1 1 0.926377 0.963159 0.970162 0.975142 0.975915 0.976444 0.981706 0.980513 0.983741 0.987382 0.988423 0.982224 0.975062 0.958785 0.922095 
1 2 1 0 0 0 0.000479429 0.000912822 0.00174842 0.00184225 0.00184878 0.00121447 0.00198947 0.00171418 0.00343278 0.00623597 0.00805375 0.0102889 
1 3 1 0.0736232 0.0368413 0.0298382 0.0242988 0.0231726 0.0214568 0.0159804 0.0171251 0.0144249 0.0073366 0.00315705 0.00695798 0.00649759 0.00457062 0.00304759 
1 4 1 0 0 0 7.92467e-05 7.26067e-16 0.000351202 0.000471225 0.000512591 0.000619733 0.00329223 0.00670548 0.00738535 0.0122048 0.0285902 0.0645685 
1 1 2 0.932176 0.963692 0.969806 0.974833 0.975143 0.975423 0.980639 0.978945 0.983011 0.987084 0.987864 0.981586 0.975365 0.958854 0.922126 
1 2 2 0 0 0 0.00046859 0.00115013 0.00213808 0.00207953 0.00197923 0.00120961 0.00214975 0.00171064 0.0035379 0.00593263 0.00813408 0.0105621 
1 3 2 0.0678235 0.0363083 0.0301937 0.0246098 0.0237073 0.0220785 0.0167501 0.0184361 0.0150383 0.00737545 0.0035669 0.00728681 0.00658907 0.00437613 0.002883 
1 4 2 0 0 0 8.83183e-05 2.42847e-17 0.000360834 0.000531171 0.000640033 0.000741156 0.00339109 0.00685842 0.00758903 0.0121136 0.0286359 0.0644288 
1 1 3 0.856867 0.878281 0.860568 0.777646 0.911067 0.878355 
1 2 3 0 0 1.50735e-10 0.00677235 0 0 
1 3 3 0.143133 0.121719 0.139432 0.215581 0.0889334 0.121645 
1 4 3 0 0 0 0 0 0 
2 1 0 0.115824 0.072297 0.0423332 0.0362701 0.0235966 0.0146971 0.0146995 0.0210835 0.0224475 0.0142291 0.0571693 0.118025 0.239758 
2 2 0 0.00510025 0.605814 0.872205 0.914509 0.94022 0.957323 0.960623 0.954911 0.947044 0.935368 0.863889 0.715403 0.429509 
2 3 0 0.879076 0.319062 0.0832846 0.0464337 0.0334514 0.026544 0.0186772 0.0134341 0.0131926 0.0104317 0.0112764 0.00374369 0.00811985 
2 4 0 6.83964e-14 0.00282766 0.00217765 0.00278729 0.00273174 0.00143627 0.00599989 0.0105719 0.0173163 0.0399714 0.0676653 0.162828 0.322614 
2 1 1 0.109154 0.062049 0.0291545 0.0251094 0.0176442 0.0123107 0.0235162 0.0050811 0.0253984 0.0126616 0.0179241 0.0638156 0.15077 
2 2 1 0.00525372 0.620667 0.888639 0.93238 0.951941 0.96419 0.955397 0.977332 0.952015 0.947889 0.919053 0.801822 0.527801 
2 3 1 0.885592 0.314917 0.0806273 0.0398377 0.0285989 0.0225592 0.0171475 0.0126271 0.00987325 0.0129291 0.0124704 0.0049316 0.0105854 
2 4 1 9.07822e-09 0.00236637 0.00157909 0.00267322 0.00181637 0.000940432 0.00393983 0.00495943 0.0127137 0.0265201 0.0505529 0.129431 0.310844 
2 1 2 0.0981615 0.0515603 0.0214907 0.0138265 0.0097103 0.00663719 0.0154377 0.00662588 0.0237233 0.0124323 0.0177147 0.0658287 0.149509 
2 2 2 0.00573172 0.649817 0.903846 0.948951 0.960754 0.968349 0.961342 0.975844 0.954829 0.949364 0.918975 0.798654 0.528492 
2 3 2 0.896107 0.296368 0.0730421 0.0350906 0.0279151 0.0242394 0.0200473 0.0126678 0.0100962 0.0134249 0.0123933 0.0057106 0.0105885 
2 4 2 9.29967e-11 0.00225508 0.00162168 0.00213141 0.00162044 0.000774877 0.00317303 0.00486258 0.0113514 0.0247791 0.0509167 0.129807 0.311411 
2 1 3 0.15064 0.0458696 3.45681e-09 2.38686e-06 1.88632e-07 
2 2 3 0.00405824 0.572072 5.55186e-10 0.830671 0.410168 
2 3 3 0.845301 0.382059 1 0.169327 0.589832 
2 4 3 0 0 0 0 0 
3 1 0 0.106328 0.0806015 0.0566576 0.0253657 0.0530876 0.0176088 0.0251021 0.0202373 0.0396177 0.0424327 0.0742708 0.117364 0.265997 
3 2 0 0.00581632 0.58801 0.842591 0.926442 0.903581 0.94214 0.947184 0.944828 0.922153 0.908191 0.83943 0.719548 0.420638 
3 3 0 0.887855 0.329281 0.0968242 0.0456445 0.0404232 0.039248 0.024319 0.0216306 0.0141551 0.0152416 0.0110718 0.00629553 0.00801325 
3 4 0 0 0.00210754 0.0039276 0.00254798 0.00290794 0.00100279 0.00339495 0.013304 0.0240743 0.034135 0.0752276 0.156793 0.305352 
3 1 1 0.101649 0.0730976 0.0518998 0.0218958 0.0456983 0.0143515 0.0185847 0.00258858 0.030915 0.0272428 0.0484115 0.0631466 0.153157 
3 2 1 0.005817 0.60381 0.852611 0.934805 0.915173 0.955116 0.956115 0.962412 0.937651 0.933802 0.88401 0.800288 0.529118 
3 3 1 0.892534 0.320912 0.0927565 0.0407654 0.0365473 0.0297572 0.0223957 0.0245468 0.0164055 0.0146242 0.011 0.00825549 0.00988764 
3 4 1 0 0.00218033 0.00273297 0.00253354 0.00258097 0.000774784 0.00290506 0.010453 0.0150288 0.0243308 0.056579 0.12831 0.307837 
3 1 2 0.0867344 0.0566095 0.0419085 0.0218177 0.03511 0.0150799 0.0113173 2.65858e-07 0.0278359 0.026654 0.048238 0.0625708 0.15303 
3 2 2 0.00612144 0.640134 0.868709 0.936565 0.928884 0.948651 0.963988 0.968303 0.941742 0.935597 0.882749 0.800958 0.529492 
3 3 2 0.907144 0.301193 0.0869319 0.0394629 0.0336324 0.03553 0.0217586 0.0225077 0.0159611 0.0128514 0.0109642 0.00933123 0.00983503 
3 4 2 0 0.00206332 0.00245048 0.00215478 0.00237341 0.000738744 0.00293601 0.009189 0.0144608 0.0248979 0.0580489 0.12714 0.307643 
3 1 3 0.0166492 2.56551e-09 0.249537 0.288614 9.19646e-09 
3 2 3 0.00959583 0.404754 0.330355 0.427582 0.369582 
3 3 3 0.973755 0.595246 0.420107 0.283805 0.630418 
3 4 3 0 0 0 0 0 
4 1 0 0.499132 0.177691 0.151263 0.1586 0.155374 0.171427 0.111824 0.0656996 0.0326644 0.0272913 0.0234989 0.0189357 0.037231 
4 2 0 0.000801396 0.0207571 0.0281986 0.0385779 0.0573856 0.0571214 0.0386733 0.0271545 0.00680999 0.0115483 0.011831 0.0182494 0.028605 
4 3 0 0.500066 0.801552 0.81648 0.799829 0.781286 0.761351 0.84411 0.895575 0.943306 0.94873 0.950738 0.934967 0.912932 
4 4 0 0 2.0789e-11 0.00405855 0.00299298 0.00595425 0.0101003 0.00539263 0.0115708 0.0172199 0.0124301 0.0139318 0.0278477 0.0212316 
4 1 1 0.494351 0.173409 0.144123 0.15105 0.1406 0.163472 0.0991967 0.0526213 0.0252302 0.0383394 0.0274561 0.0154763 0.0355993 
4 2 1 0.00084659 0.0214953 0.028244 0.0386715 0.0585859 0.0565543 0.0377133 0.0255939 0.00254766 0.0104751 0.0138414 0.0179259 0.0232116 
4 3 1 0.504802 0.805096 0.823399 0.807025 0.794592 0.770147 0.857385 0.910372 0.954591 0.940253 0.944169 0.940592 0.924035 
4 4 1 0 6.87816e-10 0.00423494 0.00325301 0.00622249 0.00982618 0.00570549 0.0114131 0.0176316 0.0109328 0.0145337 0.0260059 0.0171541 
4 1 2 0.489948 0.159483 0.131912 0.13764 0.127795 0.146817 0.0878511 0.053122 0.0235869 0.0390773 0.0298803 0.0171381 0.0344763 
4 2 2 0.00107984 0.0241122 0.0291217 0.0422536 0.0591571 0.0595417 0.036674 0.0247925 0.00362197 0.00971304 0.0153091 0.0192161 0.0245435 
4 3 2 0.508972 0.816405 0.835468 0.817027 0.80772 0.783606 0.870204 0.911497 0.954921 0.939526 0.939996 0.938328 0.924546 
4 4 2 0 2.63021e-10 0.00349885 0.00307897 0.0053281 0.0100351 0.0052714 0.010589 0.0178699 0.0116831 0.0148144 0.0253176 0.0164343 
4 1 3 0.200158 0.265517 
4 2 3 0 0 
4 3 3 0.799842 0.734483 
4 4 3 0 0 
5 1 0 0.141504 0.158819 0.114627 0.143004 0.148377 0.144256 0.105483 0.057148 0.0340091 0.027435 0.0359791 0.0189219 0.00980738 
5 2 0 4.28606e-09 0.0199169 0.0395668 0.0286008 0.0462519 0.0555228 0.0353927 0.0151725 0.00763999 0.005109 0.010069 0.0198539 0.0193507 
5 3 0 0.858496 0.820416 0.844877 0.824997 0.801735 0.793424 0.851473 0.913074 0.943551 0.949896 0.940369 0.944131 0.945109 
5 4 0 0 0.000848927 0.000928754 0.00339769 0.00363652 0.00679795 0.00765103 0.0146053 0.0147995 0.0175599 0.0135831 0.0170932 0.0257324 
5 1 1 0.133399 0.153418 0.107759 0.136115 0.140619 0.139515 0.0927938 0.0536247 0.0212134 0.0224104 0.0348842 0.0222798 0.0115507 
5 2 1 8.05138e-09 0.0201233 0.0404999 0.0295935 0.0470525 0.0570843 0.0354914 0.0151761 0.00756636 0.00341498 0.00933457 0.0218342 0.0166244 
5 3 1 0.866601 0.825572 0.851087 0.831095 0.808727 0.796279 0.865435 0.916073 0.958759 0.957544 0.941877 0.94088 0.952394 
5 4 1 0 0.000887038 0.000653341 0.00319663 0.00360157 0.00712174 0.00627991 0.0151261 0.0124609 0.0166309 0.0139045 0.015006 0.0194306 
5 1 2 0.112636 0.143956 0.0982139 0.122244 0.126628 0.126415 0.0839812 0.0468883 0.0198325 0.0201032 0.0362405 0.0241788 0.00770655 
5 2 2 1.17627e-08 0.022391 0.0451789 0.0317185 0.048392 0.0552329 0.0354115 0.0150129 0.00722677 0.00294586 0.00851441 0.023265 0.0173055 
5 3 2 0.887364 0.832645 0.855738 0.842768 0.822117 0.812527 0.874763 0.923067 0.961215 0.960643 0.941211 0.937972 0.955651 
5 4 2 0 0.00100849 0.000869292 0.00326914 0.00286211 0.00582475 0.00584466 0.0150323 0.0117261 0.0163078 0.0140336 0.0145846 0.0193371 
5 1 3 3.98626e-11 1.81241e-07 0.0720193 
5 2 3 0 0.0757381 1.79351e-09 
5 3 3 1 0.924262 0.927981 
5 4 3 0 0 0 
