
[1mRooFit v3.60 -- Developed by Wouter Verkerke and David Kirkby[0m 
                Copyright (C) 2000-2013 NIKHEF, University of California & Stanford University
                All rights reserved, please read http://roofit.sourceforge.net/license.txt

analysis: K0L
data_file: /sps/compass/02/yann/2016.fix/P05
data_template: hist
data_firstfile_nb: 273125
data_lastfile_nb: 273605
fit_type: all
merged_h: false
cols_theta_bin: true
hist_file_iphi: ./hist_iphi.P05.root
hist_file_ephi: ./hist_ephi.P05.root
hist_file_K0: ./hist_K0.P05.root
hist_file_Lam: ./hist_Lambda.P05.root
out_file: rich_p05.root
remove_richpipe: true
thr_diff: 5
LH_pi_K: 1.0
LH_pi_p: 1.0
LH_pi_bg: 2.0
LH_K_pi: 1.06
LH_K_p: 1.06
LH_K_bg: 2.0
LH_bthr_p_pi: 1.
LH_bthr_p_K: 1.
LH_athr_p_pi: 1.
LH_athr_p_K: 1.
LH_athr_p_bg: 1.
LH_bthr_p_pi_bg: 2.3
LH_bthr_p_K_bg: 3.0
LH_bthr_m_pi_bg: 2.2
LH_bthr_m_K_bg: 2.9
max_retry: 100
line_width: 2
sidebins: false
=====================
lh_cut[i][j]:
[0][0] -1.00 [0][1]  1.00 [0][2]  1.00 [0][3] -1.00 [0][4] -1.00 [0][5]  2.00 
[1][0]  1.06 [1][1] -1.00 [1][2]  1.06 [1][3] -1.00 [1][4] -1.00 [1][5]  2.00 
[2][0]  1.00 [2][1]  1.00 [2][2] -1.00 [2][3] -1.00 [2][4] -1.00 [2][5] -1.00 
[3][0]  1.00 [3][1]  1.00 [3][2] -1.00 [3][3] -1.00 [3][4] -1.00 [3][5]  1.00 
[4][0]  2.30 [4][1]  3.00 [4][2]  2.20 [4][3]  2.90 [4][4] -1.00 [4][5] -1.00 

Fits of K0 sample for pi- efficiency:
 theta:  0   mom:  0   Ent:28008
=>  1 iters (-555363.21) -> 3
 theta:  0   mom:  1   Ent:23215
=>  1 iters (-475216.38) -> 3
 theta:  0   mom:  2   Ent:27292
=>  1 iters (-577260.64) -> 3
 theta:  0   mom:  3   Ent:14238
=== Sucessful r9essai
=>  1 iters (-284360.19) -> 3
 theta:  0   mom:  4   Ent:6259
=>  1 iters (-115102.22) -> 3
 theta:  0   mom:  5   Ent:10436
=>  1 iters (-201684.35) -> 3
 theta:  0   mom:  6   Ent:8420
=== Sucessful r9essai
=>  1 iters (-158216.56) -> 3
 theta:  0   mom:  7   Ent:6793
=>  1 iters (-123461.24) -> 3
 theta:  0   mom:  8   Ent:7908
=>  1 iters (-142666.51) -> 3
 theta:  0   mom:  9   Ent:5922
=>  1 iters (-101200.49) -> 3
 theta:  0   mom: 10   Ent:3069
=>  1 iters (-48066.12) -> 3
 theta:  0   mom: 11   Ent:3809
=>  1 iters (-60703.96) -> 3
 theta:  0   mom: 12   Ent:4350
=>  1 iters (-68345.60) -> 3
 theta:  0   mom: 13   Ent:2756
=>  1 iters (-40977.53) -> 3
 theta:  0   mom: 14   Ent:2697
=>  1 iters (-38445.29) -> 3
 theta:  1   mom:  0   Ent:21717
=>  1 iters (-415480.86) -> 3
 theta:  1   mom:  1   Ent:21998
=>  1 iters (-447528.65) -> 3
 theta:  1   mom:  2   Ent:26292
=>  1 iters (-554060.82) -> 3
 theta:  1   mom:  3   Ent:13604
=== Sucessful r9essai
=>  3 iters (-270499.55) -> 3
 theta:  1   mom:  4   Ent:5916
=>  1 iters (-108066.69) -> 3
 theta:  1   mom:  5   Ent:9773
=>  1 iters (-187592.54) -> 3
 theta:  1   mom:  6   Ent:7772
=>  1 iters (-144790.55) -> 3
 theta:  1   mom:  7   Ent:6228
=>  1 iters (-112168.46) -> 3
 theta:  1   mom:  8   Ent:7130
=>  1 iters (-126909.15) -> 3
 theta:  1   mom:  9   Ent:5243
=>  1 iters (-88342.21) -> 3
 theta:  1   mom: 10   Ent:2698
=>  1 iters (-41647.60) -> 3
 theta:  1   mom: 11   Ent:3285
=>  1 iters (-51284.37) -> 3
 theta:  1   mom: 12   Ent:3612
=>  1 iters (-55303.30) -> 3
 theta:  1   mom: 13   Ent:2226
=>  1 iters (-32238.40) -> 3
 theta:  1   mom: 14   Ent:2015
=>  2 iters (-27616.30) -> 3
 theta:  2   mom:  0   Ent:40898
=>  1 iters (-828971.85) -> 3
 theta:  2   mom:  1   Ent:39213
=>  1 iters (-841046.16) -> 3
 theta:  2   mom:  2   Ent:43157
=>  2 iters (-951872.54) -> 3
 theta:  2   mom:  3   Ent:20171
=>  1 iters (-416376.11) -> 3
 theta:  2   mom:  4   Ent:8286
=>  1 iters (-156868.15) -> 3
 theta:  2   mom:  5   Ent:13020
=>  1 iters (-256877.15) -> 3
 theta:  2   mom:  6   Ent:9761
=>  1 iters (-185764.90) -> 3
 theta:  2   mom:  7   Ent:7456
=== Sucessful r9essai
=>  1 iters (-136528.61) -> 3
 theta:  2   mom:  8   Ent:8257
=>  1 iters (-148750.79) -> 3
 theta:  2   mom:  9   Ent:5788
=>  1 iters (-98244.38) -> 3
 theta:  2   mom: 10   Ent:2909
=>  1 iters (-45289.87) -> 3
 theta:  2   mom: 11   Ent:3466
=>  1 iters (-54281.53) -> 3
 theta:  2   mom: 12   Ent:3765
=>  1 iters (-57788.26) -> 3
 theta:  2   mom: 13   Ent:2283
=>  1 iters (-33119.97) -> 3
 theta:  2   mom: 14   Ent:2049
=>  2 iters (-28100.22) -> 3
 theta:  3   mom:  0   Ent:6123
=>  1 iters (-108126.94) -> 3
 theta:  3   mom:  1   Ent:893
=>  1 iters (-12939.49) -> 3
 theta:  3   mom:  2   Ent:203
=>  1 iters (-2282.52) -> 3
 theta:  3   mom:  3   Ent:27
=>  2 iters (-196.48) -> 3
 theta:  3   mom:  4   Ent:7
 theta:  3   mom:  5   Ent:11
 theta:  3   mom:  6   Ent:2

Fits of K0 sample for pi+ efficiency:
 theta:  0   mom:  0   Ent:28198
=>  1 iters (-559567.36) -> 3
 theta:  0   mom:  1   Ent:22960
=>  1 iters (-469412.55) -> 3
 theta:  0   mom:  2   Ent:27556
=== Sucessful r9essai
=>  1 iters (-583204.26) -> 3
 theta:  0   mom:  3   Ent:14089
=>  6 iters (-281497.46) -> 3
 theta:  0   mom:  4   Ent:5981
=>  1 iters (-109037.27) -> 3
 theta:  0   mom:  5   Ent:10213
=>  2 iters (-196525.74) -> 3
 theta:  0   mom:  6   Ent:8290
=>  1 iters (-155616.72) -> 3
 theta:  0   mom:  7   Ent:6730
=>  1 iters (-121556.08) -> 3
 theta:  0   mom:  8   Ent:7569
=>  1 iters (-135570.76) -> 3
 theta:  0   mom:  9   Ent:6025
=>  1 iters (-103422.35) -> 3
 theta:  0   mom: 10   Ent:3124
=>  1 iters (-48853.89) -> 3
 theta:  0   mom: 11   Ent:3765
=>  1 iters (-59442.91) -> 3
 theta:  0   mom: 12   Ent:4301
=>  1 iters (-67854.12) -> 3
 theta:  0   mom: 13   Ent:2789
=>  1 iters (-40656.89) -> 3
 theta:  0   mom: 14   Ent:2690
=>  1 iters (-37801.50) -> 3
 theta:  1   mom:  0   Ent:21990
=>  1 iters (-421339.73) -> 3
 theta:  1   mom:  1   Ent:21704
=>  1 iters (-441015.31) -> 3
 theta:  1   mom:  2   Ent:26539
=>  1 iters (-559648.23) -> 3
 theta:  1   mom:  3   Ent:13453
=>  1 iters (-267573.89) -> 3
 theta:  1   mom:  4   Ent:5688
=>  1 iters (-103075.20) -> 3
 theta:  1   mom:  5   Ent:9584
=>  1 iters (-183067.69) -> 3
 theta:  1   mom:  6   Ent:7708
=>  2 iters (-143454.03) -> 3
 theta:  1   mom:  7   Ent:6195
=>  1 iters (-110879.53) -> 3
 theta:  1   mom:  8   Ent:6839
=>  1 iters (-120980.45) -> 3
 theta:  1   mom:  9   Ent:5382
=>  1 iters (-91094.61) -> 3
 theta:  1   mom: 10   Ent:2721
=>  1 iters (-41768.12) -> 3
 theta:  1   mom: 11   Ent:3267
=>  1 iters (-50684.66) -> 3
 theta:  1   mom: 12   Ent:3630
=>  1 iters (-55921.14) -> 3
 theta:  1   mom: 13   Ent:2269
=>  1 iters (-32275.06) -> 3
 theta:  1   mom: 14   Ent:2060
=>  1 iters (-27904.33) -> 3
 theta:  2   mom:  0   Ent:41409
=>  1 iters (-840465.04) -> 3
 theta:  2   mom:  1   Ent:38792
=>  2 iters (-831640.01) -> 3
 theta:  2   mom:  2   Ent:43390
=>  1 iters (-957136.79) -> 3
 theta:  2   mom:  3   Ent:19936
=== Sucessful r9essai
=>  1 iters (-411573.94) -> 3
 theta:  2   mom:  4   Ent:7989
=>  1 iters (-149807.35) -> 3
 theta:  2   mom:  5   Ent:12790
=>  1 iters (-251132.82) -> 3
 theta:  2   mom:  6   Ent:9662
=>  1 iters (-183702.64) -> 3
 theta:  2   mom:  7   Ent:7413
=>  1 iters (-134709.05) -> 3
 theta:  2   mom:  8   Ent:7878
=>  1 iters (-140905.09) -> 3
 theta:  2   mom:  9   Ent:5925
=>  1 iters (-100729.41) -> 3
 theta:  2   mom: 10   Ent:2927
=>  1 iters (-45180.51) -> 3
 theta:  2   mom: 11   Ent:3450
=>  1 iters (-53669.76) -> 3
 theta:  2   mom: 12   Ent:3796
=>  1 iters (-58733.19) -> 3
 theta:  2   mom: 13   Ent:2320
=== Sucessful r9essai
=>  2 iters (-33018.95) -> 3
 theta:  2   mom: 14   Ent:2090
=>  1 iters (-28317.20) -> 3
 theta:  3   mom:  0   Ent:6045
=>  1 iters (-106599.57) -> 3
 theta:  3   mom:  1   Ent:924
=>  1 iters (-13530.38) -> 3
 theta:  3   mom:  2   Ent:203
=>  3 iters (-2273.92) -> 3
 theta:  3   mom:  3   Ent:22
 theta:  3   mom:  4   Ent:5
 theta:  3   mom:  5   Ent:3
 theta:  3   mom:  6   Ent:2

Fits of PHI sample for K- efficiency:
 theta:  0   mom:  2   Ent:179489
=== Sucessful r9essai
=== Sucessful r9essai
=== Sucessful r9essai
=== Sucessful r9essai
=== Sucessful r9essai
=== Sucessful r9essai
=> 30 iters (-1118271.13) -> 3
 theta:  0   mom:  3   Ent:64036
=== Sucessful r9essai
=>  5 iters (-387336.85) -> 3
 theta:  0   mom:  4   Ent:23550
=== Sucessful r9essai
=>  9 iters (-131339.47) -> 3
 theta:  0   mom:  5   Ent:36049
=== Sucessful r9essai
=== Sucessful r9essai
=== Sucessful r9essai
=> 19 iters (-215727.58) -> 3
 theta:  0   mom:  6   Ent:25782
=== Sucessful r9essai
=>  1 iters (-150811.26) -> 3
 theta:  0   mom:  7   Ent:18804
=>  3 iters (-105188.71) -> 3
 theta:  0   mom:  8   Ent:19509
=== Sucessful r9essai
=== Sucessful r9essai
=== Sucessful r9essai
=> 15 iters (-112950.28) -> 3
 theta:  0   mom:  9   Ent:12640
=== Sucessful r9essai
=>  9 iters (-69574.95) -> 3
 theta:  0   mom: 10   Ent:5877
=== Sucessful r9essai
=== Sucessful r9essai
=>  9 iters (-30317.88) -> 3
 theta:  0   mom: 11   Ent:6358
=>  1 iters (-33125.78) -> 3
 theta:  0   mom: 12   Ent:6225
=== Sucessful r9essai
=>  1 iters (-31442.39) -> 3
 theta:  0   mom: 13   Ent:3265
=>  1 iters (-15821.41) -> 3
 theta:  0   mom: 14   Ent:2690
=>  1 iters (-13804.60) -> 3
 theta:  1   mom:  2   Ent:171614
=== Sucessful r9essai
=>  2 iters (-1063997.81) -> 3
 theta:  1   mom:  3   Ent:60880
=>  7 iters (-365684.44) -> 3
 theta:  1   mom:  4   Ent:22166
=== Sucessful r9essai
=>  2 iters (-122664.13) -> 3
 theta:  1   mom:  5   Ent:33519
=== Sucessful r9essai
=== Sucessful r9essai
=== Sucessful r9essai
=== Sucessful r9essai
=== Sucessful r9essai
=== Sucessful r9essai
=== Sucessful r9essai
=> 17 iters (-198312.01) -> 3
 theta:  1   mom:  6   Ent:23758
=>  1 iters (-137466.20) -> 3
 theta:  1   mom:  7   Ent:17045
=>  9 iters (-93777.45) -> 3
 theta:  1   mom:  8   Ent:17462
=== Sucessful r9essai
=== Sucessful r9essai
=== Sucessful r9essai
=> 15 iters (-98836.45) -> 3
 theta:  1   mom:  9   Ent:10996
=>  2 iters (-59086.09) -> 3
 theta:  1   mom: 10   Ent:5015
=== Sucessful r9essai
=>  3 iters (-25026.14) -> 3
 theta:  1   mom: 11   Ent:5317
=== Sucessful r9essai
=>  2 iters (-26409.44) -> 3
 theta:  1   mom: 12   Ent:4987
=>  1 iters (-23256.62) -> 3
 theta:  1   mom: 13   Ent:2546
=>  1 iters (-11488.67) -> 3
 theta:  1   mom: 14   Ent:1902
=>  2 iters (-8955.60) -> 3
 theta:  2   mom:  2   Ent:283359
=== Sucessful r9essai
=> 29 iters (-1807342.57) -> 3
 theta:  2   mom:  3   Ent:90640
=== Sucessful r9essai
=== Sucessful r9essai
=== Sucessful r9essai
=== Sucessful r9essai
=== Sucessful r9essai
=== Sucessful r9essai
=== Sucessful r9essai
=== Sucessful r9essai
=== Sucessful r9essai
=== Sucessful r9essai
=== Sucessful r9essai
=> 19 iters (-553716.78) -> 3
 theta:  2   mom:  4   Ent:31117
=== Sucessful r9essai
=== Sucessful r9essai
=> 10 iters (-175011.97) -> 3
 theta:  2   mom:  5   Ent:44468
=== Sucessful r9essai
=== Sucessful r9essai
=== Sucessful r9essai
=== Sucessful r9essai
=== Sucessful r9essai
=== Sucessful r9essai
=== Sucessful r9essai
=== Sucessful r9essai
=== Sucessful r9essai
=> 101 iters (-265500.62) -> 2
 theta:  2   mom:  6   Ent:29525
=>  2 iters (-172091.53) -> 3
 theta:  2   mom:  7   Ent:20062
=>  3 iters (-111621.18) -> 3
 theta:  2   mom:  8   Ent:19612
=>  3 iters (-111820.56) -> 3
 theta:  2   mom:  9   Ent:11905
=== Sucessful r9essai
=>  1 iters (-64603.65) -> 3
 theta:  2   mom: 10   Ent:5266
=== Sucessful r9essai
=>  3 iters (-26361.38) -> 3
 theta:  2   mom: 11   Ent:5525
=>  1 iters (-27430.84) -> 3
 theta:  2   mom: 12   Ent:5110
=== Sucessful r9essai
=>  1 iters (-23868.47) -> 3
 theta:  2   mom: 13   Ent:2588
=>  1 iters (-11665.40) -> 3
 theta:  2   mom: 14   Ent:1916
=>  2 iters (-8987.28) -> 3
 theta:  3   mom:  2   Ent:2978
=>  2 iters (-9186.56) -> 3
 theta:  3   mom:  3   Ent:217
=>  1 iters (-456.93) -> 3
 theta:  3   mom:  4   Ent:37
=== Sucessful r9essai
=>  1 iters (-51.74) -> 3
 theta:  3   mom:  5   Ent:23
 theta:  3   mom:  6   Ent:5
 theta:  3   mom:  7   Ent:2
 theta:  3   mom:  8   Ent:3
 theta:  3   mom:  9   Ent:0
 theta:  3   mom: 10   Ent:0
 theta:  3   mom: 11   Ent:0
 theta:  3   mom: 12   Ent:0
 theta:  3   mom: 13   Ent:0
 theta:  3   mom: 14   Ent:0

Fits of PHI sample for K+ efficiency:
 theta:  0   mom:  2   Ent:176619
=== Sucessful r9essai
=>  9 iters (-1108257.88) -> 3
 theta:  0   mom:  3   Ent:63163
=>  3 iters (-374013.73) -> 3
 theta:  0   mom:  4   Ent:23367
=>  1 iters (-130021.48) -> 3
 theta:  0   mom:  5   Ent:35160
=== Sucessful r9essai
=== Sucessful r9essai
=== Sucessful r9essai
=== Sucessful r9essai
=== Sucessful r9essai
=== Sucessful r9essai
=== Sucessful r9essai
=== Sucessful r9essai
=> 101 iters (-205222.86) -> 3
 theta:  0   mom:  6   Ent:24488
=>  8 iters (-140850.43) -> 3
 theta:  0   mom:  7   Ent:18062
=== Sucessful r9essai
=== Sucessful r9essai
=== Sucessful r9essai
=== Sucessful r9essai
=== Sucessful r9essai
=> 36 iters (-101182.28) -> 3
 theta:  0   mom:  8   Ent:18857
=>  5 iters (-106514.93) -> 3
 theta:  0   mom:  9   Ent:11995
=== Sucessful r9essai
=> 10 iters (-65657.69) -> 3
 theta:  0   mom: 10   Ent:5784
=>  1 iters (-28891.93) -> 3
 theta:  0   mom: 11   Ent:6075
=== Sucessful r9essai
=>  3 iters (-32457.77) -> 3
 theta:  0   mom: 12   Ent:6050
=>  1 iters (-32098.28) -> 3
 theta:  0   mom: 13   Ent:3138
=>  1 iters (-15321.42) -> 3
 theta:  0   mom: 14   Ent:2531
=== Sucessful r9essai
=>  1 iters (-13177.28) -> 3
 theta:  1   mom:  2   Ent:169010
=== Sucessful r9essai
=>  2 iters (-1058129.49) -> 3
 theta:  1   mom:  3   Ent:60019
=== Sucessful r9essai
=>  3 iters (-351322.65) -> 3
 theta:  1   mom:  4   Ent:21981
=== Sucessful r9essai
=>  2 iters (-120751.68) -> 3
 theta:  1   mom:  5   Ent:32721
=>  4 iters (-188267.88) -> 3
 theta:  1   mom:  6   Ent:22474
=== Sucessful r9essai
=>  5 iters (-127642.32) -> 3
 theta:  1   mom:  7   Ent:16357
=>  2 iters (-90241.10) -> 3
 theta:  1   mom:  8   Ent:16811
=== Sucessful r9essai
=>  2 iters (-93391.06) -> 3
 theta:  1   mom:  9   Ent:10448
=>  4 iters (-55902.20) -> 3
 theta:  1   mom: 10   Ent:4941
=>  1 iters (-23482.85) -> 3
 theta:  1   mom: 11   Ent:5038
=== Sucessful r9essai
=>  1 iters (-25682.33) -> 3
 theta:  1   mom: 12   Ent:4894
=== Sucessful r9essai
=>  3 iters (-24451.90) -> 3
 theta:  1   mom: 13   Ent:2399
=>  1 iters (-10457.83) -> 3
 theta:  1   mom: 14   Ent:1793
=>  1 iters (-8452.32) -> 3
 theta:  2   mom:  2   Ent:277359
=== Sucessful r9essai
=== Sucessful r9essai
=>  8 iters (-1782148.15) -> 3
 theta:  2   mom:  3   Ent:88735
=> 91 iters (-526651.10) -> 3
 theta:  2   mom:  4   Ent:30524
=== Sucessful r9essai
=>  4 iters (-169031.06) -> 3
 theta:  2   mom:  5   Ent:43304
Eff+/-dEff = 0.93+/-0.26 >> 0.01
Eff+/-dEff = 0.93+/-0.38 >> 0.01
=== Sucessful r9essai
=> 39 iters (-250719.87) -> 3
 theta:  2   mom:  6   Ent:27854
=>  3 iters (-158555.51) -> 3
 theta:  2   mom:  7   Ent:19215
=== Sucessful r9essai
=== Sucessful r9essai
=== Sucessful r9essai
=== Sucessful r9essai
=> 20 iters (-107411.42) -> 3
 theta:  2   mom:  8   Ent:18913
=>  2 iters (-105824.44) -> 3
 theta:  2   mom:  9   Ent:11282
=>  7 iters (-60356.37) -> 3
 theta:  2   mom: 10   Ent:5209
=>  2 iters (-24785.09) -> 3
 theta:  2   mom: 11   Ent:5248
=>  1 iters (-26977.28) -> 3
 theta:  2   mom: 12   Ent:5007
=>  1 iters (-24971.27) -> 3
 theta:  2   mom: 13   Ent:2431
=>  1 iters (-10504.13) -> 3
 theta:  2   mom: 14   Ent:1800
=== Sucessful r9essai
=== Sucessful r9essai
=== Sucessful r9essai
=== Sucessful r9essai
=== Sucessful r9essai
=== Sucessful r9essai
=== Sucessful r9essai
=== Sucessful r9essai
=== Sucessful r9essai
=== Sucessful r9essai
=== Sucessful r9essai
=== Sucessful r9essai
=== Sucessful r9essai
=== Sucessful r9essai
=== Sucessful r9essai
=== Sucessful r9essai
=> 39 iters (-8467.38) -> 3
 theta:  3   mom:  2   Ent:2613
=>  2 iters (-7539.19) -> 3
 theta:  3   mom:  3   Ent:189
=>  1 iters (-423.26) -> 3
 theta:  3   mom:  4   Ent:23
 theta:  3   mom:  5   Ent:28
=> 101 iters (-19.56) -> 1
 theta:  3   mom:  6   Ent:7
 theta:  3   mom:  7   Ent:2
 theta:  3   mom:  8   Ent:1
 theta:  3   mom:  9   Ent:0
 theta:  3   mom: 10   Ent:0
 theta:  3   mom: 11   Ent:0
 theta:  3   mom: 12   Ent:0
 theta:  3   mom: 13   Ent:0
 theta:  3   mom: 14   Ent:0

Fits of LAMBDA sample for pbar efficiency:
 theta:  0   mom:  0   Ent:0
 theta:  0   mom:  1   Ent:46
=>  2 iters (0.00) -> 1
 theta:  0   mom:  2   Ent:1097
=>  1 iters (-3810.80) -> 3
 theta:  0   mom:  3   Ent:1786
=>  1 iters (-16522.12) -> 3
 theta:  0   mom:  4   Ent:1167
=>  1 iters (-10909.51) -> 3
 theta:  0   mom:  5   Ent:2763
=>  2 iters (-27755.09) -> 3
 theta:  0   mom:  6   Ent:2887
=>  2 iters (-28522.26) -> 2
 theta:  0   mom:  7   Ent:2670
=== Sucessful r9essai
=>  2 iters (-24300.12) -> 2
 theta:  0   mom:  8   Ent:3746
=>  2 iters (-35733.72) -> 2
 theta:  0   mom:  9   Ent:3104
=>  2 iters (-28333.18) -> 2
 theta:  0   mom: 10   Ent:1891
=>  2 iters (-15121.45) -> 2
 theta:  0   mom: 11   Ent:2416
=>  1 iters (-20209.88) -> 3
 theta:  0   mom: 12   Ent:2993
=>  2 iters (-23911.59) -> 2
 theta:  0   mom: 13   Ent:2107
=== Sucessful r9essai
=>  2 iters (-17318.20) -> 3
 theta:  0   mom: 14   Ent:2394
=>  2 iters (-19337.50) -> 3
 theta:  1   mom:  0   Ent:0
 theta:  1   mom:  1   Ent:45
=>  2 iters (0.00) -> 1
 theta:  1   mom:  2   Ent:1068
=>  1 iters (-3674.03) -> 3
 theta:  1   mom:  3   Ent:1705
=>  1 iters (-15597.43) -> 3
 theta:  1   mom:  4   Ent:1098
=== Sucessful r9essai
=>  1 iters (-10178.82) -> 3
 theta:  1   mom:  5   Ent:2592
=>  1 iters (-25964.82) -> 3
 theta:  1   mom:  6   Ent:2642
=>  2 iters (-26032.11) -> 2
 theta:  1   mom:  7   Ent:2438
=== Sucessful r9essai
=>  1 iters (-22266.37) -> 3
 theta:  1   mom:  8   Ent:3385
=>  1 iters (-31917.98) -> 3
 theta:  1   mom:  9   Ent:2752
=>  2 iters (-24811.97) -> 3
 theta:  1   mom: 10   Ent:1646
=>  1 iters (-12820.81) -> 3
 theta:  1   mom: 11   Ent:2055
=>  1 iters (-16650.78) -> 3
 theta:  1   mom: 12   Ent:2478
=>  2 iters (-19340.53) -> 3
 theta:  1   mom: 13   Ent:1681
=>  2 iters (-13558.16) -> 2
 theta:  1   mom: 14   Ent:1792
=>  2 iters (-14263.86) -> 3
 theta:  2   mom:  0   Ent:0
 theta:  2   mom:  1   Ent:79
=>  2 iters (0.00) -> 1
 theta:  2   mom:  2   Ent:1710
=>  1 iters (-5975.20) -> 3
 theta:  2   mom:  3   Ent:2558
=>  1 iters (-25123.50) -> 3
 theta:  2   mom:  4   Ent:1574
=== Sucessful r9essai
=>  2 iters (-15630.28) -> 3
 theta:  2   mom:  5   Ent:3557
=== Sucessful r9essai
=>  1 iters (-38054.70) -> 3
 theta:  2   mom:  6   Ent:3399
=>  2 iters (-35319.69) -> 2
 theta:  2   mom:  7   Ent:3011
=>  2 iters (-28738.75) -> 2
 theta:  2   mom:  8   Ent:3972
=>  1 iters (-38398.19) -> 3
 theta:  2   mom:  9   Ent:3109
=== Sucessful r9essai
=>  1 iters (-28695.15) -> 3
 theta:  2   mom: 10   Ent:1802
=>  1 iters (-14479.85) -> 3
 theta:  2   mom: 11   Ent:2197
=>  1 iters (-17940.93) -> 3
 theta:  2   mom: 12   Ent:2591
=>  2 iters (-20371.58) -> 2
 theta:  2   mom: 13   Ent:1733
=>  2 iters (-14019.40) -> 2
 theta:  2   mom: 14   Ent:1826
=>  2 iters (-14491.14) -> 2
 theta:  3   mom:  0   Ent:0
 theta:  3   mom:  1   Ent:1
 theta:  3   mom:  2   Ent:7
 theta:  3   mom:  3   Ent:5
 theta:  3   mom:  4   Ent:3
 theta:  3   mom:  5   Ent:1
 theta:  3   mom:  6   Ent:1

Fits of LAMBDA sample for p efficiency:
 theta:  0   mom:  0   Ent:0
 theta:  0   mom:  1   Ent:50
=>  2 iters (0.00) -> 1
 theta:  0   mom:  2   Ent:1202
=>  1 iters (-4807.33) -> 3
 theta:  0   mom:  3   Ent:2130
=>  1 iters (-21977.63) -> 3
 theta:  0   mom:  4   Ent:1447
=== Sucessful r9essai
=>  1 iters (-14821.41) -> 3
 theta:  0   mom:  5   Ent:3111
=>  2 iters (-35445.95) -> 3
 theta:  0   mom:  6   Ent:3351
=>  1 iters (-37893.14) -> 3
 theta:  0   mom:  7   Ent:3257
=>  1 iters (-34672.33) -> 3
 theta:  0   mom:  8   Ent:4276
=>  2 iters (-45823.75) -> 2
 theta:  0   mom:  9   Ent:3780
=>  2 iters (-37886.53) -> 2
 theta:  0   mom: 10   Ent:2074
=>  1 iters (-18902.39) -> 3
 theta:  0   mom: 11   Ent:2746
=== Sucessful r9essai
=>  2 iters (-25759.39) -> 2
 theta:  0   mom: 12   Ent:3442
=== Sucessful r9essai
=>  1 iters (-33548.58) -> 3
 theta:  0   mom: 13   Ent:2479
=>  1 iters (-22288.54) -> 3
 theta:  0   mom: 14   Ent:2688
=>  1 iters (-24237.85) -> 3
 theta:  1   mom:  0   Ent:0
 theta:  1   mom:  1   Ent:48
=>  2 iters (0.00) -> 1
 theta:  1   mom:  2   Ent:1157
=>  1 iters (-4603.67) -> 3
 theta:  1   mom:  3   Ent:2055
=>  1 iters (-21011.93) -> 3
 theta:  1   mom:  4   Ent:1361
=== Sucessful r9essai
=>  2 iters (-13917.54) -> 2
 theta:  1   mom:  5   Ent:2913
=== Sucessful r9essai
=>  2 iters (-33074.46) -> 3
 theta:  1   mom:  6   Ent:3121
=== Sucessful r9essai
=>  1 iters (-34961.94) -> 3
 theta:  1   mom:  7   Ent:2997
=>  1 iters (-31878.96) -> 3
 theta:  1   mom:  8   Ent:3852
=>  2 iters (-40948.29) -> 3
 theta:  1   mom:  9   Ent:3359
=>  2 iters (-33025.84) -> 2
 theta:  1   mom: 10   Ent:1831
=== Sucessful r9essai
=>  2 iters (-16593.02) -> 3
 theta:  1   mom: 11   Ent:2376
=>  2 iters (-22077.29) -> 2
 theta:  1   mom: 12   Ent:2913
=== Sucessful r9essai
=>  1 iters (-28357.12) -> 3
 theta:  1   mom: 13   Ent:1996
=>  1 iters (-17666.04) -> 3
 theta:  1   mom: 14   Ent:2116
=== Sucessful r9essai
=>  2 iters (-18888.60) -> 2
 theta:  2   mom:  0   Ent:0
 theta:  2   mom:  1   Ent:81
=>  2 iters (0.00) -> 1
 theta:  2   mom:  2   Ent:1881
=>  1 iters (-8104.36) -> 3
 theta:  2   mom:  3   Ent:3075
=>  1 iters (-33305.68) -> 3
 theta:  2   mom:  4   Ent:1947
=>  1 iters (-21160.87) -> 3
 theta:  2   mom:  5   Ent:4063
=== Sucessful r9essai
=>  2 iters (-49278.05) -> 3
 theta:  2   mom:  6   Ent:4153
=== Sucessful r9essai
=>  2 iters (-48930.35) -> 2
 theta:  2   mom:  7   Ent:3755
=== Sucessful r9essai
=== Sucessful r9essai
=>  2 iters (-41695.56) -> 3
 theta:  2   mom:  8   Ent:4574
=>  2 iters (-50136.14) -> 2
 theta:  2   mom:  9   Ent:3845
=>  1 iters (-38621.81) -> 3
 theta:  2   mom: 10   Ent:2043
=>  2 iters (-18955.78) -> 3
 theta:  2   mom: 11   Ent:2597
=>  2 iters (-24649.45) -> 2
 theta:  2   mom: 12   Ent:3064
=>  1 iters (-30216.98) -> 3
 theta:  2   mom: 13   Ent:2054
=>  1 iters (-18276.45) -> 3
 theta:  2   mom: 14   Ent:2153
=>  1 iters (-19170.43) -> 3
 theta:  3   mom:  0   Ent:0
 theta:  3   mom:  1   Ent:0
 theta:  3   mom:  2   Ent:6
 theta:  3   mom:  3   Ent:4
 theta:  3   mom:  4   Ent:2
 theta:  3   mom:  5   Ent:1
 theta:  3   mom:  6   Ent:1
p,t,i: 0,1,2 Empty
p,t,i: 0,1,3 Empty
p,t,i: 0,1,4 Empty
p,t,i: 0,1,5 Empty
p,t,i: 0,2,2 Empty
p,t,i: 0,2,3 Empty
p,t,i: 0,2,4 Empty
p,t,i: 0,2,5 Empty
p,t,i: 1,1,2 Empty
p,t,i: 1,1,3 Empty
p,t,i: 1,2,2 Empty
p,t,i: 1,2,3 Empty
0 1 0 0.84505 0.909672 0.930497 0.948523 0.95259 0.957656 0.96129 0.972877 0.973294 0.974645 0.981239 0.970129 0.962025 0.940618 0.898086 
0 2 0 0 0 0 0.000307978 0.00199991 0.00310611 0.00317032 0.0014403 0.00294207 0.00655026 0.004037 0.010881 0.0161016 0.0153814 0.0230447 
0 3 0 0.15495 0.0903278 0.0695026 0.0510096 0.0447147 0.0389269 0.0350175 0.0252667 0.0231698 0.0101419 0.0040963 0.00721052 0.00473752 0.00640799 0.00274917 
0 4 0 0 0 0 0.000159164 0.000695492 0.000311215 0.000522137 0.000415854 0.000594325 0.0086629 0.0106279 0.0117793 0.0171356 0.0375924 0.0761202 
0 1 1 0.865725 0.911821 0.930136 0.9476 0.950907 0.956768 0.960921 0.972133 0.972578 0.974017 0.980692 0.967302 0.960925 0.949138 0.896259 
0 2 1 0 0 0 0.000347435 0.00211885 0.00320049 0.00300506 0.0015331 0.00269384 0.00694181 0.00415187 0.0115134 0.0187118 0.00930731 0.027777 
0 3 1 0.134275 0.0881788 0.0698642 0.0518939 0.0462442 0.0396991 0.0356487 0.0260823 0.024254 0.009681 0.0048719 0.00906822 0.00512678 0.00822737 0.00172045 
0 4 1 0 0 0 0.000158635 0.000730262 0.000332262 0.000425663 0.000251643 0.000473948 0.00936064 0.0102843 0.0121163 0.0152365 0.0333275 0.0742437 
0 1 2 0.870048 0.907241 0.921733 0.93875 0.94112 0.947923 0.950663 0.966103 0.966213 0.969962 0.980511 0.965526 0.959243 0.948956 0.895068 
0 2 2 0 0 0 0.000389087 0.00228408 0.00359254 0.00318155 0.00203017 0.00282918 0.00738022 0.00399764 0.0120357 0.0182522 0.00925034 0.0270163 
0 3 2 0.129952 0.0927587 0.0782671 0.0607541 0.0558176 0.0480675 0.0454832 0.0315444 0.0305329 0.0117086 0.00432493 0.00957135 0.00518865 0.00858983 0.00165113 
0 4 2 0 0 0 0.000106536 0.000778092 0.000416913 0.000672051 0.000322891 0.000425315 0.0109495 0.0111665 0.0128666 0.0173166 0.0332038 0.0762649 
0 1 3 0.78206 0.839027 0.802178 0.792807 
0 2 3 0 0 0 0 
0 3 3 0.21794 0.160973 0.197822 0.207193 
0 4 3 0 0 0 0 
1 1 0 0.868095 0.921735 0.94395 0.954855 0.957138 0.96647 0.970991 0.976177 0.975547 0.980398 0.980793 0.966203 0.962874 0.933641 0.911701 
1 2 0 0 0 0 0.00147435 0.00186874 0.00180473 0.00185615 0.00301316 0.00156737 0.00653547 0.00699106 0.0123732 0.0171375 0.0209036 0.0132163 
1 3 0 0.131905 0.0782654 0.0560499 0.0436705 0.040632 0.0314615 0.0264564 0.0205143 0.02164 0.00688366 0.00182793 0.0079949 0.00442107 0.00344807 3.28837e-07 
1 4 0 0 0 0 0 0.00036103 0.000263808 0.000696646 0.000295099 0.00124554 0.00618253 0.0103879 0.013429 0.0155672 0.0420075 0.075082 
1 1 1 0.887121 0.925445 0.943978 0.954459 0.956934 0.965132 0.971429 0.976324 0.976363 0.979978 0.98184 0.965307 0.966238 0.942522 0.914725 
1 2 1 0 0 0 0.00150162 0.00188482 0.00186803 0.00108292 0.00340484 0.000969888 0.00648466 0.00635757 0.0120463 0.014708 0.0193342 0.00950999 
1 3 1 0.112879 0.0745551 0.0560221 0.0440391 0.040982 0.0327724 0.0267347 0.0199474 0.0214825 0.00681491 0.00152599 0.00964314 0.00431118 0.00377153 3.55425e-08 
1 4 1 0 0 0 0 0.000199383 0.00022767 0.000753522 0.000323705 0.00118413 0.00672207 0.0102761 0.0130039 0.0147431 0.0343727 0.0757651 
1 1 2 0.892139 0.923101 0.94007 0.948808 0.95008 0.959974 0.966338 0.97288 0.974476 0.977422 0.980837 0.963175 0.967363 0.941072 0.916107 
1 2 2 0 0 0 0.00168892 0.00234298 0.00220352 0.00102008 0.00321563 0.000848778 0.00624905 0.00593977 0.0119983 0.0143762 0.0195476 0.00902365 
1 3 2 0.107861 0.0768988 0.0599305 0.0495029 0.0474423 0.0375668 0.0320371 0.0234836 0.023193 0.00779471 0.0016328 0.011053 0.00377278 0.00381516 3.33202e-08 
1 4 2 0 0 0 0 0.000134943 0.000255951 0.00060434 0.000420401 0.00148231 0.00853418 0.01159 0.0137735 0.0144879 0.0355651 0.0748691 
1 1 3 0.806816 0.831838 0.81093 
1 2 3 0 0 0 
1 3 3 0.193184 0.168162 0.18907 
1 4 3 0 0 0 
2 1 0 0.109627 0.067687 0.0815431 2.82201e-07 0.00121357 0.0244957 0.0118367 0.0390399 0.0511732 0.0683024 0.0938583 0.148435 0.318966 
2 2 0 0.0051862 0.538866 0.750296 0.893966 0.934157 0.934029 0.927591 0.912039 0.916013 0.907681 0.800966 0.668147 0.430006 
2 3 0 0.885187 0.392293 0.164654 0.102875 0.0646296 0.0414756 0.0571362 0.0264407 0.0138419 0.00393547 0.00672483 0.0185626 0.00242079 
2 4 0 0 0.00115485 0.00350719 0.00315928 7.0032e-13 1.89635e-10 0.00343612 0.0224808 0.0189722 0.020081 0.0984509 0.164855 0.248607 
2 1 1 0.0891692 0.0619089 0.0583385 3.87968e-09 3.54844e-06 0.00768518 3.36474e-10 0.0486006 0.0495719 0.0748979 0.00790121 0.0955437 0.197061 
2 2 1 0.00551498 0.554057 0.767843 0.896836 0.940061 0.943819 0.944086 0.909757 0.917302 0.905631 0.88856 0.718862 0.507521 
2 3 1 0.905316 0.382756 0.170114 0.100753 0.0599351 0.0484956 0.0541233 0.0255455 0.0110886 0.00280999 0.0129729 0.0220537 3.0742e-10 
2 4 1 0 0.00127837 0.00370426 0.00241056 9.29385e-09 4.3469e-10 0.00179037 0.0160967 0.0220372 0.0166607 0.0905657 0.16354 0.295418 
2 1 2 0.0856663 0.0245387 0.0604568 1.31568e-06 4.06266e-05 0.0137334 4.66843e-09 0.050165 0.0432982 0.0808251 0.00396977 0.0966992 0.196115 
2 2 2 0.0054952 0.60368 0.768256 0.879799 0.935414 0.937753 0.938322 0.906934 0.923717 0.900789 0.893676 0.71269 0.508142 
2 3 2 0.908838 0.370925 0.166914 0.117919 0.064545 0.0485135 0.0602239 0.0226734 0.0093238 7.48072e-05 0.0116681 0.0215682 4.36353e-10 
2 4 2 0 0.000856059 0.00437349 0.00228124 2.46484e-10 4.37913e-10 0.00145394 0.0202279 0.0236608 0.0183112 0.0906857 0.169043 0.295743 
2 1 3 0.0915913 0.317322 0.999999 
2 2 3 1.14272e-10 0.604579 1.96832e-07 
2 3 3 0.908409 0.0780992 5.42734e-07 
2 4 3 0 0 0 
3 1 0 0.79363 0.716461 0.0344723 0.0474454 9.39094e-08 4.20334e-09 2.22169e-09 0.0102806 0.0505881 0.0474576 0.0778987 0.0997509 0.245582 
3 2 0 0.000268922 3.57159e-09 0.837956 0.868203 0.947121 0.918881 0.959189 0.961689 0.891207 0.909085 0.848223 0.717529 0.450532 
3 3 0 0.206101 0.283539 0.12319 0.0804933 0.0528786 0.0750691 0.0402806 0.0123347 0.00985908 0.00969012 0.0139386 0.00602101 0.017327 
3 4 0 0 2.25386e-11 0.0043815 0.00385787 1.90795e-09 0.00604989 0.000530742 0.0156958 0.048346 0.0337674 0.0599396 0.176699 0.286559 
3 1 1 0.127742 0.0223906 0.0166689 0.0244209 1.09018e-08 1.39445e-08 3.50713e-08 0.0147798 0.0329222 0.0530212 0.0327905 0.0445083 0.131446 
3 2 1 0.0035246 0.614794 0.86107 0.899233 0.955801 0.925806 0.965746 0.966299 0.919074 0.91377 0.897411 0.814524 0.559604 
3 3 1 0.868734 0.360978 0.116943 0.0741396 0.0441912 0.0700987 0.0335674 0.00782322 0.0125643 0.00917024 0.0165398 0.00118869 0.0217317 
3 4 1 0 0.00183747 0.00531801 0.00220685 7.78633e-06 0.00409567 0.000687005 0.0110979 0.0354398 0.0240386 0.0532585 0.139779 0.287218 
3 1 2 0.122142 5.68023e-07 1.72163e-10 0.000415691 3.72907e-08 2.83714e-11 3.97103e-08 0.0150703 0.0252652 0.058918 0.0291449 0.0429104 0.131256 
3 2 2 0.00368411 0.654859 0.881215 0.926998 0.944231 0.919948 0.964082 0.972795 0.924995 0.90941 0.905374 0.816487 0.560292 
3 3 2 0.874173 0.342998 0.114622 0.0708621 0.0551409 0.0766418 0.0348048 0.000650116 0.0120785 0.00918296 0.0143586 0.00103063 0.0217004 
3 4 2 0 0.00214271 0.00416366 0.00172387 0.000628205 0.00341043 0.00111273 0.0114843 0.0376612 0.0224889 0.051122 0.139572 0.286752 
3 1 3 1.00455e-07 0.983011 0.292164 
3 2 3 4.32741e-10 5.32927e-10 7.57013e-11 
3 3 3 1 0.0169888 0.707836 
3 4 3 0 0 0 
4 1 0 0 0.376279 0.131377 0.170901 0.161955 0.190501 0.170247 0.14982 0.0553199 0.0813829 0.0595419 0.0270144 3.19178e-08 1.51113e-08 
4 2 0 0 0 0.0368061 0.0116221 0.0531138 0.0633272 0.0593053 0.0422806 0.0187257 0.041349 3.80098e-07 0.0121613 0.00366899 0.0209318 
4 3 0 0 0.623721 0.831817 0.814949 0.783846 0.737624 0.761754 0.789206 0.889785 0.849567 0.913194 0.950712 0.977275 0.972985 
4 4 0 0 0 0 0.00252695 0.00108524 0.00854784 0.00869319 0.0186932 0.0361694 0.0277012 0.0272639 0.0101122 0.0190564 0.00608294 
4 1 1 0 0.400178 0.125118 0.15004 0.154364 0.172875 0.17049 0.125799 0.0559966 0.0680415 0.0504319 0.0309668 7.43883e-10 1.76353e-07 
4 2 1 0 0 0.0382316 0.0143515 0.0534658 0.0678696 0.058803 0.0445187 0.0195236 0.0384028 1.45874e-08 0.00526596 3.02787e-10 0.03343 
4 3 1 0 0.599822 0.83665 0.832917 0.791138 0.75214 0.762732 0.810203 0.891776 0.866781 0.919375 0.957032 0.984906 0.961064 
4 4 1 0 0 0 0.00269182 0.00103236 0.00711503 0.00797434 0.0194786 0.0327033 0.0267745 0.0301934 0.00673555 0.0150936 0.00550535 
4 1 2 0 0.416902 0.0998877 0.136113 0.14127 0.167224 0.145581 0.114604 0.0401624 0.0519417 0.0435581 0.0284826 5.95579e-14 6.92569e-10 
4 2 2 0 0 0.0401588 0.0227697 0.0481855 0.0688514 0.0562552 0.0464259 0.0230894 0.0375767 8.04297e-10 0.00685559 2.08234e-11 0.0343147 
4 3 2 0 0.583098 0.859954 0.837575 0.809106 0.757925 0.790924 0.821504 0.906893 0.883787 0.928548 0.951984 0.987423 0.961477 
4 4 2 0 0 0 0.00354271 0.0014392 0.00600035 0.00724015 0.0174661 0.0298554 0.0266945 0.0278939 0.0126781 0.0125767 0.00420832 
4 1 3 
4 2 3 
4 3 3 
4 4 3 
5 1 0 0 0.430022 0.137393 0.18297 0.135604 0.133137 0.108667 0.105581 0.0654358 0.045111 0.0313151 0.0142703 1.24896e-09 0.0474926 
5 2 0 0 0 0.025539 0.0343589 0.0315736 0.0517961 0.0619176 0.0432191 0.0226378 0.00988405 0.0357719 0.0125515 0.0366367 0.0274628 
5 3 0 0 0.569978 0.837068 0.781053 0.828779 0.811944 0.821996 0.843284 0.884024 0.923158 0.904318 0.952784 0.937936 0.898514 
5 4 0 0 0 0 0.00161805 0.00404313 0.00312313 0.0074193 0.00791502 0.0279027 0.0218472 0.0285949 0.0203944 0.0254274 0.0265308 
5 1 1 0 0.429696 0.133539 0.16799 0.120595 0.119974 0.102862 0.0931569 0.055632 0.0287343 0.0125106 2.44577e-08 0.00901563 0.0461026 
5 2 1 0 0 0.0265148 0.0348039 0.0319822 0.0513439 0.0612067 0.0428816 0.0198247 0.00907423 0.0365096 0.00935355 0.0376791 0.025942 
5 3 1 0 0.570304 0.839946 0.795475 0.843956 0.825298 0.827967 0.855257 0.896639 0.941973 0.918112 0.967098 0.931318 0.911959 
5 4 1 0 0 0 0.00173151 0.00346732 0.00338359 0.00796403 0.00870478 0.0279047 0.0202183 0.0328676 0.023548 0.0219869 0.0159961 
5 1 2 0 0.401502 0.124901 0.144453 0.113779 0.116063 0.0907055 0.0835277 0.0518361 0.0309483 0.00614756 4.10827e-11 0.012602 0.0498532 
5 2 2 0 0 0.031954 0.0391719 0.0348598 0.0530025 0.0634992 0.0380386 0.0192873 0.00619634 0.0393811 0.0101609 0.0412252 0.0267464 
5 3 2 0 0.598498 0.843146 0.813958 0.849003 0.827916 0.839031 0.870743 0.89938 0.937042 0.919435 0.965756 0.92564 0.907717 
5 4 2 0 0 0 0.00241744 0.00235787 0.00301884 0.00676389 0.00769088 0.029497 0.0258138 0.0350362 0.0240833 0.0205324 0.0156838 
5 1 3 
5 2 3 
5 3 3 
5 4 3 
Error in <TGraphPainter::PaintGraph>: illegal number of points (0)
Error in <TGraphPainter::PaintGraph>: illegal number of points (0)
Error in <TGraphPainter::PaintGraph>: illegal number of points (0)
ERROR in TPDF::Open: Cannot open file:table/pim_pi.pdf
ERROR in TPDF::Open: Cannot open file:table/pim_K.pdf
ERROR in TPDF::Open: Cannot open file:table/pim_p.pdf
ERROR in TPDF::Open: Cannot open file:table/pim_u.pdf
ERROR in TPDF::Open: Cannot open file:table/pip_pi.pdf
ERROR in TPDF::Open: Cannot open file:table/pip_K.pdf
ERROR in TPDF::Open: Cannot open file:table/pip_p.pdf
ERROR in TPDF::Open: Cannot open file:table/pip_u.pdf
ERROR in TPDF::Open: Cannot open file:table/Km_pi.pdf
ERROR in TPDF::Open: Cannot open file:table/Km_K.pdf
ERROR in TPDF::Open: Cannot open file:table/Km_p.pdf
ERROR in TPDF::Open: Cannot open file:table/Km_u.pdf
ERROR in TPDF::Open: Cannot open file:table/Kp_pi.pdf
ERROR in TPDF::Open: Cannot open file:table/Kp_K.pdf
ERROR in TPDF::Open: Cannot open file:table/Kp_p.pdf
ERROR in TPDF::Open: Cannot open file:table/Kp_u.pdf
ERROR in TPDF::Open: Cannot open file:table/pm_pi.pdf
ERROR in TPDF::Open: Cannot open file:table/pm_K.pdf
ERROR in TPDF::Open: Cannot open file:table/pm_p.pdf
ERROR in TPDF::Open: Cannot open file:table/pm_u.pdf
ERROR in TPDF::Open: Cannot open file:table/pp_pi.pdf
ERROR in TPDF::Open: Cannot open file:table/pp_K.pdf
ERROR in TPDF::Open: Cannot open file:table/pp_p.pdf
ERROR in TPDF::Open: Cannot open file:table/pp_u.pdf
