
[1mRooFit v3.60 -- Developed by Wouter Verkerke and David Kirkby[0m 
                Copyright (C) 2000-2013 NIKHEF, University of California & Stanford University
                All rights reserved, please read http://roofit.sourceforge.net/license.txt

analysis: K0L
data_file: /sps/compass/02/yann/2016.fix/P07
data_template: hist
data_firstfile_nb: 270000
data_lastfile_nb: 276318
fit_type: all
merged_h: false
cols_theta_bin: true
remove_richpipe: false
hist_file_iphi: ./hist_iphi_0709_10.root
hist_file_ephi: ./hist_ephi_0709_10.root
hist_file_K0: ./hist_K0_0709_10.root
hist_file_Lam: ./hist_Lambda_0709_10.root
out_file: rich_0709_10.root
remove_richpipe: true
thr_diff: 5
LH_pi_K: 1.0
LH_pi_p: 1.0
LH_pi_bg: 2.0
LH_K_pi: 1.06
LH_K_p: 1.06
LH_K_bg: 2.0
LH_bthr_p_pi: 1.
LH_bthr_p_K: 1.
LH_bthr_p_pi_bg: 2.3
LH_bthr_p_K_bg: 3.0
LH_bthr_m_pi_bg: 2.2
LH_bthr_m_K_bg: 2.9
LH_athr_p_pi: 1.
LH_athr_p_K: 1.
LH_athr_p_bg: 1.
max_retry: 100
line_width: 2
sidebins: false
=====================
lh_cut[i][j]:
[0][0] -1.00 [0][1]  1.00 [0][2]  1.00 [0][3] -1.00 [0][4] -1.00 [0][5]  2.00 
[1][0]  1.06 [1][1] -1.00 [1][2]  1.06 [1][3] -1.00 [1][4] -1.00 [1][5]  2.00 
[2][0]  1.00 [2][1]  1.00 [2][2] -1.00 [2][3] -1.00 [2][4] -1.00 [2][5] -1.00 
[3][0]  1.00 [3][1]  1.00 [3][2] -1.00 [3][3] -1.00 [3][4] -1.00 [3][5]  1.00 
[4][0]  2.30 [4][1]  3.00 [4][2]  2.20 [4][3]  2.90 [4][4] -1.00 [4][5] -1.00 

Fits of K0 sample for pi- efficiency:
 theta:  0   mom:  0   Ent:116599
=>  1 iters (-2644389.65) -> 3
 theta:  0   mom:  1   Ent:97432
=>  1 iters (-2280915.95) -> 3
 theta:  0   mom:  2   Ent:114779
=== Sucessful r9essai
=>  1 iters (-2763468.04) -> 3
 theta:  0   mom:  3   Ent:58880
=== Sucessful r9essai
=>  1 iters (-1345154.36) -> 3
 theta:  0   mom:  4   Ent:25236
=== Sucessful r9essai
=>  1 iters (-533739.86) -> 3
 theta:  0   mom:  5   Ent:43376
=>  1 iters (-960493.88) -> 3
 theta:  0   mom:  6   Ent:35259
=>  1 iters (-763203.12) -> 3
 theta:  0   mom:  7   Ent:27905
=>  1 iters (-584708.06) -> 3
 theta:  0   mom:  8   Ent:32409
=>  1 iters (-674710.92) -> 3
 theta:  0   mom:  9   Ent:24104
=>  1 iters (-479500.80) -> 3
 theta:  0   mom: 10   Ent:12833
=>  1 iters (-236097.44) -> 3
 theta:  0   mom: 11   Ent:15555
=>  1 iters (-290017.53) -> 3
 theta:  0   mom: 12   Ent:18081
=>  1 iters (-337282.57) -> 3
 theta:  0   mom: 13   Ent:11169
=>  1 iters (-192420.59) -> 3
 theta:  0   mom: 14   Ent:11058
=>  1 iters (-186886.03) -> 3
 theta:  1   mom:  0   Ent:90388
=>  1 iters (-1985505.77) -> 3
 theta:  1   mom:  1   Ent:92032
=>  1 iters (-2143232.44) -> 3
 theta:  1   mom:  2   Ent:110527
=>  1 iters (-2652893.88) -> 3
 theta:  1   mom:  3   Ent:56124
=== Sucessful r9essai
=>  1 iters (-1276914.67) -> 3
 theta:  1   mom:  4   Ent:23821
=>  1 iters (-501049.29) -> 3
 theta:  1   mom:  5   Ent:40646
=== Sucessful r9essai
=>  1 iters (-894842.24) -> 3
 theta:  1   mom:  6   Ent:32691
=>  1 iters (-702589.86) -> 3
 theta:  1   mom:  7   Ent:25609
=>  1 iters (-532181.42) -> 3
 theta:  1   mom:  8   Ent:29218
=>  1 iters (-602401.17) -> 3
 theta:  1   mom:  9   Ent:21454
=>  1 iters (-421672.50) -> 3
 theta:  1   mom: 10   Ent:11198
=>  1 iters (-202416.21) -> 3
 theta:  1   mom: 11   Ent:13380
=>  1 iters (-245383.09) -> 3
 theta:  1   mom: 12   Ent:15111
=>  1 iters (-276583.38) -> 3
 theta:  1   mom: 13   Ent:9005
=>  1 iters (-151312.77) -> 3
 theta:  1   mom: 14   Ent:8441
=>  1 iters (-139203.01) -> 3
 theta:  2   mom:  0   Ent:170278
=>  1 iters (-3935049.66) -> 3
 theta:  2   mom:  1   Ent:164649
=== Sucessful r9essai
=>  5 iters (-4021546.00) -> 3
 theta:  2   mom:  2   Ent:180946
=>  1 iters (-4521858.74) -> 3
 theta:  2   mom:  3   Ent:83459
=>  1 iters (-1964886.35) -> 3
 theta:  2   mom:  4   Ent:33287
=== Sucessful r9essai
=>  1 iters (-721701.23) -> 3
 theta:  2   mom:  5   Ent:54183
=== Sucessful r9essai
=>  1 iters (-1223204.40) -> 3
 theta:  2   mom:  6   Ent:41070
=>  1 iters (-899635.73) -> 3
 theta:  2   mom:  7   Ent:30716
=>  1 iters (-647483.99) -> 3
 theta:  2   mom:  8   Ent:33527
=>  1 iters (-698267.90) -> 3
 theta:  2   mom:  9   Ent:23672
=>  1 iters (-468154.55) -> 3
 theta:  2   mom: 10   Ent:12106
=>  1 iters (-219983.70) -> 3
 theta:  2   mom: 11   Ent:14223
=>  1 iters (-261663.12) -> 3
 theta:  2   mom: 12   Ent:15721
=>  1 iters (-288534.68) -> 3
 theta:  2   mom: 13   Ent:9226
=>  1 iters (-155264.76) -> 3
 theta:  2   mom: 14   Ent:8539
=>  1 iters (-140987.36) -> 3
 theta:  3   mom:  0   Ent:25515
=>  1 iters (-524563.59) -> 3
 theta:  3   mom:  1   Ent:3985
=== Sucessful r9essai
=>  1 iters (-69334.27) -> 3
 theta:  3   mom:  2   Ent:947
=>  1 iters (-13581.87) -> 3
 theta:  3   mom:  3   Ent:115
=>  1 iters (-1134.67) -> 3
 theta:  3   mom:  4   Ent:21
 theta:  3   mom:  5   Ent:18
 theta:  3   mom:  6   Ent:14

Fits of K0 sample for pi+ efficiency:
 theta:  0   mom:  0   Ent:116906
=>  1 iters (-2652019.33) -> 3
 theta:  0   mom:  1   Ent:97701
=>  1 iters (-2288498.61) -> 3
 theta:  0   mom:  2   Ent:115101
=>  1 iters (-2771256.82) -> 3
 theta:  0   mom:  3   Ent:59297
=>  1 iters (-1352932.99) -> 3
 theta:  0   mom:  4   Ent:25865
=>  1 iters (-546996.56) -> 3
 theta:  0   mom:  5   Ent:43653
=== Sucessful r9essai
=>  1 iters (-965304.32) -> 3
 theta:  0   mom:  6   Ent:35309
=>  1 iters (-762206.60) -> 3
 theta:  0   mom:  7   Ent:28324
=>  1 iters (-592092.04) -> 3
 theta:  0   mom:  8   Ent:32651
=>  1 iters (-677140.34) -> 3
 theta:  0   mom:  9   Ent:24623
=>  1 iters (-486200.07) -> 3
 theta:  0   mom: 10   Ent:13187
=>  1 iters (-242617.39) -> 3
 theta:  0   mom: 11   Ent:15898
=>  1 iters (-294455.37) -> 3
 theta:  0   mom: 12   Ent:18276
=>  1 iters (-336332.84) -> 3
 theta:  0   mom: 13   Ent:11298
=>  1 iters (-192631.77) -> 3
 theta:  0   mom: 14   Ent:11070
=>  1 iters (-184444.17) -> 3
 theta:  1   mom:  0   Ent:90579
=>  1 iters (-1990951.87) -> 3
 theta:  1   mom:  1   Ent:92331
=>  1 iters (-2151508.62) -> 3
 theta:  1   mom:  2   Ent:110816
=>  1 iters (-2659964.80) -> 3
 theta:  1   mom:  3   Ent:56515
=== Sucessful r9essai
=>  1 iters (-1283990.41) -> 3
 theta:  1   mom:  4   Ent:24444
=>  1 iters (-514070.60) -> 3
 theta:  1   mom:  5   Ent:40965
=== Sucessful r9essai
=>  1 iters (-900420.96) -> 3
 theta:  1   mom:  6   Ent:32685
=>  2 iters (-700094.40) -> 3
 theta:  1   mom:  7   Ent:25939
=>  1 iters (-537348.59) -> 3
 theta:  1   mom:  8   Ent:29468
=>  1 iters (-604705.31) -> 3
 theta:  1   mom:  9   Ent:21865
=>  1 iters (-425975.16) -> 3
 theta:  1   mom: 10   Ent:11528
=>  1 iters (-208489.58) -> 3
 theta:  1   mom: 11   Ent:13735
=>  1 iters (-250305.90) -> 3
 theta:  1   mom: 12   Ent:15474
=== Sucessful r9essai
=>  2 iters (-279914.67) -> 3
 theta:  1   mom: 13   Ent:9250
=>  1 iters (-154371.01) -> 3
 theta:  1   mom: 14   Ent:8695
=== Sucessful r9essai
=>  1 iters (-141390.55) -> 3
 theta:  2   mom:  0   Ent:170444
=>  1 iters (-3940719.53) -> 3
 theta:  2   mom:  1   Ent:165169
=>  1 iters (-4033198.93) -> 3
 theta:  2   mom:  2   Ent:181856
=>  1 iters (-4545040.76) -> 3
 theta:  2   mom:  3   Ent:84049
=>  2 iters (-1974830.41) -> 3
 theta:  2   mom:  4   Ent:34202
=>  1 iters (-741428.11) -> 3
 theta:  2   mom:  5   Ent:54624
=>  1 iters (-1229533.90) -> 3
 theta:  2   mom:  6   Ent:41252
=>  1 iters (-900486.02) -> 3
 theta:  2   mom:  7   Ent:31270
=>  1 iters (-657055.96) -> 3
 theta:  2   mom:  8   Ent:33992
=>  1 iters (-703866.57) -> 3
 theta:  2   mom:  9   Ent:24301
=>  1 iters (-475692.99) -> 3
 theta:  2   mom: 10   Ent:12443
=>  1 iters (-225758.49) -> 3
 theta:  2   mom: 11   Ent:14637
=>  1 iters (-267720.39) -> 3
 theta:  2   mom: 12   Ent:16217
=>  1 iters (-294232.05) -> 3
 theta:  2   mom: 13   Ent:9498
=>  1 iters (-158805.41) -> 3
 theta:  2   mom: 14   Ent:8825
=== Sucessful r9essai
=>  1 iters (-143527.73) -> 3
 theta:  3   mom:  0   Ent:25595
=>  1 iters (-525201.50) -> 3
 theta:  3   mom:  1   Ent:3954
=>  1 iters (-68659.79) -> 3
 theta:  3   mom:  2   Ent:1008
=>  1 iters (-14547.07) -> 3
 theta:  3   mom:  3   Ent:131
=>  2 iters (-1344.78) -> 3
 theta:  3   mom:  4   Ent:23
 theta:  3   mom:  5   Ent:23
 theta:  3   mom:  6   Ent:10

Fits of PHI sample for K- efficiency:
 theta:  0   mom:  2   Ent:561373
=== Sucessful r9essai
=> 33 iters (-3935639.62) -> 3
 theta:  0   mom:  3   Ent:213918
=== Sucessful r9essai
=>  5 iters (-1518420.93) -> 3
 theta:  0   mom:  4   Ent:81523
=>  3 iters (-553670.05) -> 3
 theta:  0   mom:  5   Ent:127308
=== Sucessful r9essai
=== Sucessful r9essai
=> 39 iters (-911475.03) -> 3
 theta:  0   mom:  6   Ent:93535
=== Sucessful r9essai
=== Sucessful r9essai
=> 49 iters (-663325.69) -> 3
 theta:  0   mom:  7   Ent:69480
=== Sucessful r9essai
=>  1 iters (-478104.48) -> 3
 theta:  0   mom:  8   Ent:73079
=== Sucessful r9essai
=>  1 iters (-502415.24) -> 3
 theta:  0   mom:  9   Ent:48147
=== Sucessful r9essai
=== Sucessful r9essai
=> 22 iters (-320733.80) -> 3
 theta:  0   mom: 10   Ent:22858
=>  7 iters (-142220.02) -> 3
 theta:  0   mom: 11   Ent:24428
=== Sucessful r9essai
=>  1 iters (-152192.47) -> 3
 theta:  0   mom: 12   Ent:24582
=>  2 iters (-153906.40) -> 3
 theta:  0   mom: 13   Ent:12892
=== Sucessful r9essai
=>  1 iters (-76704.32) -> 3
 theta:  0   mom: 14   Ent:10140
=>  1 iters (-63124.19) -> 3
 theta:  1   mom:  2   Ent:536739
=== Sucessful r9essai
=== Sucessful r9essai
=== Sucessful r9essai
=== Sucessful r9essai
=== Sucessful r9essai
=== Sucessful r9essai
=== Sucessful r9essai
=== Sucessful r9essai
=== Sucessful r9essai
=== Sucessful r9essai
=== Sucessful r9essai
=== Sucessful r9essai
=== Sucessful r9essai
=> 101 iters (-3760677.95) -> 2
 theta:  1   mom:  3   Ent:203832
=== Sucessful r9essai
=== Sucessful r9essai
=> 23 iters (-1439055.31) -> 3
 theta:  1   mom:  4   Ent:76891
=== Sucessful r9essai
=>  2 iters (-516736.27) -> 3
 theta:  1   mom:  5   Ent:118778
=== Sucessful r9essai
=> 52 iters (-842199.29) -> 3
 theta:  1   mom:  6   Ent:86059
=== Sucessful r9essai
=== Sucessful r9essai
=>  6 iters (-602340.68) -> 3
 theta:  1   mom:  7   Ent:63019
=>  5 iters (-426958.18) -> 3
 theta:  1   mom:  8   Ent:65142
=== Sucessful r9essai
=>  1 iters (-439700.32) -> 3
 theta:  1   mom:  9   Ent:42094
=== Sucessful r9essai
=>  4 iters (-273377.86) -> 3
 theta:  1   mom: 10   Ent:19504
=== Sucessful r9essai
=>  6 iters (-117317.15) -> 3
 theta:  1   mom: 11   Ent:20529
=== Sucessful r9essai
=>  1 iters (-122896.84) -> 3
 theta:  1   mom: 12   Ent:19928
=>  1 iters (-118548.00) -> 3
 theta:  1   mom: 13   Ent:9883
=>  2 iters (-54744.34) -> 3
 theta:  1   mom: 14   Ent:7130
=>  1 iters (-40352.35) -> 3
 theta:  2   mom:  2   Ent:889423
=== Sucessful r9essai
=== Sucessful r9essai
=== Sucessful r9essai
=== Sucessful r9essai
=== Sucessful r9essai
=== Sucessful r9essai
=== Sucessful r9essai
=== Sucessful r9essai
=== Sucessful r9essai
=== Sucessful r9essai
=== Sucessful r9essai
=== Sucessful r9essai
=== Sucessful r9essai
=== Sucessful r9essai
=== Sucessful r9essai
=== Sucessful r9essai
=== Sucessful r9essai
=== Sucessful r9essai
=== Sucessful r9essai
=== Sucessful r9essai
=== Sucessful r9essai
=== Sucessful r9essai
=== Sucessful r9essai
=== Sucessful r9essai
=== Sucessful r9essai
=== Sucessful r9essai
=== Sucessful r9essai
=== Sucessful r9essai
=== Sucessful r9essai
=== Sucessful r9essai
=== Sucessful r9essai
=== Sucessful r9essai
=== Sucessful r9essai
=== Sucessful r9essai
=== Sucessful r9essai
=> 81 iters (-6433156.02) -> 3
 theta:  2   mom:  3   Ent:305436
=== Sucessful r9essai
=== Sucessful r9essai
=== Sucessful r9essai
=== Sucessful r9essai
=== Sucessful r9essai
=> 46 iters (-2193024.09) -> 3
 theta:  2   mom:  4   Ent:108457
=> 13 iters (-737384.94) -> 3
 theta:  2   mom:  5   Ent:159075
=== Sucessful r9essai
=== Sucessful r9essai
=> 27 iters (-1135126.57) -> 3
 theta:  2   mom:  6   Ent:107766
=>  7 iters (-758733.63) -> 3
 theta:  2   mom:  7   Ent:74882
=== Sucessful r9essai
=>  2 iters (-509700.90) -> 3
 theta:  2   mom:  8   Ent:73594
=== Sucessful r9essai
=>  1 iters (-497858.27) -> 3
 theta:  2   mom:  9   Ent:45610
=== Sucessful r9essai
=== Sucessful r9essai
=== Sucessful r9essai
=== Sucessful r9essai
=> 46 iters (-295655.76) -> 3
 theta:  2   mom: 10   Ent:20645
=>  3 iters (-123868.91) -> 3
 theta:  2   mom: 11   Ent:21332
=== Sucessful r9essai
=>  1 iters (-126840.49) -> 3
 theta:  2   mom: 12   Ent:20422
=>  2 iters (-121033.02) -> 3
 theta:  2   mom: 13   Ent:10002
=>  1 iters (-55354.40) -> 3
 theta:  2   mom: 14   Ent:7177
=== Sucessful r9essai
=>  1 iters (-40617.47) -> 3
 theta:  3   mom:  2   Ent:9564
=== Sucessful r9essai
=>  3 iters (-36516.00) -> 3
 theta:  3   mom:  3   Ent:723
=== Sucessful r9essai
=>  1 iters (-1877.58) -> 3
 theta:  3   mom:  4   Ent:121
=>  1 iters (-162.91) -> 3
 theta:  3   mom:  5   Ent:86
=>  3 iters (-103.74) -> 3
 theta:  3   mom:  6   Ent:40
=>  1 iters (-61.98) -> 3
 theta:  3   mom:  7   Ent:7
 theta:  3   mom:  8   Ent:7
 theta:  3   mom:  9   Ent:0
 theta:  3   mom: 10   Ent:0
 theta:  3   mom: 11   Ent:0
 theta:  3   mom: 12   Ent:0
 theta:  3   mom: 13   Ent:0
 theta:  3   mom: 14   Ent:0

Fits of PHI sample for K+ efficiency:
 theta:  0   mom:  2   Ent:469061
=== Sucessful r9essai
=> 18 iters (-3324196.73) -> 3
 theta:  0   mom:  3   Ent:184444
=== Sucessful r9essai
=>  2 iters (-1321569.71) -> 3
 theta:  0   mom:  4   Ent:71829
=== Sucessful r9essai
=>  2 iters (-493171.77) -> 3
 theta:  0   mom:  5   Ent:113243
=== Sucessful r9essai
=>  5 iters (-827526.08) -> 3
 theta:  0   mom:  6   Ent:83943
=== Sucessful r9essai
=>  4 iters (-608083.82) -> 3
 theta:  0   mom:  7   Ent:63723
=== Sucessful r9essai
=== Sucessful r9essai
=>  8 iters (-446181.02) -> 3
 theta:  0   mom:  8   Ent:68838
=== Sucessful r9essai
=== Sucessful r9essai
=== Sucessful r9essai
=> 30 iters (-484841.56) -> 3
 theta:  0   mom:  9   Ent:45105
=== Sucessful r9essai
=> 44 iters (-305372.02) -> 3
 theta:  0   mom: 10   Ent:21462
=== Sucessful r9essai
=== Sucessful r9essai
=== Sucessful r9essai
=== Sucessful r9essai
=== Sucessful r9essai
=> 15 iters (-133607.44) -> 3
 theta:  0   mom: 11   Ent:23395
=== Sucessful r9essai
=== Sucessful r9essai
=== Sucessful r9essai
=>  9 iters (-148385.13) -> 3
 theta:  0   mom: 12   Ent:23719
=>  2 iters (-153035.29) -> 3
 theta:  0   mom: 13   Ent:12295
=== Sucessful r9essai
=>  2 iters (-76630.09) -> 3
 theta:  0   mom: 14   Ent:10022
=>  1 iters (-64317.70) -> 3
 theta:  1   mom:  2   Ent:448219
=== Sucessful r9essai
=== Sucessful r9essai
=== Sucessful r9essai
=== Sucessful r9essai
=== Sucessful r9essai
=== Sucessful r9essai
=> 21 iters (-3175444.65) -> 3
 theta:  1   mom:  3   Ent:175569
=> 26 iters (-1253888.12) -> 3
 theta:  1   mom:  4   Ent:67778
=== Sucessful r9essai
=== Sucessful r9essai
=== Sucessful r9essai
=> 16 iters (-462821.85) -> 3
 theta:  1   mom:  5   Ent:105574
=== Sucessful r9essai
=>  5 iters (-764755.05) -> 3
 theta:  1   mom:  6   Ent:77298
=== Sucessful r9essai
=== Sucessful r9essai
=== Sucessful r9essai
=> 101 iters (-553267.99) -> 2
 theta:  1   mom:  7   Ent:57905
=== Sucessful r9essai
=>  4 iters (-399795.17) -> 3
 theta:  1   mom:  8   Ent:61427
=== Sucessful r9essai
=== Sucessful r9essai
=> 101 iters (-424267.49) -> 2
 theta:  1   mom:  9   Ent:39307
=== Sucessful r9essai
=>  5 iters (-258691.76) -> 3
 theta:  1   mom: 10   Ent:18246
=== Sucessful r9essai
=>  6 iters (-110005.01) -> 3
 theta:  1   mom: 11   Ent:19581
=== Sucessful r9essai
=>  4 iters (-119129.83) -> 3
 theta:  1   mom: 12   Ent:19244
=>  1 iters (-117509.39) -> 3
 theta:  1   mom: 13   Ent:9430
=== Sucessful r9essai
=== Sucessful r9essai
=== Sucessful r9essai
=== Sucessful r9essai
=== Sucessful r9essai
=== Sucessful r9essai
=== Sucessful r9essai
=> 29 iters (-54779.01) -> 3
 theta:  1   mom: 14   Ent:7056
=>  1 iters (-41042.20) -> 3
 theta:  2   mom:  2   Ent:742473
=== Sucessful r9essai
=== Sucessful r9essai
=== Sucessful r9essai
=== Sucessful r9essai
=== Sucessful r9essai
=== Sucessful r9essai
=== Sucessful r9essai
=== Sucessful r9essai
=== Sucessful r9essai
=== Sucessful r9essai
=== Sucessful r9essai
=== Sucessful r9essai
=== Sucessful r9essai
=== Sucessful r9essai
=== Sucessful r9essai
=== Sucessful r9essai
=> 51 iters (-5421668.97) -> 3
 theta:  2   mom:  3   Ent:263187
=== Sucessful r9essai
=> 10 iters (-1914797.42) -> 3
 theta:  2   mom:  4   Ent:95593
=== Sucessful r9essai
=>  3 iters (-660342.92) -> 3
 theta:  2   mom:  5   Ent:141092
=== Sucessful r9essai
=> 25 iters (-1027637.94) -> 3
 theta:  2   mom:  6   Ent:96758
=== Sucessful r9essai
=== Sucessful r9essai
=> 101 iters (-695729.32) -> 2
 theta:  2   mom:  7   Ent:68658
=== Sucessful r9essai
=> 37 iters (-477184.16) -> 3
 theta:  2   mom:  8   Ent:69396
=== Sucessful r9essai
=== Sucessful r9essai
=> 12 iters (-479500.60) -> 3
 theta:  2   mom:  9   Ent:42572
=>  3 iters (-278943.18) -> 3
 theta:  2   mom: 10   Ent:19367
=== Sucessful r9essai
=>  1 iters (-116358.72) -> 3
 theta:  2   mom: 11   Ent:20367
=== Sucessful r9essai
=== Sucessful r9essai
=== Sucessful r9essai
=== Sucessful r9essai
=== Sucessful r9essai
=== Sucessful r9essai
=== Sucessful r9essai
=== Sucessful r9essai
=== Sucessful r9essai
=== Sucessful r9essai
=> 43 iters (-122789.87) -> 3
 theta:  2   mom: 12   Ent:19733
=>  1 iters (-120115.44) -> 3
 theta:  2   mom: 13   Ent:9570
=>  5 iters (-55466.70) -> 3
 theta:  2   mom: 14   Ent:7109
=>  1 iters (-41276.52) -> 3
 theta:  3   mom:  2   Ent:8271
=>  2 iters (-30315.42) -> 3
 theta:  3   mom:  3   Ent:623
=== Sucessful r9essai
=>  1 iters (-1594.60) -> 3
 theta:  3   mom:  4   Ent:105
=>  1 iters (-159.49) -> 3
 theta:  3   mom:  5   Ent:100
=>  1 iters (-204.03) -> 3
 theta:  3   mom:  6   Ent:23
 theta:  3   mom:  7   Ent:9
 theta:  3   mom:  8   Ent:6
 theta:  3   mom:  9   Ent:2
 theta:  3   mom: 10   Ent:0
 theta:  3   mom: 11   Ent:0
 theta:  3   mom: 12   Ent:0
 theta:  3   mom: 13   Ent:0
 theta:  3   mom: 14   Ent:0

Fits of LAMBDA sample for pbar efficiency:
 theta:  0   mom:  2   Ent:4867
=>  1 iters (-20678.33) -> 3
 theta:  0   mom:  3   Ent:7851
=>  1 iters (-87200.48) -> 3
 theta:  0   mom:  4   Ent:5161
=== Sucessful r9essai
=>  2 iters (-56310.60) -> 3
 theta:  0   mom:  5   Ent:11383
=== Sucessful r9essai
=>  2 iters (-134250.08) -> 2
 theta:  0   mom:  6   Ent:12282
=>  2 iters (-142439.00) -> 2
 theta:  0   mom:  7   Ent:11643
=== Sucessful r9essai
=>  2 iters (-130248.65) -> 2
 theta:  0   mom:  8   Ent:15755
=>  1 iters (-172949.82) -> 3
 theta:  0   mom:  9   Ent:13684
=>  2 iters (-145470.02) -> 2
 theta:  0   mom: 10   Ent:7836
=>  1 iters (-76186.13) -> 3
 theta:  0   mom: 11   Ent:10003
=== Sucessful r9essai
=>  2 iters (-99879.78) -> 2
 theta:  0   mom: 12   Ent:12540
=>  2 iters (-124991.57) -> 3
 theta:  0   mom: 13   Ent:9106
=>  1 iters (-86516.04) -> 3
 theta:  0   mom: 14   Ent:10022
=== Sucessful r9essai
=>  1 iters (-93206.71) -> 3
 theta:  1   mom:  2   Ent:4653
=>  1 iters (-19574.76) -> 3
 theta:  1   mom:  3   Ent:7505
=>  1 iters (-83080.04) -> 3
 theta:  1   mom:  4   Ent:4894
=>  2 iters (-53346.54) -> 2
 theta:  1   mom:  5   Ent:10691
=>  1 iters (-125335.85) -> 3
 theta:  1   mom:  6   Ent:11376
=>  2 iters (-131395.62) -> 2
 theta:  1   mom:  7   Ent:10702
=== Sucessful r9essai
=>  2 iters (-119326.27) -> 2
 theta:  1   mom:  8   Ent:14219
=>  1 iters (-155303.97) -> 3
 theta:  1   mom:  9   Ent:12194
=>  2 iters (-128270.86) -> 2
 theta:  1   mom: 10   Ent:6842
=== Sucessful r9essai
=>  2 iters (-66023.20) -> 2
 theta:  1   mom: 11   Ent:8579
=>  2 iters (-83540.39) -> 3
 theta:  1   mom: 12   Ent:10467
=>  2 iters (-102890.71) -> 3
 theta:  1   mom: 13   Ent:7307
=== Sucessful r9essai
=>  2 iters (-68896.04) -> 2
 theta:  1   mom: 14   Ent:7458
=== Sucessful r9essai
=>  1 iters (-68313.80) -> 3
 theta:  2   mom:  2   Ent:7452
=>  1 iters (-32441.46) -> 3
 theta:  2   mom:  3   Ent:11226
=>  1 iters (-130260.55) -> 3
 theta:  2   mom:  4   Ent:7003
=>  2 iters (-81193.40) -> 2
 theta:  2   mom:  5   Ent:14631
=>  1 iters (-181458.21) -> 3
 theta:  2   mom:  6   Ent:14788
=>  2 iters (-178085.56) -> 2
 theta:  2   mom:  7   Ent:13202
=== Sucessful r9essai
=>  1 iters (-152512.15) -> 3
 theta:  2   mom:  8   Ent:16773
=>  2 iters (-188385.54) -> 3
 theta:  2   mom:  9   Ent:13701
=>  2 iters (-146401.08) -> 3
 theta:  2   mom: 10   Ent:7469
=>  1 iters (-72645.55) -> 3
 theta:  2   mom: 11   Ent:9221
=>  1 iters (-90378.62) -> 3
 theta:  2   mom: 12   Ent:10949
=== Sucessful r9essai
=>  2 iters (-108536.01) -> 3
 theta:  2   mom: 13   Ent:7526
=>  2 iters (-71226.74) -> 2
 theta:  2   mom: 14   Ent:7592
=>  2 iters (-69692.07) -> 2
 theta:  3   mom:  2   Ent:44
 FUNCTION MUST BE MINIMIZED BEFORE CALLING IMProve   
Eff+/-dEff = 0.99+/-4.64 >> 0.03
 FUNCTION MUST BE MINIMIZED BEFORE CALLING IMProve   
Eff+/-dEff = 0.99+/-4.79 >> 0.03
=>  2 iters (-62.32) -> 3
 theta:  3   mom:  3   Ent:20
 theta:  3   mom:  4   Ent:8
 theta:  3   mom:  5   Ent:8
 theta:  3   mom:  6   Ent:2

Fits of LAMBDA sample for p efficiency:
 theta:  0   mom:  2   Ent:5426
=>  1 iters (-27522.83) -> 3
 theta:  0   mom:  3   Ent:9786
=>  1 iters (-120719.71) -> 3
 theta:  0   mom:  4   Ent:6204
=== Sucessful r9essai
=>  1 iters (-76871.71) -> 3
 theta:  0   mom:  5   Ent:14296
=== Sucessful r9essai
=>  2 iters (-194202.20) -> 2
 theta:  0   mom:  6   Ent:14815
=== Sucessful r9essai
=>  2 iters (-193499.35) -> 3
 theta:  0   mom:  7   Ent:14131
=>  1 iters (-179510.43) -> 3
 theta:  0   mom:  8   Ent:18721
=== Sucessful r9essai
=== Sucessful r9essai
=>  2 iters (-231456.26) -> 2
 theta:  0   mom:  9   Ent:16082
=== Sucessful r9essai
=>  2 iters (-189066.33) -> 3
 theta:  0   mom: 10   Ent:9200
=>  1 iters (-101140.43) -> 3
 theta:  0   mom: 11   Ent:11881
=>  2 iters (-132120.36) -> 3
 theta:  0   mom: 12   Ent:15190
=>  2 iters (-172167.92) -> 3
 theta:  0   mom: 13   Ent:10332
=>  2 iters (-110291.02) -> 2
 theta:  0   mom: 14   Ent:11406
=== Sucessful r9essai
=>  1 iters (-115245.59) -> 3
 theta:  1   mom:  2   Ent:5197
=>  1 iters (-26247.56) -> 3
 theta:  1   mom:  3   Ent:9369
=>  1 iters (-115203.73) -> 3
 theta:  1   mom:  4   Ent:5862
=== Sucessful r9essai
=>  2 iters (-72001.22) -> 2
 theta:  1   mom:  5   Ent:13447
=>  2 iters (-181763.95) -> 3
 theta:  1   mom:  6   Ent:13753
=>  1 iters (-178843.10) -> 3
 theta:  1   mom:  7   Ent:13015
=>  2 iters (-165333.64) -> 3
 theta:  1   mom:  8   Ent:16972
=>  2 iters (-207763.84) -> 2
 theta:  1   mom:  9   Ent:14325
=>  1 iters (-166561.89) -> 3
 theta:  1   mom: 10   Ent:8080
=>  2 iters (-87322.04) -> 2
 theta:  1   mom: 11   Ent:10298
=>  2 iters (-113337.68) -> 3
 theta:  1   mom: 12   Ent:12825
=== Sucessful r9essai
=>  2 iters (-143306.17) -> 3
 theta:  1   mom: 13   Ent:8519
=>  2 iters (-90301.27) -> 3
 theta:  1   mom: 14   Ent:8915
=>  1 iters (-88039.11) -> 3
 theta:  2   mom:  2   Ent:8449
=>  1 iters (-44345.14) -> 3
 theta:  2   mom:  3   Ent:14159
=>  1 iters (-183715.90) -> 3
 theta:  2   mom:  4   Ent:8496
=>  2 iters (-111273.65) -> 3
 theta:  2   mom:  5   Ent:18696
=== Sucessful r9essai
=>  1 iters (-266546.02) -> 3
 theta:  2   mom:  6   Ent:18219
=== Sucessful r9essai
=>  1 iters (-248604.92) -> 3
 theta:  2   mom:  7   Ent:16491
=>  2 iters (-217486.54) -> 3
 theta:  2   mom:  8   Ent:20332
=== Sucessful r9essai
=>  1 iters (-255588.42) -> 3
 theta:  2   mom:  9   Ent:16437
=>  2 iters (-195094.71) -> 2
 theta:  2   mom: 10   Ent:8997
=>  2 iters (-98724.91) -> 3
 theta:  2   mom: 11   Ent:11153
=>  2 iters (-124683.75) -> 3
 theta:  2   mom: 12   Ent:13523
=== Sucessful r9essai
=>  1 iters (-152707.61) -> 3
 theta:  2   mom: 13   Ent:8829
=== Sucessful r9essai
=>  1 iters (-94046.68) -> 3
 theta:  2   mom: 14   Ent:9094
=>  1 iters (-90134.59) -> 3
 theta:  3   mom:  2   Ent:59
 FUNCTION MUST BE MINIMIZED BEFORE CALLING IMProve   
=>  1 iters (-122.52) -> 3
 theta:  3   mom:  3   Ent:32
Eff+/-dEff = 0.98+/-1.54 >> 0.05
Eff+/-dEff = 1.00+/-1.51 >> 0.01
=>  2 iters (-185.31) -> 3
 theta:  3   mom:  4   Ent:29
=== Sucessful r9essai
=>  2 iters (-193.97) -> 3
 theta:  3   mom:  5   Ent:17
 theta:  3   mom:  6   Ent:7
p,t,i: 0,1,2 Empty
p,t,i: 0,1,3 Empty
p,t,i: 0,1,4 Empty
p,t,i: 0,1,5 Empty
p,t,i: 0,2,2 Empty
p,t,i: 0,2,3 Empty
p,t,i: 0,2,4 Empty
p,t,i: 0,2,5 Empty
p,t,i: 1,1,2 Empty
p,t,i: 1,1,3 Empty
p,t,i: 1,1,4 Empty
p,t,i: 1,1,5 Empty
p,t,i: 1,2,2 Empty
p,t,i: 1,2,3 Empty
p,t,i: 1,2,4 Empty
p,t,i: 1,2,5 Empty
0 1 0 0.916296 0.963785 0.970734 0.975813 0.977044 0.978316 0.980745 0.983207 0.985755 0.986629 0.987561 0.987143 0.97238 0.95688 0.913828 
0 2 0 0 0 9.61507e-06 0.000511179 0.00137885 0.00161282 0.00178528 0.00163952 0.00100032 0.00193184 0.00283316 0.00302457 0.00642871 0.00847603 0.0134655 
0 3 0 0.0837037 0.0362153 0.0292567 0.0235837 0.0212768 0.01978 0.0172578 0.0147382 0.0124981 0.00798548 0.00449026 0.00323281 0.00645889 0.00364473 0.00401327 
0 4 0 0 0 0 9.19802e-05 0.000300482 0.000290857 0.00021163 0.000414992 0.000746164 0.00345414 0.00511605 0.00659924 0.0147324 0.0309992 0.0686934 
0 1 1 0.932708 0.967105 0.971347 0.975737 0.978295 0.978678 0.980606 0.983831 0.98623 0.986583 0.988052 0.987883 0.974832 0.956562 0.924938 
0 2 1 0 0 9.96336e-06 0.000524685 0.00146474 0.00165338 0.00188342 0.00169754 0.00124693 0.00182526 0.00271006 0.00265657 0.00610323 0.00960862 0.0116277 
0 3 1 0.0672921 0.0328947 0.0286432 0.0236417 0.0199681 0.0193583 0.0173303 0.0140631 0.0117207 0.00834118 0.00432245 0.00309114 0.00626347 0.00435248 0.00260271 
0 4 1 0 0 0 9.64578e-05 0.000272608 0.000310112 0.000180199 0.000408374 0.000802595 0.0032502 0.00491562 0.0063689 0.0128009 0.0294773 0.0608319 
0 1 2 0.937669 0.967411 0.971014 0.974951 0.976934 0.977729 0.979227 0.982772 0.985382 0.985764 0.988068 0.98797 0.974788 0.956973 0.92598 
0 2 2 0 0 1.21469e-05 0.000617164 0.00171259 0.00199547 0.00192535 0.00177458 0.00130338 0.00183971 0.00231174 0.00230017 0.00611791 0.00970608 0.0112954 
0 3 2 0.0623307 0.032589 0.0289743 0.0242968 0.0210274 0.019895 0.018656 0.0150116 0.0124815 0.00919757 0.00460474 0.00297227 0.00637571 0.00443547 0.00260307 
0 4 2 0 0 0 0.000134906 0.000326192 0.000380638 0.000191283 0.000442063 0.000832703 0.00319863 0.0050151 0.00675787 0.0127188 0.0288859 0.0601219 
0 1 3 0.864192 0.882906 0.853425 0.931139 
0 2 3 0 0 0 0 
0 3 3 0.135808 0.117094 0.146575 0.0688612 
0 4 3 0 0 0 0 
1 1 0 0.912827 0.961034 0.970788 0.976523 0.977257 0.977438 0.981571 0.981656 0.983658 0.985896 0.990125 0.982435 0.969831 0.958262 0.911492 
1 2 0 0 0 2.4371e-13 0.000437157 0.00062906 0.00181406 0.00196976 0.0021155 0.00165529 0.00257413 0.00104851 0.00348513 0.00705042 0.00913665 0.01165 
1 3 0 0.0871728 0.0389663 0.0292117 0.0229447 0.0221137 0.0203734 0.0159179 0.0157162 0.0140376 0.00777147 0.00289883 0.00664192 0.00818596 0.00474764 0.0051827 
1 4 0 0 0 0 9.53383e-05 1.2444e-09 0.000374464 0.000541284 0.000512399 0.000649114 0.00375822 0.00592765 0.00743807 0.0149323 0.0278541 0.0716751 
1 1 1 0.928904 0.96457 0.971415 0.977029 0.977054 0.977897 0.981856 0.982015 0.984515 0.987543 0.989893 0.982469 0.972372 0.959931 0.921143 
1 2 1 0 0 0 0.000440409 0.000690787 0.00185694 0.00204594 0.0021514 0.00142383 0.00221069 0.00119238 0.00373091 0.00621603 0.00864977 0.0113788 
1 3 1 0.0710963 0.03543 0.0285846 0.0224383 0.0222554 0.019874 0.0155102 0.0152734 0.0134245 0.00693923 0.00282224 0.00731168 0.0085774 0.00400661 0.00409855 
1 4 1 0 0 0 9.27235e-05 1.56552e-11 0.00037243 0.000587721 0.000559697 0.000636904 0.00330756 0.00609202 0.00648821 0.0128342 0.0274131 0.0633795 
1 1 2 0.934907 0.965209 0.971113 0.97672 0.975771 0.976934 0.980904 0.980123 0.983664 0.986954 0.98896 0.981787 0.972911 0.960089 0.921805 
1 2 2 0 0 0 0.000398442 0.000926714 0.00222454 0.00238128 0.00235987 0.00153027 0.0024286 0.00128445 0.00407896 0.0055317 0.00865945 0.0115113 
1 3 2 0.0650928 0.0347907 0.0288871 0.0227693 0.0233023 0.0204617 0.016065 0.0168664 0.0140188 0.00712765 0.00347961 0.00755313 0.00885784 0.00379772 0.00362046 
1 4 2 0 0 0 0.000112613 1.37424e-10 0.000379262 0.00064955 0.000650378 0.000787285 0.00348942 0.00627558 0.00658065 0.0126992 0.0274541 0.0630629 
1 1 3 0.861918 0.878179 0.86067 0.766589 
1 2 3 0 0 6.99158e-13 0.00770145 
1 3 3 0.138082 0.121821 0.13933 0.22571 
1 4 3 0 0 0 0 
2 1 0 0.112562 0.0660222 0.0317771 0.0244224 0.0231815 0.00907412 0.0139612 0.0296096 0.0236728 0.0194728 0.0588576 0.115234 0.241733 
2 2 0 0.00525918 0.612752 0.884795 0.925343 0.94242 0.973704 0.962543 0.949625 0.950468 0.93357 0.860574 0.717291 0.427556 
2 3 0 0.882178 0.318889 0.0812716 0.0469779 0.0314109 0.0164597 0.0177742 0.00986212 0.0129715 0.0083657 0.00979245 0.00511409 0.00832483 
2 4 0 1.97358e-09 0.00233698 0.00215597 0.00325649 0.0029871 0.000762407 0.00572126 0.0109033 0.0128875 0.0385912 0.0707761 0.16236 0.322387 
2 1 1 0.10328 0.0548312 0.0237052 0.0156423 0.0159472 0.0100081 0.0199328 0.010353 0.0279979 0.0124229 0.0210573 0.0633564 0.156401 
2 2 1 0.0053481 0.628282 0.898144 0.941477 0.955482 0.977612 0.96033 0.973631 0.951013 0.95366 0.918337 0.796016 0.525403 
2 3 1 0.891372 0.314995 0.0768012 0.0398139 0.0267967 0.0116909 0.0156453 0.00943269 0.0126315 0.0108698 0.0093534 0.00712674 0.0103704 
2 4 1 2.35621e-19 0.00189119 0.00135001 0.00306722 0.00177384 0.000688668 0.00409216 0.0065834 0.00835754 0.023047 0.0512523 0.133501 0.307825 
2 1 2 0.0935429 0.0435633 0.0153993 0.00211932 0.00890928 0.0145139 0.0121347 0.00405243 0.0252315 0.0137668 0.0210524 0.0646471 0.15472 
2 2 2 0.00591298 0.656248 0.9172 0.959228 0.962547 0.969821 0.96575 0.980295 0.954576 0.95215 0.918417 0.793125 0.5271 
2 3 2 0.900544 0.298233 0.0660967 0.03602 0.0270043 0.0150177 0.0188979 0.00931566 0.0126218 0.0115052 0.00925826 0.00802487 0.0103356 
2 4 2 6.321e-14 0.00195576 0.00130427 0.00263219 0.00153978 0.000647398 0.00321728 0.0063369 0.00757089 0.022578 0.0512727 0.134203 0.307845 
2 1 3 0.170874 0.105244 3.42771e-08 0.195992 8.13072e-08 
2 2 3 0.00556908 0.437391 1.13785e-09 0.495804 0.29101 
2 3 3 0.823557 0.457365 1 0.308204 0.70899 
2 4 3 0 0 0 0 0 
3 1 0 0.112446 0.0825953 0.0638429 0.0197646 0.0505835 0.0172338 0.02363 0.027598 0.0343504 0.0523198 0.0749032 0.12133 0.257209 
3 2 0 0.00656118 0.593352 0.850453 0.932159 0.91012 0.9454 0.952723 0.940428 0.931927 0.899497 0.84261 0.70811 0.428576 
3 3 0 0.880992 0.322091 0.0819854 0.0453872 0.0358605 0.0358513 0.020302 0.021515 0.0118105 0.0151921 0.011834 0.00562312 0.0102269 
3 4 0 0 0.00196208 0.00371835 0.00268885 0.00343566 0.00151465 0.00334451 0.0104589 0.021912 0.0329914 0.0706532 0.164937 0.303988 
3 1 1 0.106218 0.0765106 0.058497 0.0141659 0.0410968 0.0144071 0.0164885 0.00724969 0.0261957 0.0361819 0.0506577 0.0688591 0.141303 
3 2 1 0.00666976 0.606659 0.860093 0.941727 0.924857 0.957291 0.962322 0.958834 0.946241 0.925078 0.882398 0.788644 0.543879 
3 3 1 0.887112 0.314726 0.0782377 0.0413549 0.0310487 0.0269036 0.0179781 0.0257393 0.014014 0.0158029 0.0115088 0.00764023 0.0121088 
3 4 1 0 0.00210471 0.00317183 0.00275217 0.00299732 0.00139857 0.00321098 0.00817687 0.0135497 0.0229369 0.0554352 0.134857 0.302709 
3 1 2 0.0924358 0.0588368 0.0483406 0.0137037 0.0324561 0.0129488 0.0117204 3.34655e-09 0.0247213 0.0372923 0.0499361 0.067891 0.141358 
3 2 2 0.00719383 0.645415 0.876192 0.946027 0.936058 0.954972 0.966044 0.969873 0.949206 0.925175 0.88174 0.789617 0.545247 
3 3 2 0.90037 0.293632 0.0725139 0.0380184 0.0288685 0.030706 0.0193261 0.0227676 0.0135027 0.0140127 0.0110852 0.00893196 0.0120444 
3 4 2 0 0.00211627 0.00295381 0.00225052 0.00261751 0.0013729 0.00290901 0.00735895 0.0125703 0.0235195 0.0572386 0.13356 0.301351 
3 1 3 0.0243293 9.37863e-12 0.264016 0.244775 
3 2 3 0.00803848 0.422167 0.368708 0.559716 
3 3 3 0.967632 0.577833 0.367276 0.19551 
3 4 3 0 0 0 0 
4 1 0 0.501129 0.177142 0.151418 0.160837 0.154657 0.17308 0.112422 0.0618017 0.0369504 0.0267274 0.0244128 0.0234461 0.0315397 
4 2 0 0.000966971 0.0227832 0.0293943 0.0376388 0.0563254 0.0602064 0.03592 0.0272852 0.00523448 0.0107901 0.011635 0.02099 0.0283258 
4 3 0 0.497904 0.800075 0.814881 0.798394 0.783523 0.756492 0.845127 0.900387 0.941189 0.949668 0.950974 0.929172 0.918 
4 4 0 0 0 0.00430696 0.00313024 0.00549467 0.0102215 0.006531 0.0105261 0.0166261 0.0128141 0.0129783 0.0263915 0.0221349 
4 1 1 0.495176 0.173688 0.146448 0.153006 0.140872 0.166487 0.100249 0.0484491 0.0315521 0.0356832 0.0254543 0.0184556 0.0323722 
4 2 1 0.00102123 0.0235356 0.0292508 0.0373313 0.0576553 0.0600367 0.0357554 0.0276064 0.00219781 0.00952336 0.0141392 0.0192549 0.0227739 
4 3 1 0.503802 0.802776 0.819798 0.806313 0.795831 0.763518 0.857359 0.913059 0.949695 0.944101 0.947134 0.937965 0.926197 
4 4 1 0 0 0.00450304 0.00334994 0.00564162 0.00995764 0.00663637 0.0108852 0.016555 0.0106929 0.0132724 0.0243243 0.0186566 
4 1 2 0.495799 0.160567 0.136218 0.13895 0.127346 0.148956 0.0873239 0.0498295 0.029057 0.0356496 0.030583 0.0222153 0.032808 
4 2 2 0.00128653 0.0267534 0.0300443 0.0409076 0.0581956 0.0635676 0.0348277 0.0265425 0.00317611 0.00949631 0.0164019 0.0200234 0.0239102 
4 3 2 0.502914 0.81268 0.830378 0.816677 0.809597 0.777235 0.872091 0.913742 0.951646 0.943642 0.9403 0.934066 0.925502 
4 4 2 0 0 0.00335965 0.00346559 0.00486062 0.0102414 0.00575733 0.00988614 0.016121 0.0112119 0.012715 0.023695 0.0177802 
4 1 3 0.00545938 
4 2 3 0 
4 3 3 0.994541 
4 4 3 0 
5 1 0 0.127419 0.158028 0.113725 0.141302 0.148608 0.138521 0.107975 0.0593926 0.0394824 0.0341893 0.0401888 0.0136534 0.016288 
5 2 0 3.93353e-10 0.0181881 0.0387191 0.0286921 0.0448493 0.0531664 0.0379917 0.0145987 0.0066892 0.00421774 0.00803453 0.0217609 0.0170559 
5 3 0 0.872581 0.823009 0.846405 0.826782 0.803037 0.801261 0.846285 0.910649 0.939828 0.9478 0.938746 0.947583 0.93877 
5 4 0 0 0.000775006 0.0011508 0.00322443 0.00350542 0.00705216 0.00774915 0.0153595 0.0140001 0.013793 0.0130302 0.0170032 0.0278856 
5 1 1 0.117048 0.151465 0.106364 0.135286 0.141065 0.134821 0.0938607 0.0559533 0.0262789 0.030195 0.0372788 0.0221524 0.0171542 
5 2 1 3.33369e-09 0.0188724 0.0389984 0.0293728 0.0460891 0.054875 0.0385788 0.0145567 0.00723841 0.00158555 0.00712054 0.0233942 0.013701 
5 3 1 0.882952 0.828858 0.853812 0.832262 0.809254 0.802944 0.861108 0.913837 0.954942 0.954741 0.941851 0.938311 0.948747 
5 4 1 0 0.000805075 0.000825245 0.00307975 0.00359183 0.00735994 0.00645225 0.0156528 0.011541 0.0134783 0.0137492 0.0161427 0.0203976 
5 1 2 0.112649 0.141491 0.0967519 0.123725 0.127664 0.122694 0.0863177 0.0495605 0.0247142 0.0284509 0.0363333 0.0240521 0.0130523 
5 2 2 2.94126e-10 0.0211079 0.0448493 0.0302763 0.0477498 0.0535296 0.0380759 0.0144491 0.00745222 0.00134376 0.00604715 0.0238237 0.0139353 
5 3 2 0.887351 0.836529 0.857315 0.842693 0.821876 0.81787 0.869629 0.920186 0.956903 0.957072 0.943512 0.936331 0.952563 
5 4 2 0 0.000871593 0.00108347 0.00330559 0.00271031 0.00590638 0.0059779 0.0158046 0.0109303 0.013133 0.0141076 0.0157928 0.0204494 
5 1 3 2.07907e-06 0.00035885 0.0968995 
5 2 3 2.66625e-08 3.72337e-07 3.13917e-13 
5 3 3 0.999998 0.999641 0.9031 
5 4 3 0 0 0 
