
[1mRooFit v3.60 -- Developed by Wouter Verkerke and David Kirkby[0m 
                Copyright (C) 2000-2013 NIKHEF, University of California & Stanford University
                All rights reserved, please read http://roofit.sourceforge.net/license.txt

analysis: K0L
data_file: /sps/compass/02/yann/2016.fix/P07
data_template: hist
data_firstfile_nb: 270000
data_lastfile_nb: 276318
fit_type: all
merged_h: false
cols_theta_bin: true
remove_richpipe: false
hist_file_iphi: ./hist_iphi_0708_10.root
hist_file_ephi: ./hist_ephi_0708_10.root
hist_file_K0: ./hist_K0_0708_10.root
hist_file_Lam: ./hist_Lambda_0708_10.root
out_file: rich_0708_10.root
remove_richpipe: true
thr_diff: 5
LH_pi_K: 1.0
LH_pi_p: 1.0
LH_pi_bg: 2.0
LH_K_pi: 1.06
LH_K_p: 1.06
LH_K_bg: 2.0
LH_bthr_p_pi: 1.
LH_bthr_p_K: 1.
LH_bthr_p_pi_bg: 2.3
LH_bthr_p_K_bg: 3.0
LH_bthr_m_pi_bg: 2.2
LH_bthr_m_K_bg: 2.9
LH_athr_p_pi: 1.
LH_athr_p_K: 1.
LH_athr_p_bg: 1.
max_retry: 100
line_width: 2
sidebins: false
=====================
lh_cut[i][j]:
[0][0] -1.00 [0][1]  1.00 [0][2]  1.00 [0][3] -1.00 [0][4] -1.00 [0][5]  2.00 
[1][0]  1.06 [1][1] -1.00 [1][2]  1.06 [1][3] -1.00 [1][4] -1.00 [1][5]  2.00 
[2][0]  1.00 [2][1]  1.00 [2][2] -1.00 [2][3] -1.00 [2][4] -1.00 [2][5] -1.00 
[3][0]  1.00 [3][1]  1.00 [3][2] -1.00 [3][3] -1.00 [3][4] -1.00 [3][5]  1.00 
[4][0]  2.30 [4][1]  3.00 [4][2]  2.20 [4][3]  2.90 [4][4] -1.00 [4][5] -1.00 

Fits of K0 sample for pi- efficiency:
 theta:  0   mom:  0   Ent:116599
=>  1 iters (-2644389.65) -> 3
 theta:  0   mom:  1   Ent:97432
=>  1 iters (-2280915.95) -> 3
 theta:  0   mom:  2   Ent:114779
=== Sucessful r9essai
=>  1 iters (-2763468.04) -> 3
 theta:  0   mom:  3   Ent:58880
=== Sucessful r9essai
=>  1 iters (-1345154.36) -> 3
 theta:  0   mom:  4   Ent:25236
=== Sucessful r9essai
=>  1 iters (-533739.86) -> 3
 theta:  0   mom:  5   Ent:43376
=>  1 iters (-960493.88) -> 3
 theta:  0   mom:  6   Ent:35259
=>  1 iters (-763203.12) -> 3
 theta:  0   mom:  7   Ent:27905
=>  1 iters (-584708.06) -> 3
 theta:  0   mom:  8   Ent:32409
=>  1 iters (-674710.92) -> 3
 theta:  0   mom:  9   Ent:24104
=>  1 iters (-479500.80) -> 3
 theta:  0   mom: 10   Ent:12833
=>  1 iters (-236097.44) -> 3
 theta:  0   mom: 11   Ent:15555
=>  1 iters (-290017.53) -> 3
 theta:  0   mom: 12   Ent:18081
=>  1 iters (-337282.57) -> 3
 theta:  0   mom: 13   Ent:11169
=>  1 iters (-192420.59) -> 3
 theta:  0   mom: 14   Ent:11058
=>  1 iters (-186886.03) -> 3
 theta:  1   mom:  0   Ent:90388
=>  1 iters (-1985505.77) -> 3
 theta:  1   mom:  1   Ent:92032
=>  1 iters (-2143232.44) -> 3
 theta:  1   mom:  2   Ent:110527
=>  1 iters (-2652893.88) -> 3
 theta:  1   mom:  3   Ent:56124
=== Sucessful r9essai
=>  1 iters (-1276914.67) -> 3
 theta:  1   mom:  4   Ent:23821
=>  1 iters (-501049.29) -> 3
 theta:  1   mom:  5   Ent:40646
=== Sucessful r9essai
=>  1 iters (-894842.24) -> 3
 theta:  1   mom:  6   Ent:32691
=>  1 iters (-702589.86) -> 3
 theta:  1   mom:  7   Ent:25609
=>  1 iters (-532181.42) -> 3
 theta:  1   mom:  8   Ent:29218
=>  1 iters (-602401.17) -> 3
 theta:  1   mom:  9   Ent:21454
=>  1 iters (-421672.50) -> 3
 theta:  1   mom: 10   Ent:11198
=>  1 iters (-202416.21) -> 3
 theta:  1   mom: 11   Ent:13380
=>  1 iters (-245383.09) -> 3
 theta:  1   mom: 12   Ent:15111
=>  1 iters (-276583.38) -> 3
 theta:  1   mom: 13   Ent:9005
=>  1 iters (-151312.77) -> 3
 theta:  1   mom: 14   Ent:8441
=>  1 iters (-139203.01) -> 3
 theta:  2   mom:  0   Ent:170278
=>  1 iters (-3935049.66) -> 3
 theta:  2   mom:  1   Ent:164649
=== Sucessful r9essai
=>  5 iters (-4021546.00) -> 3
 theta:  2   mom:  2   Ent:180946
=>  1 iters (-4521858.74) -> 3
 theta:  2   mom:  3   Ent:83459
=>  1 iters (-1964886.35) -> 3
 theta:  2   mom:  4   Ent:33287
=== Sucessful r9essai
=>  1 iters (-721701.23) -> 3
 theta:  2   mom:  5   Ent:54183
=== Sucessful r9essai
=>  1 iters (-1223204.40) -> 3
 theta:  2   mom:  6   Ent:41070
=>  1 iters (-899635.73) -> 3
 theta:  2   mom:  7   Ent:30716
=>  1 iters (-647483.99) -> 3
 theta:  2   mom:  8   Ent:33527
=>  1 iters (-698267.90) -> 3
 theta:  2   mom:  9   Ent:23672
=>  1 iters (-468154.55) -> 3
 theta:  2   mom: 10   Ent:12106
=>  1 iters (-219983.70) -> 3
 theta:  2   mom: 11   Ent:14223
=>  1 iters (-261663.12) -> 3
 theta:  2   mom: 12   Ent:15721
=>  1 iters (-288534.68) -> 3
 theta:  2   mom: 13   Ent:9226
=>  1 iters (-155264.76) -> 3
 theta:  2   mom: 14   Ent:8539
=>  1 iters (-140987.36) -> 3
 theta:  3   mom:  0   Ent:25515
=>  1 iters (-524563.59) -> 3
 theta:  3   mom:  1   Ent:3985
=== Sucessful r9essai
=>  1 iters (-69334.27) -> 3
 theta:  3   mom:  2   Ent:947
=>  1 iters (-13581.87) -> 3
 theta:  3   mom:  3   Ent:115
=>  1 iters (-1134.67) -> 3
 theta:  3   mom:  4   Ent:21
 theta:  3   mom:  5   Ent:18
 theta:  3   mom:  6   Ent:14

Fits of K0 sample for pi+ efficiency:
 theta:  0   mom:  0   Ent:116906
=>  1 iters (-2652019.33) -> 3
 theta:  0   mom:  1   Ent:97701
=>  1 iters (-2288498.61) -> 3
 theta:  0   mom:  2   Ent:115101
=>  1 iters (-2771256.82) -> 3
 theta:  0   mom:  3   Ent:59297
=>  1 iters (-1352932.99) -> 3
 theta:  0   mom:  4   Ent:25865
=>  1 iters (-546996.56) -> 3
 theta:  0   mom:  5   Ent:43653
=== Sucessful r9essai
=>  1 iters (-965304.32) -> 3
 theta:  0   mom:  6   Ent:35309
=>  1 iters (-762206.60) -> 3
 theta:  0   mom:  7   Ent:28324
=>  1 iters (-592092.04) -> 3
 theta:  0   mom:  8   Ent:32651
=>  1 iters (-677140.34) -> 3
 theta:  0   mom:  9   Ent:24623
=>  1 iters (-486200.07) -> 3
 theta:  0   mom: 10   Ent:13187
=>  1 iters (-242617.39) -> 3
 theta:  0   mom: 11   Ent:15898
=>  1 iters (-294455.37) -> 3
 theta:  0   mom: 12   Ent:18276
=>  1 iters (-336332.84) -> 3
 theta:  0   mom: 13   Ent:11298
=>  1 iters (-192631.77) -> 3
 theta:  0   mom: 14   Ent:11070
=>  1 iters (-184444.17) -> 3
 theta:  1   mom:  0   Ent:90579
=>  1 iters (-1990951.87) -> 3
 theta:  1   mom:  1   Ent:92331
=>  1 iters (-2151508.62) -> 3
 theta:  1   mom:  2   Ent:110816
=>  1 iters (-2659964.80) -> 3
 theta:  1   mom:  3   Ent:56515
=== Sucessful r9essai
=>  1 iters (-1283990.41) -> 3
 theta:  1   mom:  4   Ent:24444
=>  1 iters (-514070.60) -> 3
 theta:  1   mom:  5   Ent:40965
=== Sucessful r9essai
=>  1 iters (-900420.96) -> 3
 theta:  1   mom:  6   Ent:32685
=>  2 iters (-700094.40) -> 3
 theta:  1   mom:  7   Ent:25939
=>  1 iters (-537348.59) -> 3
 theta:  1   mom:  8   Ent:29468
=>  1 iters (-604705.31) -> 3
 theta:  1   mom:  9   Ent:21865
=>  1 iters (-425975.16) -> 3
 theta:  1   mom: 10   Ent:11528
=>  1 iters (-208489.58) -> 3
 theta:  1   mom: 11   Ent:13735
=>  1 iters (-250305.90) -> 3
 theta:  1   mom: 12   Ent:15474
=== Sucessful r9essai
=>  2 iters (-279914.67) -> 3
 theta:  1   mom: 13   Ent:9250
=>  1 iters (-154371.01) -> 3
 theta:  1   mom: 14   Ent:8695
=== Sucessful r9essai
=>  1 iters (-141390.55) -> 3
 theta:  2   mom:  0   Ent:170444
=>  1 iters (-3940719.53) -> 3
 theta:  2   mom:  1   Ent:165169
=>  1 iters (-4033198.93) -> 3
 theta:  2   mom:  2   Ent:181856
=>  1 iters (-4545040.76) -> 3
 theta:  2   mom:  3   Ent:84049
=>  2 iters (-1974830.41) -> 3
 theta:  2   mom:  4   Ent:34202
=>  1 iters (-741428.11) -> 3
 theta:  2   mom:  5   Ent:54624
=>  1 iters (-1229533.90) -> 3
 theta:  2   mom:  6   Ent:41252
=>  1 iters (-900486.02) -> 3
 theta:  2   mom:  7   Ent:31270
=>  1 iters (-657055.96) -> 3
 theta:  2   mom:  8   Ent:33992
=>  1 iters (-703866.57) -> 3
 theta:  2   mom:  9   Ent:24301
=>  1 iters (-475692.99) -> 3
 theta:  2   mom: 10   Ent:12443
=>  1 iters (-225758.49) -> 3
 theta:  2   mom: 11   Ent:14637
=>  1 iters (-267720.39) -> 3
 theta:  2   mom: 12   Ent:16217
=>  1 iters (-294232.05) -> 3
 theta:  2   mom: 13   Ent:9498
=>  1 iters (-158805.41) -> 3
 theta:  2   mom: 14   Ent:8825
=== Sucessful r9essai
=>  1 iters (-143527.73) -> 3
 theta:  3   mom:  0   Ent:25595
=>  1 iters (-525201.50) -> 3
 theta:  3   mom:  1   Ent:3954
=>  1 iters (-68659.79) -> 3
 theta:  3   mom:  2   Ent:1008
=>  1 iters (-14547.07) -> 3
 theta:  3   mom:  3   Ent:131
=>  2 iters (-1344.78) -> 3
 theta:  3   mom:  4   Ent:23
 theta:  3   mom:  5   Ent:23
 theta:  3   mom:  6   Ent:10

Fits of PHI sample for K- efficiency:
 theta:  0   mom:  2   Ent:434528
=== Sucessful r9essai
=== Sucessful r9essai
=== Sucessful r9essai
=== Sucessful r9essai
=> 101 iters (-2977095.62) -> 2
 theta:  0   mom:  3   Ent:165627
=>  2 iters (-1149588.89) -> 3
 theta:  0   mom:  4   Ent:63232
=== Sucessful r9essai
=> 10 iters (-421841.80) -> 3
 theta:  0   mom:  5   Ent:98874
=== Sucessful r9essai
=>  7 iters (-691249.58) -> 3
 theta:  0   mom:  6   Ent:72470
=== Sucessful r9essai
=> 101 iters (-502161.48) -> 3
 theta:  0   mom:  7   Ent:53924
=>  3 iters (-362347.76) -> 3
 theta:  0   mom:  8   Ent:56764
=>  2 iters (-380938.53) -> 3
 theta:  0   mom:  9   Ent:37241
=== Sucessful r9essai
=== Sucessful r9essai
=== Sucessful r9essai
=== Sucessful r9essai
=>  5 iters (-241677.30) -> 3
 theta:  0   mom: 10   Ent:17740
=== Sucessful r9essai
=> 19 iters (-106865.30) -> 3
 theta:  0   mom: 11   Ent:18856
=== Sucessful r9essai
=== Sucessful r9essai
=== Sucessful r9essai
=>  7 iters (-114041.69) -> 3
 theta:  0   mom: 12   Ent:19062
=== Sucessful r9essai
=>  1 iters (-115576.15) -> 3
 theta:  0   mom: 13   Ent:9977
=>  1 iters (-57161.78) -> 3
 theta:  0   mom: 14   Ent:7889
=>  1 iters (-47496.61) -> 3
 theta:  1   mom:  2   Ent:415492
=== Sucessful r9essai
=== Sucessful r9essai
=> 101 iters (-2844797.93) -> 2
 theta:  1   mom:  3   Ent:157740
=== Sucessful r9essai
=== Sucessful r9essai
=>  5 iters (-1088115.64) -> 3
 theta:  1   mom:  4   Ent:59696
=== Sucessful r9essai
=== Sucessful r9essai
=== Sucessful r9essai
=== Sucessful r9essai
=== Sucessful r9essai
=== Sucessful r9essai
=== Sucessful r9essai
=> 20 iters (-393713.96) -> 3
 theta:  1   mom:  5   Ent:92285
=== Sucessful r9essai
=> 10 iters (-638177.06) -> 3
 theta:  1   mom:  6   Ent:66654
=> 101 iters (-455951.99) -> 2
 theta:  1   mom:  7   Ent:48926
=== Sucessful r9essai
=> 11 iters (-323451.12) -> 3
 theta:  1   mom:  8   Ent:50537
=== Sucessful r9essai
=>  4 iters (-332856.34) -> 3
 theta:  1   mom:  9   Ent:32506
=== Sucessful r9essai
=== Sucessful r9essai
=>  4 iters (-205881.05) -> 3
 theta:  1   mom: 10   Ent:15132
=== Sucessful r9essai
=== Sucessful r9essai
=> 101 iters (-88338.25) -> 2
 theta:  1   mom: 11   Ent:15829
=== Sucessful r9essai
=== Sucessful r9essai
=> 28 iters (-91982.41) -> 3
 theta:  1   mom: 12   Ent:15506
=== Sucessful r9essai
=>  1 iters (-89476.94) -> 3
 theta:  1   mom: 13   Ent:7615
=== Sucessful r9essai
=>  3 iters (-40643.94) -> 3
 theta:  1   mom: 14   Ent:5530
=== Sucessful r9essai
=== Sucessful r9essai
=== Sucessful r9essai
=> 14 iters (-30371.08) -> 3
 theta:  2   mom:  2   Ent:688498
=== Sucessful r9essai
=== Sucessful r9essai
=== Sucessful r9essai
=== Sucessful r9essai
=== Sucessful r9essai
=== Sucessful r9essai
=> 101 iters (-4873204.61) -> 2
 theta:  2   mom:  3   Ent:236411
=== Sucessful r9essai
=== Sucessful r9essai
=== Sucessful r9essai
=> 10 iters (-1659970.24) -> 3
 theta:  2   mom:  4   Ent:84245
=== Sucessful r9essai
=>  3 iters (-562674.83) -> 3
 theta:  2   mom:  5   Ent:123689
=== Sucessful r9essai
=>  4 iters (-861684.78) -> 3
 theta:  2   mom:  6   Ent:83534
=> 101 iters (-575178.87) -> 2
 theta:  2   mom:  7   Ent:58082
=== Sucessful r9essai
=>  2 iters (-385245.12) -> 3
 theta:  2   mom:  8   Ent:57135
=== Sucessful r9essai
=>  2 iters (-376898.17) -> 3
 theta:  2   mom:  9   Ent:35249
=== Sucessful r9essai
=>  8 iters (-222707.91) -> 3
 theta:  2   mom: 10   Ent:16042
=== Sucessful r9essai
=> 70 iters (-93486.95) -> 3
 theta:  2   mom: 11   Ent:16448
=== Sucessful r9essai
=>  1 iters (-94778.69) -> 3
 theta:  2   mom: 12   Ent:15905
=>  2 iters (-91399.48) -> 3
 theta:  2   mom: 13   Ent:7708
=>  1 iters (-41054.22) -> 3
 theta:  2   mom: 14   Ent:5574
=>  8 iters (-30628.41) -> 3
 theta:  3   mom:  2   Ent:7385
=>  1 iters (-27334.69) -> 3
 theta:  3   mom:  3   Ent:562
=>  1 iters (-1364.12) -> 3
 theta:  3   mom:  4   Ent:94
=== Sucessful r9essai
=>  1 iters (-90.36) -> 3
 theta:  3   mom:  5   Ent:65
=>  1 iters (-85.99) -> 3
 theta:  3   mom:  6   Ent:32
=>  1 iters (-44.64) -> 3
 theta:  3   mom:  7   Ent:5
 theta:  3   mom:  8   Ent:4
 theta:  3   mom:  9   Ent:0
 theta:  3   mom: 10   Ent:0
 theta:  3   mom: 11   Ent:0
 theta:  3   mom: 12   Ent:0
 theta:  3   mom: 13   Ent:0
 theta:  3   mom: 14   Ent:0

Fits of PHI sample for K+ efficiency:
 theta:  0   mom:  2   Ent:363187
=== Sucessful r9essai
=== Sucessful r9essai
=== Sucessful r9essai
=== Sucessful r9essai
=== Sucessful r9essai
=== Sucessful r9essai
=== Sucessful r9essai
=== Sucessful r9essai
=> 69 iters (-2514257.53) -> 3
 theta:  0   mom:  3   Ent:142671
=== Sucessful r9essai
=>  3 iters (-997696.26) -> 3
 theta:  0   mom:  4   Ent:55639
=== Sucessful r9essai
=>  5 iters (-372046.72) -> 3
 theta:  0   mom:  5   Ent:87589
=== Sucessful r9essai
=>  2 iters (-625279.88) -> 3
 theta:  0   mom:  6   Ent:65124
=== Sucessful r9essai
=== Sucessful r9essai
=> 16 iters (-461227.74) -> 3
 theta:  0   mom:  7   Ent:49620
=== Sucessful r9essai
=> 14 iters (-338021.71) -> 3
 theta:  0   mom:  8   Ent:53286
=== Sucessful r9essai
=>  5 iters (-365651.71) -> 3
 theta:  0   mom:  9   Ent:35028
=>  4 iters (-231402.24) -> 3
 theta:  0   mom: 10   Ent:16671
=> 19 iters (-100691.97) -> 3
 theta:  0   mom: 11   Ent:18029
=== Sucessful r9essai
=== Sucessful r9essai
=== Sucessful r9essai
=== Sucessful r9essai
=== Sucessful r9essai
=> 18 iters (-110726.46) -> 3
 theta:  0   mom: 12   Ent:18527
=== Sucessful r9essai
=>  1 iters (-115954.27) -> 3
 theta:  0   mom: 13   Ent:9626
=== Sucessful r9essai
=== Sucessful r9essai
=> 83 iters (-58318.75) -> 3
 theta:  0   mom: 14   Ent:7791
=>  1 iters (-48573.82) -> 3
 theta:  1   mom:  2   Ent:347005
=== Sucessful r9essai
=>  2 iters (-2401034.55) -> 3
 theta:  1   mom:  3   Ent:135798
=== Sucessful r9essai
=>  5 iters (-946268.66) -> 3
 theta:  1   mom:  4   Ent:52496
=== Sucessful r9essai
=>  3 iters (-349460.60) -> 3
 theta:  1   mom:  5   Ent:81590
=== Sucessful r9essai
=>  5 iters (-577221.98) -> 3
 theta:  1   mom:  6   Ent:59926
=>  4 iters (-419230.83) -> 3
 theta:  1   mom:  7   Ent:45145
=> 16 iters (-303190.28) -> 3
 theta:  1   mom:  8   Ent:47529
=== Sucessful r9essai
=== Sucessful r9essai
=> 19 iters (-319115.66) -> 3
 theta:  1   mom:  9   Ent:30516
=>  3 iters (-195698.46) -> 3
 theta:  1   mom: 10   Ent:14179
=>  1 iters (-82906.03) -> 3
 theta:  1   mom: 11   Ent:15125
=> 13 iters (-89064.17) -> 3
 theta:  1   mom: 12   Ent:15027
=>  1 iters (-89066.10) -> 3
 theta:  1   mom: 13   Ent:7347
=>  1 iters (-41077.44) -> 3
 theta:  1   mom: 14   Ent:5466
=== Sucessful r9essai
=>  1 iters (-30768.80) -> 3
 theta:  2   mom:  2   Ent:574540
=> 101 iters (-4101851.26) -> 2
 theta:  2   mom:  3   Ent:203585
=> 101 iters (-1447911.79) -> 2
 theta:  2   mom:  4   Ent:74105
=== Sucessful r9essai
=>  2 iters (-499835.56) -> 3
 theta:  2   mom:  5   Ent:109010
=== Sucessful r9essai
=>  4 iters (-775901.08) -> 3
 theta:  2   mom:  6   Ent:75001
=== Sucessful r9essai
=== Sucessful r9essai
=>  4 iters (-526882.78) -> 3
 theta:  2   mom:  7   Ent:53573
=>  2 iters (-362604.51) -> 3
 theta:  2   mom:  8   Ent:53765
=== Sucessful r9essai
=== Sucessful r9essai
=== Sucessful r9essai
=== Sucessful r9essai
=== Sucessful r9essai
=== Sucessful r9essai
=== Sucessful r9essai
=== Sucessful r9essai
=== Sucessful r9essai
=== Sucessful r9essai
=== Sucessful r9essai
=== Sucessful r9essai
=== Sucessful r9essai
=== Sucessful r9essai
=> 101 iters (-361989.83) -> 2
 theta:  2   mom:  9   Ent:33067
=== Sucessful r9essai
=== Sucessful r9essai
=>  5 iters (-211292.88) -> 3
 theta:  2   mom: 10   Ent:15077
=== Sucessful r9essai
=>  2 iters (-87877.91) -> 3
 theta:  2   mom: 11   Ent:15725
=>  1 iters (-91693.37) -> 3
 theta:  2   mom: 12   Ent:15411
=>  2 iters (-91064.22) -> 3
 theta:  2   mom: 13   Ent:7451
=>  1 iters (-41515.28) -> 3
 theta:  2   mom: 14   Ent:5508
=== Sucessful r9essai
=>  5 iters (-30940.22) -> 3
 theta:  3   mom:  2   Ent:6421
=>  2 iters (-22677.99) -> 3
 theta:  3   mom:  3   Ent:480
=>  1 iters (-1134.00) -> 3
 theta:  3   mom:  4   Ent:80
=>  1 iters (-99.82) -> 3
 theta:  3   mom:  5   Ent:76
=== Sucessful r9essai
=>  1 iters (-139.03) -> 3
 theta:  3   mom:  6   Ent:16
 theta:  3   mom:  7   Ent:6
 theta:  3   mom:  8   Ent:4
 theta:  3   mom:  9   Ent:2
 theta:  3   mom: 10   Ent:0
 theta:  3   mom: 11   Ent:0
 theta:  3   mom: 12   Ent:0
 theta:  3   mom: 13   Ent:0
 theta:  3   mom: 14   Ent:0

Fits of LAMBDA sample for pbar efficiency:
 theta:  0   mom:  2   Ent:4867
=>  1 iters (-20678.33) -> 3
 theta:  0   mom:  3   Ent:7851
=>  1 iters (-87200.48) -> 3
 theta:  0   mom:  4   Ent:5161
=== Sucessful r9essai
=>  2 iters (-56310.60) -> 3
 theta:  0   mom:  5   Ent:11383
=== Sucessful r9essai
=>  2 iters (-134250.08) -> 2
 theta:  0   mom:  6   Ent:12282
=>  2 iters (-142439.00) -> 2
 theta:  0   mom:  7   Ent:11643
=== Sucessful r9essai
=>  2 iters (-130248.65) -> 2
 theta:  0   mom:  8   Ent:15755
=>  1 iters (-172949.82) -> 3
 theta:  0   mom:  9   Ent:13684
=>  2 iters (-145470.02) -> 2
 theta:  0   mom: 10   Ent:7836
=>  1 iters (-76186.13) -> 3
 theta:  0   mom: 11   Ent:10003
=== Sucessful r9essai
=>  2 iters (-99879.78) -> 2
 theta:  0   mom: 12   Ent:12540
=>  2 iters (-124991.57) -> 3
 theta:  0   mom: 13   Ent:9106
=>  1 iters (-86516.04) -> 3
 theta:  0   mom: 14   Ent:10022
=== Sucessful r9essai
=>  1 iters (-93206.71) -> 3
 theta:  1   mom:  2   Ent:4653
=>  1 iters (-19574.76) -> 3
 theta:  1   mom:  3   Ent:7505
=>  1 iters (-83080.04) -> 3
 theta:  1   mom:  4   Ent:4894
=>  2 iters (-53346.54) -> 2
 theta:  1   mom:  5   Ent:10691
=>  1 iters (-125335.85) -> 3
 theta:  1   mom:  6   Ent:11376
=>  2 iters (-131395.62) -> 2
 theta:  1   mom:  7   Ent:10702
=== Sucessful r9essai
=>  2 iters (-119326.27) -> 2
 theta:  1   mom:  8   Ent:14219
=>  1 iters (-155303.97) -> 3
 theta:  1   mom:  9   Ent:12194
=>  2 iters (-128270.86) -> 2
 theta:  1   mom: 10   Ent:6842
=== Sucessful r9essai
=>  2 iters (-66023.20) -> 2
 theta:  1   mom: 11   Ent:8579
=>  2 iters (-83540.39) -> 3
 theta:  1   mom: 12   Ent:10467
=>  2 iters (-102890.71) -> 3
 theta:  1   mom: 13   Ent:7307
=== Sucessful r9essai
=>  2 iters (-68896.04) -> 2
 theta:  1   mom: 14   Ent:7458
=== Sucessful r9essai
=>  1 iters (-68313.80) -> 3
 theta:  2   mom:  2   Ent:7452
=>  1 iters (-32441.46) -> 3
 theta:  2   mom:  3   Ent:11226
=>  1 iters (-130260.55) -> 3
 theta:  2   mom:  4   Ent:7003
=>  2 iters (-81193.40) -> 2
 theta:  2   mom:  5   Ent:14631
=>  1 iters (-181458.21) -> 3
 theta:  2   mom:  6   Ent:14788
=>  2 iters (-178085.56) -> 2
 theta:  2   mom:  7   Ent:13202
=== Sucessful r9essai
=>  1 iters (-152512.15) -> 3
 theta:  2   mom:  8   Ent:16773
=>  2 iters (-188385.54) -> 3
 theta:  2   mom:  9   Ent:13701
=>  2 iters (-146401.08) -> 3
 theta:  2   mom: 10   Ent:7469
=>  1 iters (-72645.55) -> 3
 theta:  2   mom: 11   Ent:9221
=>  1 iters (-90378.62) -> 3
 theta:  2   mom: 12   Ent:10949
=== Sucessful r9essai
=>  2 iters (-108536.01) -> 3
 theta:  2   mom: 13   Ent:7526
=>  2 iters (-71226.74) -> 2
 theta:  2   mom: 14   Ent:7592
=>  2 iters (-69692.07) -> 2
 theta:  3   mom:  2   Ent:44
 FUNCTION MUST BE MINIMIZED BEFORE CALLING IMProve   
Eff+/-dEff = 0.99+/-4.64 >> 0.03
 FUNCTION MUST BE MINIMIZED BEFORE CALLING IMProve   
Eff+/-dEff = 0.99+/-4.79 >> 0.03
=>  2 iters (-62.32) -> 3
 theta:  3   mom:  3   Ent:20
 theta:  3   mom:  4   Ent:8
 theta:  3   mom:  5   Ent:8
 theta:  3   mom:  6   Ent:2

Fits of LAMBDA sample for p efficiency:
 theta:  0   mom:  2   Ent:5426
=>  1 iters (-27522.83) -> 3
 theta:  0   mom:  3   Ent:9786
=>  1 iters (-120719.71) -> 3
 theta:  0   mom:  4   Ent:6204
=== Sucessful r9essai
=>  1 iters (-76871.71) -> 3
 theta:  0   mom:  5   Ent:14296
=== Sucessful r9essai
=>  2 iters (-194202.20) -> 2
 theta:  0   mom:  6   Ent:14815
=== Sucessful r9essai
=>  2 iters (-193499.35) -> 3
 theta:  0   mom:  7   Ent:14131
=>  1 iters (-179510.43) -> 3
 theta:  0   mom:  8   Ent:18721
=== Sucessful r9essai
=== Sucessful r9essai
=>  2 iters (-231456.26) -> 2
 theta:  0   mom:  9   Ent:16082
=== Sucessful r9essai
=>  2 iters (-189066.33) -> 3
 theta:  0   mom: 10   Ent:9200
=>  1 iters (-101140.43) -> 3
 theta:  0   mom: 11   Ent:11881
=>  2 iters (-132120.36) -> 3
 theta:  0   mom: 12   Ent:15190
=>  2 iters (-172167.92) -> 3
 theta:  0   mom: 13   Ent:10332
=>  2 iters (-110291.02) -> 2
 theta:  0   mom: 14   Ent:11406
=== Sucessful r9essai
=>  1 iters (-115245.59) -> 3
 theta:  1   mom:  2   Ent:5197
=>  1 iters (-26247.56) -> 3
 theta:  1   mom:  3   Ent:9369
=>  1 iters (-115203.73) -> 3
 theta:  1   mom:  4   Ent:5862
=== Sucessful r9essai
=>  2 iters (-72001.22) -> 2
 theta:  1   mom:  5   Ent:13447
=>  2 iters (-181763.95) -> 3
 theta:  1   mom:  6   Ent:13753
=>  1 iters (-178843.10) -> 3
 theta:  1   mom:  7   Ent:13015
=>  2 iters (-165333.64) -> 3
 theta:  1   mom:  8   Ent:16972
=>  2 iters (-207763.84) -> 2
 theta:  1   mom:  9   Ent:14325
=>  1 iters (-166561.89) -> 3
 theta:  1   mom: 10   Ent:8080
=>  2 iters (-87322.04) -> 2
 theta:  1   mom: 11   Ent:10298
=>  2 iters (-113337.68) -> 3
 theta:  1   mom: 12   Ent:12825
=== Sucessful r9essai
=>  2 iters (-143306.17) -> 3
 theta:  1   mom: 13   Ent:8519
=>  2 iters (-90301.27) -> 3
 theta:  1   mom: 14   Ent:8915
=>  1 iters (-88039.11) -> 3
 theta:  2   mom:  2   Ent:8449
=>  1 iters (-44345.14) -> 3
 theta:  2   mom:  3   Ent:14159
=>  1 iters (-183715.90) -> 3
 theta:  2   mom:  4   Ent:8496
=>  2 iters (-111273.65) -> 3
 theta:  2   mom:  5   Ent:18696
=== Sucessful r9essai
=>  1 iters (-266546.02) -> 3
 theta:  2   mom:  6   Ent:18219
=== Sucessful r9essai
=>  1 iters (-248604.92) -> 3
 theta:  2   mom:  7   Ent:16491
=>  2 iters (-217486.54) -> 3
 theta:  2   mom:  8   Ent:20332
=== Sucessful r9essai
=>  1 iters (-255588.42) -> 3
 theta:  2   mom:  9   Ent:16437
=>  2 iters (-195094.71) -> 2
 theta:  2   mom: 10   Ent:8997
=>  2 iters (-98724.91) -> 3
 theta:  2   mom: 11   Ent:11153
=>  2 iters (-124683.75) -> 3
 theta:  2   mom: 12   Ent:13523
=== Sucessful r9essai
=>  1 iters (-152707.61) -> 3
 theta:  2   mom: 13   Ent:8829
=== Sucessful r9essai
=>  1 iters (-94046.68) -> 3
 theta:  2   mom: 14   Ent:9094
=>  1 iters (-90134.59) -> 3
 theta:  3   mom:  2   Ent:59
 FUNCTION MUST BE MINIMIZED BEFORE CALLING IMProve   
=>  1 iters (-122.52) -> 3
 theta:  3   mom:  3   Ent:32
Eff+/-dEff = 0.98+/-1.54 >> 0.05
Eff+/-dEff = 1.00+/-1.51 >> 0.01
=>  2 iters (-185.31) -> 3
 theta:  3   mom:  4   Ent:29
=== Sucessful r9essai
=>  2 iters (-193.97) -> 3
 theta:  3   mom:  5   Ent:17
 theta:  3   mom:  6   Ent:7
p,t,i: 0,1,2 Empty
p,t,i: 0,1,3 Empty
p,t,i: 0,1,4 Empty
p,t,i: 0,1,5 Empty
p,t,i: 0,2,2 Empty
p,t,i: 0,2,3 Empty
p,t,i: 0,2,4 Empty
p,t,i: 0,2,5 Empty
p,t,i: 1,1,2 Empty
p,t,i: 1,1,3 Empty
p,t,i: 1,1,4 Empty
p,t,i: 1,1,5 Empty
p,t,i: 1,2,2 Empty
p,t,i: 1,2,3 Empty
p,t,i: 1,2,4 Empty
p,t,i: 1,2,5 Empty
0 1 0 0.916296 0.963785 0.970734 0.975813 0.977044 0.978316 0.980745 0.983207 0.985755 0.986629 0.987561 0.987143 0.97238 0.95688 0.913828 
0 2 0 0 0 9.61507e-06 0.000511179 0.00137885 0.00161282 0.00178528 0.00163952 0.00100032 0.00193184 0.00283316 0.00302457 0.00642871 0.00847603 0.0134655 
0 3 0 0.0837037 0.0362153 0.0292567 0.0235837 0.0212768 0.01978 0.0172578 0.0147382 0.0124981 0.00798548 0.00449026 0.00323281 0.00645889 0.00364473 0.00401327 
0 4 0 0 0 0 9.19802e-05 0.000300482 0.000290857 0.00021163 0.000414992 0.000746164 0.00345414 0.00511605 0.00659924 0.0147324 0.0309992 0.0686934 
0 1 1 0.932708 0.967105 0.971347 0.975737 0.978295 0.978678 0.980606 0.983831 0.98623 0.986583 0.988052 0.987883 0.974832 0.956562 0.924938 
0 2 1 0 0 9.96336e-06 0.000524685 0.00146474 0.00165338 0.00188342 0.00169754 0.00124693 0.00182526 0.00271006 0.00265657 0.00610323 0.00960862 0.0116277 
0 3 1 0.0672921 0.0328947 0.0286432 0.0236417 0.0199681 0.0193583 0.0173303 0.0140631 0.0117207 0.00834118 0.00432245 0.00309114 0.00626347 0.00435248 0.00260271 
0 4 1 0 0 0 9.64578e-05 0.000272608 0.000310112 0.000180199 0.000408374 0.000802595 0.0032502 0.00491562 0.0063689 0.0128009 0.0294773 0.0608319 
0 1 2 0.937669 0.967411 0.971014 0.974951 0.976934 0.977729 0.979227 0.982772 0.985382 0.985764 0.988068 0.98797 0.974788 0.956973 0.92598 
0 2 2 0 0 1.21469e-05 0.000617164 0.00171259 0.00199547 0.00192535 0.00177458 0.00130338 0.00183971 0.00231174 0.00230017 0.00611791 0.00970608 0.0112954 
0 3 2 0.0623307 0.032589 0.0289743 0.0242968 0.0210274 0.019895 0.018656 0.0150116 0.0124815 0.00919757 0.00460474 0.00297227 0.00637571 0.00443547 0.00260307 
0 4 2 0 0 0 0.000134906 0.000326192 0.000380638 0.000191283 0.000442063 0.000832703 0.00319863 0.0050151 0.00675787 0.0127188 0.0288859 0.0601219 
0 1 3 0.864192 0.882906 0.853425 0.931139 
0 2 3 0 0 0 0 
0 3 3 0.135808 0.117094 0.146575 0.0688612 
0 4 3 0 0 0 0 
1 1 0 0.912827 0.961034 0.970788 0.976523 0.977257 0.977438 0.981571 0.981656 0.983658 0.985896 0.990125 0.982435 0.969831 0.958262 0.911492 
1 2 0 0 0 2.4371e-13 0.000437157 0.00062906 0.00181406 0.00196976 0.0021155 0.00165529 0.00257413 0.00104851 0.00348513 0.00705042 0.00913665 0.01165 
1 3 0 0.0871728 0.0389663 0.0292117 0.0229447 0.0221137 0.0203734 0.0159179 0.0157162 0.0140376 0.00777147 0.00289883 0.00664192 0.00818596 0.00474764 0.0051827 
1 4 0 0 0 0 9.53383e-05 1.2444e-09 0.000374464 0.000541284 0.000512399 0.000649114 0.00375822 0.00592765 0.00743807 0.0149323 0.0278541 0.0716751 
1 1 1 0.928904 0.96457 0.971415 0.977029 0.977054 0.977897 0.981856 0.982015 0.984515 0.987543 0.989893 0.982469 0.972372 0.959931 0.921143 
1 2 1 0 0 0 0.000440409 0.000690787 0.00185694 0.00204594 0.0021514 0.00142383 0.00221069 0.00119238 0.00373091 0.00621603 0.00864977 0.0113788 
1 3 1 0.0710963 0.03543 0.0285846 0.0224383 0.0222554 0.019874 0.0155102 0.0152734 0.0134245 0.00693923 0.00282224 0.00731168 0.0085774 0.00400661 0.00409855 
1 4 1 0 0 0 9.27235e-05 1.56552e-11 0.00037243 0.000587721 0.000559697 0.000636904 0.00330756 0.00609202 0.00648821 0.0128342 0.0274131 0.0633795 
1 1 2 0.934907 0.965209 0.971113 0.97672 0.975771 0.976934 0.980904 0.980123 0.983664 0.986954 0.98896 0.981787 0.972911 0.960089 0.921805 
1 2 2 0 0 0 0.000398442 0.000926714 0.00222454 0.00238128 0.00235987 0.00153027 0.0024286 0.00128445 0.00407896 0.0055317 0.00865945 0.0115113 
1 3 2 0.0650928 0.0347907 0.0288871 0.0227693 0.0233023 0.0204617 0.016065 0.0168664 0.0140188 0.00712765 0.00347961 0.00755313 0.00885784 0.00379772 0.00362046 
1 4 2 0 0 0 0.000112613 1.37424e-10 0.000379262 0.00064955 0.000650378 0.000787285 0.00348942 0.00627558 0.00658065 0.0126992 0.0274541 0.0630629 
1 1 3 0.861918 0.878179 0.86067 0.766589 
1 2 3 0 0 6.99158e-13 0.00770145 
1 3 3 0.138082 0.121821 0.13933 0.22571 
1 4 3 0 0 0 0 
2 1 0 0.112247 0.0567002 0.0173687 0.0107705 0.0123217 0.0128615 0.0254064 0.020303 0.0218479 0.0295541 0.0553007 0.110978 0.247923 
2 2 0 0.00467693 0.618173 0.910051 0.94189 0.954636 0.970968 0.954431 0.962455 0.953708 0.9184 0.872021 0.726447 0.42511 
2 3 0 0.883076 0.3221 0.0707573 0.0440086 0.0309076 0.0155615 0.0144438 0.00836042 0.0146272 0.0109423 0.00795358 0.00195671 0.00849637 
2 4 0 9.43409e-13 0.00302651 0.00182314 0.00333063 0.00213447 0.000609132 0.00571905 0.00888129 0.00981654 0.041104 0.0647249 0.160618 0.318471 
2 1 1 0.104728 0.0434071 9.6062e-08 0.00682876 0.0138155 0.00784976 0.0323527 0.00126673 0.025372 0.0219284 0.0184438 0.0579596 0.157875 
2 2 1 0.00484688 0.63492 0.930935 0.95313 0.95836 0.978657 0.951633 0.984799 0.9556 0.93909 0.930095 0.814625 0.526793 
2 3 1 0.890425 0.318991 0.0677861 0.0369113 0.0271492 0.0123586 0.0121169 0.00963665 0.0142714 0.0139962 0.00815173 0.00255905 0.0115719 
2 4 1 2.90014e-11 0.00268136 0.00127872 0.00312985 0.000675366 0.0011348 0.00389746 0.00429749 0.00475619 0.0249857 0.0433095 0.124856 0.30376 
2 1 2 0.0937875 0.0331199 9.02608e-07 4.60018e-09 0.00621559 0.0189961 0.0247321 5.68152e-08 0.0259541 0.022025 0.0169456 0.0607649 0.156531 
2 2 2 0.00526614 0.66291 0.941584 0.964238 0.968058 0.963172 0.956963 0.984595 0.955044 0.939834 0.930846 0.809555 0.527026 
2 3 2 0.900946 0.301286 0.0569986 0.0333711 0.025502 0.0168042 0.015326 0.0110979 0.0149458 0.0138475 0.00834332 0.0039965 0.0115723 
2 4 2 3.16538e-10 0.00268392 0.00141639 0.00239085 0.000224742 0.00102801 0.00297909 0.00430684 0.00405588 0.0242931 0.0438651 0.125683 0.304871 
2 1 3 0.142243 0.159191 0.0690773 0.19214 5.52045e-07 
2 2 3 0.00908229 0.41652 0.236261 0.438333 0.0796465 
2 3 3 0.848675 0.424289 0.694661 0.369526 0.920353 
2 4 3 0 0 0 0 0 
3 1 0 0.130621 0.0995916 0.0425376 0.028343 0.0572978 0.026161 0.0198013 0.0259589 0.0362203 0.0536399 0.0753845 0.11767 0.260022 
3 2 0 0.00744763 0.585851 0.864851 0.922869 0.909233 0.939905 0.953978 0.941429 0.920379 0.898431 0.837118 0.714131 0.425051 
3 3 0 0.861932 0.312331 0.0895576 0.0458408 0.0308021 0.0322882 0.0231918 0.0211713 0.017955 0.0140295 0.0146807 0.00583257 0.0103685 
3 4 0 0 0.00222557 0.0030536 0.00294765 0.0026668 0.0016454 0.00302942 0.011441 0.0254457 0.0338996 0.0728163 0.162367 0.304558 
3 1 1 0.125828 0.0888045 0.0271373 0.0268599 0.0417273 0.0227853 0.0170987 0.00834452 0.0240718 0.0407863 0.049669 0.0640167 0.150653 
3 2 1 0.00768713 0.604206 0.883784 0.929429 0.929471 0.953386 0.959205 0.956666 0.939918 0.923531 0.88254 0.79645 0.536006 
3 3 1 0.866485 0.304599 0.0865267 0.040606 0.0263022 0.0224414 0.0211479 0.0257822 0.020392 0.0139127 0.013382 0.00738754 0.0130603 
3 4 1 0 0.00239011 0.00255181 0.00310483 0.00249992 0.00138741 0.00254796 0.00920718 0.0156186 0.0217703 0.0544091 0.132146 0.300281 
3 1 2 0.112341 0.0778197 0.0192197 0.0271263 0.0397307 0.0205791 0.0158083 2.74808e-08 0.0264461 0.0400607 0.0496904 0.0628139 0.151108 
3 2 2 0.0082282 0.63556 0.897902 0.932795 0.933384 0.951322 0.958866 0.969912 0.937781 0.924673 0.880582 0.797126 0.53652 
3 3 2 0.879431 0.284273 0.0807874 0.037631 0.0248179 0.0266853 0.0230408 0.0219531 0.0212837 0.0123901 0.012896 0.00838604 0.0130429 
3 4 2 0 0.0023475 0.00209046 0.00244819 0.00206748 0.00141392 0.00228441 0.00813453 0.0144891 0.0228767 0.056832 0.131674 0.299328 
3 1 3 0.0397273 1.3083e-07 0.450734 0.164915 
3 2 3 0.0111357 0.316987 4.4289e-05 0.473955 
3 3 3 0.949137 0.683013 0.549221 0.361131 
3 4 3 0 0 0 0 
4 1 0 0.501129 0.177142 0.151418 0.160837 0.154657 0.17308 0.112422 0.0618017 0.0369504 0.0267274 0.0244128 0.0234461 0.0315397 
4 2 0 0.000966971 0.0227832 0.0293943 0.0376388 0.0563254 0.0602064 0.03592 0.0272852 0.00523448 0.0107901 0.011635 0.02099 0.0283258 
4 3 0 0.497904 0.800075 0.814881 0.798394 0.783523 0.756492 0.845127 0.900387 0.941189 0.949668 0.950974 0.929172 0.918 
4 4 0 0 0 0.00430696 0.00313024 0.00549467 0.0102215 0.006531 0.0105261 0.0166261 0.0128141 0.0129783 0.0263915 0.0221349 
4 1 1 0.495176 0.173688 0.146448 0.153006 0.140872 0.166487 0.100249 0.0484491 0.0315521 0.0356832 0.0254543 0.0184556 0.0323722 
4 2 1 0.00102123 0.0235356 0.0292508 0.0373313 0.0576553 0.0600367 0.0357554 0.0276064 0.00219781 0.00952336 0.0141392 0.0192549 0.0227739 
4 3 1 0.503802 0.802776 0.819798 0.806313 0.795831 0.763518 0.857359 0.913059 0.949695 0.944101 0.947134 0.937965 0.926197 
4 4 1 0 0 0.00450304 0.00334994 0.00564162 0.00995764 0.00663637 0.0108852 0.016555 0.0106929 0.0132724 0.0243243 0.0186566 
4 1 2 0.495799 0.160567 0.136218 0.13895 0.127346 0.148956 0.0873239 0.0498295 0.029057 0.0356496 0.030583 0.0222153 0.032808 
4 2 2 0.00128653 0.0267534 0.0300443 0.0409076 0.0581956 0.0635676 0.0348277 0.0265425 0.00317611 0.00949631 0.0164019 0.0200234 0.0239102 
4 3 2 0.502914 0.81268 0.830378 0.816677 0.809597 0.777235 0.872091 0.913742 0.951646 0.943642 0.9403 0.934066 0.925502 
4 4 2 0 0 0.00335965 0.00346559 0.00486062 0.0102414 0.00575733 0.00988614 0.016121 0.0112119 0.012715 0.023695 0.0177802 
4 1 3 0.00545938 
4 2 3 0 
4 3 3 0.994541 
4 4 3 0 
5 1 0 0.127419 0.158028 0.113725 0.141302 0.148608 0.138521 0.107975 0.0593926 0.0394824 0.0341893 0.0401888 0.0136534 0.016288 
5 2 0 3.93353e-10 0.0181881 0.0387191 0.0286921 0.0448493 0.0531664 0.0379917 0.0145987 0.0066892 0.00421774 0.00803453 0.0217609 0.0170559 
5 3 0 0.872581 0.823009 0.846405 0.826782 0.803037 0.801261 0.846285 0.910649 0.939828 0.9478 0.938746 0.947583 0.93877 
5 4 0 0 0.000775006 0.0011508 0.00322443 0.00350542 0.00705216 0.00774915 0.0153595 0.0140001 0.013793 0.0130302 0.0170032 0.0278856 
5 1 1 0.117048 0.151465 0.106364 0.135286 0.141065 0.134821 0.0938607 0.0559533 0.0262789 0.030195 0.0372788 0.0221524 0.0171542 
5 2 1 3.33369e-09 0.0188724 0.0389984 0.0293728 0.0460891 0.054875 0.0385788 0.0145567 0.00723841 0.00158555 0.00712054 0.0233942 0.013701 
5 3 1 0.882952 0.828858 0.853812 0.832262 0.809254 0.802944 0.861108 0.913837 0.954942 0.954741 0.941851 0.938311 0.948747 
5 4 1 0 0.000805075 0.000825245 0.00307975 0.00359183 0.00735994 0.00645225 0.0156528 0.011541 0.0134783 0.0137492 0.0161427 0.0203976 
5 1 2 0.112649 0.141491 0.0967519 0.123725 0.127664 0.122694 0.0863177 0.0495605 0.0247142 0.0284509 0.0363333 0.0240521 0.0130523 
5 2 2 2.94126e-10 0.0211079 0.0448493 0.0302763 0.0477498 0.0535296 0.0380759 0.0144491 0.00745222 0.00134376 0.00604715 0.0238237 0.0139353 
5 3 2 0.887351 0.836529 0.857315 0.842693 0.821876 0.81787 0.869629 0.920186 0.956903 0.957072 0.943512 0.936331 0.952563 
5 4 2 0 0.000871593 0.00108347 0.00330559 0.00271031 0.00590638 0.0059779 0.0158046 0.0109303 0.013133 0.0141076 0.0157928 0.0204494 
5 1 3 2.07907e-06 0.00035885 0.0968995 
5 2 3 2.66625e-08 3.72337e-07 3.13917e-13 
5 3 3 0.999998 0.999641 0.9031 
5 4 3 0 0 0 
