
[1mRooFit v3.60 -- Developed by Wouter Verkerke and David Kirkby[0m 
                Copyright (C) 2000-2013 NIKHEF, University of California & Stanford University
                All rights reserved, please read http://roofit.sourceforge.net/license.txt

analysis: K0L
data_file: /sps/compass/02/yann/2016.fix/P10
data_template: hist
data_firstfile_nb: 275393
data_lastfile_nb: 276318
fit_type: all
merged_h: true
cols_theta_bin: true
hist_file_iphi: ./hist_iphi.P10.root
hist_file_ephi: ./hist_ephi.P10.root
hist_file_K0: ./hist_K0.P10.root
hist_file_Lam: ./hist_Lambda.P10.root
out_file: rich_p10.root
remove_richpipe: true
thr_diff: 5
LH_pi_K: 1.0
LH_pi_p: 1.0
LH_pi_bg: 2.0
LH_K_pi: 1.06
LH_K_p: 1.06
LH_K_bg: 2.0
LH_bthr_p_pi: 1.
LH_bthr_p_K: 1.
LH_athr_p_pi: 1.
LH_athr_p_K: 1.
LH_athr_p_bg: 1.
LH_bthr_p_pi_bg: 2.3
LH_bthr_p_K_bg: 3.0
LH_bthr_m_pi_bg: 2.2
LH_bthr_m_K_bg: 2.9
max_retry: 100
line_width: 2
sidebins: false
=====================
lh_cut[i][j]:
[0][0] -1.00 [0][1]  1.00 [0][2]  1.00 [0][3] -1.00 [0][4] -1.00 [0][5]  2.00 
[1][0]  1.06 [1][1] -1.00 [1][2]  1.06 [1][3] -1.00 [1][4] -1.00 [1][5]  2.00 
[2][0]  1.00 [2][1]  1.00 [2][2] -1.00 [2][3] -1.00 [2][4] -1.00 [2][5] -1.00 
[3][0]  1.00 [3][1]  1.00 [3][2] -1.00 [3][3] -1.00 [3][4] -1.00 [3][5]  1.00 
[4][0]  2.30 [4][1]  3.00 [4][2]  2.20 [4][3]  2.90 [4][4] -1.00 [4][5] -1.00 

Fits of K0 sample for pi- efficiency:
 theta:  0   mom:  0   Ent:176168
=>  2 iters (-4102009.12) -> 3
 theta:  0   mom:  1   Ent:157459
=>  1 iters (-3829181.55) -> 3
 theta:  0   mom:  2   Ent:178779
=>  1 iters (-4453190.60) -> 3
 theta:  0   mom:  3   Ent:86989
=>  2 iters (-2047065.63) -> 3
 theta:  0   mom:  4   Ent:37002
=>  1 iters (-809256.35) -> 3
 theta:  0   mom:  5   Ent:61810
=== Sucessful r9essai
=>  1 iters (-1408591.52) -> 3
 theta:  0   mom:  6   Ent:47652
=>  1 iters (-1057547.62) -> 3
 theta:  0   mom:  7   Ent:37474
=>  1 iters (-804770.59) -> 3
 theta:  0   mom:  8   Ent:41667
=>  1 iters (-883607.19) -> 3
 theta:  0   mom:  9   Ent:30488
=>  1 iters (-612568.52) -> 3
 theta:  0   mom: 10   Ent:16314
=>  1 iters (-305076.35) -> 3
 theta:  0   mom: 11   Ent:19108
=>  1 iters (-358991.47) -> 3
 theta:  0   mom: 12   Ent:21848
=== Sucessful r9essai
=>  1 iters (-410786.39) -> 3
 theta:  0   mom: 13   Ent:13291
=>  1 iters (-230610.61) -> 3
 theta:  0   mom: 14   Ent:12271
=>  1 iters (-207730.91) -> 3
 theta:  1   mom:  0   Ent:114194
=>  5 iters (-2548524.03) -> 3
 theta:  1   mom:  1   Ent:112841
=== Sucessful r9essai
=>  1 iters (-2670122.93) -> 3
 theta:  1   mom:  2   Ent:128017
=>  3 iters (-3105369.30) -> 3
 theta:  1   mom:  3   Ent:61110
=== Sucessful r9essai
=>  1 iters (-1395544.03) -> 3
 theta:  1   mom:  4   Ent:25677
=>  1 iters (-542908.80) -> 3
 theta:  1   mom:  5   Ent:42413
=>  1 iters (-934753.23) -> 3
 theta:  1   mom:  6   Ent:32210
=== Sucessful r9essai
=>  1 iters (-689585.87) -> 3
 theta:  1   mom:  7   Ent:25071
=>  1 iters (-518576.14) -> 3
 theta:  1   mom:  8   Ent:27454
=>  1 iters (-559752.65) -> 3
 theta:  1   mom:  9   Ent:19886
=>  1 iters (-382736.66) -> 3
 theta:  1   mom: 10   Ent:10522
=>  1 iters (-187603.37) -> 3
 theta:  1   mom: 11   Ent:12272
=>  1 iters (-219926.68) -> 3
 theta:  1   mom: 12   Ent:13817
=>  1 iters (-247800.81) -> 3
 theta:  1   mom: 13   Ent:8266
=>  1 iters (-136075.08) -> 3
 theta:  1   mom: 14   Ent:7485
=>  1 iters (-120002.84) -> 3
 theta:  2   mom:  0   Ent:188748
=== Sucessful r9essai
=>  1 iters (-4390419.76) -> 3
 theta:  2   mom:  1   Ent:185208
=>  1 iters (-4561400.15) -> 3
 theta:  2   mom:  2   Ent:207519
=>  1 iters (-5231822.71) -> 3
 theta:  2   mom:  3   Ent:97637
=== Sucessful r9essai
=>  1 iters (-2319996.08) -> 3
 theta:  2   mom:  4   Ent:40659
=>  2 iters (-896529.78) -> 3
 theta:  2   mom:  5   Ent:66639
=>  2 iters (-1527758.95) -> 3
 theta:  2   mom:  6   Ent:50137
=== Sucessful r9essai
=>  1 iters (-1116598.76) -> 3
 theta:  2   mom:  7   Ent:38774
=>  1 iters (-834582.00) -> 3
 theta:  2   mom:  8   Ent:42122
=>  1 iters (-893023.55) -> 3
 theta:  2   mom:  9   Ent:30350
=>  1 iters (-608076.75) -> 3
 theta:  2   mom: 10   Ent:15977
=>  1 iters (-297264.33) -> 3
 theta:  2   mom: 11   Ent:18603
=>  1 iters (-347808.86) -> 3
 theta:  2   mom: 12   Ent:20890
=>  1 iters (-390804.57) -> 3
 theta:  2   mom: 13   Ent:12452
=>  1 iters (-214467.96) -> 3
 theta:  2   mom: 14   Ent:11248
=>  1 iters (-188800.63) -> 3
 theta:  3   mom:  0   Ent:11002
=>  1 iters (-207493.48) -> 3
 theta:  3   mom:  1   Ent:1744
=>  1 iters (-27296.73) -> 3
 theta:  3   mom:  2   Ent:421
=>  2 iters (-5324.01) -> 3
 theta:  3   mom:  3   Ent:48
=>  1 iters (-395.20) -> 3
 theta:  3   mom:  4   Ent:6
 theta:  3   mom:  5   Ent:4
 theta:  3   mom:  6   Ent:5

Fits of K0 sample for pi+ efficiency:
 theta:  0   mom:  0   Ent:176168
=>  2 iters (-4102009.12) -> 3
 theta:  0   mom:  1   Ent:157459
=>  1 iters (-3829181.55) -> 3
 theta:  0   mom:  2   Ent:178779
=>  1 iters (-4453190.60) -> 3
 theta:  0   mom:  3   Ent:86989
=>  2 iters (-2047065.63) -> 3
 theta:  0   mom:  4   Ent:37002
=>  1 iters (-809256.35) -> 3
 theta:  0   mom:  5   Ent:61810
=== Sucessful r9essai
=>  1 iters (-1408591.52) -> 3
 theta:  0   mom:  6   Ent:47652
=>  1 iters (-1057547.62) -> 3
 theta:  0   mom:  7   Ent:37474
=>  1 iters (-804770.59) -> 3
 theta:  0   mom:  8   Ent:41667
=>  1 iters (-883607.19) -> 3
 theta:  0   mom:  9   Ent:30488
=>  1 iters (-612568.52) -> 3
 theta:  0   mom: 10   Ent:16314
=>  1 iters (-305076.35) -> 3
 theta:  0   mom: 11   Ent:19108
=>  1 iters (-358991.47) -> 3
 theta:  0   mom: 12   Ent:21848
=== Sucessful r9essai
=>  1 iters (-410786.39) -> 3
 theta:  0   mom: 13   Ent:13291
=>  1 iters (-230610.61) -> 3
 theta:  0   mom: 14   Ent:12271
=>  1 iters (-207730.91) -> 3
 theta:  1   mom:  0   Ent:114194
=>  5 iters (-2548524.03) -> 3
 theta:  1   mom:  1   Ent:112841
=== Sucessful r9essai
=>  1 iters (-2670122.93) -> 3
 theta:  1   mom:  2   Ent:128017
=>  3 iters (-3105369.30) -> 3
 theta:  1   mom:  3   Ent:61110
=== Sucessful r9essai
=>  1 iters (-1395544.03) -> 3
 theta:  1   mom:  4   Ent:25677
=>  1 iters (-542908.80) -> 3
 theta:  1   mom:  5   Ent:42413
=>  1 iters (-934753.23) -> 3
 theta:  1   mom:  6   Ent:32210
=== Sucessful r9essai
=>  1 iters (-689585.87) -> 3
 theta:  1   mom:  7   Ent:25071
=>  1 iters (-518576.14) -> 3
 theta:  1   mom:  8   Ent:27454
=>  1 iters (-559752.65) -> 3
 theta:  1   mom:  9   Ent:19886
=>  1 iters (-382736.66) -> 3
 theta:  1   mom: 10   Ent:10522
=>  1 iters (-187603.37) -> 3
 theta:  1   mom: 11   Ent:12272
=>  1 iters (-219926.68) -> 3
 theta:  1   mom: 12   Ent:13817
=>  1 iters (-247800.81) -> 3
 theta:  1   mom: 13   Ent:8266
=>  1 iters (-136075.08) -> 3
 theta:  1   mom: 14   Ent:7485
=>  1 iters (-120002.84) -> 3
 theta:  2   mom:  0   Ent:188748
=== Sucessful r9essai
=>  1 iters (-4390419.76) -> 3
 theta:  2   mom:  1   Ent:185208
=>  1 iters (-4561400.15) -> 3
 theta:  2   mom:  2   Ent:207519
=>  1 iters (-5231822.71) -> 3
 theta:  2   mom:  3   Ent:97637
=== Sucessful r9essai
=>  1 iters (-2319996.08) -> 3
 theta:  2   mom:  4   Ent:40659
=>  2 iters (-896529.78) -> 3
 theta:  2   mom:  5   Ent:66639
=>  2 iters (-1527758.95) -> 3
 theta:  2   mom:  6   Ent:50137
=== Sucessful r9essai
=>  1 iters (-1116598.76) -> 3
 theta:  2   mom:  7   Ent:38774
=>  1 iters (-834582.00) -> 3
 theta:  2   mom:  8   Ent:42122
=>  1 iters (-893023.55) -> 3
 theta:  2   mom:  9   Ent:30350
=>  1 iters (-608076.75) -> 3
 theta:  2   mom: 10   Ent:15977
=>  1 iters (-297264.33) -> 3
 theta:  2   mom: 11   Ent:18603
=>  1 iters (-347808.86) -> 3
 theta:  2   mom: 12   Ent:20890
=>  1 iters (-390804.57) -> 3
 theta:  2   mom: 13   Ent:12452
=>  1 iters (-214467.96) -> 3
 theta:  2   mom: 14   Ent:11248
=>  1 iters (-188800.63) -> 3
 theta:  3   mom:  0   Ent:11002
=>  1 iters (-207493.48) -> 3
 theta:  3   mom:  1   Ent:1744
=>  1 iters (-27296.73) -> 3
 theta:  3   mom:  2   Ent:421
=>  2 iters (-5324.01) -> 3
 theta:  3   mom:  3   Ent:48
=>  1 iters (-395.20) -> 3
 theta:  3   mom:  4   Ent:6
 theta:  3   mom:  5   Ent:4
 theta:  3   mom:  6   Ent:5

Fits of PHI sample for K- efficiency:
 theta:  0   mom:  2   Ent:794257
=== Sucessful r9essai
=> 29 iters (-5787067.11) -> 3
 theta:  0   mom:  3   Ent:293869
=== Sucessful r9essai
=== Sucessful r9essai
=> 23 iters (-2149087.35) -> 3
 theta:  0   mom:  4   Ent:109462
=== Sucessful r9essai
=> 68 iters (-765635.22) -> 3
 theta:  0   mom:  5   Ent:167882
=> 33 iters (-1235245.28) -> 3
 theta:  0   mom:  6   Ent:120043
=== Sucessful r9essai
=== Sucessful r9essai
=== Sucessful r9essai
=== Sucessful r9essai
=== Sucessful r9essai
=> 49 iters (-882490.71) -> 3
 theta:  0   mom:  7   Ent:88275
=== Sucessful r9essai
=>  2 iters (-615985.88) -> 3
 theta:  0   mom:  8   Ent:90309
=>  1 iters (-636740.59) -> 3
 theta:  0   mom:  9   Ent:58451
=== Sucessful r9essai
=>  1 iters (-396759.32) -> 3
 theta:  0   mom: 10   Ent:27006
=>  2 iters (-163463.45) -> 3
 theta:  0   mom: 11   Ent:28425
=>  1 iters (-177560.16) -> 3
 theta:  0   mom: 12   Ent:28706
=>  1 iters (-183436.63) -> 3
 theta:  0   mom: 13   Ent:14424
=>  1 iters (-82470.17) -> 3
 theta:  0   mom: 14   Ent:10666
=== Sucessful r9essai
=>  1 iters (-64656.48) -> 3
 theta:  1   mom:  2   Ent:566801
=== Sucessful r9essai
=>  2 iters (-4018381.73) -> 3
 theta:  1   mom:  3   Ent:206653
=> 101 iters (-1459643.19) -> 2
 theta:  1   mom:  4   Ent:75943
=== Sucessful r9essai
=>  5 iters (-510246.07) -> 3
 theta:  1   mom:  5   Ent:115024
=== Sucessful r9essai
=> 101 iters (-814101.25) -> 2
 theta:  1   mom:  6   Ent:80952
=== Sucessful r9essai
=> 101 iters (-570665.82) -> 2
 theta:  1   mom:  7   Ent:58726
=== Sucessful r9essai
=>  4 iters (-391645.01) -> 3
 theta:  1   mom:  8   Ent:59178
=>  1 iters (-398015.67) -> 3
 theta:  1   mom:  9   Ent:37700
=>  2 iters (-242928.24) -> 3
 theta:  1   mom: 10   Ent:17165
=>  1 iters (-98072.67) -> 3
 theta:  1   mom: 11   Ent:17972
=>  5 iters (-105152.21) -> 3
 theta:  1   mom: 12   Ent:17852
=>  9 iters (-106982.24) -> 3
 theta:  1   mom: 13   Ent:8754
=>  3 iters (-46488.86) -> 3
 theta:  1   mom: 14   Ent:6233
=== Sucessful r9essai
=>  1 iters (-34572.13) -> 3
 theta:  2   mom:  2   Ent:919963
=> 101 iters (-6772067.07) -> 2
 theta:  2   mom:  3   Ent:330599
=== Sucessful r9essai
=== Sucessful r9essai
=> 101 iters (-2427383.04) -> 2
 theta:  2   mom:  4   Ent:120310
=== Sucessful r9essai
=> 24 iters (-841876.07) -> 3
 theta:  2   mom:  5   Ent:180779
=== Sucessful r9essai
=> 101 iters (-1329178.67) -> 2
 theta:  2   mom:  6   Ent:125949
=== Sucessful r9essai
=> 25 iters (-923365.08) -> 3
 theta:  2   mom:  7   Ent:90588
=== Sucessful r9essai
=>  4 iters (-629070.94) -> 3
 theta:  2   mom:  8   Ent:90568
=== Sucessful r9essai
=> 29 iters (-634077.01) -> 3
 theta:  2   mom:  9   Ent:57298
=>  1 iters (-384390.02) -> 3
 theta:  2   mom: 10   Ent:25991
=>  1 iters (-155196.87) -> 3
 theta:  2   mom: 11   Ent:27125
=>  1 iters (-165609.17) -> 3
 theta:  2   mom: 12   Ent:26896
=>  5 iters (-168401.49) -> 3
 theta:  2   mom: 13   Ent:13161
=== Sucessful r9essai
=>  6 iters (-73374.42) -> 3
 theta:  2   mom: 14   Ent:9362
=>  1 iters (-54581.56) -> 3
 theta:  3   mom:  2   Ent:3937
=== Sucessful r9essai
=>  3 iters (-13524.30) -> 3
 theta:  3   mom:  3   Ent:306
=>  1 iters (-645.15) -> 3
 theta:  3   mom:  4   Ent:58
=>  1 iters (-92.13) -> 3
 theta:  3   mom:  5   Ent:38
Eff+/-dEff = 0.30+/-0.90 >> 0.25
Eff+/-dEff = 0.30+/-0.91 >> 0.25
Eff+/-dEff = 0.30+/-0.91 >> 0.25
Eff+/-dEff = 0.30+/-0.91 >> 0.25
Eff+/-dEff = 0.30+/-0.91 >> 0.25
Eff+/-dEff = 0.30+/-0.91 >> 0.25
Eff+/-dEff = 0.30+/-0.91 >> 0.25
Eff+/-dEff = 0.30+/-0.91 >> 0.25
Eff+/-dEff = 0.30+/-0.91 >> 0.25
Eff+/-dEff = 0.30+/-0.91 >> 0.25
=> 12 iters (-26.32) -> 3
 theta:  3   mom:  6   Ent:13
 theta:  3   mom:  7   Ent:3
 theta:  3   mom:  8   Ent:0
 theta:  3   mom:  9   Ent:1
 theta:  3   mom: 10   Ent:0
 theta:  3   mom: 11   Ent:0
 theta:  3   mom: 12   Ent:0
 theta:  3   mom: 13   Ent:0
 theta:  3   mom: 14   Ent:0

Fits of PHI sample for K+ efficiency:
 theta:  0   mom:  2   Ent:794257
=== Sucessful r9essai
=>  2 iters (-5787067.12) -> 3
 theta:  0   mom:  3   Ent:293869
=== Sucessful r9essai
=== Sucessful r9essai
=== Sucessful r9essai
=== Sucessful r9essai
=== Sucessful r9essai
=> 101 iters (-2149087.35) -> 2
 theta:  0   mom:  4   Ent:109462
=== Sucessful r9essai
=> 48 iters (-765635.22) -> 3
 theta:  0   mom:  5   Ent:167882
=== Sucessful r9essai
=> 15 iters (-1235245.27) -> 3
 theta:  0   mom:  6   Ent:120043
=== Sucessful r9essai
=>  5 iters (-882490.71) -> 3
 theta:  0   mom:  7   Ent:88275
=== Sucessful r9essai
=>  3 iters (-615985.88) -> 3
 theta:  0   mom:  8   Ent:90309
=== Sucessful r9essai
=== Sucessful r9essai
=== Sucessful r9essai
=== Sucessful r9essai
=== Sucessful r9essai
=> 28 iters (-636740.91) -> 3
 theta:  0   mom:  9   Ent:58451
=== Sucessful r9essai
=>  1 iters (-396759.32) -> 3
 theta:  0   mom: 10   Ent:27006
=>  1 iters (-163463.45) -> 3
 theta:  0   mom: 11   Ent:28425
=>  1 iters (-177560.14) -> 3
 theta:  0   mom: 12   Ent:28706
=>  6 iters (-183436.63) -> 3
 theta:  0   mom: 13   Ent:14424
=>  5 iters (-82470.68) -> 3
 theta:  0   mom: 14   Ent:10666
=>  1 iters (-64656.48) -> 3
 theta:  1   mom:  2   Ent:566801
=== Sucessful r9essai
=>  5 iters (-4018381.77) -> 3
 theta:  1   mom:  3   Ent:206653
=== Sucessful r9essai
=== Sucessful r9essai
=== Sucessful r9essai
=== Sucessful r9essai
=== Sucessful r9essai
=== Sucessful r9essai
=== Sucessful r9essai
=== Sucessful r9essai
=> 101 iters (-1459643.30) -> 2
 theta:  1   mom:  4   Ent:75943
=== Sucessful r9essai
=== Sucessful r9essai
=== Sucessful r9essai
=> 101 iters (-510245.56) -> 2
 theta:  1   mom:  5   Ent:115024
=== Sucessful r9essai
=== Sucessful r9essai
=== Sucessful r9essai
=> 101 iters (-814101.25) -> 2
 theta:  1   mom:  6   Ent:80952
=== Sucessful r9essai
=== Sucessful r9essai
=== Sucessful r9essai
=== Sucessful r9essai
=== Sucessful r9essai
=== Sucessful r9essai
=== Sucessful r9essai
=== Sucessful r9essai
=== Sucessful r9essai
=== Sucessful r9essai
=== Sucessful r9essai
=== Sucessful r9essai
=== Sucessful r9essai
=== Sucessful r9essai
=== Sucessful r9essai
=> 101 iters (-570665.82) -> 2
 theta:  1   mom:  7   Ent:58726
=== Sucessful r9essai
=> 20 iters (-391645.01) -> 3
 theta:  1   mom:  8   Ent:59178
=== Sucessful r9essai
=== Sucessful r9essai
=>  7 iters (-398017.02) -> 3
 theta:  1   mom:  9   Ent:37700
=>  1 iters (-242928.24) -> 3
 theta:  1   mom: 10   Ent:17165
=>  1 iters (-98072.67) -> 3
 theta:  1   mom: 11   Ent:17972
=>  1 iters (-105152.21) -> 3
 theta:  1   mom: 12   Ent:17852
=== Sucessful r9essai
=== Sucessful r9essai
=>  8 iters (-106982.10) -> 3
 theta:  1   mom: 13   Ent:8754
=== Sucessful r9essai
=== Sucessful r9essai
=== Sucessful r9essai
=== Sucessful r9essai
=> 19 iters (-46488.85) -> 3
 theta:  1   mom: 14   Ent:6233
=>  1 iters (-34572.13) -> 3
 theta:  2   mom:  2   Ent:919963
=== Sucessful r9essai
=>  3 iters (-6772067.07) -> 3
 theta:  2   mom:  3   Ent:330599
=== Sucessful r9essai
=== Sucessful r9essai
=== Sucessful r9essai
=== Sucessful r9essai
=> 101 iters (-2427383.04) -> 2
 theta:  2   mom:  4   Ent:120310
=== Sucessful r9essai
=>  8 iters (-841876.07) -> 3
 theta:  2   mom:  5   Ent:180779
=== Sucessful r9essai
=> 101 iters (-1329178.67) -> 2
 theta:  2   mom:  6   Ent:125949
=== Sucessful r9essai
=== Sucessful r9essai
=== Sucessful r9essai
=== Sucessful r9essai
=> 101 iters (-923365.08) -> 2
 theta:  2   mom:  7   Ent:90588
=== Sucessful r9essai
=>  2 iters (-629070.94) -> 3
 theta:  2   mom:  8   Ent:90568
=== Sucessful r9essai
=== Sucessful r9essai
=> 99 iters (-634077.01) -> 3
 theta:  2   mom:  9   Ent:57298
=== Sucessful r9essai
=>  1 iters (-384390.02) -> 3
 theta:  2   mom: 10   Ent:25991
=== Sucessful r9essai
=>  1 iters (-155196.87) -> 3
 theta:  2   mom: 11   Ent:27125
=== Sucessful r9essai
=>  2 iters (-165609.70) -> 3
 theta:  2   mom: 12   Ent:26896
=>  4 iters (-168401.49) -> 3
 theta:  2   mom: 13   Ent:13161
=== Sucessful r9essai
=>  9 iters (-73374.42) -> 3
 theta:  2   mom: 14   Ent:9362
=>  6 iters (-54581.56) -> 3
 theta:  3   mom:  2   Ent:3937
=== Sucessful r9essai
=>  1 iters (-13524.31) -> 3
 theta:  3   mom:  3   Ent:306
=>  1 iters (-644.75) -> 3
 theta:  3   mom:  4   Ent:58
=>  1 iters (-92.13) -> 3
 theta:  3   mom:  5   Ent:38
=>  1 iters (-26.32) -> 3
 theta:  3   mom:  6   Ent:13
 theta:  3   mom:  7   Ent:3
 theta:  3   mom:  8   Ent:0
 theta:  3   mom:  9   Ent:1
 theta:  3   mom: 10   Ent:0
 theta:  3   mom: 11   Ent:0
 theta:  3   mom: 12   Ent:0
 theta:  3   mom: 13   Ent:0
 theta:  3   mom: 14   Ent:0

Fits of LAMBDA sample for pbar efficiency:
 theta:  0   mom:  0   Ent:0
 theta:  0   mom:  1   Ent:329
=>  2 iters (0.00) -> 1
 theta:  0   mom:  2   Ent:8234
=>  1 iters (-41729.14) -> 3
 theta:  0   mom:  3   Ent:13338
=>  2 iters (-164917.40) -> 3
 theta:  0   mom:  4   Ent:8037
=>  1 iters (-96976.88) -> 3
 theta:  0   mom:  5   Ent:18221
=>  2 iters (-243089.29) -> 2
 theta:  0   mom:  6   Ent:18988
=>  2 iters (-239109.04) -> 2
 theta:  0   mom:  7   Ent:17458
=>  2 iters (-218438.52) -> 3
 theta:  0   mom:  8   Ent:22468
=>  1 iters (-268522.12) -> 3
 theta:  0   mom:  9   Ent:18984
=>  1 iters (-217575.67) -> 3
 theta:  0   mom: 10   Ent:10810
=>  1 iters (-116771.05) -> 3
 theta:  0   mom: 11   Ent:13647
=== Sucessful r9essai
=>  2 iters (-149998.35) -> 3
 theta:  0   mom: 12   Ent:16738
=== Sucessful r9essai
=>  2 iters (-182583.27) -> 2
 theta:  0   mom: 13   Ent:11833
=== Sucessful r9essai
=>  2 iters (-124779.99) -> 3
 theta:  0   mom: 14   Ent:12198
=>  2 iters (-120482.19) -> 3
 theta:  1   mom:  0   Ent:0
 theta:  1   mom:  1   Ent:234
=>  2 iters (0.00) -> 1
 theta:  1   mom:  2   Ent:5854
=>  1 iters (-28345.37) -> 3
 theta:  1   mom:  3   Ent:9419
=== Sucessful r9essai
=>  1 iters (-112554.76) -> 3
 theta:  1   mom:  4   Ent:5597
=== Sucessful r9essai
=>  1 iters (-65248.81) -> 3
 theta:  1   mom:  5   Ent:12579
=>  2 iters (-162399.67) -> 3
 theta:  1   mom:  6   Ent:12964
=>  2 iters (-157895.65) -> 2
 theta:  1   mom:  7   Ent:11796
=>  1 iters (-142879.09) -> 3
 theta:  1   mom:  8   Ent:14927
=>  2 iters (-171990.46) -> 3
 theta:  1   mom:  9   Ent:12440
=== Sucessful r9essai
=>  2 iters (-136474.30) -> 3
 theta:  1   mom: 10   Ent:7009
=>  2 iters (-72235.03) -> 2
 theta:  1   mom: 11   Ent:8775
=>  2 iters (-91873.06) -> 2
 theta:  1   mom: 12   Ent:10586
=== Sucessful r9essai
=>  2 iters (-110314.69) -> 2
 theta:  1   mom: 13   Ent:7388
=>  2 iters (-74517.94) -> 3
 theta:  1   mom: 14   Ent:7420
=>  2 iters (-69627.37) -> 3
 theta:  2   mom:  0   Ent:0
 theta:  2   mom:  1   Ent:381
=>  2 iters (0.00) -> 1
 theta:  2   mom:  2   Ent:9467
=>  1 iters (-48433.72) -> 3
 theta:  2   mom:  3   Ent:15079
=>  1 iters (-189212.46) -> 3
 theta:  2   mom:  4   Ent:8899
=== Sucessful r9essai
=>  1 iters (-109404.51) -> 3
 theta:  2   mom:  5   Ent:19871
=== Sucessful r9essai
=>  1 iters (-269337.06) -> 3
 theta:  2   mom:  6   Ent:20330
=== Sucessful r9essai
=>  2 iters (-259748.69) -> 2
 theta:  2   mom:  7   Ent:18351
=>  2 iters (-233091.96) -> 3
 theta:  2   mom:  8   Ent:23040
=>  1 iters (-277688.18) -> 3
 theta:  2   mom:  9   Ent:19059
=== Sucessful r9essai
=>  2 iters (-218369.95) -> 3
 theta:  2   mom: 10   Ent:10675
=>  2 iters (-115076.59) -> 2
 theta:  2   mom: 11   Ent:13323
=>  2 iters (-145885.86) -> 2
 theta:  2   mom: 12   Ent:16008
=>  2 iters (-174229.72) -> 3
 theta:  2   mom: 13   Ent:11137
=== Sucessful r9essai
=== Sucessful r9essai
=>  2 iters (-117462.60) -> 3
 theta:  2   mom: 14   Ent:11172
=== Sucessful r9essai
=== Sucessful r9essai
=>  2 iters (-109720.01) -> 3
 theta:  3   mom:  0   Ent:0
 theta:  3   mom:  1   Ent:1
 theta:  3   mom:  2   Ent:28
 FUNCTION MUST BE MINIMIZED BEFORE CALLING IMProve   
=>  1 iters (-36.65) -> 3
 theta:  3   mom:  3   Ent:9
 theta:  3   mom:  4   Ent:8
 theta:  3   mom:  5   Ent:4
 theta:  3   mom:  6   Ent:2

Fits of LAMBDA sample for p efficiency:
 theta:  0   mom:  0   Ent:0
 theta:  0   mom:  1   Ent:329
=>  2 iters (0.00) -> 1
 theta:  0   mom:  2   Ent:8234
=>  1 iters (-41729.14) -> 3
 theta:  0   mom:  3   Ent:13338
=>  2 iters (-164917.40) -> 3
 theta:  0   mom:  4   Ent:8037
=>  1 iters (-96976.88) -> 3
 theta:  0   mom:  5   Ent:18221
=== Sucessful r9essai
=>  2 iters (-243089.29) -> 3
 theta:  0   mom:  6   Ent:18988
=>  2 iters (-239109.04) -> 3
 theta:  0   mom:  7   Ent:17458
=== Sucessful r9essai
=>  2 iters (-218438.51) -> 3
 theta:  0   mom:  8   Ent:22468
=>  1 iters (-268522.12) -> 3
 theta:  0   mom:  9   Ent:18984
=>  1 iters (-217575.67) -> 3
 theta:  0   mom: 10   Ent:10810
=>  1 iters (-116771.05) -> 3
 theta:  0   mom: 11   Ent:13647
=== Sucessful r9essai
=>  2 iters (-149998.34) -> 2
 theta:  0   mom: 12   Ent:16738
=== Sucessful r9essai
=>  2 iters (-182583.27) -> 3
 theta:  0   mom: 13   Ent:11833
=== Sucessful r9essai
=>  2 iters (-124779.99) -> 3
 theta:  0   mom: 14   Ent:12198
=>  2 iters (-120482.19) -> 3
 theta:  1   mom:  0   Ent:0
 theta:  1   mom:  1   Ent:234
=>  2 iters (0.00) -> 1
 theta:  1   mom:  2   Ent:5854
=>  1 iters (-28345.37) -> 3
 theta:  1   mom:  3   Ent:9419
=== Sucessful r9essai
=>  1 iters (-112554.76) -> 3
 theta:  1   mom:  4   Ent:5597
=== Sucessful r9essai
=>  1 iters (-65248.81) -> 3
 theta:  1   mom:  5   Ent:12579
=>  2 iters (-162399.67) -> 3
 theta:  1   mom:  6   Ent:12964
=>  2 iters (-157895.65) -> 2
 theta:  1   mom:  7   Ent:11796
=>  1 iters (-142879.09) -> 3
 theta:  1   mom:  8   Ent:14927
=>  2 iters (-171990.46) -> 2
 theta:  1   mom:  9   Ent:12440
=>  2 iters (-136474.30) -> 2
 theta:  1   mom: 10   Ent:7009
=== Sucessful r9essai
=>  2 iters (-72235.03) -> 2
 theta:  1   mom: 11   Ent:8775
=== Sucessful r9essai
=>  2 iters (-91873.06) -> 3
 theta:  1   mom: 12   Ent:10586
=== Sucessful r9essai
=>  1 iters (-110314.69) -> 3
 theta:  1   mom: 13   Ent:7388
=== Sucessful r9essai
=>  2 iters (-74517.94) -> 3
 theta:  1   mom: 14   Ent:7420
=== Sucessful r9essai
=>  2 iters (-69627.37) -> 3
 theta:  2   mom:  0   Ent:0
 theta:  2   mom:  1   Ent:381
=>  2 iters (0.00) -> 1
 theta:  2   mom:  2   Ent:9467
=>  1 iters (-48433.72) -> 3
 theta:  2   mom:  3   Ent:15079
=>  1 iters (-189212.46) -> 3
 theta:  2   mom:  4   Ent:8899
=== Sucessful r9essai
=>  1 iters (-109404.51) -> 3
 theta:  2   mom:  5   Ent:19871
=== Sucessful r9essai
=>  1 iters (-269337.06) -> 3
 theta:  2   mom:  6   Ent:20330
=== Sucessful r9essai
=== Sucessful r9essai
=>  2 iters (-259748.69) -> 2
 theta:  2   mom:  7   Ent:18351
=>  2 iters (-233091.96) -> 3
 theta:  2   mom:  8   Ent:23040
=>  2 iters (-277688.18) -> 3
 theta:  2   mom:  9   Ent:19059
=>  2 iters (-218369.95) -> 3
 theta:  2   mom: 10   Ent:10675
=>  2 iters (-115076.59) -> 2
 theta:  2   mom: 11   Ent:13323
=>  2 iters (-145885.86) -> 3
 theta:  2   mom: 12   Ent:16008
=>  2 iters (-174229.71) -> 2
 theta:  2   mom: 13   Ent:11137
=== Sucessful r9essai
=>  2 iters (-117462.60) -> 2
 theta:  2   mom: 14   Ent:11172
=== Sucessful r9essai
=>  2 iters (-109720.01) -> 3
 theta:  3   mom:  0   Ent:0
 theta:  3   mom:  1   Ent:1
 theta:  3   mom:  2   Ent:28
 FUNCTION MUST BE MINIMIZED BEFORE CALLING IMProve   
=>  1 iters (-36.65) -> 3
 theta:  3   mom:  3   Ent:9
 theta:  3   mom:  4   Ent:8
 theta:  3   mom:  5   Ent:4
 theta:  3   mom:  6   Ent:2
p,t,i: 0,1,2 Empty
p,t,i: 0,1,3 Empty
p,t,i: 0,1,4 Empty
p,t,i: 0,1,5 Empty
p,t,i: 0,2,2 Empty
p,t,i: 0,2,3 Empty
p,t,i: 0,2,4 Empty
p,t,i: 0,2,5 Empty
p,t,i: 1,1,2 Empty
p,t,i: 1,1,3 Empty
p,t,i: 1,2,2 Empty
p,t,i: 1,2,3 Empty
0 1 0 0.925686 0.965013 0.973119 0.975951 0.974035 0.977096 0.982043 0.983552 0.985541 0.987073 0.983622 0.980485 0.97191 0.955925 0.915769 
0 2 0 0 0 0 0.000263651 0.000630692 0.00216106 0.00290302 0.0012787 0.00166026 0.00231101 0.00435477 0.00345492 0.008028 0.00977823 0.0151096 
0 3 0 0.0743144 0.0349875 0.026881 0.0236857 0.0252429 0.0203367 0.0149585 0.0148782 0.0114107 0.00720108 0.00408502 0.00877127 0.00679617 0.00176796 0.00247679 
0 4 0 0 0 0 9.95015e-05 9.17686e-05 0.000406566 9.52351e-05 0.000290702 0.0013879 0.00341506 0.00793854 0.00728881 0.0132657 0.0325288 0.0666448 
0 1 1 0.934882 0.967 0.97343 0.975833 0.9739 0.977119 0.981634 0.983621 0.985639 0.987702 0.9834 0.980126 0.973972 0.956211 0.917685 
0 2 1 0 0 0 0.000249102 0.000665216 0.00223582 0.00303411 0.00123562 0.00165138 0.00209986 0.00418197 0.00352217 0.00753601 0.0104931 0.0147174 
0 3 1 0.0651177 0.033 0.0265699 0.0238113 0.0253467 0.0202143 0.0152384 0.0148144 0.0112547 0.00686828 0.00422452 0.00903932 0.006499 0.00136727 0.00266744 
0 4 1 0 0 0 0.000106347 8.81333e-05 0.000430662 9.31995e-05 0.000329186 0.00145498 0.00332937 0.0081932 0.00731274 0.0119928 0.0319283 0.0649302 
0 1 2 0.9356 0.967023 0.973421 0.975689 0.973621 0.977 0.981401 0.983394 0.98553 0.987654 0.983121 0.979932 0.974198 0.956379 0.917665 
0 2 2 0 0 0 0.000236582 0.000682346 0.00230521 0.00315983 0.00119875 0.00168467 0.00205533 0.00411411 0.00348572 0.0074456 0.0104255 0.014754 
0 3 2 0.0644002 0.0329771 0.0265786 0.0239633 0.0256132 0.0202857 0.0153489 0.0150547 0.0112858 0.00694602 0.00439559 0.00913778 0.00645804 0.00137679 0.0027281 
0 4 2 0 0 0 0.000111004 8.3439e-05 0.000408627 9.02113e-05 0.000353064 0.00149911 0.00334454 0.00836925 0.00744454 0.0118987 0.0318188 0.0648534 
0 1 3 0.872107 0.879965 0.870936 0.907982 
0 2 3 0 0 0 0 
0 3 3 0.127893 0.120035 0.129064 0.092018 
0 4 3 0 0 0 0 
1 1 0 0.925686 0.965013 0.973119 0.975951 0.974035 0.977096 0.982043 0.983552 0.985541 0.987073 0.983622 0.980485 0.97191 0.955925 0.915769 
1 2 0 0 0 0 0.000263651 0.000630692 0.00216106 0.00290302 0.0012787 0.00166026 0.00231101 0.00435477 0.00345492 0.008028 0.00977823 0.0151096 
1 3 0 0.0743144 0.0349875 0.026881 0.0236857 0.0252429 0.0203367 0.0149585 0.0148782 0.0114107 0.00720108 0.00408502 0.00877127 0.00679617 0.00176796 0.00247679 
1 4 0 0 0 0 9.95015e-05 9.17686e-05 0.000406566 9.52351e-05 0.000290702 0.0013879 0.00341506 0.00793854 0.00728881 0.0132657 0.0325288 0.0666448 
1 1 1 0.934882 0.967 0.97343 0.975833 0.9739 0.977119 0.981634 0.983621 0.985639 0.987702 0.9834 0.980126 0.973972 0.956211 0.917685 
1 2 1 0 0 0 0.000249102 0.000665216 0.00223582 0.00303411 0.00123562 0.00165138 0.00209986 0.00418197 0.00352217 0.00753601 0.0104931 0.0147174 
1 3 1 0.0651177 0.033 0.0265699 0.0238113 0.0253467 0.0202143 0.0152384 0.0148144 0.0112547 0.00686828 0.00422452 0.00903932 0.006499 0.00136727 0.00266744 
1 4 1 0 0 0 0.000106347 8.81333e-05 0.000430662 9.31995e-05 0.000329186 0.00145498 0.00332937 0.0081932 0.00731274 0.0119928 0.0319283 0.0649302 
1 1 2 0.9356 0.967023 0.973421 0.975689 0.973621 0.977 0.981401 0.983394 0.98553 0.987654 0.983121 0.979932 0.974198 0.956379 0.917665 
1 2 2 0 0 0 0.000236582 0.000682346 0.00230521 0.00315983 0.00119875 0.00168467 0.00205533 0.00411411 0.00348572 0.0074456 0.0104255 0.014754 
1 3 2 0.0644002 0.0329771 0.0265786 0.0239633 0.0256132 0.0202857 0.0153489 0.0150547 0.0112858 0.00694602 0.00439559 0.00913778 0.00645804 0.00137679 0.0027281 
1 4 2 0 0 0 0.000111004 8.3439e-05 0.000408627 9.02113e-05 0.000353064 0.00149911 0.00334454 0.00836925 0.00744454 0.0118987 0.0318188 0.0648534 
1 1 3 0.872107 0.879965 0.870936 0.907982 
1 2 3 0 0 0 0 
1 3 3 0.127893 0.120035 0.129064 0.092018 
1 4 3 0 0 0 0 
2 1 0 0.122261 0.0804374 0.0121388 0.013079 0.0474945 2.2552e-07 0.0418431 0.041477 0.0249426 0.0337047 0.0512989 0.0769178 0.20459 
2 2 0 0.00696103 0.627787 0.898404 0.926509 0.926743 0.984494 0.931246 0.924512 0.936387 0.903254 0.878342 0.771143 0.50894 
2 3 0 0.870778 0.288286 0.0882057 0.0562174 0.0248098 0.0140005 0.0229398 0.0292612 0.0268473 0.0294305 0.00931352 0.00334019 0.011428 
2 4 0 2.43718e-12 0.00348941 0.00125171 0.00419406 0.000952874 0.00150544 0.00397138 0.00474937 0.0118233 0.0336104 0.0610458 0.148599 0.275042 
2 1 1 0.120276 0.0769657 0.0127469 0.010094 0.0429136 4.39493e-08 0.0396786 0.0346165 0.0211129 0.0263616 0.0454343 0.0654328 0.154805 
2 2 1 0.00716372 0.638542 0.898058 0.930335 0.934269 0.986325 0.934293 0.930926 0.944922 0.915331 0.891691 0.795644 0.565658 
2 3 1 0.872561 0.281055 0.0878694 0.0554388 0.0221573 0.012369 0.0223145 0.0311021 0.0277108 0.0309119 0.00780446 0.00532092 0.0141075 
2 4 1 1.68191e-09 0.0034373 0.0013254 0.00413234 0.000660593 0.00130615 0.00371378 0.00335498 0.0062542 0.0273956 0.0550699 0.133602 0.26543 
2 1 2 0.118548 0.0775086 0.012037 0.00948485 0.0424825 4.34499e-10 0.0432778 0.0345108 0.021326 0.0261365 0.0460962 0.0648715 0.154999 
2 2 2 0.00733708 0.641178 0.899232 0.931204 0.934857 0.984815 0.929582 0.931219 0.944708 0.915137 0.890164 0.795834 0.565352 
2 3 2 0.874115 0.277929 0.0874325 0.0552978 0.0220441 0.0139128 0.023541 0.03093 0.0277781 0.0313953 0.00773179 0.00568629 0.0141299 
2 4 2 6.16241e-13 0.0033842 0.00129861 0.00401298 0.000616281 0.00127197 0.00359871 0.00334021 0.00618833 0.0273308 0.0560078 0.133608 0.265519 
2 1 3 0.0693146 0.391085 0.0596466 0.0505767 
2 2 3 0.00448738 0.0786624 0.406981 0.288459 
2 3 3 0.926198 0.530252 0.533373 0.660965 
2 4 3 0 0 0 0 
3 1 0 0.122159 0.0804738 0.0122728 0.0145913 0.0474654 1.3007e-08 0.0442598 0.0414644 0.0247795 0.0339021 0.0513181 0.0790854 0.204589 
3 2 0 0.00723441 0.627794 0.898323 0.925149 0.926777 0.984475 0.928946 0.924523 0.936534 0.902915 0.878339 0.768819 0.508942 
3 3 0 0.870606 0.288243 0.0881454 0.0560704 0.0247981 0.0140185 0.0228327 0.0292627 0.0268478 0.0295516 0.00930174 0.00349518 0.011426 
3 4 0 2.35964e-13 0.00348882 0.00125874 0.00418967 0.000959097 0.001506 0.00396166 0.00474951 0.0118388 0.0336311 0.0610407 0.1486 0.275043 
3 1 1 0.120205 0.0784281 0.00388206 0.0101068 0.042843 2.9243e-10 0.0443032 0.03461 0.020953 0.0263895 0.0455249 0.0663693 0.154954 
3 2 1 0.00728035 0.63643 0.905989 0.930308 0.934423 0.986343 0.929003 0.93093 0.945063 0.91528 0.891934 0.79485 0.565301 
3 3 1 0.872514 0.2817 0.08879 0.0554528 0.0221005 0.0123508 0.0230053 0.0311041 0.0277149 0.0309218 0.00773978 0.00531689 0.0141285 
3 4 1 1.01194e-12 0.00344184 0.00133862 0.00413269 0.000633381 0.00130636 0.00368886 0.00335563 0.00626879 0.0274091 0.0548013 0.133464 0.265617 
3 1 2 0.118348 0.0774206 0.011993 0.00924607 0.0422339 6.15807e-11 0.0433518 0.0344802 0.0214123 0.0260854 0.0460742 0.0655465 0.155006 
3 2 2 0.00738246 0.641212 0.899242 0.931446 0.935173 0.984818 0.929517 0.931266 0.944598 0.915194 0.890188 0.795228 0.565263 
3 3 2 0.874269 0.277982 0.0874662 0.055295 0.0219934 0.0139103 0.0235328 0.0309191 0.0277895 0.0313933 0.0077355 0.00568019 0.014141 
3 4 2 1.03354e-14 0.00338468 0.00129907 0.00401286 0.000599235 0.0012718 0.00359791 0.00333514 0.00620023 0.0273272 0.0560025 0.133546 0.26559 
3 1 3 0.0697533 0.155361 0.0606628 0.0461075 
3 2 3 0.00451955 0.522699 0.405957 0.290134 
3 3 3 0.925727 0.32194 0.53338 0.663758 
3 4 3 0 0 0 0 
4 1 0 0 0.089938 0.176121 0.108472 0.1471 0.125364 0.136278 0.0958248 0.0509686 0.0517106 0.00747946 0.0239074 0.0137981 0.00813979 
4 2 0 0 0.00720453 0.0224105 0.0488244 0.0433522 0.0468866 0.056521 0.026824 0.01001 0.00345885 0.0128138 0.000911447 0.0158907 0.0196537 
4 3 0 0 0.902857 0.800679 0.839113 0.806973 0.8231 0.800177 0.870807 0.924956 0.937847 0.966684 0.958025 0.956134 0.9505 
4 4 0 0 0 0.000789581 0.00359066 0.00257549 0.00464926 0.007024 0.00654413 0.0140658 0.00698387 0.0130229 0.0171559 0.0141774 0.0217069 
4 1 1 0 0.366885 0.172946 0.106898 0.143965 0.119165 0.131425 0.0896157 0.0479294 0.0431669 0.00556216 0.0209085 0.0104132 0.00508544 
4 2 1 0 0.00426953 0.0226037 0.0504012 0.0443693 0.0470081 0.0567245 0.0276431 0.00899913 0.0030718 0.0101862 0.000290762 0.0158427 0.0192965 
4 3 1 0 0.628845 0.803583 0.839763 0.809105 0.829318 0.805043 0.876587 0.928854 0.947031 0.971353 0.960338 0.960441 0.957663 
4 4 1 0 0 0.000866966 0.00293757 0.00256105 0.0045086 0.00680724 0.00615459 0.0142178 0.00672983 0.0128987 0.0184624 0.0133035 0.0179547 
4 1 2 0 0.365956 0.170897 0.104998 0.142482 0.116379 0.129187 0.0874916 0.0472236 0.043232 0.00483858 0.0212311 0.00975072 0.00419206 
4 2 2 0 0.00423612 0.0227004 0.0516131 0.0450569 0.0469826 0.0571323 0.0279698 0.00878107 0.00294561 0.0101656 0.000718787 0.0164495 0.0194304 
4 3 2 0 0.629808 0.805502 0.840628 0.809866 0.832347 0.806897 0.8785 0.929818 0.947299 0.97223 0.959615 0.960459 0.958372 
4 4 2 0 0 0.000901155 0.00276094 0.00259454 0.00429123 0.00678406 0.00603849 0.0141775 0.0065238 0.0127658 0.0184351 0.0133404 0.0180055 
4 1 3 5.77044e-06 
4 2 3 0 
4 3 3 0.999994 
4 4 3 0 
5 1 0 0 0.089938 0.176104 0.108472 0.147304 0.125357 0.136283 0.0958248 0.0509686 0.0517106 0.00746297 0.0239144 0.0138321 0.00828797 
5 2 0 0 0.00720453 0.022408 0.0488244 0.0434013 0.0468846 0.0565218 0.026824 0.01001 0.00345885 0.0128145 0.00110895 0.0159003 0.0196419 
5 3 0 0 0.902857 0.800669 0.839113 0.806685 0.8231 0.800169 0.870807 0.924956 0.937847 0.966699 0.957841 0.956088 0.950366 
5 4 0 0 0 0.00081914 0.00359066 0.0026093 0.00465811 0.00702581 0.00654413 0.0140658 0.00698387 0.013023 0.0171358 0.0141792 0.0217045 
5 1 1 0 0.366885 0.172946 0.106898 0.143973 0.119164 0.131425 0.0896063 0.0479332 0.0432406 0.00547642 0.0209486 0.0104372 0.00518343 
5 2 1 0 0.00426953 0.0226037 0.0504012 0.0443713 0.0470084 0.0567245 0.027634 0.00900275 0.00310702 0.0101803 0.000267428 0.0158425 0.0193211 
5 3 1 0 0.628845 0.803583 0.839763 0.809102 0.829318 0.805043 0.876594 0.928851 0.946923 0.97145 0.960336 0.960414 0.957554 
5 4 1 0 0 0.000866966 0.00293757 0.0025544 0.00450952 0.00680724 0.00616593 0.0142127 0.00672981 0.0128931 0.0184481 0.0133058 0.0179412 
5 1 2 0 0.365956 0.170897 0.104998 0.142482 0.116381 0.129176 0.0874439 0.047234 0.0432081 0.00501113 0.0212982 0.009634 0.00415354 
5 2 2 0 0.00423612 0.0227004 0.0516131 0.0450569 0.04699 0.0571293 0.0279493 0.00879373 0.00291365 0.0100901 5.50591e-05 0.0164471 0.0194488 
5 3 2 0 0.629808 0.805502 0.840628 0.809866 0.832336 0.806907 0.878565 0.9298 0.947358 0.972149 0.960192 0.96058 0.958374 
5 4 2 0 0 0.000901155 0.00276094 0.00259454 0.00429225 0.00678723 0.00604192 0.0141725 0.00652029 0.0127494 0.0184544 0.0133392 0.0180237 
5 1 3 5.77044e-06 
5 2 3 0 
5 3 3 0.999994 
5 4 3 0 
ERROR in TPDF::Open: Cannot open file:table/pim_pi.pdf
ERROR in TPDF::Open: Cannot open file:table/pim_K.pdf
ERROR in TPDF::Open: Cannot open file:table/pim_p.pdf
ERROR in TPDF::Open: Cannot open file:table/pim_u.pdf
ERROR in TPDF::Open: Cannot open file:table/pip_pi.pdf
ERROR in TPDF::Open: Cannot open file:table/pip_K.pdf
ERROR in TPDF::Open: Cannot open file:table/pip_p.pdf
ERROR in TPDF::Open: Cannot open file:table/pip_u.pdf
ERROR in TPDF::Open: Cannot open file:table/Km_pi.pdf
ERROR in TPDF::Open: Cannot open file:table/Km_K.pdf
ERROR in TPDF::Open: Cannot open file:table/Km_p.pdf
ERROR in TPDF::Open: Cannot open file:table/Km_u.pdf
ERROR in TPDF::Open: Cannot open file:table/Kp_pi.pdf
ERROR in TPDF::Open: Cannot open file:table/Kp_K.pdf
ERROR in TPDF::Open: Cannot open file:table/Kp_p.pdf
ERROR in TPDF::Open: Cannot open file:table/Kp_u.pdf
ERROR in TPDF::Open: Cannot open file:table/pm_pi.pdf
ERROR in TPDF::Open: Cannot open file:table/pm_K.pdf
ERROR in TPDF::Open: Cannot open file:table/pm_p.pdf
ERROR in TPDF::Open: Cannot open file:table/pm_u.pdf
ERROR in TPDF::Open: Cannot open file:table/pp_pi.pdf
ERROR in TPDF::Open: Cannot open file:table/pp_K.pdf
ERROR in TPDF::Open: Cannot open file:table/pp_p.pdf
ERROR in TPDF::Open: Cannot open file:table/pp_u.pdf
