
[1mRooFit v3.60 -- Developed by Wouter Verkerke and David Kirkby[0m 
                Copyright (C) 2000-2013 NIKHEF, University of California & Stanford University
                All rights reserved, please read http://roofit.sourceforge.net/license.txt

analysis: K0L
data_file: /sps/compass/02/yann/2016.fix/P07
data_template: hist
data_firstfile_nb: 270000
data_lastfile_nb: 276318
fit_type: all
merged_h: false
cols_theta_bin: true
hist_file_iphi: ./hist_iphi_08_09.root
hist_file_ephi: ./hist_ephi_08_09.root
hist_file_K0: ./hist_K0_08_09.root
hist_file_Lam: ./hist_Lambda_08_09.root
out_file: rich_08_09.root
remove_richpipe: true
thr_diff: 5
LH_pi_K: 1.0
LH_pi_p: 1.0
LH_pi_bg: 2.0
LH_K_pi: 1.06
LH_K_p: 1.06
LH_K_bg: 2.0
LH_bthr_p_pi: 1.
LH_bthr_p_K: 1.
LH_athr_p_pi: 1.
LH_athr_p_K: 1.
LH_athr_p_bg: 1.
LH_bthr_p_pi_bg: 2.3
LH_bthr_p_K_bg: 3.0
LH_bthr_m_pi_bg: 2.2
LH_bthr_m_K_bg: 2.9
max_retry: 100
line_width: 2
sidebins: false
=====================
lh_cut[i][j]:
[0][0] -1.00 [0][1]  1.00 [0][2]  1.00 [0][3] -1.00 [0][4] -1.00 [0][5]  2.00 
[1][0]  1.06 [1][1] -1.00 [1][2]  1.06 [1][3] -1.00 [1][4] -1.00 [1][5]  2.00 
[2][0]  1.00 [2][1]  1.00 [2][2] -1.00 [2][3] -1.00 [2][4] -1.00 [2][5] -1.00 
[3][0]  1.00 [3][1]  1.00 [3][2] -1.00 [3][3] -1.00 [3][4] -1.00 [3][5]  1.00 
[4][0]  2.30 [4][1]  3.00 [4][2]  2.20 [4][3]  2.90 [4][4] -1.00 [4][5] -1.00 

Fits of K0 sample for pi- efficiency:
 theta:  0   mom:  0   Ent:58231
=>  1 iters (-1244810.30) -> 3
 theta:  0   mom:  1   Ent:48811
=>  1 iters (-1076752.79) -> 3
 theta:  0   mom:  2   Ent:57755
=>  4 iters (-1313145.89) -> 3
 theta:  0   mom:  3   Ent:29560
=>  1 iters (-635732.56) -> 3
 theta:  0   mom:  4   Ent:12689
=>  1 iters (-250917.09) -> 3
 theta:  0   mom:  5   Ent:21724
=>  1 iters (-451788.21) -> 3
 theta:  0   mom:  6   Ent:17625
=== Sucessful r9essai
=>  1 iters (-357520.04) -> 3
 theta:  0   mom:  7   Ent:14017
=>  1 iters (-274962.65) -> 3
 theta:  0   mom:  8   Ent:16141
=>  1 iters (-314662.19) -> 3
 theta:  0   mom:  9   Ent:12055
=>  1 iters (-224085.89) -> 3
 theta:  0   mom: 10   Ent:6519
=>  1 iters (-111318.83) -> 3
 theta:  0   mom: 11   Ent:7867
=>  1 iters (-136880.69) -> 3
 theta:  0   mom: 12   Ent:9121
=>  1 iters (-158837.44) -> 3
 theta:  0   mom: 13   Ent:5562
=>  1 iters (-88976.55) -> 3
 theta:  0   mom: 14   Ent:5566
=>  1 iters (-86782.84) -> 3
 theta:  1   mom:  0   Ent:45095
=>  1 iters (-931822.49) -> 3
 theta:  1   mom:  1   Ent:46126
=>  1 iters (-1011898.22) -> 3
 theta:  1   mom:  2   Ent:55606
=>  1 iters (-1260191.15) -> 3
 theta:  1   mom:  3   Ent:28177
=>  2 iters (-603221.39) -> 3
 theta:  1   mom:  4   Ent:11957
=== Sucessful r9essai
=>  1 iters (-235025.64) -> 3
 theta:  1   mom:  5   Ent:20321
=== Sucessful r9essai
=>  1 iters (-419945.50) -> 3
 theta:  1   mom:  6   Ent:16344
=== Sucessful r9essai
=>  1 iters (-328915.52) -> 3
 theta:  1   mom:  7   Ent:12850
=>  1 iters (-249696.02) -> 3
 theta:  1   mom:  8   Ent:14540
=>  1 iters (-280441.72) -> 3
 theta:  1   mom:  9   Ent:10785
=>  1 iters (-198127.24) -> 3
 theta:  1   mom: 10   Ent:5708
=>  1 iters (-95666.03) -> 3
 theta:  1   mom: 11   Ent:6791
=>  1 iters (-116272.79) -> 3
 theta:  1   mom: 12   Ent:7607
=>  1 iters (-129839.21) -> 3
 theta:  1   mom: 13   Ent:4498
=>  1 iters (-70251.54) -> 3
 theta:  1   mom: 14   Ent:4261
=>  1 iters (-64869.00) -> 3
 theta:  2   mom:  0   Ent:84972
=>  1 iters (-1853342.48) -> 3
 theta:  2   mom:  1   Ent:82620
=>  1 iters (-1906885.58) -> 3
 theta:  2   mom:  2   Ent:91017
=== Sucessful r9essai
=>  1 iters (-2151928.20) -> 3
 theta:  2   mom:  3   Ent:41953
=>  1 iters (-931843.58) -> 3
 theta:  2   mom:  4   Ent:16669
=== Sucessful r9essai
=>  1 iters (-338521.07) -> 3
 theta:  2   mom:  5   Ent:27086
=>  1 iters (-574793.77) -> 3
 theta:  2   mom:  6   Ent:20631
=>  1 iters (-423863.80) -> 3
 theta:  2   mom:  7   Ent:15466
=>  1 iters (-305163.32) -> 3
 theta:  2   mom:  8   Ent:16703
=>  1 iters (-325942.70) -> 3
 theta:  2   mom:  9   Ent:11899
=>  1 iters (-220062.94) -> 3
 theta:  2   mom: 10   Ent:6173
=>  1 iters (-104105.67) -> 3
 theta:  2   mom: 11   Ent:7196
=== Sucessful r9essai
=>  1 iters (-123650.75) -> 3
 theta:  2   mom: 12   Ent:7888
=>  1 iters (-135051.95) -> 3
 theta:  2   mom: 13   Ent:4607
=>  1 iters (-72022.03) -> 3
 theta:  2   mom: 14   Ent:4308
=>  1 iters (-65666.80) -> 3
 theta:  3   mom:  0   Ent:12783
=>  1 iters (-246136.23) -> 3
 theta:  3   mom:  1   Ent:1972
=>  1 iters (-31715.24) -> 3
 theta:  3   mom:  2   Ent:498
=>  1 iters (-6414.33) -> 3
 theta:  3   mom:  3   Ent:66
=>  1 iters (-609.98) -> 3
 theta:  3   mom:  4   Ent:11
 theta:  3   mom:  5   Ent:10
 theta:  3   mom:  6   Ent:9

Fits of K0 sample for pi+ efficiency:
 theta:  0   mom:  0   Ent:58767
=>  1 iters (-1258055.07) -> 3
 theta:  0   mom:  1   Ent:49099
=>  1 iters (-1084151.62) -> 3
 theta:  0   mom:  2   Ent:57726
=>  1 iters (-1312098.02) -> 3
 theta:  0   mom:  3   Ent:29884
=>  4 iters (-642017.20) -> 3
 theta:  0   mom:  4   Ent:12894
=>  1 iters (-254898.97) -> 3
 theta:  0   mom:  5   Ent:21710
=== Sucessful r9essai
=>  1 iters (-450057.33) -> 3
 theta:  0   mom:  6   Ent:17825
=> 101 iters (-360702.94) -> 3
 theta:  0   mom:  7   Ent:14178
=>  1 iters (-277440.47) -> 3
 theta:  0   mom:  8   Ent:16357
=>  1 iters (-317702.91) -> 3
 theta:  0   mom:  9   Ent:12240
=== Sucessful r9essai
=>  1 iters (-225726.24) -> 3
 theta:  0   mom: 10   Ent:6603
=>  1 iters (-112825.38) -> 3
 theta:  0   mom: 11   Ent:7948
=>  1 iters (-137354.43) -> 3
 theta:  0   mom: 12   Ent:9086
=>  1 iters (-155514.40) -> 3
 theta:  0   mom: 13   Ent:5622
=>  1 iters (-88608.83) -> 3
 theta:  0   mom: 14   Ent:5627
=>  1 iters (-86975.05) -> 3
 theta:  1   mom:  0   Ent:45510
=>  1 iters (-942481.80) -> 3
 theta:  1   mom:  1   Ent:46443
=>  1 iters (-1019990.07) -> 3
 theta:  1   mom:  2   Ent:55561
=>  1 iters (-1258820.73) -> 3
 theta:  1   mom:  3   Ent:28503
=>  3 iters (-609655.99) -> 3
 theta:  1   mom:  4   Ent:12186
=>  1 iters (-239377.70) -> 3
 theta:  1   mom:  5   Ent:20349
=>  2 iters (-419058.59) -> 3
 theta:  1   mom:  6   Ent:16478
=== Sucessful r9essai
=>  1 iters (-330577.81) -> 3
 theta:  1   mom:  7   Ent:12954
=>  1 iters (-250755.63) -> 3
 theta:  1   mom:  8   Ent:14769
=== Sucessful r9essai
=> 31 iters (-283761.43) -> 3
 theta:  1   mom:  9   Ent:10849
=== Sucessful r9essai
=>  4 iters (-196928.01) -> 3
 theta:  1   mom: 10   Ent:5794
=>  1 iters (-97340.43) -> 3
 theta:  1   mom: 11   Ent:6851
=>  1 iters (-116442.54) -> 3
 theta:  1   mom: 12   Ent:7690
=>  1 iters (-129131.46) -> 3
 theta:  1   mom: 13   Ent:4581
=>  1 iters (-70515.07) -> 3
 theta:  1   mom: 14   Ent:4391
=>  1 iters (-66000.35) -> 3
 theta:  2   mom:  0   Ent:85667
=>  1 iters (-1871874.23) -> 3
 theta:  2   mom:  1   Ent:83151
=>  1 iters (-1919025.72) -> 3
 theta:  2   mom:  2   Ent:91218
=>  1 iters (-2156766.07) -> 3
 theta:  2   mom:  3   Ent:42195
=>  1 iters (-934622.03) -> 3
 theta:  2   mom:  4   Ent:17034
=>  1 iters (-345406.20) -> 3
 theta:  2   mom:  5   Ent:27132
=== Sucessful r9essai
=>  1 iters (-573086.35) -> 3
 theta:  2   mom:  6   Ent:20806
=== Sucessful r9essai
=>  1 iters (-425934.24) -> 3
 theta:  2   mom:  7   Ent:15531
=>  1 iters (-304963.16) -> 3
 theta:  2   mom:  8   Ent:17059
=== Sucessful r9essai
=>  1 iters (-331206.79) -> 3
 theta:  2   mom:  9   Ent:12004
=>  1 iters (-218881.92) -> 3
 theta:  2   mom: 10   Ent:6263
=>  1 iters (-105622.93) -> 3
 theta:  2   mom: 11   Ent:7289
=>  1 iters (-124384.06) -> 3
 theta:  2   mom: 12   Ent:8046
=>  1 iters (-135523.58) -> 3
 theta:  2   mom: 13   Ent:4717
=>  1 iters (-72706.68) -> 3
 theta:  2   mom: 14   Ent:4448
=>  1 iters (-66906.61) -> 3
 theta:  3   mom:  0   Ent:12899
=>  1 iters (-247785.99) -> 3
 theta:  3   mom:  1   Ent:1980
=>  1 iters (-31682.48) -> 3
 theta:  3   mom:  2   Ent:512
=== Sucessful r9essai
=>  2 iters (-6729.86) -> 3
 theta:  3   mom:  3   Ent:67
=>  1 iters (-587.22) -> 3
 theta:  3   mom:  4   Ent:14
 theta:  3   mom:  5   Ent:13
 theta:  3   mom:  6   Ent:4

Fits of PHI sample for K- efficiency:
 theta:  0   mom:  2   Ent:284714
=== Sucessful r9essai
=== Sucessful r9essai
=== Sucessful r9essai
=== Sucessful r9essai
=== Sucessful r9essai
=== Sucessful r9essai
=== Sucessful r9essai
=> 91 iters (-1881869.33) -> 3
 theta:  0   mom:  3   Ent:108461
=== Sucessful r9essai
=> 29 iters (-721865.50) -> 3
 theta:  0   mom:  4   Ent:41207
=== Sucessful r9essai
=== Sucessful r9essai
=> 17 iters (-260359.04) -> 3
 theta:  0   mom:  5   Ent:64218
=== Sucessful r9essai
=== Sucessful r9essai
=>  5 iters (-431477.44) -> 3
 theta:  0   mom:  6   Ent:47190
=== Sucessful r9essai
=>  5 iters (-312243.43) -> 3
 theta:  0   mom:  7   Ent:34814
=== Sucessful r9essai
=== Sucessful r9essai
=>  8 iters (-222583.77) -> 3
 theta:  0   mom:  8   Ent:36857
=== Sucessful r9essai
=>  4 iters (-237083.38) -> 3
 theta:  0   mom:  9   Ent:24204
=== Sucessful r9essai
=== Sucessful r9essai
=== Sucessful r9essai
=== Sucessful r9essai
=== Sucessful r9essai
=== Sucessful r9essai
=> 43 iters (-149068.22) -> 3
 theta:  0   mom: 10   Ent:11534
=>  2 iters (-66376.57) -> 3
 theta:  0   mom: 11   Ent:12525
=== Sucessful r9essai
=> 25 iters (-72119.97) -> 3
 theta:  0   mom: 12   Ent:12335
=== Sucessful r9essai
=>  1 iters (-72322.28) -> 3
 theta:  0   mom: 13   Ent:6543
=== Sucessful r9essai
=> 12 iters (-36550.60) -> 3
 theta:  0   mom: 14   Ent:5079
=== Sucessful r9essai
=== Sucessful r9essai
=>  7 iters (-29309.01) -> 3
 theta:  1   mom:  2   Ent:272054
=== Sucessful r9essai
=>  7 iters (-1798075.11) -> 3
 theta:  1   mom:  3   Ent:103418
=> 101 iters (-684585.83) -> 2
 theta:  1   mom:  4   Ent:38802
=== Sucessful r9essai
=== Sucessful r9essai
=>  7 iters (-242169.75) -> 3
 theta:  1   mom:  5   Ent:59903
=== Sucessful r9essai
=== Sucessful r9essai
=== Sucessful r9essai
=== Sucessful r9essai
=== Sucessful r9essai
=== Sucessful r9essai
=== Sucessful r9essai
=> 10 iters (-398976.68) -> 3
 theta:  1   mom:  6   Ent:43437
=> 101 iters (-283366.44) -> 2
 theta:  1   mom:  7   Ent:31554
=>  4 iters (-198807.40) -> 3
 theta:  1   mom:  8   Ent:32860
=== Sucessful r9essai
=== Sucessful r9essai
=== Sucessful r9essai
=>  9 iters (-207300.67) -> 3
 theta:  1   mom:  9   Ent:21174
=>  3 iters (-127137.07) -> 3
 theta:  1   mom: 10   Ent:9897
=== Sucessful r9essai
=== Sucessful r9essai
=== Sucessful r9essai
=== Sucessful r9essai
=== Sucessful r9essai
=== Sucessful r9essai
=== Sucessful r9essai
=== Sucessful r9essai
=== Sucessful r9essai
=> 47 iters (-54724.54) -> 3
 theta:  1   mom: 11   Ent:10576
=== Sucessful r9essai
=>  1 iters (-58614.10) -> 3
 theta:  1   mom: 12   Ent:10003
=>  1 iters (-55265.96) -> 3
 theta:  1   mom: 13   Ent:5046
=== Sucessful r9essai
=>  1 iters (-26204.06) -> 3
 theta:  1   mom: 14   Ent:3608
=>  1 iters (-18840.90) -> 3
 theta:  2   mom:  2   Ent:451081
=== Sucessful r9essai
=> 101 iters (-3084763.88) -> 2
 theta:  2   mom:  3   Ent:154883
=== Sucessful r9essai
=== Sucessful r9essai
=== Sucessful r9essai
=== Sucessful r9essai
=> 51 iters (-1043380.66) -> 3
 theta:  2   mom:  4   Ent:54749
=== Sucessful r9essai
=== Sucessful r9essai
=== Sucessful r9essai
=== Sucessful r9essai
=== Sucessful r9essai
=== Sucessful r9essai
=== Sucessful r9essai
=> 16 iters (-347399.74) -> 3
 theta:  2   mom:  5   Ent:80217
=== Sucessful r9essai
=== Sucessful r9essai
=> 15 iters (-538617.34) -> 3
 theta:  2   mom:  6   Ent:54421
=== Sucessful r9essai
=> 10 iters (-357100.43) -> 3
 theta:  2   mom:  7   Ent:37505
=== Sucessful r9essai
=>  2 iters (-238504.99) -> 3
 theta:  2   mom:  8   Ent:37144
=== Sucessful r9essai
=>  4 iters (-234726.13) -> 3
 theta:  2   mom:  9   Ent:22930
=== Sucessful r9essai
=> 15 iters (-137747.37) -> 3
 theta:  2   mom: 10   Ent:10496
=>  9 iters (-57747.24) -> 3
 theta:  2   mom: 11   Ent:10994
=== Sucessful r9essai
=>  1 iters (-60671.58) -> 3
 theta:  2   mom: 12   Ent:10240
=>  1 iters (-56434.68) -> 3
 theta:  2   mom: 13   Ent:5108
=>  1 iters (-26519.72) -> 3
 theta:  2   mom: 14   Ent:3625
=>  1 iters (-18975.49) -> 3
 theta:  3   mom:  2   Ent:4943
=>  1 iters (-16721.69) -> 3
 theta:  3   mom:  3   Ent:356
=>  1 iters (-802.98) -> 3
 theta:  3   mom:  4   Ent:62
=>  1 iters (-70.36) -> 3
 theta:  3   mom:  5   Ent:43
=>  1 iters (-40.14) -> 3
 theta:  3   mom:  6   Ent:22
 theta:  3   mom:  7   Ent:4
 theta:  3   mom:  8   Ent:6
 theta:  3   mom:  9   Ent:0
 theta:  3   mom: 10   Ent:0
 theta:  3   mom: 11   Ent:0
 theta:  3   mom: 12   Ent:0
 theta:  3   mom: 13   Ent:0
 theta:  3   mom: 14   Ent:0

Fits of PHI sample for K+ efficiency:
 theta:  0   mom:  2   Ent:238495
=>  6 iters (-1593736.90) -> 3
 theta:  0   mom:  3   Ent:93474
=== Sucessful r9essai
=== Sucessful r9essai
=== Sucessful r9essai
=> 41 iters (-627719.83) -> 3
 theta:  0   mom:  4   Ent:36256
=== Sucessful r9essai
=> 10 iters (-230646.12) -> 3
 theta:  0   mom:  5   Ent:57182
=== Sucessful r9essai
=> 32 iters (-389877.64) -> 3
 theta:  0   mom:  6   Ent:42342
=>  1 iters (-285142.39) -> 3
 theta:  0   mom:  7   Ent:32019
=== Sucessful r9essai
=>  3 iters (-209758.22) -> 3
 theta:  0   mom:  8   Ent:34863
=== Sucessful r9essai
=>  2 iters (-231241.46) -> 3
 theta:  0   mom:  9   Ent:22569
=== Sucessful r9essai
=== Sucessful r9essai
=== Sucessful r9essai
=== Sucessful r9essai
=== Sucessful r9essai
=> 29 iters (-140636.11) -> 3
 theta:  0   mom: 10   Ent:10817
=== Sucessful r9essai
=>  4 iters (-63378.10) -> 3
 theta:  0   mom: 11   Ent:11917
=== Sucessful r9essai
=>  1 iters (-70841.00) -> 3
 theta:  0   mom: 12   Ent:11711
=== Sucessful r9essai
=>  1 iters (-69407.76) -> 3
 theta:  0   mom: 13   Ent:6073
=>  1 iters (-35828.43) -> 3
 theta:  0   mom: 14   Ent:5021
=== Sucessful r9essai
=>  1 iters (-30341.44) -> 3
 theta:  1   mom:  2   Ent:227973
=== Sucessful r9essai
=> 10 iters (-1524465.21) -> 3
 theta:  1   mom:  3   Ent:88962
=== Sucessful r9essai
=== Sucessful r9essai
=> 87 iters (-596538.16) -> 3
 theta:  1   mom:  4   Ent:34190
=== Sucessful r9essai
=>  3 iters (-215746.37) -> 3
 theta:  1   mom:  5   Ent:53341
=== Sucessful r9essai
=>  2 iters (-359722.24) -> 3
 theta:  1   mom:  6   Ent:38993
=>  1 iters (-258976.72) -> 3
 theta:  1   mom:  7   Ent:29032
=== Sucessful r9essai
=>  2 iters (-187534.17) -> 3
 theta:  1   mom:  8   Ent:31040
=== Sucessful r9essai
=== Sucessful r9essai
=> 27 iters (-202579.67) -> 3
 theta:  1   mom:  9   Ent:19722
=== Sucessful r9essai
=> 11 iters (-119608.82) -> 3
 theta:  1   mom: 10   Ent:9236
=>  1 iters (-52441.28) -> 3
 theta:  1   mom: 11   Ent:9932
=== Sucessful r9essai
=>  4 iters (-57002.40) -> 3
 theta:  1   mom: 12   Ent:9523
=>  3 iters (-53121.92) -> 3
 theta:  1   mom: 13   Ent:4675
=>  1 iters (-25783.60) -> 3
 theta:  1   mom: 14   Ent:3539
=>  1 iters (-19276.07) -> 3
 theta:  2   mom:  2   Ent:377753
=== Sucessful r9essai
=== Sucessful r9essai
=== Sucessful r9essai
=== Sucessful r9essai
=> 101 iters (-2608982.85) -> 2
 theta:  2   mom:  3   Ent:133382
=== Sucessful r9essai
=> 17 iters (-911742.58) -> 3
 theta:  2   mom:  4   Ent:48203
=== Sucessful r9essai
=> 12 iters (-308331.81) -> 3
 theta:  2   mom:  5   Ent:71359
=== Sucessful r9essai
=>  7 iters (-485994.50) -> 3
 theta:  2   mom:  6   Ent:48789
=== Sucessful r9essai
=== Sucessful r9essai
=== Sucessful r9essai
=== Sucessful r9essai
=== Sucessful r9essai
=== Sucessful r9essai
=== Sucessful r9essai
=== Sucessful r9essai
=> 32 iters (-325953.64) -> 3
 theta:  2   mom:  7   Ent:34441
=== Sucessful r9essai
=>  2 iters (-223581.19) -> 3
 theta:  2   mom:  8   Ent:35025
=>  1 iters (-227967.40) -> 3
 theta:  2   mom:  9   Ent:21399
=== Sucessful r9essai
=== Sucessful r9essai
=> 28 iters (-129110.54) -> 3
 theta:  2   mom: 10   Ent:9786
=== Sucessful r9essai
=== Sucessful r9essai
=== Sucessful r9essai
=== Sucessful r9essai
=> 31 iters (-55404.70) -> 3
 theta:  2   mom: 11   Ent:10339
=== Sucessful r9essai
=>  1 iters (-58945.41) -> 3
 theta:  2   mom: 12   Ent:9756
=>  1 iters (-54334.96) -> 3
 theta:  2   mom: 13   Ent:4743
=>  1 iters (-26094.26) -> 3
 theta:  2   mom: 14   Ent:3565
=>  1 iters (-19445.47) -> 3
 theta:  3   mom:  2   Ent:4189
=>  1 iters (-13940.71) -> 3
 theta:  3   mom:  3   Ent:329
=>  1 iters (-784.58) -> 3
 theta:  3   mom:  4   Ent:47
=>  1 iters (-52.39) -> 3
 theta:  3   mom:  5   Ent:55
=>  1 iters (-111.51) -> 3
 theta:  3   mom:  6   Ent:13
 theta:  3   mom:  7   Ent:4
 theta:  3   mom:  8   Ent:3
 theta:  3   mom:  9   Ent:0
 theta:  3   mom: 10   Ent:0
 theta:  3   mom: 11   Ent:0
 theta:  3   mom: 12   Ent:0
 theta:  3   mom: 13   Ent:0
 theta:  3   mom: 14   Ent:0

Fits of LAMBDA sample for pbar efficiency:
 theta:  0   mom:  0   Ent:0
 theta:  0   mom:  1   Ent:123
=>  2 iters (0.00) -> 1
 theta:  0   mom:  2   Ent:2368
=== Sucessful r9essai
=>  1 iters (-9042.07) -> 3
 theta:  0   mom:  3   Ent:3940
=>  1 iters (-40804.39) -> 3
 theta:  0   mom:  4   Ent:2611
=== Sucessful r9essai
=>  1 iters (-26657.54) -> 3
 theta:  0   mom:  5   Ent:5658
=>  1 iters (-61860.31) -> 3
 theta:  0   mom:  6   Ent:6207
=>  1 iters (-66887.15) -> 3
 theta:  0   mom:  7   Ent:5789
=== Sucessful r9essai
=>  1 iters (-60222.95) -> 3
 theta:  0   mom:  8   Ent:7839
=>  1 iters (-79420.74) -> 3
 theta:  0   mom:  9   Ent:6810
=>  2 iters (-67819.85) -> 2
 theta:  0   mom: 10   Ent:3926
=>  1 iters (-34947.80) -> 3
 theta:  0   mom: 11   Ent:4993
=>  2 iters (-45448.81) -> 2
 theta:  0   mom: 12   Ent:6284
=>  1 iters (-57529.75) -> 3
 theta:  0   mom: 13   Ent:4422
=== Sucessful r9essai
=>  1 iters (-38888.80) -> 3
 theta:  0   mom: 14   Ent:5045
=>  2 iters (-43250.96) -> 3
 theta:  1   mom:  0   Ent:0
 theta:  1   mom:  1   Ent:119
=>  2 iters (0.00) -> 1
 theta:  1   mom:  2   Ent:2272
=== Sucessful r9essai
=>  1 iters (-8675.78) -> 3
 theta:  1   mom:  3   Ent:3762
=>  1 iters (-38847.22) -> 3
 theta:  1   mom:  4   Ent:2465
=== Sucessful r9essai
=>  1 iters (-25274.60) -> 3
 theta:  1   mom:  5   Ent:5297
=>  2 iters (-57644.66) -> 2
 theta:  1   mom:  6   Ent:5732
=== Sucessful r9essai
=>  1 iters (-61569.78) -> 3
 theta:  1   mom:  7   Ent:5308
=>  1 iters (-54890.38) -> 3
 theta:  1   mom:  8   Ent:7089
=== Sucessful r9essai
=>  2 iters (-71423.15) -> 2
 theta:  1   mom:  9   Ent:6095
=>  2 iters (-60174.82) -> 3
 theta:  1   mom: 10   Ent:3438
=== Sucessful r9essai
=>  1 iters (-30158.04) -> 3
 theta:  1   mom: 11   Ent:4282
=>  1 iters (-38226.31) -> 3
 theta:  1   mom: 12   Ent:5258
=== Sucessful r9essai
=>  1 iters (-47596.57) -> 3
 theta:  1   mom: 13   Ent:3529
=>  1 iters (-30684.52) -> 3
 theta:  1   mom: 14   Ent:3761
=>  1 iters (-31821.42) -> 3
 theta:  2   mom:  0   Ent:0
 theta:  2   mom:  1   Ent:202
=>  2 iters (0.00) -> 1
 theta:  2   mom:  2   Ent:3671
=== Sucessful r9essai
=>  1 iters (-14641.19) -> 3
 theta:  2   mom:  3   Ent:5634
=>  1 iters (-61253.34) -> 3
 theta:  2   mom:  4   Ent:3521
=>  2 iters (-38440.06) -> 2
 theta:  2   mom:  5   Ent:7251
=>  2 iters (-83406.54) -> 2
 theta:  2   mom:  6   Ent:7422
=>  2 iters (-83166.86) -> 3
 theta:  2   mom:  7   Ent:6559
=>  1 iters (-70293.99) -> 3
 theta:  2   mom:  8   Ent:8359
=== Sucessful r9essai
=>  2 iters (-86166.06) -> 3
 theta:  2   mom:  9   Ent:6851
=>  2 iters (-68755.21) -> 2
 theta:  2   mom: 10   Ent:3763
=== Sucessful r9essai
=>  2 iters (-33393.98) -> 2
 theta:  2   mom: 11   Ent:4599
=>  2 iters (-41606.32) -> 2
 theta:  2   mom: 12   Ent:5510
=>  1 iters (-50385.88) -> 3
 theta:  2   mom: 13   Ent:3642
=>  2 iters (-31909.99) -> 2
 theta:  2   mom: 14   Ent:3825
=>  2 iters (-32431.15) -> 3
 theta:  3   mom:  0   Ent:0
 theta:  3   mom:  1   Ent:0
 theta:  3   mom:  2   Ent:27
 FUNCTION MUST BE MINIMIZED BEFORE CALLING IMProve   
=>  1 iters (-28.74) -> 3
 theta:  3   mom:  3   Ent:11
 theta:  3   mom:  4   Ent:4
 theta:  3   mom:  5   Ent:8
 theta:  3   mom:  6   Ent:0

Fits of LAMBDA sample for p efficiency:
 theta:  0   mom:  0   Ent:0
 theta:  0   mom:  1   Ent:134
=>  2 iters (0.00) -> 1
 theta:  0   mom:  2   Ent:2714
=>  1 iters (-12855.54) -> 3
 theta:  0   mom:  3   Ent:4848
=>  1 iters (-56013.77) -> 3
 theta:  0   mom:  4   Ent:3160
=== Sucessful r9essai
=>  1 iters (-36436.15) -> 3
 theta:  0   mom:  5   Ent:7235
=>  1 iters (-91518.04) -> 3
 theta:  0   mom:  6   Ent:7352
=>  1 iters (-89793.12) -> 3
 theta:  0   mom:  7   Ent:7036
=== Sucessful r9essai
=>  2 iters (-83299.97) -> 2
 theta:  0   mom:  8   Ent:9378
=>  2 iters (-108640.46) -> 2
 theta:  0   mom:  9   Ent:7936
=>  1 iters (-86942.98) -> 3
 theta:  0   mom: 10   Ent:4585
=>  2 iters (-46311.34) -> 2
 theta:  0   mom: 11   Ent:5845
=== Sucessful r9essai
=>  2 iters (-60974.96) -> 3
 theta:  0   mom: 12   Ent:7601
=>  2 iters (-80756.98) -> 2
 theta:  0   mom: 13   Ent:5113
=== Sucessful r9essai
=>  2 iters (-50165.06) -> 2
 theta:  0   mom: 14   Ent:5703
=>  1 iters (-53523.02) -> 3
 theta:  1   mom:  0   Ent:0
 theta:  1   mom:  1   Ent:128
=>  2 iters (0.00) -> 1
 theta:  1   mom:  2   Ent:2618
=>  1 iters (-12297.67) -> 3
 theta:  1   mom:  3   Ent:4627
=>  1 iters (-53191.43) -> 3
 theta:  1   mom:  4   Ent:2988
=== Sucessful r9essai
=>  2 iters (-34214.27) -> 3
 theta:  1   mom:  5   Ent:6790
=== Sucessful r9essai
=>  1 iters (-85456.44) -> 3
 theta:  1   mom:  6   Ent:6802
=>  1 iters (-82709.04) -> 3
 theta:  1   mom:  7   Ent:6486
=== Sucessful r9essai
=>  2 iters (-76453.93) -> 3
 theta:  1   mom:  8   Ent:8494
=== Sucessful r9essai
=>  1 iters (-97411.57) -> 3
 theta:  1   mom:  9   Ent:7075
=>  2 iters (-76612.67) -> 2
 theta:  1   mom: 10   Ent:4007
=>  2 iters (-39537.45) -> 3
 theta:  1   mom: 11   Ent:5067
=== Sucessful r9essai
=>  2 iters (-52251.23) -> 3
 theta:  1   mom: 12   Ent:6432
=>  1 iters (-67069.14) -> 3
 theta:  1   mom: 13   Ent:4191
=>  1 iters (-40694.10) -> 3
 theta:  1   mom: 14   Ent:4445
=>  1 iters (-40865.12) -> 3
 theta:  2   mom:  0   Ent:0
 theta:  2   mom:  1   Ent:221
=>  2 iters (0.00) -> 1
 theta:  2   mom:  2   Ent:4239
=>  1 iters (-20681.88) -> 3
 theta:  2   mom:  3   Ent:6954
=>  1 iters (-84654.19) -> 3
 theta:  2   mom:  4   Ent:4324
=>  2 iters (-53032.66) -> 2
 theta:  2   mom:  5   Ent:9402
=>  2 iters (-125514.78) -> 3
 theta:  2   mom:  6   Ent:9039
=== Sucessful r9essai
=>  2 iters (-115072.83) -> 3
 theta:  2   mom:  7   Ent:8207
=>  2 iters (-100285.49) -> 2
 theta:  2   mom:  8   Ent:10175
=>  1 iters (-120274.99) -> 3
 theta:  2   mom:  9   Ent:8112
=>  2 iters (-89896.14) -> 3
 theta:  2   mom: 10   Ent:4443
=>  1 iters (-44380.58) -> 3
 theta:  2   mom: 11   Ent:5479
=== Sucessful r9essai
=>  2 iters (-57234.84) -> 3
 theta:  2   mom: 12   Ent:6767
=== Sucessful r9essai
=>  2 iters (-71222.45) -> 3
 theta:  2   mom: 13   Ent:4354
=>  2 iters (-42512.24) -> 3
 theta:  2   mom: 14   Ent:4524
=>  2 iters (-41762.30) -> 3
 theta:  3   mom:  0   Ent:0
 theta:  3   mom:  1   Ent:6
 theta:  3   mom:  2   Ent:26
 FUNCTION MUST BE MINIMIZED BEFORE CALLING IMProve   
 FUNCTION MUST BE MINIMIZED BEFORE CALLING IMProve   
=>  2 iters (-54.03) -> 3
 theta:  3   mom:  3   Ent:16
 theta:  3   mom:  4   Ent:15
 theta:  3   mom:  5   Ent:9
 theta:  3   mom:  6   Ent:1
p,t,i: 0,1,2 Empty
p,t,i: 0,1,3 Empty
p,t,i: 0,1,4 Empty
p,t,i: 0,1,5 Empty
p,t,i: 0,2,2 Empty
p,t,i: 0,2,3 Empty
p,t,i: 0,2,4 Empty
p,t,i: 0,2,5 Empty
p,t,i: 1,1,2 Empty
p,t,i: 1,1,3 Empty
p,t,i: 1,2,2 Empty
p,t,i: 1,2,3 Empty
0 1 0 0.91521 0.962289 0.969603 0.97588 0.975484 0.978232 0.980095 0.981144 0.984607 0.986425 0.988098 0.989436 0.976097 0.957378 0.91405 
0 2 0 0 0 1.98211e-05 0.000480227 0.000528286 0.00109915 0.00145191 0.00185521 0.00155783 0.00204197 0.00297469 0.00150429 0.00570054 0.00726372 0.00911363 
0 3 0 0.0847899 0.0377107 0.0303768 0.0236049 0.0239015 0.020405 0.0182052 0.0166164 0.0133818 0.00771838 0.00468014 0.00249939 0.00514832 0.00308871 0.00387291 
0 4 0 0 0 0 3.4896e-05 8.65862e-05 0.000264335 0.000248081 0.000384009 0.000453277 0.00381476 0.00424678 0.0065601 0.013054 0.0322691 0.0729633 
0 1 1 0.932059 0.965398 0.970469 0.976075 0.976633 0.978821 0.980219 0.98187 0.984831 0.986272 0.989001 0.989619 0.978888 0.958947 0.924675 
0 2 1 0 0 1.96614e-05 0.000465263 0.000551857 0.00119958 0.00152395 0.00191964 0.00187201 0.00194753 0.00296599 0.00141023 0.00535567 0.00840597 0.00717522 
0 3 1 0.0679415 0.0346021 0.0295115 0.0234231 0.0227238 0.0196963 0.0180552 0.0157927 0.0128019 0.00842603 0.00447859 0.00262707 0.00487428 0.0035654 0.00212271 
0 4 1 0 0 0 3.67102e-05 9.13783e-05 0.000282854 0.000201811 0.000417664 0.000495399 0.00335428 0.00355448 0.00634349 0.0108823 0.029082 0.0660271 
0 1 2 0.937735 0.965935 0.970262 0.975317 0.975101 0.977968 0.979427 0.980171 0.984122 0.985181 0.988805 0.989878 0.978972 0.958624 0.925731 
0 2 2 0 0 2.41877e-05 0.000535166 0.000749261 0.00146855 0.00160525 0.00243837 0.00190957 0.00201312 0.0024624 0.00118885 0.00525277 0.00860012 0.00686157 
0 3 2 0.062265 0.0340655 0.0297133 0.024099 0.0240173 0.020266 0.0188016 0.0169616 0.0135007 0.00927916 0.00535178 0.00225333 0.00509029 0.00424696 0.00213601 
0 4 2 0 0 0 4.85501e-05 0.000132289 0.000297826 0.000165962 0.000429348 0.00046815 0.00352665 0.00338084 0.00668 0.0106851 0.0285285 0.0652713 
0 1 3 0.862021 0.885323 0.825284 0.952512 
0 2 3 0 0 0 0 
0 3 3 0.137979 0.114677 0.174716 0.0474879 
0 4 3 0 0 0 0 
1 1 0 0.910714 0.960247 0.969432 0.975613 0.976979 0.977124 0.980984 0.982077 0.981935 0.985407 0.993013 0.983776 0.968983 0.957337 0.908989 
1 2 0 0 0 9.5545e-13 0.000199825 0.000585676 0.00208844 0.00147275 0.00125778 0.00157175 0.00294659 1.03522e-07 0.0031666 0.00632108 0.00968887 0.00880682 
1 3 0 0.0892857 0.0397525 0.0305675 0.02408 0.0224352 0.0204865 0.016846 0.0158744 0.0160586 0.00755357 0.00184117 0.00644685 0.00893832 0.00624403 0.00477569 
1 4 0 0 0 0 0.000107143 5.83973e-12 0.00030072 0.000697047 0.000790998 0.000434878 0.00409299 0.00514532 0.00661083 0.0157573 0.0267303 0.0774286 
1 1 1 0.925526 0.963165 0.969919 0.9761 0.976887 0.977509 0.981963 0.982827 0.983028 0.986602 0.993308 0.984497 0.972898 0.956982 0.918853 
1 2 1 0 0 0 0.000215497 0.000606017 0.00211228 0.00151883 0.00138919 0.00139499 0.00261533 7.18332e-09 0.00318388 0.00432284 0.00876799 0.00925096 
1 3 1 0.0744745 0.0368351 0.030081 0.0235693 0.0225075 0.0200524 0.0157661 0.0149181 0.0151249 0.00715891 0.00137699 0.00704863 0.00899161 0.00712551 0.00207294 
1 4 1 0 0 0 0.000115051 2.95628e-12 0.000326316 0.000752143 0.000865402 0.000451897 0.0036241 0.00531474 0.00527094 0.0137873 0.0271248 0.0698236 
1 1 2 0.931664 0.963899 0.969517 0.976066 0.975924 0.976765 0.980602 0.98196 0.982271 0.985904 0.993133 0.983452 0.973741 0.956678 0.919275 
1 2 2 0 0 0 0.000273373 0.000897298 0.00240932 0.0017652 0.00125871 0.00133202 0.00331229 1.8351e-08 0.0039434 0.00380835 0.00873503 0.00920685 
1 3 2 0.0683365 0.0361011 0.0304825 0.0235263 0.023179 0.0205049 0.0168559 0.015838 0.0159263 0.00711764 0.00179446 0.00725208 0.00909209 0.0069422 0.00152286 
1 4 2 0 0 0 0.000133996 6.85645e-10 0.000320625 0.0007764 0.000942882 0.00047114 0.00366606 0.00507271 0.00535254 0.0133581 0.0276444 0.0699952 
1 1 3 0.864266 0.88787 0.865087 0.727428 
1 2 3 0 0 4.09542e-14 0 
1 3 3 0.135734 0.11213 0.134913 0.272572 
1 4 3 0 0 0 0 
2 1 0 0.121179 0.0633431 0.00952738 0.0502587 0.0181916 0.0120878 0.0021757 0.0391488 0.00991223 0.00217301 0.0637148 0.117893 0.216814 
2 2 0 0.00736727 0.613615 0.898302 0.899914 0.942697 0.969871 0.963275 0.940062 0.967056 0.962599 0.848711 0.699569 0.433871 
2 3 0 0.871454 0.321955 0.0896944 0.0475966 0.0348843 0.0152018 0.0285578 0.00898766 0.00660858 0.000669672 0.0123535 0.0066924 0.0100577 
2 4 0 1.19769e-10 0.00108651 0.00247636 0.00223092 0.00422693 0.00283925 0.00599154 0.0118011 0.0164237 0.0345582 0.0752208 0.175846 0.339257 
2 1 1 0.113485 0.0490419 0.0093635 0.0401417 3.34167e-06 0.0134347 0.00645045 0.0197065 0.0148633 0.0144905 0.0228165 0.0595289 0.136217 
2 2 1 0.00760937 0.633008 0.909089 0.918904 0.967445 0.975729 0.962848 0.964629 0.959442 0.962978 0.908435 0.779497 0.528534 
2 3 1 0.878905 0.317503 0.080017 0.0389902 0.028983 0.00842752 0.0262787 0.00691984 0.00976478 0.00199454 0.0120734 0.00776516 0.00672976 
2 4 1 1.95802e-12 0.000447427 0.00153019 0.00196393 0.00356901 0.00240856 0.00442287 0.00874502 0.01593 0.0205369 0.0566749 0.153209 0.328519 
2 1 2 0.100803 0.0342472 0.0189499 0.0280666 1.84472e-07 0.00933029 1.58034e-06 0.0131501 0.00919128 0.0141306 0.0258215 0.0612874 0.136081 
2 2 2 0.00786751 0.664452 0.912654 0.935272 0.965687 0.981426 0.968826 0.972252 0.967426 0.96315 0.907207 0.777346 0.526207 
2 3 2 0.89133 0.300601 0.0675166 0.0348123 0.030619 0.00676096 0.0278564 0.00661678 0.00875683 0.00222729 0.011545 0.00767587 0.00672501 
2 4 2 1.444e-11 0.000699421 0.000879542 0.00184908 0.0036937 0.00248304 0.00331619 0.00798146 0.0146263 0.0204923 0.0554267 0.153691 0.330987 
2 1 3 0.214682 0.161835 0.214297 1.62665e-08 
2 2 3 0.0036984 0.370609 0.192136 0.555744 
2 3 3 0.781619 0.467556 0.593567 0.444256 
2 4 3 0 0 0 0 
3 1 0 0.865185 0.0683781 0.0941819 0.00453812 0.0438495 0.0191891 0.0101679 0.0251067 0.0173157 0.0495428 0.0587116 0.10545 0.234624 
3 2 0 1.72978e-08 0.586167 0.822535 0.952384 0.905132 0.924084 0.961794 0.939567 0.962569 0.903728 0.872097 0.718224 0.441008 
3 3 0 0.134815 0.345455 0.0772056 0.0422887 0.0469364 0.0554534 0.0241895 0.0262619 0.00139397 0.0122321 0.00516834 0.00437241 0.00967723 
3 4 0 0 1.03148e-08 0.00607766 0.000788654 0.00408177 0.00127375 0.00384823 0.00906468 0.0187216 0.0344972 0.0640235 0.171953 0.314691 
3 1 1 0.0849354 0.0616579 0.0944536 6.82686e-08 0.0361042 0.00399289 0.00794543 0.00469776 0.0188958 0.0341508 0.0342768 0.0570558 0.12321 
3 2 1 0.00589384 0.602679 0.829914 0.959175 0.916801 0.944584 0.968468 0.959569 0.964141 0.921994 0.912503 0.785433 0.554233 
3 3 1 0.909171 0.335613 0.0702819 0.040032 0.0436456 0.0496225 0.0197701 0.0288871 0.00453631 0.0164736 0.00632276 0.00456475 0.00666321 
3 4 1 0 5.03939e-05 0.00535028 0.000792774 0.0034495 0.00180071 0.00381621 0.00684606 0.0124274 0.0273816 0.0468972 0.152947 0.315894 
3 1 2 0.0741181 0.0412348 0.0729163 3.6918e-08 0.0311502 0.00472928 3.6954e-07 4.27385e-06 0.0166137 0.0357777 0.033015 0.057546 0.123909 
3 2 2 0.00599211 0.642899 0.864065 0.96488 0.92427 0.938846 0.976547 0.966109 0.968187 0.922959 0.913949 0.786576 0.556484 
3 3 2 0.91989 0.315512 0.0571837 0.0340176 0.041763 0.0542738 0.0199551 0.027269 0.00452457 0.0127491 0.00696431 0.00574771 0.00654633 
3 4 2 0 0.000354144 0.00583535 0.00110218 0.0028168 0.00215048 0.00349776 0.00661788 0.0106751 0.0285137 0.046072 0.15013 0.313061 
3 1 3 0.058235 1.39472e-07 0.12291 0.317681 
3 2 3 8.70022e-07 0.304321 0.368339 0.635106 
3 3 3 0.941764 0.695679 0.508752 0.0472132 
3 4 3 0 0 0 0 
4 1 0 0 0.529947 0.174098 0.147252 0.162167 0.157539 0.180788 0.0941771 0.0613642 4.27969e-05 0.0270586 0.0282417 0.034559 0.0185481 
4 2 0 0 2.09366e-12 0.0127736 0.0283181 0.0307978 0.0540915 0.0516124 0.0363565 0.0334846 0.00688913 0.0141528 0.0130767 0.0244582 0.0309017 
4 3 0 0 0.470053 0.813128 0.822125 0.803748 0.785036 0.756434 0.861729 0.892042 0.978819 0.945952 0.941276 0.91529 0.921597 
4 4 0 0 0 0 0.00230476 0.00328727 0.00333356 0.0111658 0.007737 0.0131092 0.0142489 0.0128361 0.0174054 0.0256923 0.0289533 
4 1 1 0 0.518457 0.169718 0.140863 0.158217 0.146495 0.178694 0.0893552 0.0531368 7.63643e-10 0.0385227 0.0394344 0.0396683 0.0114281 
4 2 1 0 3.29521e-09 0.0132769 0.0276272 0.0297087 0.055104 0.0531254 0.037705 0.0353818 0.00127404 0.0143151 0.0173117 0.026714 0.0253648 
4 3 1 0 0.481543 0.817005 0.829094 0.808578 0.794834 0.757069 0.865253 0.898908 0.983715 0.939157 0.926317 0.908753 0.940617 
4 4 1 0 0 0 0.00241576 0.00349663 0.00356739 0.0111112 0.00768637 0.0125736 0.0150108 0.00800517 0.0169372 0.0248646 0.0225904 
4 1 2 0 0.513842 0.160457 0.142309 0.144314 0.139687 0.157 0.0794078 0.052813 2.83216e-05 0.0378784 0.0477259 0.0479824 0.0150442 
4 2 2 0 3.85526e-13 0.0155142 0.026717 0.0323884 0.0546238 0.0598495 0.038949 0.0345265 0.00423205 0.016008 0.0176278 0.0251109 0.0262685 
4 3 2 0 0.486158 0.824028 0.829385 0.819698 0.802599 0.772429 0.874861 0.900495 0.979567 0.937987 0.918558 0.902667 0.937011 
4 4 2 0 0 0 0.00158886 0.00359941 0.00309048 0.0107221 0.00678218 0.0121657 0.0161727 0.00812642 0.0160885 0.0242402 0.0216762 
4 1 3 1.75764e-05 
4 2 3 3.1847e-10 
4 3 3 0.999982 
4 4 3 0 
5 1 0 0 0.0958664 0.159745 0.105361 0.135151 0.132367 0.119026 0.113017 0.054337 0.0393125 0.0328484 0.0458384 4.51051e-08 0.0155206 
5 2 0 0 2.19771e-11 0.0180589 0.0295474 0.0198823 0.0429917 0.0499296 0.0420552 0.0134649 0.00787844 2.71692e-08 0.00925214 0.0238908 0.0189411 
5 3 0 0 0.904134 0.821673 0.864302 0.840527 0.821323 0.823817 0.83705 0.91492 0.936965 0.954173 0.932591 0.955987 0.944335 
5 4 0 0 0 0.000523144 0.000789481 0.00444006 0.00331788 0.00722708 0.00787722 0.0172776 0.0158442 0.0129784 0.0123187 0.0201221 0.0212029 
5 1 1 0 0.108568 0.153613 0.0925078 0.125457 0.125334 0.117361 0.098213 0.0492935 0.0352215 0.0293019 0.0395746 0.00721619 0.0226394 
5 2 1 0 6.96424e-13 0.0189034 0.0292619 0.0209831 0.0439429 0.0514967 0.0435496 0.0141476 0.00867699 1.32437e-08 0.00872072 0.0243748 0.0121576 
5 3 1 0 0.891432 0.826937 0.877433 0.849171 0.827133 0.823394 0.851289 0.918001 0.943665 0.958946 0.937972 0.953019 0.954321 
5 4 1 0 0 0.000547241 0.000796971 0.00438906 0.00359029 0.00774843 0.00694853 0.0185581 0.0124361 0.0117524 0.0137329 0.0153898 0.0108825 
5 1 2 0 0.104445 0.141062 0.0854642 0.110827 0.111827 0.104782 0.090883 0.043184 0.0339047 0.0312255 0.0388278 0.0126407 0.0172168 
5 2 2 0 6.35359e-13 0.0219964 0.0349686 0.0221741 0.0445061 0.0508935 0.0431385 0.0136839 0.00998263 7.28746e-06 0.0075266 0.0259778 0.0120987 
5 3 2 0 0.895555 0.836582 0.87852 0.862299 0.840842 0.838423 0.859747 0.92493 0.944507 0.957413 0.939086 0.945883 0.959864 
5 4 2 0 0 0.000358878 0.00104739 0.00470038 0.00282499 0.00590145 0.00623122 0.0182026 0.0116058 0.011354 0.0145598 0.0154983 0.0108205 
5 1 3 0.125044 
5 2 3 2.30433e-11 
5 3 3 0.874956 
5 4 3 0 
