
[1mRooFit v3.60 -- Developed by Wouter Verkerke and David Kirkby[0m 
                Copyright (C) 2000-2013 NIKHEF, University of California & Stanford University
                All rights reserved, please read http://roofit.sourceforge.net/license.txt

analysis: K0L
data_file: /sps/compass/02/yann/2016.fix/P07
data_template: hist
data_firstfile_nb: 270000
data_lastfile_nb: 276318
fit_type: all
merged_h: true
cols_theta_bin: true
remove_richpipe: false
hist_file_iphi: ./hist_iphi_08_10.root
hist_file_ephi: ./hist_ephi_08_10.root
hist_file_K0: ./hist_K0_08_10.root
hist_file_Lam: ./hist_Lambda_08_10.root
out_file: rich_08_10.root
remove_richpipe: true
thr_diff: 5
LH_pi_K: 1.0
LH_pi_p: 1.0
LH_pi_bg: 2.0
LH_K_pi: 1.06
LH_K_p: 1.06
LH_K_bg: 2.0
LH_bthr_p_pi: 1.
LH_bthr_p_K: 1.
LH_bthr_p_pi_bg: 2.3
LH_bthr_p_K_bg: 3.0
LH_bthr_m_pi_bg: 2.2
LH_bthr_m_K_bg: 2.9
LH_athr_p_pi: 1.
LH_athr_p_K: 1.
LH_athr_p_bg: 1.
max_retry: 100
line_width: 2
sidebins: false
=====================
lh_cut[i][j]:
[0][0] -1.00 [0][1]  1.00 [0][2]  1.00 [0][3] -1.00 [0][4] -1.00 [0][5]  2.00 
[1][0]  1.06 [1][1] -1.00 [1][2]  1.06 [1][3] -1.00 [1][4] -1.00 [1][5]  2.00 
[2][0]  1.00 [2][1]  1.00 [2][2] -1.00 [2][3] -1.00 [2][4] -1.00 [2][5] -1.00 
[3][0]  1.00 [3][1]  1.00 [3][2] -1.00 [3][3] -1.00 [3][4] -1.00 [3][5]  1.00 
[4][0]  2.30 [4][1]  3.00 [4][2]  2.20 [4][3]  2.90 [4][4] -1.00 [4][5] -1.00 

Fits of K0 sample for pi- efficiency:
 theta:  0   mom:  0   Ent:580092
=>  1 iters (-14858238.44) -> 3
 theta:  0   mom:  1   Ent:517661
=>  1 iters (-13801014.28) -> 3
 theta:  0   mom:  2   Ent:588672
=>  1 iters (-16067978.47) -> 3
 theta:  0   mom:  3   Ent:287394
=>  1 iters (-7457657.43) -> 3
 theta:  0   mom:  4   Ent:120456
=>  2 iters (-2913722.87) -> 3
 theta:  0   mom:  5   Ent:200155
=>  3 iters (-5028141.47) -> 3
 theta:  0   mom:  6   Ent:157374
=>  1 iters (-3860020.03) -> 3
 theta:  0   mom:  7   Ent:122474
=== Sucessful r9essai
=>  2 iters (-2911860.38) -> 3
 theta:  0   mom:  8   Ent:137237
=== Sucessful r9essai
=>  1 iters (-3229343.05) -> 3
 theta:  0   mom:  9   Ent:100320
=>  1 iters (-2252917.07) -> 3
 theta:  0   mom: 10   Ent:53375
=>  1 iters (-1120076.12) -> 3
 theta:  0   mom: 11   Ent:63050
=>  1 iters (-1336397.20) -> 3
 theta:  0   mom: 12   Ent:71286
=>  1 iters (-1504151.05) -> 3
 theta:  0   mom: 13   Ent:42878
=>  1 iters (-841345.05) -> 3
 theta:  0   mom: 14   Ent:40872
=>  1 iters (-785793.90) -> 3
 theta:  1   mom:  0   Ent:375438
=>  1 iters (-9247724.32) -> 3
 theta:  1   mom:  1   Ent:371181
=>  1 iters (-9651699.06) -> 3
 theta:  1   mom:  2   Ent:421419
=== Sucessful r9essai
=>  1 iters (-11227185.31) -> 3
 theta:  1   mom:  3   Ent:201938
=== Sucessful r9essai
=>  2 iters (-5099544.81) -> 3
 theta:  1   mom:  4   Ent:83523
=== Sucessful r9essai
=>  2 iters (-1959625.58) -> 3
 theta:  1   mom:  5   Ent:137301
=== Sucessful r9essai
=== Sucessful r9essai
=>  3 iters (-3346308.39) -> 3
 theta:  1   mom:  6   Ent:106469
=== Sucessful r9essai
=>  1 iters (-2528292.69) -> 3
 theta:  1   mom:  7   Ent:81872
=>  1 iters (-1880778.11) -> 3
 theta:  1   mom:  8   Ent:90525
=>  1 iters (-2056266.28) -> 3
 theta:  1   mom:  9   Ent:65423
=>  1 iters (-1413832.35) -> 3
 theta:  1   mom: 10   Ent:34460
=>  1 iters (-693365.95) -> 3
 theta:  1   mom: 11   Ent:40399
=== Sucessful r9essai
=>  7 iters (-821581.80) -> 3
 theta:  1   mom: 12   Ent:45048
=>  1 iters (-911283.43) -> 3
 theta:  1   mom: 13   Ent:26669
=>  1 iters (-499687.84) -> 3
 theta:  1   mom: 14   Ent:24893
=>  1 iters (-456446.17) -> 3
 theta:  2   mom:  0   Ent:620631
=>  1 iters (-15872961.34) -> 3
 theta:  2   mom:  1   Ent:609319
=>  1 iters (-16432705.26) -> 3
 theta:  2   mom:  2   Ent:683156
=>  1 iters (-18851947.78) -> 3
 theta:  2   mom:  3   Ent:322613
=== Sucessful r9essai
=>  1 iters (-8445588.83) -> 3
 theta:  2   mom:  4   Ent:132208
=>  1 iters (-3221448.55) -> 3
 theta:  2   mom:  5   Ent:215745
=== Sucessful r9essai
=>  1 iters (-5449538.66) -> 3
 theta:  2   mom:  6   Ent:165833
=== Sucessful r9essai
=>  1 iters (-4081153.46) -> 3
 theta:  2   mom:  7   Ent:126572
=== Sucessful r9essai
=>  1 iters (-3013807.91) -> 3
 theta:  2   mom:  8   Ent:138955
=>  1 iters (-3269582.01) -> 3
 theta:  2   mom:  9   Ent:99790
=>  1 iters (-2235329.48) -> 3
 theta:  2   mom: 10   Ent:52351
=>  1 iters (-1094188.19) -> 3
 theta:  2   mom: 11   Ent:61215
=>  1 iters (-1292585.86) -> 3
 theta:  2   mom: 12   Ent:68055
=>  1 iters (-1429339.27) -> 3
 theta:  2   mom: 13   Ent:40179
=>  1 iters (-783311.81) -> 3
 theta:  2   mom: 14   Ent:37412
=>  1 iters (-714251.35) -> 3
 theta:  3   mom:  0   Ent:36684
=>  1 iters (-780071.31) -> 3
 theta:  3   mom:  1   Ent:5696
=== Sucessful r9essai
=>  1 iters (-103043.26) -> 3
 theta:  3   mom:  2   Ent:1431
=>  1 iters (-21542.03) -> 3
 theta:  3   mom:  3   Ent:181
=>  1 iters (-1969.91) -> 3
 theta:  3   mom:  4   Ent:31
=>  1 iters (-212.28) -> 3
 theta:  3   mom:  5   Ent:27
=== Sucessful r9essai
=>  1 iters (-196.92) -> 3
 theta:  3   mom:  6   Ent:18

Fits of K0 sample for pi+ efficiency:
 theta:  0   mom:  0   Ent:580092
=>  1 iters (-14858238.44) -> 3
 theta:  0   mom:  1   Ent:517661
=>  1 iters (-13801014.28) -> 3
 theta:  0   mom:  2   Ent:588672
=>  1 iters (-16067978.47) -> 3
 theta:  0   mom:  3   Ent:287394
=>  1 iters (-7457657.43) -> 3
 theta:  0   mom:  4   Ent:120456
=>  2 iters (-2913722.87) -> 3
 theta:  0   mom:  5   Ent:200155
=>  3 iters (-5028141.47) -> 3
 theta:  0   mom:  6   Ent:157374
=>  1 iters (-3860020.03) -> 3
 theta:  0   mom:  7   Ent:122474
=== Sucessful r9essai
=>  2 iters (-2911860.38) -> 3
 theta:  0   mom:  8   Ent:137237
=== Sucessful r9essai
=>  1 iters (-3229343.05) -> 3
 theta:  0   mom:  9   Ent:100320
=>  1 iters (-2252917.07) -> 3
 theta:  0   mom: 10   Ent:53375
=>  1 iters (-1120076.12) -> 3
 theta:  0   mom: 11   Ent:63050
=>  1 iters (-1336397.20) -> 3
 theta:  0   mom: 12   Ent:71286
=>  1 iters (-1504151.05) -> 3
 theta:  0   mom: 13   Ent:42878
=>  1 iters (-841345.05) -> 3
 theta:  0   mom: 14   Ent:40872
=>  1 iters (-785793.90) -> 3
 theta:  1   mom:  0   Ent:375438
=>  1 iters (-9247724.32) -> 3
 theta:  1   mom:  1   Ent:371181
=>  1 iters (-9651699.06) -> 3
 theta:  1   mom:  2   Ent:421419
=== Sucessful r9essai
=>  1 iters (-11227185.31) -> 3
 theta:  1   mom:  3   Ent:201938
=== Sucessful r9essai
=>  2 iters (-5099544.81) -> 3
 theta:  1   mom:  4   Ent:83523
=== Sucessful r9essai
=>  2 iters (-1959625.58) -> 3
 theta:  1   mom:  5   Ent:137301
=== Sucessful r9essai
=== Sucessful r9essai
=>  3 iters (-3346308.39) -> 3
 theta:  1   mom:  6   Ent:106469
=== Sucessful r9essai
=>  1 iters (-2528292.69) -> 3
 theta:  1   mom:  7   Ent:81872
=>  1 iters (-1880778.11) -> 3
 theta:  1   mom:  8   Ent:90525
=>  1 iters (-2056266.28) -> 3
 theta:  1   mom:  9   Ent:65423
=>  1 iters (-1413832.35) -> 3
 theta:  1   mom: 10   Ent:34460
=>  1 iters (-693365.95) -> 3
 theta:  1   mom: 11   Ent:40399
=== Sucessful r9essai
=>  7 iters (-821581.80) -> 3
 theta:  1   mom: 12   Ent:45048
=>  1 iters (-911283.43) -> 3
 theta:  1   mom: 13   Ent:26669
=>  1 iters (-499687.84) -> 3
 theta:  1   mom: 14   Ent:24893
=>  1 iters (-456446.17) -> 3
 theta:  2   mom:  0   Ent:620631
=>  1 iters (-15872961.34) -> 3
 theta:  2   mom:  1   Ent:609319
=>  1 iters (-16432705.26) -> 3
 theta:  2   mom:  2   Ent:683156
=>  1 iters (-18851947.78) -> 3
 theta:  2   mom:  3   Ent:322613
=== Sucessful r9essai
=>  1 iters (-8445588.83) -> 3
 theta:  2   mom:  4   Ent:132208
=>  1 iters (-3221448.55) -> 3
 theta:  2   mom:  5   Ent:215745
=== Sucessful r9essai
=>  1 iters (-5449538.66) -> 3
 theta:  2   mom:  6   Ent:165833
=== Sucessful r9essai
=>  1 iters (-4081153.46) -> 3
 theta:  2   mom:  7   Ent:126572
=== Sucessful r9essai
=>  1 iters (-3013807.91) -> 3
 theta:  2   mom:  8   Ent:138955
=>  1 iters (-3269582.01) -> 3
 theta:  2   mom:  9   Ent:99790
=>  1 iters (-2235329.48) -> 3
 theta:  2   mom: 10   Ent:52351
=>  1 iters (-1094188.19) -> 3
 theta:  2   mom: 11   Ent:61215
=>  1 iters (-1292585.86) -> 3
 theta:  2   mom: 12   Ent:68055
=>  1 iters (-1429339.27) -> 3
 theta:  2   mom: 13   Ent:40179
=>  1 iters (-783311.81) -> 3
 theta:  2   mom: 14   Ent:37412
=>  1 iters (-714251.35) -> 3
 theta:  3   mom:  0   Ent:36684
=>  1 iters (-780071.31) -> 3
 theta:  3   mom:  1   Ent:5696
=== Sucessful r9essai
=>  1 iters (-103043.26) -> 3
 theta:  3   mom:  2   Ent:1431
=>  1 iters (-21542.03) -> 3
 theta:  3   mom:  3   Ent:181
=>  1 iters (-1969.91) -> 3
 theta:  3   mom:  4   Ent:31
=>  1 iters (-212.28) -> 3
 theta:  3   mom:  5   Ent:27
=== Sucessful r9essai
=>  1 iters (-196.92) -> 3
 theta:  3   mom:  6   Ent:18

Fits of PHI sample for K- efficiency:
 theta:  0   mom:  2   Ent:2655459
=> 101 iters (-21178079.35) -> 2
 theta:  0   mom:  3   Ent:977134
=> 101 iters (-7890744.87) -> 2
 theta:  0   mom:  4   Ent:362978
=== Sucessful r9essai
=== Sucessful r9essai
=>  8 iters (-2815007.41) -> 3
 theta:  0   mom:  5   Ent:554200
=== Sucessful r9essai
=> 43 iters (-4530748.69) -> 3
 theta:  0   mom:  6   Ent:395250
=> 101 iters (-3206180.64) -> 2
 theta:  0   mom:  7   Ent:287648
=== Sucessful r9essai
=> 14 iters (-2259831.87) -> 3
 theta:  0   mom:  8   Ent:298107
=== Sucessful r9essai
=== Sucessful r9essai
=== Sucessful r9essai
=== Sucessful r9essai
=> 38 iters (-2354390.92) -> 3
 theta:  0   mom:  9   Ent:190449
=== Sucessful r9essai
=>  7 iters (-1438078.42) -> 3
 theta:  0   mom: 10   Ent:88772
=== Sucessful r9essai
=== Sucessful r9essai
=> 12 iters (-624973.28) -> 3
 theta:  0   mom: 11   Ent:94708
=>  3 iters (-675009.98) -> 3
 theta:  0   mom: 12   Ent:92274
=== Sucessful r9essai
=>  3 iters (-659757.06) -> 3
 theta:  0   mom: 13   Ent:46612
=>  4 iters (-319439.64) -> 3
 theta:  0   mom: 14   Ent:35103
=>  2 iters (-248396.10) -> 3
 theta:  1   mom:  2   Ent:1895662
=== Sucessful r9essai
=>  8 iters (-14750285.66) -> 3
 theta:  1   mom:  3   Ent:687298
=== Sucessful r9essai
=> 101 iters (-5379374.31) -> 2
 theta:  1   mom:  4   Ent:251887
=== Sucessful r9essai
=== Sucessful r9essai
=== Sucessful r9essai
=== Sucessful r9essai
=== Sucessful r9essai
=> 17 iters (-1883739.46) -> 3
 theta:  1   mom:  5   Ent:379844
=== Sucessful r9essai
=> 12 iters (-2996453.19) -> 3
 theta:  1   mom:  6   Ent:266592
=> 101 iters (-2081115.25) -> 2
 theta:  1   mom:  7   Ent:191258
=== Sucessful r9essai
=>  5 iters (-1443943.48) -> 3
 theta:  1   mom:  8   Ent:195247
=== Sucessful r9essai
=== Sucessful r9essai
=> 14 iters (-1478847.26) -> 3
 theta:  1   mom:  9   Ent:122925
=>  6 iters (-886216.68) -> 3
 theta:  1   mom: 10   Ent:56580
=> 101 iters (-378171.48) -> 2
 theta:  1   mom: 11   Ent:59813
=== Sucessful r9essai
=== Sucessful r9essai
=== Sucessful r9essai
=== Sucessful r9essai
=>  6 iters (-403700.95) -> 3
 theta:  1   mom: 12   Ent:57374
=>  2 iters (-386417.61) -> 3
 theta:  1   mom: 13   Ent:28326
=>  7 iters (-181620.81) -> 3
 theta:  1   mom: 14   Ent:20570
=== Sucessful r9essai
=> 11 iters (-134399.59) -> 3
 theta:  2   mom:  2   Ent:3077658
=== Sucessful r9essai
=> 101 iters (-24778467.88) -> 2
 theta:  2   mom:  3   Ent:1099509
=> 101 iters (-8908395.18) -> 2
 theta:  2   mom:  4   Ent:399206
=== Sucessful r9essai
=== Sucessful r9essai
=> 13 iters (-3096321.19) -> 3
 theta:  2   mom:  5   Ent:597175
=> 101 iters (-4875639.53) -> 2
 theta:  2   mom:  6   Ent:414799
=> 101 iters (-3353602.54) -> 2
 theta:  2   mom:  7   Ent:295066
=== Sucessful r9essai
=> 12 iters (-2309920.88) -> 3
 theta:  2   mom:  8   Ent:298806
=== Sucessful r9essai
=== Sucessful r9essai
=> 11 iters (-2344590.49) -> 3
 theta:  2   mom:  9   Ent:186852
=== Sucessful r9essai
=>  4 iters (-1396698.77) -> 3
 theta:  2   mom: 10   Ent:85688
=== Sucessful r9essai
=== Sucessful r9essai
=== Sucessful r9essai
=== Sucessful r9essai
=== Sucessful r9essai
=== Sucessful r9essai
=> 76 iters (-595375.55) -> 3
 theta:  2   mom: 11   Ent:90299
=== Sucessful r9essai
=>  2 iters (-633099.82) -> 3
 theta:  2   mom: 12   Ent:86414
=>  1 iters (-605111.39) -> 3
 theta:  2   mom: 13   Ent:42584
=>  1 iters (-284758.72) -> 3
 theta:  2   mom: 14   Ent:30889
=>  1 iters (-210822.54) -> 3
 theta:  3   mom:  2   Ent:13069
=>  3 iters (-50949.69) -> 3
 theta:  3   mom:  3   Ent:991
=>  1 iters (-2765.67) -> 3
 theta:  3   mom:  4   Ent:167
=>  1 iters (-282.64) -> 3
 theta:  3   mom:  5   Ent:136
=>  1 iters (-236.23) -> 3
 theta:  3   mom:  6   Ent:48
=>  1 iters (-68.24) -> 3
 theta:  3   mom:  7   Ent:11
 theta:  3   mom:  8   Ent:9
 theta:  3   mom:  9   Ent:1
 theta:  3   mom: 10   Ent:0
 theta:  3   mom: 11   Ent:0
 theta:  3   mom: 12   Ent:0
 theta:  3   mom: 13   Ent:0
 theta:  3   mom: 14   Ent:0

Fits of PHI sample for K+ efficiency:
 theta:  0   mom:  2   Ent:2655459
=> 101 iters (-21178079.40) -> 2
 theta:  0   mom:  3   Ent:977134
=> 101 iters (-7890744.87) -> 2
 theta:  0   mom:  4   Ent:362978
=== Sucessful r9essai
=>  5 iters (-2815007.41) -> 3
 theta:  0   mom:  5   Ent:554200
=== Sucessful r9essai
=> 52 iters (-4530748.69) -> 3
 theta:  0   mom:  6   Ent:395250
=> 101 iters (-3206180.37) -> 2
 theta:  0   mom:  7   Ent:287648
=== Sucessful r9essai
=> 23 iters (-2259831.87) -> 3
 theta:  0   mom:  8   Ent:298107
=== Sucessful r9essai
=== Sucessful r9essai
=== Sucessful r9essai
=== Sucessful r9essai
=== Sucessful r9essai
=> 101 iters (-2354390.92) -> 3
 theta:  0   mom:  9   Ent:190449
=== Sucessful r9essai
=>  8 iters (-1438078.42) -> 3
 theta:  0   mom: 10   Ent:88772
=== Sucessful r9essai
=== Sucessful r9essai
=== Sucessful r9essai
=== Sucessful r9essai
=== Sucessful r9essai
=== Sucessful r9essai
=> 101 iters (-624973.29) -> 2
 theta:  0   mom: 11   Ent:94708
=>  2 iters (-675009.98) -> 3
 theta:  0   mom: 12   Ent:92274
=== Sucessful r9essai
=>  3 iters (-659757.06) -> 3
 theta:  0   mom: 13   Ent:46612
=>  1 iters (-319439.63) -> 3
 theta:  0   mom: 14   Ent:35103
=>  2 iters (-248396.10) -> 3
 theta:  1   mom:  2   Ent:1895662
=== Sucessful r9essai
=== Sucessful r9essai
=> 51 iters (-14750285.67) -> 3
 theta:  1   mom:  3   Ent:687298
=== Sucessful r9essai
=> 47 iters (-5379374.12) -> 3
 theta:  1   mom:  4   Ent:251887
=== Sucessful r9essai
=> 14 iters (-1883739.46) -> 3
 theta:  1   mom:  5   Ent:379844
=== Sucessful r9essai
=>  9 iters (-2996453.19) -> 3
 theta:  1   mom:  6   Ent:266592
=== Sucessful r9essai
=> 101 iters (-2081115.19) -> 2
 theta:  1   mom:  7   Ent:191258
=== Sucessful r9essai
=>  6 iters (-1443943.48) -> 3
 theta:  1   mom:  8   Ent:195247
=== Sucessful r9essai
=== Sucessful r9essai
=== Sucessful r9essai
=> 13 iters (-1478847.26) -> 3
 theta:  1   mom:  9   Ent:122925
=== Sucessful r9essai
=>  1 iters (-886216.68) -> 3
 theta:  1   mom: 10   Ent:56580
=== Sucessful r9essai
=== Sucessful r9essai
=== Sucessful r9essai
=== Sucessful r9essai
=== Sucessful r9essai
=== Sucessful r9essai
=== Sucessful r9essai
=> 101 iters (-378171.40) -> 2
 theta:  1   mom: 11   Ent:59813
=== Sucessful r9essai
=== Sucessful r9essai
=> 10 iters (-403700.95) -> 3
 theta:  1   mom: 12   Ent:57374
=>  1 iters (-386417.61) -> 3
 theta:  1   mom: 13   Ent:28326
=>  1 iters (-181620.81) -> 3
 theta:  1   mom: 14   Ent:20570
=>  1 iters (-134399.59) -> 3
 theta:  2   mom:  2   Ent:3077658
=== Sucessful r9essai
=> 101 iters (-24778467.88) -> 2
 theta:  2   mom:  3   Ent:1099509
=> 101 iters (-8908395.18) -> 2
 theta:  2   mom:  4   Ent:399206
=== Sucessful r9essai
=== Sucessful r9essai
=== Sucessful r9essai
=== Sucessful r9essai
=== Sucessful r9essai
=== Sucessful r9essai
=> 35 iters (-3096321.19) -> 3
 theta:  2   mom:  5   Ent:597175
=== Sucessful r9essai
=> 69 iters (-4875639.53) -> 3
 theta:  2   mom:  6   Ent:414799
=> 101 iters (-3353602.59) -> 2
 theta:  2   mom:  7   Ent:295066
=== Sucessful r9essai
=> 16 iters (-2309920.88) -> 3
 theta:  2   mom:  8   Ent:298806
=== Sucessful r9essai
=== Sucessful r9essai
=== Sucessful r9essai
=> 15 iters (-2344590.49) -> 3
 theta:  2   mom:  9   Ent:186852
=== Sucessful r9essai
=>  2 iters (-1396698.77) -> 3
 theta:  2   mom: 10   Ent:85688
=== Sucessful r9essai
=== Sucessful r9essai
=== Sucessful r9essai
=== Sucessful r9essai
=== Sucessful r9essai
=== Sucessful r9essai
=== Sucessful r9essai
=> 101 iters (-595375.56) -> 2
 theta:  2   mom: 11   Ent:90299
=== Sucessful r9essai
=>  3 iters (-633099.82) -> 3
 theta:  2   mom: 12   Ent:86414
=>  1 iters (-605111.39) -> 3
 theta:  2   mom: 13   Ent:42584
=> 13 iters (-284758.72) -> 3
 theta:  2   mom: 14   Ent:30889
=>  6 iters (-210822.54) -> 3
 theta:  3   mom:  2   Ent:13069
=== Sucessful r9essai
=>  8 iters (-50949.69) -> 3
 theta:  3   mom:  3   Ent:991
=>  2 iters (-2765.68) -> 3
 theta:  3   mom:  4   Ent:167
=== Sucessful r9essai
=>  1 iters (-282.64) -> 3
 theta:  3   mom:  5   Ent:136
=>  1 iters (-236.23) -> 3
 theta:  3   mom:  6   Ent:48
=>  1 iters (-68.24) -> 3
 theta:  3   mom:  7   Ent:11
 theta:  3   mom:  8   Ent:9
 theta:  3   mom:  9   Ent:1
 theta:  3   mom: 10   Ent:0
 theta:  3   mom: 11   Ent:0
 theta:  3   mom: 12   Ent:0
 theta:  3   mom: 13   Ent:0
 theta:  3   mom: 14   Ent:0

Fits of LAMBDA sample for pbar efficiency:
 theta:  0   mom:  2   Ent:26169
=>  1 iters (-147425.20) -> 3
 theta:  0   mom:  3   Ent:43130
=>  2 iters (-598996.30) -> 3
 theta:  0   mom:  4   Ent:27125
=>  2 iters (-376613.86) -> 2
 theta:  0   mom:  5   Ent:59871
=>  2 iters (-891689.35) -> 2
 theta:  0   mom:  6   Ent:61543
=>  2 iters (-880474.56) -> 2
 theta:  0   mom:  7   Ent:56847
=>  2 iters (-793433.57) -> 3
 theta:  0   mom:  8   Ent:73803
=>  2 iters (-992073.29) -> 3
 theta:  0   mom:  9   Ent:61864
=>  2 iters (-799385.57) -> 2
 theta:  0   mom: 10   Ent:34973
=>  1 iters (-417726.92) -> 3
 theta:  0   mom: 11   Ent:43912
=>  2 iters (-536497.35) -> 2
 theta:  0   mom: 12   Ent:54590
=>  2 iters (-668864.15) -> 3
 theta:  0   mom: 13   Ent:37084
=>  2 iters (-434770.30) -> 3
 theta:  0   mom: 14   Ent:39501
=>  2 iters (-441054.07) -> 2
 theta:  1   mom:  2   Ent:18654
=>  1 iters (-101070.95) -> 3
 theta:  1   mom:  3   Ent:30396
=== Sucessful r9essai
=>  1 iters (-409589.76) -> 3
 theta:  1   mom:  4   Ent:18895
=>  2 iters (-254788.96) -> 2
 theta:  1   mom:  5   Ent:41319
=>  2 iters (-598151.67) -> 2
 theta:  1   mom:  6   Ent:41959
=>  2 iters (-582726.68) -> 2
 theta:  1   mom:  7   Ent:38356
=== Sucessful r9essai
=>  1 iters (-519054.93) -> 3
 theta:  1   mom:  8   Ent:49044
=== Sucessful r9essai
=>  2 iters (-637629.38) -> 3
 theta:  1   mom:  9   Ent:40573
=>  2 iters (-505110.65) -> 3
 theta:  1   mom: 10   Ent:22660
=>  1 iters (-259390.63) -> 3
 theta:  1   mom: 11   Ent:28202
=>  2 iters (-330673.79) -> 2
 theta:  1   mom: 12   Ent:34553
=>  2 iters (-406694.37) -> 2
 theta:  1   mom: 13   Ent:23104
=>  2 iters (-260353.82) -> 2
 theta:  1   mom: 14   Ent:23975
=== Sucessful r9essai
=>  2 iters (-256385.66) -> 3
 theta:  2   mom:  2   Ent:30177
=>  1 iters (-171501.82) -> 3
 theta:  2   mom:  3   Ent:48644
=== Sucessful r9essai
=>  1 iters (-685006.91) -> 3
 theta:  2   mom:  4   Ent:30042
=>  2 iters (-424752.47) -> 2
 theta:  2   mom:  5   Ent:65264
=>  2 iters (-987140.39) -> 2
 theta:  2   mom:  6   Ent:65786
=== Sucessful r9essai
=>  2 iters (-953278.63) -> 2
 theta:  2   mom:  7   Ent:59677
=>  2 iters (-842151.03) -> 2
 theta:  2   mom:  8   Ent:75691
=>  2 iters (-1024243.91) -> 2
 theta:  2   mom:  9   Ent:62155
=== Sucessful r9essai
=>  1 iters (-804844.67) -> 3
 theta:  2   mom: 10   Ent:34532
=>  2 iters (-411561.96) -> 2
 theta:  2   mom: 11   Ent:42828
=== Sucessful r9essai
=>  1 iters (-522649.54) -> 3
 theta:  2   mom: 12   Ent:52252
=>  2 iters (-639407.55) -> 3
 theta:  2   mom: 13   Ent:34849
=>  2 iters (-408742.63) -> 3
 theta:  2   mom: 14   Ent:36076
=>  2 iters (-401537.58) -> 2
 theta:  3   mom:  2   Ent:81
 FUNCTION MUST BE MINIMIZED BEFORE CALLING IMProve   
=>  1 iters (-152.65) -> 3
 theta:  3   mom:  3   Ent:36
=>  1 iters (-174.35) -> 3
 theta:  3   mom:  4   Ent:27
 FUNCTION MUST BE MINIMIZED BEFORE CALLING IMProve   
 FUNCTION MUST BE MINIMIZED BEFORE CALLING IMProve   
=>  2 iters (-143.17) -> 3
 theta:  3   mom:  5   Ent:21
 theta:  3   mom:  6   Ent:3

Fits of LAMBDA sample for p efficiency:
 theta:  0   mom:  2   Ent:26169
=>  1 iters (-147425.20) -> 3
 theta:  0   mom:  3   Ent:43130
=== Sucessful r9essai
=>  2 iters (-598996.30) -> 3
 theta:  0   mom:  4   Ent:27125
=>  2 iters (-376613.84) -> 2
 theta:  0   mom:  5   Ent:59871
=>  2 iters (-891689.35) -> 2
 theta:  0   mom:  6   Ent:61543
=>  2 iters (-880474.56) -> 2
 theta:  0   mom:  7   Ent:56847
=>  2 iters (-793433.51) -> 2
 theta:  0   mom:  8   Ent:73803
=>  2 iters (-992073.30) -> 3
 theta:  0   mom:  9   Ent:61864
=>  2 iters (-799385.57) -> 3
 theta:  0   mom: 10   Ent:34973
=>  1 iters (-417726.92) -> 3
 theta:  0   mom: 11   Ent:43912
=>  2 iters (-536497.40) -> 3
 theta:  0   mom: 12   Ent:54590
=>  2 iters (-668864.16) -> 2
 theta:  0   mom: 13   Ent:37084
=>  2 iters (-434770.31) -> 3
 theta:  0   mom: 14   Ent:39501
=>  2 iters (-441054.07) -> 2
 theta:  1   mom:  2   Ent:18654
=>  1 iters (-101070.95) -> 3
 theta:  1   mom:  3   Ent:30396
=== Sucessful r9essai
=>  1 iters (-409589.76) -> 3
 theta:  1   mom:  4   Ent:18895
=== Sucessful r9essai
=>  2 iters (-254788.96) -> 3
 theta:  1   mom:  5   Ent:41319
=>  2 iters (-598151.67) -> 3
 theta:  1   mom:  6   Ent:41959
=>  2 iters (-582726.68) -> 3
 theta:  1   mom:  7   Ent:38356
=== Sucessful r9essai
=>  1 iters (-519054.93) -> 3
 theta:  1   mom:  8   Ent:49044
=>  2 iters (-637629.38) -> 3
 theta:  1   mom:  9   Ent:40573
=>  2 iters (-505110.65) -> 3
 theta:  1   mom: 10   Ent:22660
=>  1 iters (-259390.63) -> 3
 theta:  1   mom: 11   Ent:28202
=>  2 iters (-330673.82) -> 3
 theta:  1   mom: 12   Ent:34553
=== Sucessful r9essai
=>  1 iters (-406694.37) -> 3
 theta:  1   mom: 13   Ent:23104
=== Sucessful r9essai
=>  2 iters (-260353.82) -> 3
 theta:  1   mom: 14   Ent:23975
=>  2 iters (-256385.66) -> 2
 theta:  2   mom:  2   Ent:30177
=>  1 iters (-171501.82) -> 3
 theta:  2   mom:  3   Ent:48644
=== Sucessful r9essai
=>  1 iters (-685006.91) -> 3
 theta:  2   mom:  4   Ent:30042
=>  2 iters (-424752.47) -> 2
 theta:  2   mom:  5   Ent:65264
=>  2 iters (-987140.39) -> 2
 theta:  2   mom:  6   Ent:65786
=>  2 iters (-953278.63) -> 2
 theta:  2   mom:  7   Ent:59677
=== Sucessful r9essai
=>  2 iters (-842151.11) -> 3
 theta:  2   mom:  8   Ent:75691
=>  2 iters (-1024243.91) -> 2
 theta:  2   mom:  9   Ent:62155
=== Sucessful r9essai
=>  1 iters (-804844.67) -> 3
 theta:  2   mom: 10   Ent:34532
=>  2 iters (-411561.96) -> 2
 theta:  2   mom: 11   Ent:42828
=== Sucessful r9essai
=>  1 iters (-522649.54) -> 3
 theta:  2   mom: 12   Ent:52252
=>  1 iters (-639407.56) -> 3
 theta:  2   mom: 13   Ent:34849
=>  2 iters (-408742.64) -> 3
 theta:  2   mom: 14   Ent:36076
=>  2 iters (-401537.58) -> 2
 theta:  3   mom:  2   Ent:81
 FUNCTION MUST BE MINIMIZED BEFORE CALLING IMProve   
=>  1 iters (-152.65) -> 3
 theta:  3   mom:  3   Ent:36
=>  1 iters (-174.35) -> 3
 theta:  3   mom:  4   Ent:27
=>  1 iters (-143.17) -> 3
 theta:  3   mom:  5   Ent:21
 theta:  3   mom:  6   Ent:3
p,t,i: 0,1,2 Empty
p,t,i: 0,1,3 Empty
p,t,i: 0,1,4 Empty
p,t,i: 0,1,5 Empty
p,t,i: 0,2,2 Empty
p,t,i: 0,2,3 Empty
p,t,i: 0,2,4 Empty
p,t,i: 0,2,5 Empty
p,t,i: 1,1,2 Empty
p,t,i: 1,1,3 Empty
p,t,i: 1,1,4 Empty
p,t,i: 1,1,5 Empty
p,t,i: 1,2,2 Empty
p,t,i: 1,2,3 Empty
p,t,i: 1,2,4 Empty
p,t,i: 1,2,5 Empty
0 1 0 0.923185 0.963544 0.970652 0.975839 0.975336 0.97745 0.980875 0.982151 0.983981 0.98628 0.988661 0.984884 0.974227 0.957806 0.91752 
0 2 0 0 0 7.45092e-06 0.000336435 0.000665004 0.00189286 0.00195908 0.00163527 0.00172871 0.00245744 0.00221063 0.0026908 0.00585649 0.00861464 0.0104646 
0 3 0 0.0768146 0.036456 0.0293406 0.0237184 0.0239414 0.0203292 0.0168235 0.0156916 0.0135501 0.00765577 0.00355435 0.00593061 0.00688648 0.00392948 0.00249343 
0 4 0 0 0 0 0.000106497 5.74401e-05 0.000328087 0.000342141 0.000522601 0.000740491 0.00360691 0.00557442 0.00649496 0.0130297 0.0296495 0.0695218 
0 1 1 0.933298 0.965367 0.971037 0.975885 0.975296 0.977511 0.980754 0.982242 0.984189 0.986487 0.988716 0.984809 0.975762 0.958205 0.921187 
0 2 1 0 0 7.80204e-06 0.000334229 0.000711541 0.00196372 0.00203317 0.00163481 0.00162982 0.00238814 0.00209414 0.00275377 0.00537198 0.00878331 0.0100484 
0 3 1 0.0667017 0.0346328 0.0289555 0.0236692 0.0239339 0.0201912 0.0168721 0.0155737 0.0134185 0.0076446 0.0036039 0.00611312 0.00678335 0.00398323 0.0018149 
0 4 1 0 0 0 0.000111946 5.8641e-05 0.000334382 0.000341219 0.000549014 0.000763075 0.00348008 0.00558601 0.00632453 0.0120831 0.0290282 0.0669495 
0 1 2 0.934082 0.965443 0.971004 0.975804 0.975097 0.977385 0.980571 0.982008 0.98407 0.986359 0.988565 0.984705 0.975874 0.958235 0.921276 
0 2 2 0 0 8.00138e-06 0.000342667 0.000743001 0.00201474 0.00207734 0.00166399 0.00163738 0.00242293 0.00207632 0.00276824 0.00531602 0.00877555 0.0100352 
0 3 2 0.0659177 0.0345567 0.0289876 0.0237434 0.0240994 0.020267 0.0170105 0.0157645 0.0135175 0.00771885 0.00374059 0.00613853 0.00678533 0.0040055 0.00179521 
0 4 2 0 0 0 0.000110348 6.08722e-05 0.000333675 0.000341505 0.000563747 0.000775603 0.00349905 0.00561784 0.00638841 0.0120248 0.0289837 0.0668935 
0 1 3 0.865809 0.884131 0.856432 0.849255 0.868156 0.878938 
0 2 3 0 0 8.6565e-12 0 0 0 
0 3 3 0.134191 0.115869 0.143568 0.150745 0.131844 0.121062 
0 4 3 0 0 0 0 0 0 
1 1 0 0.923185 0.963544 0.970652 0.975839 0.975336 0.97745 0.980875 0.982151 0.983981 0.98628 0.988661 0.984884 0.974227 0.957806 0.91752 
1 2 0 0 0 7.45092e-06 0.000336435 0.000665004 0.00189286 0.00195908 0.00163527 0.00172871 0.00245744 0.00221063 0.0026908 0.00585649 0.00861464 0.0104646 
1 3 0 0.0768146 0.036456 0.0293406 0.0237184 0.0239414 0.0203292 0.0168235 0.0156916 0.0135501 0.00765577 0.00355435 0.00593061 0.00688648 0.00392948 0.00249343 
1 4 0 0 0 0 0.000106497 5.74401e-05 0.000328087 0.000342141 0.000522601 0.000740491 0.00360691 0.00557442 0.00649496 0.0130297 0.0296495 0.0695218 
1 1 1 0.933298 0.965367 0.971037 0.975885 0.975296 0.977511 0.980754 0.982242 0.984189 0.986487 0.988716 0.984809 0.975762 0.958205 0.921187 
1 2 1 0 0 7.80204e-06 0.000334229 0.000711541 0.00196372 0.00203317 0.00163481 0.00162982 0.00238814 0.00209414 0.00275377 0.00537198 0.00878331 0.0100484 
1 3 1 0.0667017 0.0346328 0.0289555 0.0236692 0.0239339 0.0201912 0.0168721 0.0155737 0.0134185 0.0076446 0.0036039 0.00611312 0.00678335 0.00398323 0.0018149 
1 4 1 0 0 0 0.000111946 5.8641e-05 0.000334382 0.000341219 0.000549014 0.000763075 0.00348008 0.00558601 0.00632453 0.0120831 0.0290282 0.0669495 
1 1 2 0.934082 0.965443 0.971004 0.975804 0.975097 0.977385 0.980571 0.982008 0.98407 0.986359 0.988565 0.984705 0.975874 0.958235 0.921276 
1 2 2 0 0 8.00138e-06 0.000342667 0.000743001 0.00201474 0.00207734 0.00166399 0.00163738 0.00242293 0.00207632 0.00276824 0.00531602 0.00877555 0.0100352 
1 3 2 0.0659177 0.0345567 0.0289876 0.0237434 0.0240994 0.020267 0.0170105 0.0157645 0.0135175 0.00771885 0.00374059 0.00613853 0.00678533 0.0040055 0.00179521 
1 4 2 0 0 0 0.000110348 6.08722e-05 0.000333675 0.000341505 0.000563747 0.000775603 0.00349905 0.00561784 0.00638841 0.0120248 0.0289837 0.0668935 
1 1 3 0.865809 0.884131 0.856432 0.849255 0.868156 0.878938 
1 2 3 0 0 8.6565e-12 0 0 0 
1 3 3 0.134191 0.115869 0.143568 0.150745 0.131844 0.121062 
1 4 3 0 0 0 0 0 0 
2 1 0 0.103118 0.0603755 0.0413156 0.0159519 0.0311763 0.00586027 0.0159298 0.0292019 0.019847 0.0280203 0.0455035 0.0797408 0.180622 
2 2 0 0.00699903 0.626959 0.880044 0.936847 0.932229 0.96483 0.955769 0.942852 0.953879 0.928417 0.886091 0.758537 0.500955 
2 3 0 0.889883 0.311291 0.0757724 0.0448525 0.0338581 0.0272867 0.0241019 0.0204399 0.0121155 0.0138098 0.00946959 0.00527236 0.00898966 
2 4 0 8.01058e-11 0.00137464 0.00286794 0.00234859 0.00273638 0.00202287 0.00419927 0.00750641 0.0141588 0.029753 0.0589361 0.15645 0.309433 
2 1 1 0.0982328 0.0569358 0.0342251 0.01104 0.0251819 0.00470288 0.0144762 0.0217263 0.019998 0.0253215 0.0351427 0.0602567 0.137527 
2 2 1 0.00714415 0.636892 0.890076 0.943765 0.940797 0.967999 0.958152 0.951045 0.955242 0.93478 0.903472 0.787638 0.548594 
2 3 1 0.894623 0.304844 0.0729765 0.0428955 0.0315646 0.0253031 0.0235232 0.020885 0.0130495 0.0146883 0.00915817 0.0059897 0.00885535 
2 4 1 1.01569e-12 0.00132879 0.00272222 0.00229954 0.00245681 0.00199533 0.00384839 0.00634422 0.0117102 0.0252105 0.0522268 0.146115 0.305024 
2 1 2 0.0964932 0.0529642 0.0335068 0.00840309 0.0252153 0.00467587 0.0133332 0.0209643 0.0180567 0.0253406 0.0351758 0.0602349 0.13743 
2 2 2 0.00725603 0.643532 0.892313 0.94704 0.940875 0.967492 0.959108 0.952037 0.95803 0.934749 0.903278 0.787631 0.548756 
2 3 2 0.896251 0.302163 0.0714795 0.0422848 0.0314883 0.0258217 0.0238102 0.0207286 0.0125018 0.0146533 0.00914615 0.00615487 0.0088422 
2 4 2 4.69644e-10 0.00134006 0.00270073 0.00227244 0.00242159 0.00201019 0.00374905 0.00626996 0.0114119 0.0252571 0.0523999 0.14598 0.304972 
2 1 3 0.118765 0.119029 0.427055 0.276435 3.69393e-08 
2 2 3 0.00341623 0.321239 0.572945 0.622915 0.333652 
2 3 3 0.877818 0.559732 3.86193e-07 0.10065 0.666348 
2 4 3 0 0 0 0 0 
3 1 0 0.102542 0.0620184 0.0413214 0.0159485 0.0317364 0.00587393 0.015817 0.0291107 0.0197793 0.0280956 0.0455089 0.0797091 0.180637 
3 2 0 0.00698187 0.62677 0.880041 0.936861 0.931563 0.964823 0.955874 0.94294 0.953862 0.9283 0.886077 0.758542 0.500963 
3 3 0 0.890476 0.309861 0.0757696 0.0448421 0.0339655 0.0272795 0.0241097 0.0204391 0.0121913 0.0138425 0.00947703 0.00529889 0.00899014 
3 4 0 2.84992e-10 0.00135116 0.00286822 0.00234811 0.00273474 0.00202333 0.00419981 0.00751016 0.014167 0.0297616 0.0589371 0.15645 0.30941 
3 1 1 0.0983279 0.0545107 0.0342892 0.0109288 0.0264813 0.0048396 0.0144598 0.0217084 0.0186117 0.025327 0.0351899 0.0602603 0.13754 
3 2 1 0.0071541 0.6395 0.890011 0.943881 0.939351 0.967856 0.958171 0.951048 0.957178 0.934767 0.903415 0.78762 0.548552 
3 3 1 0.894518 0.304661 0.0729782 0.042889 0.031703 0.0253076 0.0235208 0.0208947 0.0125867 0.0146946 0.00916248 0.00599379 0.00885556 
3 4 1 4.24651e-13 0.00132778 0.00272208 0.00230072 0.00246523 0.00199646 0.00384824 0.00634895 0.011624 0.0252109 0.0522324 0.146126 0.305052 
3 1 2 0.0960542 0.0540494 0.0334913 0.00977214 0.0260343 0.00465928 0.0132783 0.0209571 0.0185859 0.0251299 0.0351911 0.0602478 0.13743 
3 2 2 0.00699646 0.642936 0.892335 0.945653 0.939871 0.967503 0.959164 0.95204 0.957477 0.935068 0.90326 0.787615 0.548753 
3 3 2 0.896949 0.301677 0.0714726 0.0423075 0.0316706 0.0258282 0.0238101 0.0207327 0.0125297 0.0145685 0.00915404 0.00616206 0.00884082 
3 4 2 4.92648e-14 0.00133724 0.00270101 0.00226769 0.00242394 0.0020097 0.00374768 0.00627029 0.0114075 0.0252337 0.0523947 0.145975 0.304977 
3 1 3 0.118653 0.115753 0.429343 0.275453 2.27118e-06 
3 2 3 0.003434 0.322624 0.570657 0.623689 0.333231 
3 3 3 0.877913 0.561623 6.80272e-12 0.100858 0.666766 
3 4 3 0 0 0 0 0 
4 1 0 0.114657 0.161587 0.111817 0.138318 0.130088 0.135266 0.0952643 0.0512102 0.0307169 0.0241798 0.0348194 0.0171946 0.0141224 
4 2 0 0.0021782 0.0191054 0.0355285 0.0301725 0.0476336 0.0537524 0.0365642 0.0182904 0.00600567 0.0075087 0.00799614 0.0222182 0.0202559 
4 3 0 0.883164 0.81887 0.850724 0.8279 0.818599 0.802983 0.861259 0.915191 0.951598 0.956804 0.941825 0.94228 0.945903 
4 4 0 0 0.000437863 0.0019301 0.00360966 0.00367908 0.00799912 0.00691287 0.0153085 0.0116791 0.011508 0.0153591 0.0183074 0.0197189 
4 1 1 0.37572 0.158283 0.108663 0.133843 0.124921 0.131421 0.0898805 0.0483113 0.0271442 0.024261 0.0343346 0.0193719 0.0132086 
4 2 1 0.00128542 0.0196651 0.03617 0.0307663 0.0479129 0.0544457 0.0371965 0.0181898 0.0057713 0.00709485 0.00796516 0.0224832 0.0184412 
4 3 1 0.622994 0.821611 0.853383 0.831756 0.823565 0.80631 0.866382 0.918055 0.955996 0.957913 0.94176 0.940919 0.952135 
4 4 1 0 0.000440611 0.0017849 0.00363525 0.00360118 0.00782417 0.00654124 0.0154437 0.0110881 0.010731 0.0159402 0.0172261 0.0162148 
4 1 2 0.109746 0.156496 0.107766 0.1318 0.122862 0.128966 0.088315 0.0476979 0.0268095 0.024202 0.0347594 0.0199546 0.0127181 
4 2 2 0.00217322 0.0200036 0.0367977 0.0311465 0.0479155 0.054809 0.0373111 0.0180585 0.00592811 0.00717052 0.00799706 0.0227515 0.0185201 
4 3 2 0.888081 0.823061 0.853716 0.833373 0.825756 0.808555 0.86794 0.918859 0.956281 0.95797 0.941287 0.94008 0.952564 
4 4 2 0 0.000439905 0.00172058 0.0036804 0.00346697 0.00766987 0.00643424 0.0153845 0.0109817 0.0106579 0.0159566 0.017214 0.0161977 
4 1 3 3.80004e-06 0.231583 0.147134 
4 2 3 0 1.9382e-09 2.70167e-07 
4 3 3 0.999996 0.768417 0.852865 
4 4 3 0 0 0 
5 1 0 0.114657 0.161589 0.111794 0.13832 0.130099 0.135316 0.0952593 0.0512094 0.0307169 0.0241252 0.0348491 0.0172294 0.0140712 
5 2 0 0.0021782 0.0191059 0.0355278 0.0301709 0.0476327 0.0537573 0.0365654 0.0182796 0.00600567 0.00748745 0.00800683 0.0222187 0.0202491 
5 3 0 0.883164 0.818866 0.85074 0.827896 0.818601 0.802929 0.861262 0.915203 0.951598 0.956882 0.941781 0.942243 0.945964 
5 4 0 0 0.000439007 0.00193823 0.00361289 0.00366714 0.00799778 0.00691284 0.0153078 0.0116791 0.0115057 0.0153631 0.0183086 0.0197159 
5 1 1 0.37572 0.158283 0.108672 0.133838 0.12492 0.131421 0.0898711 0.0482857 0.0271442 0.0241867 0.0343254 0.0193893 0.0132228 
5 2 1 0.00128542 0.0196651 0.0361717 0.0307654 0.047913 0.0544457 0.0371938 0.0181812 0.0057713 0.00706089 0.00795933 0.0224962 0.0184511 
5 3 1 0.622994 0.821611 0.853368 0.831757 0.823566 0.80631 0.866386 0.918091 0.955996 0.958018 0.941785 0.940889 0.952107 
5 4 1 0 0.000440611 0.00178827 0.00363964 0.0036016 0.00782417 0.00654879 0.0154417 0.0110881 0.010734 0.0159299 0.0172259 0.0162185 
5 1 2 0.109746 0.156496 0.10777 0.131798 0.122821 0.128921 0.0883334 0.0476979 0.0267957 0.024202 0.0347173 0.020054 0.0126748 
5 2 2 0.00217322 0.0200036 0.036799 0.0311486 0.0479044 0.0548011 0.0373147 0.0180585 0.00594252 0.00717052 0.00799068 0.0227297 0.0185297 
5 3 2 0.888081 0.823061 0.853713 0.833369 0.825805 0.808606 0.86792 0.918859 0.956281 0.95797 0.941348 0.939994 0.952603 
5 4 2 0 0.000439905 0.0017179 0.00368378 0.00346915 0.00767183 0.00643239 0.0153845 0.0109804 0.0106579 0.015944 0.0172228 0.0161923 
5 1 3 3.80004e-06 0.231583 0.146941 
5 2 3 0 1.9382e-09 2.0047e-06 
5 3 3 0.999996 0.768417 0.853057 
5 4 3 0 0 0 
