
[1mRooFit v3.60 -- Developed by Wouter Verkerke and David Kirkby[0m 
                Copyright (C) 2000-2013 NIKHEF, University of California & Stanford University
                All rights reserved, please read http://roofit.sourceforge.net/license.txt

analysis: K0L
data_file: /sps/compass/02/yann/2016.fix/P07
data_template: hist
data_firstfile_nb: 270000
data_lastfile_nb: 276318
fit_type: all
merged_h: true
cols_theta_bin: true
hist_file_iphi: ./hist_iphi_0709_10.root
hist_file_ephi: ./hist_ephi_0709_10.root
hist_file_K0: ./hist_K0_0709_10.root
hist_file_Lam: ./hist_Lambda_0709_10.root
out_file: rich_0709_10.root
remove_richpipe: true
thr_diff: 5
LH_pi_K: 1.0
LH_pi_p: 1.0
LH_pi_bg: 2.0
LH_K_pi: 1.06
LH_K_p: 1.06
LH_K_bg: 2.0
LH_bthr_p_pi: 1.
LH_bthr_p_K: 1.
LH_athr_p_pi: 1.
LH_athr_p_K: 1.
LH_athr_p_bg: 1.
LH_bthr_p_pi_bg: 2.3
LH_bthr_p_K_bg: 3.0
LH_bthr_m_pi_bg: 2.2
LH_bthr_m_K_bg: 2.9
max_retry: 100
line_width: 2
sidebins: false
=====================
lh_cut[i][j]:
[0][0] -1.00 [0][1]  1.00 [0][2]  1.00 [0][3] -1.00 [0][4] -1.00 [0][5]  2.00 
[1][0]  1.06 [1][1] -1.00 [1][2]  1.06 [1][3] -1.00 [1][4] -1.00 [1][5]  2.00 
[2][0]  1.00 [2][1]  1.00 [2][2] -1.00 [2][3] -1.00 [2][4] -1.00 [2][5] -1.00 
[3][0]  1.00 [3][1]  1.00 [3][2] -1.00 [3][3] -1.00 [3][4] -1.00 [3][5]  1.00 
[4][0]  2.30 [4][1]  3.00 [4][2]  2.20 [4][3]  2.90 [4][4] -1.00 [4][5] -1.00 

Fits of K0 sample for pi- efficiency:
 theta:  0   mom:  0   Ent:806304
=>  1 iters (-21155462.14) -> 3
 theta:  0   mom:  1   Ent:717253
=>  2 iters (-19583919.93) -> 3
 theta:  0   mom:  2   Ent:815980
=== Sucessful r9essai
=>  2 iters (-22801830.04) -> 3
 theta:  0   mom:  3   Ent:398570
=>  2 iters (-10601607.50) -> 3
 theta:  0   mom:  4   Ent:166899
=>  1 iters (-4146536.41) -> 3
 theta:  0   mom:  5   Ent:277488
=>  2 iters (-7150196.18) -> 3
 theta:  0   mom:  6   Ent:218290
=== Sucessful r9essai
=>  1 iters (-5494992.31) -> 3
 theta:  0   mom:  7   Ent:169772
=>  1 iters (-4143600.40) -> 3
 theta:  0   mom:  8   Ent:191268
=>  1 iters (-4620580.64) -> 3
 theta:  0   mom:  9   Ent:140019
=>  1 iters (-3236019.27) -> 3
 theta:  0   mom: 10   Ent:73296
=>  1 iters (-1584466.14) -> 3
 theta:  0   mom: 11   Ent:87428
=>  1 iters (-1905851.97) -> 3
 theta:  0   mom: 12   Ent:98880
=> 101 iters (-2145867.64) -> 2
 theta:  0   mom: 13   Ent:59446
=>  1 iters (-1202272.33) -> 3
 theta:  0   mom: 14   Ent:56628
=>  2 iters (-1123638.14) -> 3
 theta:  1   mom:  0   Ent:521689
=>  1 iters (-13175457.06) -> 3
 theta:  1   mom:  1   Ent:514181
=>  1 iters (-13700511.43) -> 3
 theta:  1   mom:  2   Ent:584145
=== Sucessful r9essai
=>  1 iters (-15941134.97) -> 3
 theta:  1   mom:  3   Ent:280147
=== Sucessful r9essai
=>  2 iters (-7256802.26) -> 3
 theta:  1   mom:  4   Ent:115754
=>  1 iters (-2791863.81) -> 3
 theta:  1   mom:  5   Ent:190418
=>  2 iters (-4764362.44) -> 3
 theta:  1   mom:  6   Ent:147698
=== Sucessful r9essai
=>  1 iters (-3603034.77) -> 3
 theta:  1   mom:  7   Ent:113534
=>  1 iters (-2680182.35) -> 3
 theta:  1   mom:  8   Ent:126205
=>  1 iters (-2945526.37) -> 3
 theta:  1   mom:  9   Ent:91292
=>  1 iters (-2032874.58) -> 3
 theta:  1   mom: 10   Ent:47275
=>  1 iters (-980908.45) -> 3
 theta:  1   mom: 11   Ent:55975
=>  1 iters (-1171938.61) -> 3
 theta:  1   mom: 12   Ent:62523
=== Sucessful r9essai
=>  1 iters (-1302414.51) -> 3
 theta:  1   mom: 13   Ent:36979
=>  1 iters (-715027.38) -> 3
 theta:  1   mom: 14   Ent:34500
=>  1 iters (-653783.95) -> 3
 theta:  2   mom:  0   Ent:862411
=>  1 iters (-22594323.03) -> 3
 theta:  2   mom:  1   Ent:843999
=>  1 iters (-23304112.54) -> 3
 theta:  2   mom:  2   Ent:946947
=>  2 iters (-26745612.61) -> 3
 theta:  2   mom:  3   Ent:447655
=== Sucessful r9essai
=>  2 iters (-12010363.01) -> 3
 theta:  2   mom:  4   Ent:183243
=>  1 iters (-4585449.77) -> 3
 theta:  2   mom:  5   Ent:299225
=>  2 iters (-7752321.61) -> 3
 theta:  2   mom:  6   Ent:230020
=>  1 iters (-5809874.68) -> 3
 theta:  2   mom:  7   Ent:175520
=>  1 iters (-4290883.31) -> 3
 theta:  2   mom:  8   Ent:193724
=>  1 iters (-4678868.84) -> 3
 theta:  2   mom:  9   Ent:139265
=>  1 iters (-3211297.45) -> 3
 theta:  2   mom: 10   Ent:71824
=>  1 iters (-1546419.18) -> 3
 theta:  2   mom: 11   Ent:84835
=>  1 iters (-1842187.14) -> 3
 theta:  2   mom: 12   Ent:94461
=>  1 iters (-2040644.42) -> 3
 theta:  2   mom: 13   Ent:55703
=>  1 iters (-1119343.04) -> 3
 theta:  2   mom: 14   Ent:51864
=>  1 iters (-1021932.35) -> 3
 theta:  3   mom:  0   Ent:51110
=>  1 iters (-1119041.24) -> 3
 theta:  3   mom:  1   Ent:7939
=>  1 iters (-148901.06) -> 3
 theta:  3   mom:  2   Ent:1955
=>  1 iters (-30801.47) -> 3
 theta:  3   mom:  3   Ent:246
=>  1 iters (-2800.64) -> 3
 theta:  3   mom:  4   Ent:44
=>  1 iters (-328.67) -> 3
 theta:  3   mom:  5   Ent:41
=>  1 iters (-322.45) -> 3
 theta:  3   mom:  6   Ent:24

Fits of K0 sample for pi+ efficiency:
 theta:  0   mom:  0   Ent:806304
=>  1 iters (-21155462.14) -> 3
 theta:  0   mom:  1   Ent:717253
=>  2 iters (-19583919.93) -> 3
 theta:  0   mom:  2   Ent:815980
=== Sucessful r9essai
=>  2 iters (-22801830.04) -> 3
 theta:  0   mom:  3   Ent:398570
=>  2 iters (-10601607.50) -> 3
 theta:  0   mom:  4   Ent:166899
=>  1 iters (-4146536.41) -> 3
 theta:  0   mom:  5   Ent:277488
=>  2 iters (-7150196.18) -> 3
 theta:  0   mom:  6   Ent:218290
=== Sucessful r9essai
=>  1 iters (-5494992.31) -> 3
 theta:  0   mom:  7   Ent:169772
=>  1 iters (-4143600.40) -> 3
 theta:  0   mom:  8   Ent:191268
=>  1 iters (-4620580.64) -> 3
 theta:  0   mom:  9   Ent:140019
=>  1 iters (-3236019.27) -> 3
 theta:  0   mom: 10   Ent:73296
=>  1 iters (-1584466.14) -> 3
 theta:  0   mom: 11   Ent:87428
=>  1 iters (-1905851.97) -> 3
 theta:  0   mom: 12   Ent:98880
=> 101 iters (-2145867.64) -> 2
 theta:  0   mom: 13   Ent:59446
=>  1 iters (-1202272.33) -> 3
 theta:  0   mom: 14   Ent:56628
=>  2 iters (-1123638.14) -> 3
 theta:  1   mom:  0   Ent:521689
=>  1 iters (-13175457.06) -> 3
 theta:  1   mom:  1   Ent:514181
=>  1 iters (-13700511.43) -> 3
 theta:  1   mom:  2   Ent:584145
=== Sucessful r9essai
=>  1 iters (-15941134.97) -> 3
 theta:  1   mom:  3   Ent:280147
=== Sucessful r9essai
=>  2 iters (-7256802.26) -> 3
 theta:  1   mom:  4   Ent:115754
=>  1 iters (-2791863.81) -> 3
 theta:  1   mom:  5   Ent:190418
=>  2 iters (-4764362.44) -> 3
 theta:  1   mom:  6   Ent:147698
=== Sucessful r9essai
=>  1 iters (-3603034.77) -> 3
 theta:  1   mom:  7   Ent:113534
=>  1 iters (-2680182.35) -> 3
 theta:  1   mom:  8   Ent:126205
=>  1 iters (-2945526.37) -> 3
 theta:  1   mom:  9   Ent:91292
=>  1 iters (-2032874.58) -> 3
 theta:  1   mom: 10   Ent:47275
=>  1 iters (-980908.45) -> 3
 theta:  1   mom: 11   Ent:55975
=>  1 iters (-1171938.61) -> 3
 theta:  1   mom: 12   Ent:62523
=== Sucessful r9essai
=>  1 iters (-1302414.51) -> 3
 theta:  1   mom: 13   Ent:36979
=>  1 iters (-715027.38) -> 3
 theta:  1   mom: 14   Ent:34500
=>  1 iters (-653783.95) -> 3
 theta:  2   mom:  0   Ent:862411
=>  1 iters (-22594323.03) -> 3
 theta:  2   mom:  1   Ent:843999
=>  1 iters (-23304112.54) -> 3
 theta:  2   mom:  2   Ent:946947
=>  2 iters (-26745612.61) -> 3
 theta:  2   mom:  3   Ent:447655
=== Sucessful r9essai
=>  2 iters (-12010363.01) -> 3
 theta:  2   mom:  4   Ent:183243
=>  1 iters (-4585449.77) -> 3
 theta:  2   mom:  5   Ent:299225
=>  2 iters (-7752321.61) -> 3
 theta:  2   mom:  6   Ent:230020
=>  1 iters (-5809874.68) -> 3
 theta:  2   mom:  7   Ent:175520
=>  1 iters (-4290883.31) -> 3
 theta:  2   mom:  8   Ent:193724
=>  1 iters (-4678868.84) -> 3
 theta:  2   mom:  9   Ent:139265
=>  1 iters (-3211297.45) -> 3
 theta:  2   mom: 10   Ent:71824
=>  1 iters (-1546419.18) -> 3
 theta:  2   mom: 11   Ent:84835
=>  1 iters (-1842187.14) -> 3
 theta:  2   mom: 12   Ent:94461
=>  1 iters (-2040644.42) -> 3
 theta:  2   mom: 13   Ent:55703
=>  1 iters (-1119343.04) -> 3
 theta:  2   mom: 14   Ent:51864
=>  1 iters (-1021932.35) -> 3
 theta:  3   mom:  0   Ent:51110
=>  1 iters (-1119041.24) -> 3
 theta:  3   mom:  1   Ent:7939
=>  1 iters (-148901.06) -> 3
 theta:  3   mom:  2   Ent:1955
=>  1 iters (-30801.47) -> 3
 theta:  3   mom:  3   Ent:246
=>  1 iters (-2800.64) -> 3
 theta:  3   mom:  4   Ent:44
=>  1 iters (-328.67) -> 3
 theta:  3   mom:  5   Ent:41
=>  1 iters (-322.45) -> 3
 theta:  3   mom:  6   Ent:24

Fits of PHI sample for K- efficiency:
 theta:  0   mom:  2   Ent:3665123
=> 101 iters (-29909928.01) -> 2
 theta:  0   mom:  3   Ent:1347732
=> 101 iters (-11172095.94) -> 2
 theta:  0   mom:  4   Ent:502297
=== Sucessful r9essai
=>  6 iters (-4017268.32) -> 3
 theta:  0   mom:  5   Ent:765256
=> 101 iters (-6425645.49) -> 2
 theta:  0   mom:  6   Ent:545422
=> 101 iters (-4547389.40) -> 2
 theta:  0   mom:  7   Ent:397683
=== Sucessful r9essai
=== Sucessful r9essai
=> 29 iters (-3222385.08) -> 3
 theta:  0   mom:  8   Ent:411489
=> 101 iters (-3326599.92) -> 2
 theta:  0   mom:  9   Ent:262837
=== Sucessful r9essai
=>  5 iters (-2050924.27) -> 3
 theta:  0   mom: 10   Ent:122082
=== Sucessful r9essai
=== Sucessful r9essai
=== Sucessful r9essai
=== Sucessful r9essai
=== Sucessful r9essai
=== Sucessful r9essai
=== Sucessful r9essai
=== Sucessful r9essai
=== Sucessful r9essai
=> 101 iters (-890954.71) -> 2
 theta:  0   mom: 11   Ent:129632
=>  1 iters (-948183.48) -> 3
 theta:  0   mom: 12   Ent:127628
=== Sucessful r9essai
=>  1 iters (-938104.36) -> 3
 theta:  0   mom: 13   Ent:64072
=== Sucessful r9essai
=>  5 iters (-452512.34) -> 3
 theta:  0   mom: 14   Ent:48634
=>  6 iters (-353337.44) -> 3
 theta:  1   mom:  2   Ent:2616854
=> 101 iters (-20846313.81) -> 2
 theta:  1   mom:  3   Ent:948024
=== Sucessful r9essai
=> 28 iters (-7623444.51) -> 3
 theta:  1   mom:  4   Ent:348719
=== Sucessful r9essai
=> 24 iters (-2692797.85) -> 3
 theta:  1   mom:  5   Ent:524519
=== Sucessful r9essai
=== Sucessful r9essai
=== Sucessful r9essai
=> 97 iters (-4251892.17) -> 3
 theta:  1   mom:  6   Ent:367881
=> 101 iters (-2955265.82) -> 2
 theta:  1   mom:  7   Ent:264464
=== Sucessful r9essai
=== Sucessful r9essai
=>  6 iters (-2061599.28) -> 3
 theta:  1   mom:  8   Ent:269559
=== Sucessful r9essai
=>  5 iters (-2092528.48) -> 3
 theta:  1   mom:  9   Ent:169583
=== Sucessful r9essai
=== Sucessful r9essai
=> 20 iters (-1264562.29) -> 3
 theta:  1   mom: 10   Ent:77762
=== Sucessful r9essai
=== Sucessful r9essai
=== Sucessful r9essai
=== Sucessful r9essai
=== Sucessful r9essai
=== Sucessful r9essai
=> 101 iters (-539858.11) -> 2
 theta:  1   mom: 11   Ent:81809
=>  2 iters (-567205.07) -> 3
 theta:  1   mom: 12   Ent:79327
=== Sucessful r9essai
=>  1 iters (-550576.03) -> 3
 theta:  1   mom: 13   Ent:38885
=== Sucessful r9essai
=>  1 iters (-256988.33) -> 3
 theta:  1   mom: 14   Ent:28472
=>  2 iters (-191391.54) -> 3
 theta:  2   mom:  2   Ent:4248750
=> 101 iters (-34992141.16) -> 2
 theta:  2   mom:  3   Ent:1516647
=== Sucessful r9essai
=== Sucessful r9essai
=== Sucessful r9essai
=> 83 iters (-12614704.88) -> 3
 theta:  2   mom:  4   Ent:552769
=== Sucessful r9essai
=> 101 iters (-4421891.94) -> 3
 theta:  2   mom:  5   Ent:824686
=> 101 iters (-6911954.69) -> 2
 theta:  2   mom:  6   Ent:572405
=> 101 iters (-4758240.84) -> 2
 theta:  2   mom:  7   Ent:408004
=== Sucessful r9essai
=>  2 iters (-3294636.77) -> 3
 theta:  2   mom:  8   Ent:412549
=== Sucessful r9essai
=== Sucessful r9essai
=> 101 iters (-3315059.46) -> 2
 theta:  2   mom:  9   Ent:257765
=== Sucessful r9essai
=> 12 iters (-1991038.93) -> 3
 theta:  2   mom: 10   Ent:117774
=== Sucessful r9essai
=== Sucessful r9essai
=== Sucessful r9essai
=> 47 iters (-849163.26) -> 3
 theta:  2   mom: 11   Ent:123508
=== Sucessful r9essai
=>  4 iters (-888457.26) -> 3
 theta:  2   mom: 12   Ent:119482
=>  1 iters (-861073.55) -> 3
 theta:  2   mom: 13   Ent:58457
=>  3 iters (-402347.12) -> 3
 theta:  2   mom: 14   Ent:42758
=== Sucessful r9essai
=== Sucessful r9essai
=>  6 iters (-299723.70) -> 3
 theta:  3   mom:  2   Ent:17835
=== Sucessful r9essai
=>  1 iters (-72673.73) -> 3
 theta:  3   mom:  3   Ent:1346
=>  1 iters (-3930.06) -> 3
 theta:  3   mom:  4   Ent:226
Eff+/-dEff = 0.51+/-0.57 >> 0.14
Eff+/-dEff = 0.51+/-0.58 >> 0.14
Eff+/-dEff = 0.51+/-0.58 >> 0.14
Eff+/-dEff = 0.51+/-0.53 >> 0.14
Eff+/-dEff = 0.51+/-0.55 >> 0.14
Eff+/-dEff = 0.51+/-0.55 >> 0.14
Eff+/-dEff = 0.51+/-0.54 >> 0.14
Eff+/-dEff = 0.51+/-0.58 >> 0.14
Eff+/-dEff = 0.51+/-0.58 >> 0.14
Eff+/-dEff = 0.51+/-0.58 >> 0.14
Eff+/-dEff = 0.51+/-0.53 >> 0.14
Eff+/-dEff = 0.51+/-0.55 >> 0.14
Eff+/-dEff = 0.51+/-0.55 >> 0.14
Eff+/-dEff = 0.51+/-0.54 >> 0.14
Eff+/-dEff = 0.51+/-0.59 >> 0.14
Eff+/-dEff = 0.51+/-0.58 >> 0.14
Eff+/-dEff = 0.51+/-0.58 >> 0.14
Eff+/-dEff = 0.51+/-0.58 >> 0.14
Eff+/-dEff = 0.51+/-0.54 >> 0.14
Eff+/-dEff = 0.51+/-0.55 >> 0.14
Eff+/-dEff = 0.51+/-0.56 >> 0.14
Eff+/-dEff = 0.51+/-0.58 >> 0.14
Eff+/-dEff = 0.51+/-0.58 >> 0.14
Eff+/-dEff = 0.51+/-0.58 >> 0.14
Eff+/-dEff = 0.51+/-0.58 >> 0.14
Eff+/-dEff = 0.51+/-0.58 >> 0.14
Eff+/-dEff = 0.51+/-0.58 >> 0.14
Eff+/-dEff = 0.51+/-0.58 >> 0.14
Eff+/-dEff = 0.51+/-0.53 >> 0.14
Eff+/-dEff = 0.51+/-0.55 >> 0.14
Eff+/-dEff = 0.51+/-0.55 >> 0.14
Eff+/-dEff = 0.51+/-0.54 >> 0.14
Eff+/-dEff = 0.51+/-0.68 >> 0.14
Eff+/-dEff = 0.51+/-0.58 >> 0.14
Eff+/-dEff = 0.51+/-0.58 >> 0.14
Eff+/-dEff = 0.51+/-0.53 >> 0.14
Eff+/-dEff = 0.51+/-0.55 >> 0.14
Eff+/-dEff = 0.51+/-0.55 >> 0.14
Eff+/-dEff = 0.51+/-0.54 >> 0.14
Eff+/-dEff = 0.51+/-0.54 >> 0.14
Eff+/-dEff = 0.51+/-0.55 >> 0.14
Eff+/-dEff = 0.51+/-0.55 >> 0.14
Eff+/-dEff = 0.51+/-0.55 >> 0.14
Eff+/-dEff = 0.51+/-0.55 >> 0.14
Eff+/-dEff = 0.51+/-0.58 >> 0.14
Eff+/-dEff = 0.51+/-0.58 >> 0.14
Eff+/-dEff = 0.51+/-0.59 >> 0.14
Eff+/-dEff = 0.51+/-0.58 >> 0.14
Eff+/-dEff = 0.51+/-0.57 >> 0.14
Eff+/-dEff = 0.51+/-0.58 >> 0.14
Eff+/-dEff = 0.51+/-0.58 >> 0.14
Eff+/-dEff = 0.51+/-0.53 >> 0.14
Eff+/-dEff = 0.51+/-0.55 >> 0.14
Eff+/-dEff = 0.51+/-0.55 >> 0.14
Eff+/-dEff = 0.51+/-0.54 >> 0.14
Eff+/-dEff = 0.51+/-0.54 >> 0.14
Eff+/-dEff = 0.51+/-0.55 >> 0.14
Eff+/-dEff = 0.51+/-0.55 >> 0.14
Eff+/-dEff = 0.51+/-0.55 >> 0.14
Eff+/-dEff = 0.51+/-0.58 >> 0.14
Eff+/-dEff = 0.51+/-0.58 >> 0.14
Eff+/-dEff = 0.51+/-0.58 >> 0.14
Eff+/-dEff = 0.51+/-0.53 >> 0.14
Eff+/-dEff = 0.51+/-0.55 >> 0.14
Eff+/-dEff = 0.51+/-0.55 >> 0.14
Eff+/-dEff = 0.51+/-0.54 >> 0.14
Eff+/-dEff = 0.51+/-0.58 >> 0.14
Eff+/-dEff = 0.51+/-0.59 >> 0.14
Eff+/-dEff = 0.51+/-0.58 >> 0.14
Eff+/-dEff = 0.51+/-0.58 >> 0.14
Eff+/-dEff = 0.51+/-0.54 >> 0.14
Eff+/-dEff = 0.51+/-0.59 >> 0.14
Eff+/-dEff = 0.51+/-0.58 >> 0.14
Eff+/-dEff = 0.51+/-0.58 >> 0.14
Eff+/-dEff = 0.51+/-0.56 >> 0.14
Eff+/-dEff = 0.51+/-0.56 >> 0.14
Eff+/-dEff = 0.51+/-0.58 >> 0.14
Eff+/-dEff = 0.51+/-0.58 >> 0.14
Eff+/-dEff = 0.51+/-0.54 >> 0.14
Eff+/-dEff = 0.51+/-0.55 >> 0.14
Eff+/-dEff = 0.51+/-0.58 >> 0.14
Eff+/-dEff = 0.51+/-0.56 >> 0.14
Eff+/-dEff = 0.51+/-0.54 >> 0.14
Eff+/-dEff = 0.51+/-0.55 >> 0.14
Eff+/-dEff = 0.51+/-0.55 >> 0.14
Eff+/-dEff = 0.51+/-0.58 >> 0.14
Eff+/-dEff = 0.51+/-0.58 >> 0.14
Eff+/-dEff = 0.51+/-0.57 >> 0.14
Eff+/-dEff = 0.51+/-0.58 >> 0.14
Eff+/-dEff = 0.51+/-0.58 >> 0.14
Eff+/-dEff = 0.51+/-0.58 >> 0.14
Eff+/-dEff = 0.51+/-0.58 >> 0.14
Eff+/-dEff = 0.51+/-0.58 >> 0.14
Eff+/-dEff = 0.51+/-0.53 >> 0.14
Eff+/-dEff = 0.51+/-0.55 >> 0.14
Eff+/-dEff = 0.51+/-0.55 >> 0.14
Eff+/-dEff = 0.51+/-0.54 >> 0.14
Eff+/-dEff = 0.51+/-0.54 >> 0.14
Eff+/-dEff = 0.51+/-0.55 >> 0.14
Eff+/-dEff = 0.51+/-0.54 >> 0.14
Eff+/-dEff = 0.51+/-0.58 >> 0.14
=> 101 iters (-385.09) -> 3
 theta:  3   mom:  5   Ent:186
=== Sucessful r9essai
=>  1 iters (-361.58) -> 3
 theta:  3   mom:  6   Ent:63
=>  1 iters (-96.24) -> 3
 theta:  3   mom:  7   Ent:16
 theta:  3   mom:  8   Ent:13
 theta:  3   mom:  9   Ent:2
 theta:  3   mom: 10   Ent:0
 theta:  3   mom: 11   Ent:0
 theta:  3   mom: 12   Ent:0
 theta:  3   mom: 13   Ent:0
 theta:  3   mom: 14   Ent:0

Fits of PHI sample for K+ efficiency:
 theta:  0   mom:  2   Ent:3665123
=== Sucessful r9essai
=> 101 iters (-29909928.01) -> 2
 theta:  0   mom:  3   Ent:1347732
=== Sucessful r9essai
=== Sucessful r9essai
=== Sucessful r9essai
=> 81 iters (-11172101.10) -> 3
 theta:  0   mom:  4   Ent:502297
=== Sucessful r9essai
=== Sucessful r9essai
=> 15 iters (-4017268.33) -> 3
 theta:  0   mom:  5   Ent:765256
=> 101 iters (-6425645.48) -> 3
 theta:  0   mom:  6   Ent:545422
=== Sucessful r9essai
=> 101 iters (-4547389.40) -> 2
 theta:  0   mom:  7   Ent:397683
=== Sucessful r9essai
=== Sucessful r9essai
=== Sucessful r9essai
=> 101 iters (-3222384.95) -> 2
 theta:  0   mom:  8   Ent:411489
=> 101 iters (-3326599.92) -> 3
 theta:  0   mom:  9   Ent:262837
=== Sucessful r9essai
=== Sucessful r9essai
=== Sucessful r9essai
=== Sucessful r9essai
=== Sucessful r9essai
=> 56 iters (-2050924.27) -> 3
 theta:  0   mom: 10   Ent:122082
=== Sucessful r9essai
=== Sucessful r9essai
=== Sucessful r9essai
=== Sucessful r9essai
=> 101 iters (-890954.71) -> 2
 theta:  0   mom: 11   Ent:129632
=>  3 iters (-948183.48) -> 3
 theta:  0   mom: 12   Ent:127628
=== Sucessful r9essai
=>  1 iters (-938104.36) -> 3
 theta:  0   mom: 13   Ent:64072
=== Sucessful r9essai
=>  4 iters (-452512.34) -> 3
 theta:  0   mom: 14   Ent:48634
=>  4 iters (-353337.44) -> 3
 theta:  1   mom:  2   Ent:2616854
=== Sucessful r9essai
=== Sucessful r9essai
=> 101 iters (-20846313.81) -> 2
 theta:  1   mom:  3   Ent:948024
=== Sucessful r9essai
=> 35 iters (-7623444.51) -> 3
 theta:  1   mom:  4   Ent:348719
=>  4 iters (-2692795.71) -> 3
 theta:  1   mom:  5   Ent:524519
=== Sucessful r9essai
=> 11 iters (-4251892.20) -> 3
 theta:  1   mom:  6   Ent:367881
=== Sucessful r9essai
=== Sucessful r9essai
=> 101 iters (-2955265.82) -> 2
 theta:  1   mom:  7   Ent:264464
=== Sucessful r9essai
=== Sucessful r9essai
=== Sucessful r9essai
=== Sucessful r9essai
=== Sucessful r9essai
=== Sucessful r9essai
=== Sucessful r9essai
=== Sucessful r9essai
=== Sucessful r9essai
=== Sucessful r9essai
=== Sucessful r9essai
=== Sucessful r9essai
=== Sucessful r9essai
=== Sucessful r9essai
=== Sucessful r9essai
=== Sucessful r9essai
=== Sucessful r9essai
=== Sucessful r9essai
=== Sucessful r9essai
=== Sucessful r9essai
=== Sucessful r9essai
=== Sucessful r9essai
=== Sucessful r9essai
=== Sucessful r9essai
=== Sucessful r9essai
=== Sucessful r9essai
=== Sucessful r9essai
=== Sucessful r9essai
=> 50 iters (-2061599.38) -> 3
 theta:  1   mom:  8   Ent:269559
=== Sucessful r9essai
=== Sucessful r9essai
=== Sucessful r9essai
=== Sucessful r9essai
=== Sucessful r9essai
=> 87 iters (-2092528.48) -> 3
 theta:  1   mom:  9   Ent:169583
=== Sucessful r9essai
=>  9 iters (-1264562.29) -> 3
 theta:  1   mom: 10   Ent:77762
=== Sucessful r9essai
=== Sucessful r9essai
=== Sucessful r9essai
=== Sucessful r9essai
=== Sucessful r9essai
=== Sucessful r9essai
=== Sucessful r9essai
=== Sucessful r9essai
=== Sucessful r9essai
=== Sucessful r9essai
=== Sucessful r9essai
=> 101 iters (-539857.95) -> 2
 theta:  1   mom: 11   Ent:81809
=== Sucessful r9essai
=>  3 iters (-567204.73) -> 3
 theta:  1   mom: 12   Ent:79327
=> 13 iters (-550576.03) -> 3
 theta:  1   mom: 13   Ent:38885
=>  1 iters (-256988.10) -> 3
 theta:  1   mom: 14   Ent:28472
=>  1 iters (-191391.54) -> 3
 theta:  2   mom:  2   Ent:4248750
=> 101 iters (-34992141.16) -> 2
 theta:  2   mom:  3   Ent:1516647
=== Sucessful r9essai
=> 101 iters (-12614704.88) -> 2
 theta:  2   mom:  4   Ent:552769
=== Sucessful r9essai
=> 87 iters (-4421891.94) -> 3
 theta:  2   mom:  5   Ent:824686
=> 101 iters (-6911954.67) -> 2
 theta:  2   mom:  6   Ent:572405
=> 101 iters (-4758240.94) -> 2
 theta:  2   mom:  7   Ent:408004
=== Sucessful r9essai
=== Sucessful r9essai
=== Sucessful r9essai
=== Sucessful r9essai
=== Sucessful r9essai
=== Sucessful r9essai
=== Sucessful r9essai
=== Sucessful r9essai
=== Sucessful r9essai
=== Sucessful r9essai
=== Sucessful r9essai
=== Sucessful r9essai
=== Sucessful r9essai
=== Sucessful r9essai
=== Sucessful r9essai
=> 101 iters (-3294637.06) -> 2
 theta:  2   mom:  8   Ent:412549
=== Sucessful r9essai
=== Sucessful r9essai
=== Sucessful r9essai
=> 101 iters (-3315059.46) -> 2
 theta:  2   mom:  9   Ent:257765
=== Sucessful r9essai
=== Sucessful r9essai
=> 28 iters (-1991038.18) -> 3
 theta:  2   mom: 10   Ent:117774
=== Sucessful r9essai
=== Sucessful r9essai
=== Sucessful r9essai
=== Sucessful r9essai
=== Sucessful r9essai
=== Sucessful r9essai
=== Sucessful r9essai
=== Sucessful r9essai
=== Sucessful r9essai
=== Sucessful r9essai
=== Sucessful r9essai
=== Sucessful r9essai
=== Sucessful r9essai
=> 101 iters (-849163.26) -> 2
 theta:  2   mom: 11   Ent:123508
=== Sucessful r9essai
=>  5 iters (-888457.26) -> 3
 theta:  2   mom: 12   Ent:119482
=>  1 iters (-861073.55) -> 3
 theta:  2   mom: 13   Ent:58457
=>  2 iters (-402346.77) -> 3
 theta:  2   mom: 14   Ent:42758
=== Sucessful r9essai
=>  3 iters (-299723.71) -> 3
 theta:  3   mom:  2   Ent:17835
=>  6 iters (-72673.73) -> 3
 theta:  3   mom:  3   Ent:1346
=>  1 iters (-3930.29) -> 3
 theta:  3   mom:  4   Ent:226
=>  2 iters (-385.07) -> 3
 theta:  3   mom:  5   Ent:186
=>  2 iters (-361.58) -> 3
 theta:  3   mom:  6   Ent:63
=>  1 iters (-96.24) -> 3
 theta:  3   mom:  7   Ent:16
 theta:  3   mom:  8   Ent:13
 theta:  3   mom:  9   Ent:2
 theta:  3   mom: 10   Ent:0
 theta:  3   mom: 11   Ent:0
 theta:  3   mom: 12   Ent:0
 theta:  3   mom: 13   Ent:0
 theta:  3   mom: 14   Ent:0

Fits of LAMBDA sample for pbar efficiency:
 theta:  0   mom:  0   Ent:0
 theta:  0   mom:  1   Ent:1715
=>  2 iters (0.00) -> 1
 theta:  0   mom:  2   Ent:36147
=>  1 iters (-207105.69) -> 3
 theta:  0   mom:  3   Ent:59948
=== Sucessful r9essai
=>  1 iters (-852027.59) -> 3
 theta:  0   mom:  4   Ent:37657
=>  2 iters (-537778.27) -> 2
 theta:  0   mom:  5   Ent:83169
=== Sucessful r9essai
=>  1 iters (-1274388.97) -> 3
 theta:  0   mom:  6   Ent:85242
=>  2 iters (-1262907.58) -> 2
 theta:  0   mom:  7   Ent:79192
=>  2 iters (-1138004.18) -> 2
 theta:  0   mom:  8   Ent:102774
=>  2 iters (-1426339.95) -> 2
 theta:  0   mom:  9   Ent:86424
=>  2 iters (-1147026.97) -> 2
 theta:  0   mom: 10   Ent:48425
=>  1 iters (-599039.90) -> 3
 theta:  0   mom: 11   Ent:61135
=>  2 iters (-765401.58) -> 3
 theta:  0   mom: 12   Ent:75494
=== Sucessful r9essai
=>  1 iters (-953334.31) -> 3
 theta:  0   mom: 13   Ent:51619
=>  2 iters (-622553.56) -> 3
 theta:  0   mom: 14   Ent:54487
=== Sucessful r9essai
=>  1 iters (-626675.39) -> 3
 theta:  1   mom:  0   Ent:0
 theta:  1   mom:  1   Ent:1231
=>  2 iters (0.00) -> 1
 theta:  1   mom:  2   Ent:25751
=>  1 iters (-142035.47) -> 3
 theta:  1   mom:  3   Ent:42259
=== Sucessful r9essai
=>  1 iters (-583365.54) -> 3
 theta:  1   mom:  4   Ent:26255
=== Sucessful r9essai
=>  1 iters (-364160.56) -> 3
 theta:  1   mom:  5   Ent:57465
=>  2 iters (-856526.64) -> 3
 theta:  1   mom:  6   Ent:58136
=>  2 iters (-836973.06) -> 2
 theta:  1   mom:  7   Ent:53410
=>  2 iters (-745118.26) -> 2
 theta:  1   mom:  8   Ent:68296
=>  2 iters (-917384.00) -> 2
 theta:  1   mom:  9   Ent:56657
=== Sucessful r9essai
=>  2 iters (-725498.71) -> 2
 theta:  1   mom: 10   Ent:31388
=>  1 iters (-373282.01) -> 3
 theta:  1   mom: 11   Ent:39251
=>  2 iters (-472159.23) -> 3
 theta:  1   mom: 12   Ent:47764
=>  1 iters (-580300.62) -> 3
 theta:  1   mom: 13   Ent:32181
=>  1 iters (-373577.01) -> 3
 theta:  1   mom: 14   Ent:33059
=>  2 iters (-364368.82) -> 2
 theta:  2   mom:  0   Ent:0
 theta:  2   mom:  1   Ent:2009
=>  2 iters (0.00) -> 1
 theta:  2   mom:  2   Ent:41652
=>  1 iters (-240418.47) -> 3
 theta:  2   mom:  3   Ent:67644
=== Sucessful r9essai
=>  1 iters (-974733.34) -> 3
 theta:  2   mom:  4   Ent:41754
=== Sucessful r9essai
=>  2 iters (-606552.26) -> 2
 theta:  2   mom:  5   Ent:90792
=>  2 iters (-1412256.39) -> 2
 theta:  2   mom:  6   Ent:91143
=>  2 iters (-1367840.55) -> 3
 theta:  2   mom:  7   Ent:83103
=>  2 iters (-1207650.39) -> 2
 theta:  2   mom:  8   Ent:105401
=>  2 iters (-1472066.30) -> 2
 theta:  2   mom:  9   Ent:86795
=== Sucessful r9essai
=>  2 iters (-1154935.31) -> 3
 theta:  2   mom: 10   Ent:47854
=>  2 iters (-591999.59) -> 2
 theta:  2   mom: 11   Ent:59625
=>  2 iters (-745568.32) -> 2
 theta:  2   mom: 12   Ent:72236
=== Sucessful r9essai
=>  2 iters (-911555.75) -> 2
 theta:  2   mom: 13   Ent:48536
=== Sucessful r9essai
=>  2 iters (-585658.62) -> 2
 theta:  2   mom: 14   Ent:49745
=>  2 iters (-569886.49) -> 3
 theta:  3   mom:  0   Ent:0
 theta:  3   mom:  1   Ent:10
 theta:  3   mom:  2   Ent:103
 FUNCTION MUST BE MINIMIZED BEFORE CALLING IMProve   
=>  1 iters (-217.98) -> 3
 theta:  3   mom:  3   Ent:52
=>  1 iters (-300.37) -> 3
 theta:  3   mom:  4   Ent:37
 FUNCTION MUST BE MINIMIZED BEFORE CALLING IMProve   
=>  2 iters (-245.42) -> 3
 theta:  3   mom:  5   Ent:25
 FUNCTION MUST BE MINIMIZED BEFORE CALLING IMProve   
=>  1 iters (-183.55) -> 3
 theta:  3   mom:  6   Ent:9

Fits of LAMBDA sample for p efficiency:
 theta:  0   mom:  0   Ent:0
 theta:  0   mom:  1   Ent:1715
=>  2 iters (0.00) -> 1
 theta:  0   mom:  2   Ent:36147
=>  1 iters (-207105.69) -> 3
 theta:  0   mom:  3   Ent:59948
=== Sucessful r9essai
=>  1 iters (-852027.59) -> 3
 theta:  0   mom:  4   Ent:37657
=>  2 iters (-537778.25) -> 3
 theta:  0   mom:  5   Ent:83169
=== Sucessful r9essai
=>  1 iters (-1274388.97) -> 3
 theta:  0   mom:  6   Ent:85242
=>  2 iters (-1262907.58) -> 2
 theta:  0   mom:  7   Ent:79192
=>  2 iters (-1138004.20) -> 2
 theta:  0   mom:  8   Ent:102774
=>  2 iters (-1426339.95) -> 2
 theta:  0   mom:  9   Ent:86424
=== Sucessful r9essai
=>  2 iters (-1147026.97) -> 3
 theta:  0   mom: 10   Ent:48425
=>  1 iters (-599039.90) -> 3
 theta:  0   mom: 11   Ent:61135
=>  2 iters (-765401.63) -> 2
 theta:  0   mom: 12   Ent:75494
=== Sucessful r9essai
=>  1 iters (-953334.31) -> 3
 theta:  0   mom: 13   Ent:51619
=>  2 iters (-622553.56) -> 2
 theta:  0   mom: 14   Ent:54487
=== Sucessful r9essai
=>  1 iters (-626675.39) -> 3
 theta:  1   mom:  0   Ent:0
 theta:  1   mom:  1   Ent:1231
=>  2 iters (0.00) -> 1
 theta:  1   mom:  2   Ent:25751
=>  1 iters (-142035.47) -> 3
 theta:  1   mom:  3   Ent:42259
=== Sucessful r9essai
=>  1 iters (-583365.54) -> 3
 theta:  1   mom:  4   Ent:26255
=== Sucessful r9essai
=>  1 iters (-364160.56) -> 3
 theta:  1   mom:  5   Ent:57465
=>  2 iters (-856526.64) -> 2
 theta:  1   mom:  6   Ent:58136
=>  2 iters (-836973.06) -> 2
 theta:  1   mom:  7   Ent:53410
=>  2 iters (-745118.21) -> 2
 theta:  1   mom:  8   Ent:68296
=>  2 iters (-917384.00) -> 2
 theta:  1   mom:  9   Ent:56657
=== Sucessful r9essai
=>  2 iters (-725498.71) -> 3
 theta:  1   mom: 10   Ent:31388
=>  1 iters (-373282.01) -> 3
 theta:  1   mom: 11   Ent:39251
=>  2 iters (-472159.24) -> 3
 theta:  1   mom: 12   Ent:47764
=>  1 iters (-580300.62) -> 3
 theta:  1   mom: 13   Ent:32181
=>  1 iters (-373577.01) -> 3
 theta:  1   mom: 14   Ent:33059
=>  2 iters (-364368.83) -> 2
 theta:  2   mom:  0   Ent:0
 theta:  2   mom:  1   Ent:2009
=>  2 iters (0.00) -> 1
 theta:  2   mom:  2   Ent:41652
=>  1 iters (-240418.47) -> 3
 theta:  2   mom:  3   Ent:67644
=== Sucessful r9essai
=>  1 iters (-974733.34) -> 3
 theta:  2   mom:  4   Ent:41754
=== Sucessful r9essai
=>  2 iters (-606552.24) -> 2
 theta:  2   mom:  5   Ent:90792
=>  2 iters (-1412256.39) -> 2
 theta:  2   mom:  6   Ent:91143
=== Sucessful r9essai
=>  2 iters (-1367840.55) -> 3
 theta:  2   mom:  7   Ent:83103
=>  2 iters (-1207650.43) -> 2
 theta:  2   mom:  8   Ent:105401
=>  2 iters (-1472066.30) -> 2
 theta:  2   mom:  9   Ent:86795
=== Sucessful r9essai
=== Sucessful r9essai
=>  2 iters (-1154935.31) -> 3
 theta:  2   mom: 10   Ent:47854
=>  2 iters (-591999.59) -> 2
 theta:  2   mom: 11   Ent:59625
=>  2 iters (-745568.31) -> 2
 theta:  2   mom: 12   Ent:72236
=>  1 iters (-911555.75) -> 3
 theta:  2   mom: 13   Ent:48536
=>  2 iters (-585658.62) -> 3
 theta:  2   mom: 14   Ent:49745
=>  2 iters (-569886.52) -> 2
 theta:  3   mom:  0   Ent:0
 theta:  3   mom:  1   Ent:10
 theta:  3   mom:  2   Ent:103
 FUNCTION MUST BE MINIMIZED BEFORE CALLING IMProve   
=>  1 iters (-217.98) -> 3
 theta:  3   mom:  3   Ent:52
=>  1 iters (-300.37) -> 3
 theta:  3   mom:  4   Ent:37
 FUNCTION MUST BE MINIMIZED BEFORE CALLING IMProve   
=>  2 iters (-245.85) -> 3
 theta:  3   mom:  5   Ent:25
 FUNCTION MUST BE MINIMIZED BEFORE CALLING IMProve   
=>  1 iters (-183.55) -> 3
 theta:  3   mom:  6   Ent:9
p,t,i: 0,1,2 Empty
p,t,i: 0,1,3 Empty
p,t,i: 0,1,4 Empty
p,t,i: 0,1,5 Empty
p,t,i: 0,2,2 Empty
p,t,i: 0,2,3 Empty
p,t,i: 0,2,4 Empty
p,t,i: 0,2,5 Empty
p,t,i: 1,1,2 Empty
p,t,i: 1,1,3 Empty
p,t,i: 1,2,2 Empty
p,t,i: 1,2,3 Empty
0 1 0 0.923755 0.964238 0.970807 0.976049 0.976968 0.977756 0.980708 0.982232 0.984829 0.986529 0.988709 0.984861 0.972839 0.958489 0.919543 
0 2 0 0 0 5.35624e-06 0.000493326 0.00113609 0.00188807 0.00200819 0.00195158 0.00136622 0.00213696 0.00189761 0.00323131 0.00618288 0.00882534 0.0118169 
0 3 0 0.0762453 0.0357622 0.0291871 0.0233525 0.0217604 0.0199872 0.0168886 0.0153165 0.0130616 0.007926 0.00380692 0.00518167 0.00744967 0.0040811 0.00368032 
0 4 0 0 0 0 0.000105158 0.000135726 0.000368444 0.000395167 0.000499944 0.000743193 0.00340783 0.00558685 0.0067265 0.0135282 0.0286042 0.0649597 
0 1 1 0.934434 0.966126 0.971185 0.976091 0.976913 0.977732 0.980529 0.98216 0.984903 0.986685 0.988644 0.984929 0.973833 0.958881 0.9238 
0 2 1 0 0 5.66207e-06 0.000498576 0.00120235 0.00196062 0.00207161 0.00198325 0.00138279 0.00207335 0.00187874 0.00320726 0.00587601 0.00892873 0.0113457 
0 3 1 0.0655664 0.0338739 0.0288098 0.0232989 0.0217492 0.0199329 0.0169946 0.0153393 0.0129462 0.0079371 0.00386067 0.00530257 0.00753487 0.00403257 0.00310181 
0 4 1 0 0 0 0.000111616 0.000135638 0.000374836 0.000404962 0.000517245 0.000767688 0.00330491 0.00561637 0.00656114 0.0127563 0.0281581 0.061753 
0 1 2 0.9352 0.966191 0.971127 0.976005 0.976723 0.977581 0.980342 0.981926 0.984766 0.986571 0.988557 0.984879 0.973875 0.958933 0.923949 
0 2 2 0 0 6.04346e-06 0.000502641 0.00124113 0.0020165 0.00210284 0.0020049 0.00139571 0.00209088 0.00185527 0.00320653 0.00581864 0.00893141 0.0113318 
0 3 2 0.0647996 0.0338086 0.0288669 0.0233778 0.0218995 0.0200157 0.0171448 0.015542 0.0130561 0.00802264 0.00394272 0.00531362 0.00757016 0.00402888 0.0030584 
0 4 2 0 0 0 0.000114911 0.000136837 0.000386908 0.000410871 0.000526751 0.00078271 0.00331586 0.00564456 0.00660097 0.0127361 0.0281066 0.0616609 
0 1 3 0.863078 0.880645 0.857421 0.839489 0.877179 0.868314 
0 2 3 0 0 6.18062e-15 0.00426009 0 0.0263061 
0 3 3 0.136922 0.119355 0.142579 0.156251 0.122821 0.10538 
0 4 3 0 0 0 0 0 0 
1 1 0 0.923755 0.964238 0.970807 0.976049 0.976968 0.977756 0.980708 0.982232 0.984829 0.986529 0.988709 0.984861 0.972839 0.958489 0.919543 
1 2 0 0 0 5.35624e-06 0.000493326 0.00113609 0.00188807 0.00200819 0.00195158 0.00136622 0.00213696 0.00189761 0.00323131 0.00618288 0.00882534 0.0118169 
1 3 0 0.0762453 0.0357622 0.0291871 0.0233525 0.0217604 0.0199872 0.0168886 0.0153165 0.0130616 0.007926 0.00380692 0.00518167 0.00744967 0.0040811 0.00368032 
1 4 0 0 0 0 0.000105158 0.000135726 0.000368444 0.000395167 0.000499944 0.000743193 0.00340783 0.00558685 0.0067265 0.0135282 0.0286042 0.0649597 
1 1 1 0.934434 0.966126 0.971185 0.976091 0.976913 0.977732 0.980529 0.98216 0.984903 0.986685 0.988644 0.984929 0.973833 0.958881 0.9238 
1 2 1 0 0 5.66207e-06 0.000498576 0.00120235 0.00196062 0.00207161 0.00198325 0.00138279 0.00207335 0.00187874 0.00320726 0.00587601 0.00892873 0.0113457 
1 3 1 0.0655664 0.0338739 0.0288098 0.0232989 0.0217492 0.0199329 0.0169946 0.0153393 0.0129462 0.0079371 0.00386067 0.00530257 0.00753487 0.00403257 0.00310181 
1 4 1 0 0 0 0.000111616 0.000135638 0.000374836 0.000404962 0.000517245 0.000767688 0.00330491 0.00561637 0.00656114 0.0127563 0.0281581 0.061753 
1 1 2 0.9352 0.966191 0.971127 0.976005 0.976723 0.977581 0.980342 0.981926 0.984766 0.986571 0.988557 0.984879 0.973875 0.958933 0.923949 
1 2 2 0 0 6.04346e-06 0.000502641 0.00124113 0.0020165 0.00210284 0.0020049 0.00139571 0.00209088 0.00185527 0.00320653 0.00581864 0.00893141 0.0113318 
1 3 2 0.0647996 0.0338086 0.0288669 0.0233778 0.0218995 0.0200157 0.0171448 0.015542 0.0130561 0.00802264 0.00394272 0.00531362 0.00757016 0.00402888 0.0030584 
1 4 2 0 0 0 0.000114911 0.000136837 0.000386908 0.000410871 0.000526751 0.00078271 0.00331586 0.00564456 0.00660097 0.0127361 0.0281066 0.0616609 
1 1 3 0.863078 0.880645 0.857421 0.839489 0.877179 0.868314 
1 2 3 0 0 6.18062e-15 0.00426009 0 0.0263061 
1 3 3 0.136922 0.119355 0.142579 0.156251 0.122821 0.10538 
1 4 3 0 0 0 0 0 0 
2 1 0 0.100404 0.0585127 0.0378622 0.0144574 0.0289599 0.0153186 0.0174536 0.0124117 0.0286342 0.0279288 0.0483974 0.0862089 0.190947 
2 2 0 0.00625576 0.631562 0.884481 0.941937 0.938233 0.96096 0.96054 0.963267 0.945303 0.931352 0.880477 0.760527 0.490266 
2 3 0 0.89334 0.307888 0.0751619 0.0408689 0.0302311 0.0227086 0.0182848 0.0159494 0.0131129 0.0127254 0.0106711 0.00695203 0.0104245 
2 4 0 2.33609e-12 0.00203757 0.00249448 0.00273699 0.00257569 0.00101244 0.00372192 0.00837183 0.0129496 0.0279936 0.0604549 0.146312 0.308363 
2 1 1 0.0974249 0.0565053 0.0348756 0.0109736 0.0246479 0.0143147 0.0159677 0.00436972 0.0276819 0.0237119 0.0365964 0.0645434 0.148065 
2 2 1 0.00638609 0.638269 0.890595 0.947981 0.944789 0.963753 0.962862 0.972143 0.948478 0.93994 0.89891 0.792742 0.535852 
2 3 1 0.896189 0.303229 0.0722649 0.0384058 0.0283036 0.0209679 0.01785 0.0164015 0.0133634 0.0131537 0.0105021 0.00796886 0.0112509 
2 4 1 9.10094e-13 0.00199655 0.00226488 0.00263914 0.00225966 0.000963958 0.00331995 0.00708574 0.0104772 0.0231945 0.0539912 0.134746 0.304832 
2 1 2 0.0956813 0.054339 0.0343712 0.00912528 0.0232777 0.0144946 0.0149031 0.00364183 0.0271086 0.0238698 0.0365239 0.0646127 0.148097 
2 2 2 0.00644933 0.643287 0.892225 0.950522 0.946302 0.963033 0.963727 0.973171 0.949199 0.939879 0.898869 0.792558 0.53566 
2 3 2 0.897869 0.300371 0.0711639 0.0377886 0.0282082 0.0215159 0.018145 0.016192 0.0133492 0.0130691 0.0104628 0.00815962 0.0112587 
2 4 2 4.50154e-12 0.00200287 0.00223997 0.00256454 0.00221223 0.000956669 0.00322496 0.00699515 0.0103435 0.0231819 0.0541444 0.134669 0.304984 
2 1 3 0.0876594 0.0324301 0.491694 0.177712 4.32497e-09 
2 2 3 0.00645668 0.43092 0.508299 0.507764 0.38614 
2 3 3 0.905884 0.53665 7.18507e-06 0.314524 0.61386 
2 4 3 0 0 0 0 0 
3 1 0 0.100654 0.061991 0.0379788 0.0125293 0.0289947 0.0160269 0.0164376 0.0124593 0.0291361 0.0279016 0.0484157 0.0862441 0.190959 
3 2 0 0.00625834 0.627381 0.88432 0.944104 0.938173 0.96012 0.961602 0.963221 0.944878 0.931383 0.880446 0.76049 0.490252 
3 3 0 0.893088 0.308592 0.0752055 0.0406317 0.030256 0.022834 0.0182329 0.0159478 0.0130331 0.0127197 0.0106798 0.00695683 0.010425 
3 4 0 8.41975e-12 0.00203581 0.00249553 0.00273519 0.00257672 0.00101894 0.00372757 0.00837238 0.0129531 0.0279958 0.0604581 0.146309 0.308364 
3 1 1 0.097732 0.0565388 0.0421495 0.0103778 0.024695 0.015023 0.0159722 0.00442954 0.0270296 0.0240771 0.0365532 0.0667981 0.148041 
3 2 1 0.00638151 0.63826 0.8841 0.948635 0.944731 0.962911 0.962863 0.972079 0.949706 0.939443 0.898969 0.790855 0.535856 
3 3 1 0.895887 0.303204 0.0715192 0.0383537 0.0283144 0.0210982 0.0178449 0.0164056 0.0128688 0.0132389 0.0104957 0.00793471 0.0112586 
3 4 1 1.031e-11 0.00199679 0.00223181 0.0026332 0.00225977 0.000967552 0.00332037 0.00708542 0.0103959 0.0232408 0.0539821 0.134412 0.304845 
3 1 2 0.0960807 0.0551747 0.0344431 0.00928425 0.0231911 0.015243 0.0150914 0.00487651 0.0273477 0.0238634 0.0365203 0.0668657 0.14797 
3 2 2 0.00646042 0.642133 0.892183 0.950395 0.946419 0.962177 0.963518 0.971261 0.948978 0.939889 0.898876 0.790664 0.535971 
3 3 2 0.897459 0.300688 0.0711303 0.037746 0.02818 0.0216259 0.0181655 0.0168343 0.0133344 0.0130661 0.0104614 0.00812192 0.0112416 
3 4 2 7.24103e-12 0.00200399 0.00224343 0.0025745 0.00220982 0.000954308 0.003225 0.00702854 0.0103398 0.0231811 0.0541418 0.134348 0.304817 
3 1 3 0.0874898 0.0341105 0.50706 0.177559 4.96304e-08 
3 2 3 0.00645255 0.434996 0.492931 0.507715 0.386222 
3 3 3 0.906058 0.530894 9.31501e-06 0.314726 0.613778 
3 4 3 0 0 0 0 0 
4 1 0 0 0.160116 0.156757 0.119439 0.139453 0.138793 0.143077 0.0974843 0.0540876 0.0311489 0.0313811 0.0334877 0.0196895 0.0221276 
4 2 0 0 0.00137111 0.021532 0.0364889 0.0331288 0.0507528 0.0569273 0.0372286 0.0195818 0.00571669 0.0053935 0.00965174 0.0218434 0.0192534 
4 3 0 0 0.838513 0.821217 0.841852 0.824182 0.806477 0.791945 0.858741 0.912799 0.949322 0.950559 0.943519 0.938648 0.937026 
4 4 0 0 0 0.00049418 0.00222061 0.00323633 0.00397732 0.00805004 0.00654563 0.0135319 0.0138123 0.0126664 0.0133416 0.0198186 0.0215936 
4 1 1 0 0.381262 0.153406 0.115866 0.135194 0.133239 0.138971 0.0912639 0.0509222 0.0272035 0.0314676 0.0331603 0.0211376 0.0218699 
4 2 1 0 0.000953478 0.0222052 0.0372222 0.0335811 0.0513959 0.057332 0.0372187 0.0195352 0.00551264 0.00458347 0.0097988 0.0220564 0.0176164 
4 3 1 0 0.617784 0.823882 0.844776 0.827949 0.811507 0.795795 0.865335 0.915945 0.954102 0.951639 0.943486 0.937595 0.94129 
4 4 1 0 0 0.000506801 0.00213546 0.00327545 0.00385819 0.00790205 0.00618223 0.0135973 0.0131815 0.0123102 0.013555 0.0192106 0.0192237 
4 1 2 0 0.380743 0.151737 0.114398 0.133348 0.131137 0.136708 0.089704 0.0485374 0.0268785 0.0313234 0.0334355 0.0217042 0.0211175 
4 2 2 0 0.000944845 0.0225949 0.0377813 0.0338836 0.051595 0.0574042 0.0371123 0.0190426 0.00568099 0.0045918 0.00984955 0.0221838 0.0175196 
4 3 2 0 0.618312 0.825155 0.845719 0.829474 0.81354 0.798093 0.8671 0.919063 0.954354 0.951781 0.943157 0.936965 0.942339 
4 4 2 0 0 0.00051287 0.00210206 0.00329424 0.0037279 0.00779493 0.00608336 0.0133571 0.0130868 0.0123042 0.0135577 0.0191465 0.0190237 
4 1 3 2.83163e-06 0.0410079 0.0753288 0.162828 
4 2 3 0 4.16533e-07 2.32507e-07 5.49294e-08 
4 3 3 0.999997 0.958992 0.924671 0.837172 
4 4 3 0 0 0 0 
5 1 0 0 0.160116 0.156757 0.119408 0.139453 0.138785 0.142894 0.0974717 0.0540991 0.0311489 0.0312625 0.0334877 0.019694 0.0221276 
5 2 0 0 0.00137111 0.021532 0.0364865 0.0331288 0.0507526 0.0568809 0.0372232 0.0195838 0.00571669 0.00529493 0.00965174 0.0218814 0.0192534 
5 3 0 0 0.838513 0.821217 0.841884 0.824182 0.806486 0.79218 0.858752 0.912783 0.949322 0.950791 0.943519 0.938606 0.937026 
5 4 0 0 0 0.00049418 0.00222097 0.00323633 0.00397703 0.00804444 0.0065526 0.0135337 0.0138123 0.0126516 0.0133416 0.019819 0.0215936 
5 1 1 0 0.381262 0.153406 0.115866 0.135184 0.133237 0.13894 0.0912486 0.0509202 0.0272035 0.0314549 0.0331603 0.0211376 0.0219243 
5 2 1 0 0.000953478 0.0222052 0.0372222 0.0335876 0.0513977 0.05733 0.0372157 0.0195375 0.00551264 0.00462307 0.0097988 0.0220564 0.0176329 
5 3 1 0 0.617784 0.823882 0.844776 0.827954 0.811508 0.795814 0.865354 0.915943 0.954102 0.951617 0.943486 0.937595 0.941193 
5 4 1 0 0 0.000506801 0.00213546 0.00327436 0.00385751 0.00791574 0.00618144 0.0135993 0.0131815 0.012305 0.013555 0.0192106 0.0192503 
5 1 2 0 0.380743 0.151737 0.114365 0.133332 0.131136 0.136692 0.0897075 0.0503854 0.0269464 0.0313675 0.0334351 0.0217223 0.0214878 
5 2 2 0 0.000944845 0.0225949 0.0377873 0.0338839 0.051595 0.057402 0.0371084 0.0194543 0.00564983 0.00462962 0.0098406 0.0221823 0.0177148 
5 3 2 0 0.618312 0.825155 0.845752 0.82948 0.813539 0.798113 0.867087 0.916607 0.954322 0.951698 0.943167 0.936948 0.941627 
5 4 2 0 0 0.00051287 0.00209613 0.00330442 0.00372921 0.00779268 0.00609731 0.0135535 0.0130818 0.0123052 0.0135574 0.0191473 0.0191707 
5 1 3 2.83163e-06 0.0410079 0.0797818 0.162828 
5 2 3 0 4.16533e-07 2.61909e-07 5.49294e-08 
5 3 3 0.999997 0.958992 0.920218 0.837172 
5 4 3 0 0 0 0 
ERROR in TPDF::Open: Cannot open file:table/pim_pi.pdf
ERROR in TPDF::Open: Cannot open file:table/pim_K.pdf
ERROR in TPDF::Open: Cannot open file:table/pim_p.pdf
ERROR in TPDF::Open: Cannot open file:table/pim_u.pdf
ERROR in TPDF::Open: Cannot open file:table/pip_pi.pdf
ERROR in TPDF::Open: Cannot open file:table/pip_K.pdf
ERROR in TPDF::Open: Cannot open file:table/pip_p.pdf
ERROR in TPDF::Open: Cannot open file:table/pip_u.pdf
ERROR in TPDF::Open: Cannot open file:table/Km_pi.pdf
ERROR in TPDF::Open: Cannot open file:table/Km_K.pdf
ERROR in TPDF::Open: Cannot open file:table/Km_p.pdf
ERROR in TPDF::Open: Cannot open file:table/Km_u.pdf
ERROR in TPDF::Open: Cannot open file:table/Kp_pi.pdf
ERROR in TPDF::Open: Cannot open file:table/Kp_K.pdf
ERROR in TPDF::Open: Cannot open file:table/Kp_p.pdf
ERROR in TPDF::Open: Cannot open file:table/Kp_u.pdf
ERROR in TPDF::Open: Cannot open file:table/pm_pi.pdf
ERROR in TPDF::Open: Cannot open file:table/pm_K.pdf
ERROR in TPDF::Open: Cannot open file:table/pm_p.pdf
ERROR in TPDF::Open: Cannot open file:table/pm_u.pdf
ERROR in TPDF::Open: Cannot open file:table/pp_pi.pdf
ERROR in TPDF::Open: Cannot open file:table/pp_K.pdf
ERROR in TPDF::Open: Cannot open file:table/pp_p.pdf
ERROR in TPDF::Open: Cannot open file:table/pp_u.pdf
