
[1mRooFit v3.60 -- Developed by Wouter Verkerke and David Kirkby[0m 
                Copyright (C) 2000-2013 NIKHEF, University of California & Stanford University
                All rights reserved, please read http://roofit.sourceforge.net/license.txt

analysis: K0L
data_file: /sps/compass/02/yann/2016.fix/P07
data_template: hist
data_firstfile_nb: 274509
data_lastfile_nb: 274901
fit_type: all
merged_h: false
cols_theta_bin: true
hist_file_iphi: ./hist_iphi.P07.root
hist_file_ephi: ./hist_ephi.P07.root
hist_file_K0: ./hist_K0.P07.root
hist_file_Lam: ./hist_Lambda.P07.root
out_file: rich_p07.root
remove_richpipe: true
thr_diff: 5
LH_pi_K: 1.0
LH_pi_p: 1.0
LH_pi_bg: 2.0
LH_K_pi: 1.06
LH_K_p: 1.06
LH_K_bg: 2.0
LH_bthr_p_pi: 1.
LH_bthr_p_K: 1.
LH_athr_p_pi: 1.
LH_athr_p_K: 1.
LH_athr_p_bg: 1.
LH_bthr_p_pi_bg: 2.3
LH_bthr_p_K_bg: 3.0
LH_bthr_m_pi_bg: 2.2
LH_bthr_m_K_bg: 2.9
max_retry: 100
line_width: 2
sidebins: false
=====================
lh_cut[i][j]:
[0][0] -1.00 [0][1]  1.00 [0][2]  1.00 [0][3] -1.00 [0][4] -1.00 [0][5]  2.00 
[1][0]  1.06 [1][1] -1.00 [1][2]  1.06 [1][3] -1.00 [1][4] -1.00 [1][5]  2.00 
[2][0]  1.00 [2][1]  1.00 [2][2] -1.00 [2][3] -1.00 [2][4] -1.00 [2][5] -1.00 
[3][0]  1.00 [3][1]  1.00 [3][2] -1.00 [3][3] -1.00 [3][4] -1.00 [3][5]  1.00 
[4][0]  2.30 [4][1]  3.00 [4][2]  2.20 [4][3]  2.90 [4][4] -1.00 [4][5] -1.00 

Fits of K0 sample for pi- efficiency:
 theta:  0   mom:  0   Ent:32831
=>  1 iters (-664819.15) -> 3
 theta:  0   mom:  1   Ent:27320
=>  1 iters (-572655.35) -> 3
 theta:  0   mom:  2   Ent:31738
=== Sucessful r9essai
=>  2 iters (-684365.15) -> 3
 theta:  0   mom:  3   Ent:16499
=>  1 iters (-335783.21) -> 3
 theta:  0   mom:  4   Ent:6952
=>  1 iters (-129520.56) -> 3
 theta:  0   mom:  5   Ent:11977
=>  1 iters (-234782.65) -> 3
 theta:  0   mom:  6   Ent:9967
=>  1 iters (-191054.59) -> 3
 theta:  0   mom:  7   Ent:7731
=>  1 iters (-142596.93) -> 3
 theta:  0   mom:  8   Ent:9115
=>  1 iters (-167480.63) -> 3
 theta:  0   mom:  9   Ent:6835
=>  1 iters (-119855.88) -> 3
 theta:  0   mom: 10   Ent:3459
=>  1 iters (-55255.14) -> 3
 theta:  0   mom: 11   Ent:4327
=>  1 iters (-70076.96) -> 3
 theta:  0   mom: 12   Ent:4959
=>  1 iters (-79989.63) -> 3
 theta:  0   mom: 13   Ent:3127
=>  1 iters (-46167.88) -> 3
 theta:  0   mom: 14   Ent:3087
=>  1 iters (-44964.09) -> 3
 theta:  1   mom:  0   Ent:25475
=>  1 iters (-498842.48) -> 3
 theta:  1   mom:  1   Ent:25799
=>  1 iters (-537552.97) -> 3
 theta:  1   mom:  2   Ent:30585
=>  1 iters (-657098.15) -> 3
 theta:  1   mom:  3   Ent:15764
=>  1 iters (-319462.46) -> 3
 theta:  1   mom:  4   Ent:6574
=>  1 iters (-121748.90) -> 3
 theta:  1   mom:  5   Ent:11249
=>  1 iters (-219167.27) -> 3
 theta:  1   mom:  6   Ent:9272
=== Sucessful r9essai
=>  1 iters (-176493.69) -> 3
 theta:  1   mom:  7   Ent:7090
=>  1 iters (-129509.44) -> 3
 theta:  1   mom:  8   Ent:8242
=>  1 iters (-149738.68) -> 3
 theta:  1   mom:  9   Ent:6068
=>  1 iters (-104966.82) -> 3
 theta:  1   mom: 10   Ent:2999
=== Sucessful r9essai
=>  1 iters (-46904.37) -> 3
 theta:  1   mom: 11   Ent:3672
=>  1 iters (-58298.23) -> 3
 theta:  1   mom: 12   Ent:4157
=>  1 iters (-65555.77) -> 3
 theta:  1   mom: 13   Ent:2513
=>  1 iters (-35984.92) -> 3
 theta:  1   mom: 14   Ent:2340
=>  1 iters (-33033.01) -> 3
 theta:  2   mom:  0   Ent:48019
=>  1 iters (-995332.55) -> 3
 theta:  2   mom:  1   Ent:46152
=>  1 iters (-1014248.29) -> 3
 theta:  2   mom:  2   Ent:50075
=>  1 iters (-1125691.33) -> 3
 theta:  2   mom:  3   Ent:23434
=>  1 iters (-493070.54) -> 3
 theta:  2   mom:  4   Ent:9181
=>  1 iters (-175894.10) -> 3
 theta:  2   mom:  5   Ent:15051
=>  1 iters (-301817.42) -> 3
 theta:  2   mom:  6   Ent:11598
=>  1 iters (-225587.50) -> 3
 theta:  2   mom:  7   Ent:8431
=>  1 iters (-156571.80) -> 3
 theta:  2   mom:  8   Ent:9436
=>  1 iters (-173240.58) -> 3
 theta:  2   mom:  9   Ent:6696
=>  1 iters (-116719.13) -> 3
 theta:  2   mom: 10   Ent:3240
=>  1 iters (-51062.63) -> 3
 theta:  2   mom: 11   Ent:3924
=>  1 iters (-62493.35) -> 3
 theta:  2   mom: 12   Ent:4326
=>  1 iters (-68478.63) -> 3
 theta:  2   mom: 13   Ent:2573
=>  1 iters (-36926.78) -> 3
 theta:  2   mom: 14   Ent:2370
=>  1 iters (-33504.53) -> 3
 theta:  3   mom:  0   Ent:7165
=>  1 iters (-128900.06) -> 3
 theta:  3   mom:  1   Ent:1130
=>  1 iters (-16919.96) -> 3
 theta:  3   mom:  2   Ent:227
=== Sucessful r9essai
=>  1 iters (-2691.25) -> 3
 theta:  3   mom:  3   Ent:27
=>  1 iters (-178.47) -> 3
 theta:  3   mom:  4   Ent:6
 theta:  3   mom:  5   Ent:7
 theta:  3   mom:  6   Ent:3

Fits of K0 sample for pi+ efficiency:
 theta:  0   mom:  0   Ent:32704
=>  1 iters (-662007.90) -> 3
 theta:  0   mom:  1   Ent:27029
=>  1 iters (-565281.88) -> 3
 theta:  0   mom:  2   Ent:32320
=>  1 iters (-697681.64) -> 3
 theta:  0   mom:  3   Ent:16403
=>  1 iters (-332755.93) -> 3
 theta:  0   mom:  4   Ent:7247
=>  1 iters (-135244.73) -> 3
 theta:  0   mom:  5   Ent:12225
=>  1 iters (-239871.81) -> 3
 theta:  0   mom:  6   Ent:9714
=>  1 iters (-184956.44) -> 3
 theta:  0   mom:  7   Ent:7903
=== Sucessful r9essai
=>  1 iters (-145305.51) -> 3
 theta:  0   mom:  8   Ent:9234
=== Sucessful r9essai
=>  1 iters (-168850.67) -> 3
 theta:  0   mom:  9   Ent:6995
=>  1 iters (-121325.95) -> 3
 theta:  0   mom: 10   Ent:3647
=>  1 iters (-58498.44) -> 3
 theta:  0   mom: 11   Ent:4475
=>  1 iters (-72061.20) -> 3
 theta:  0   mom: 12   Ent:5160
=>  1 iters (-82944.90) -> 3
 theta:  0   mom: 13   Ent:3131
=>  1 iters (-46263.30) -> 3
 theta:  0   mom: 14   Ent:3062
=>  1 iters (-43979.89) -> 3
 theta:  1   mom:  0   Ent:25247
=>  1 iters (-493383.28) -> 3
 theta:  1   mom:  1   Ent:25521
=>  1 iters (-530621.71) -> 3
 theta:  1   mom:  2   Ent:31076
=>  1 iters (-668347.95) -> 3
 theta:  1   mom:  3   Ent:15612
=>  1 iters (-315110.65) -> 3
 theta:  1   mom:  4   Ent:6853
=== Sucessful r9essai
=>  1 iters (-127164.91) -> 3
 theta:  1   mom:  5   Ent:11505
=>  1 iters (-224330.40) -> 3
 theta:  1   mom:  6   Ent:8999
=>  1 iters (-169919.51) -> 3
 theta:  1   mom:  7   Ent:7286
=>  1 iters (-132750.36) -> 3
 theta:  1   mom:  8   Ent:8349
=>  1 iters (-150780.27) -> 3
 theta:  1   mom:  9   Ent:6195
=>  1 iters (-105961.31) -> 3
 theta:  1   mom: 10   Ent:3158
=>  1 iters (-49537.35) -> 3
 theta:  1   mom: 11   Ent:3860
=>  1 iters (-60880.71) -> 3
 theta:  1   mom: 12   Ent:4387
=>  1 iters (-69197.08) -> 3
 theta:  1   mom: 13   Ent:2583
=>  1 iters (-37173.32) -> 3
 theta:  1   mom: 14   Ent:2422
=>  1 iters (-33831.56) -> 3
 theta:  2   mom:  0   Ent:47510
=>  1 iters (-983033.83) -> 3
 theta:  2   mom:  1   Ent:45528
=>  1 iters (-997253.33) -> 3
 theta:  2   mom:  2   Ent:50990
=>  1 iters (-1147025.09) -> 3
 theta:  2   mom:  3   Ent:23399
=>  1 iters (-491038.39) -> 3
 theta:  2   mom:  4   Ent:9623
=>  1 iters (-184983.14) -> 3
 theta:  2   mom:  5   Ent:15312
=>  1 iters (-306727.78) -> 3
 theta:  2   mom:  6   Ent:11360
=== Sucessful r9essai
=>  1 iters (-219331.19) -> 3
 theta:  2   mom:  7   Ent:8855
=>  1 iters (-164328.07) -> 3
 theta:  2   mom:  8   Ent:9653
=>  1 iters (-176024.47) -> 3
 theta:  2   mom:  9   Ent:6910
=>  1 iters (-119060.94) -> 3
 theta:  2   mom: 10   Ent:3418
=== Sucessful r9essai
=>  2 iters (-53834.98) -> 3
 theta:  2   mom: 11   Ent:4120
=>  1 iters (-65300.68) -> 3
 theta:  2   mom: 12   Ent:4605
=>  1 iters (-72784.53) -> 3
 theta:  2   mom: 13   Ent:2641
=>  1 iters (-38078.51) -> 3
 theta:  2   mom: 14   Ent:2475
=>  1 iters (-34541.79) -> 3
 theta:  3   mom:  0   Ent:7261
=>  1 iters (-131145.25) -> 3
 theta:  3   mom:  1   Ent:1113
=>  2 iters (-16504.16) -> 3
 theta:  3   mom:  2   Ent:297
=>  1 iters (-3618.30) -> 3
 theta:  3   mom:  3   Ent:38
=== Sucessful r9essai
=> 57 iters (-304.64) -> 3
 theta:  3   mom:  4   Ent:7
 theta:  3   mom:  5   Ent:7
 theta:  3   mom:  6   Ent:3

Fits of PHI sample for K- efficiency:
 theta:  0   mom:  2   Ent:154703
=== Sucessful r9essai
=> 101 iters (-973186.24) -> 2
 theta:  0   mom:  3   Ent:58880
=== Sucessful r9essai
=>  8 iters (-369979.80) -> 3
 theta:  0   mom:  4   Ent:22480
=== Sucessful r9essai
=== Sucessful r9essai
=>  9 iters (-134889.52) -> 3
 theta:  0   mom:  5   Ent:35118
=== Sucessful r9essai
=== Sucessful r9essai
=>  5 iters (-221360.29) -> 3
 theta:  0   mom:  6   Ent:25691
=== Sucessful r9essai
=== Sucessful r9essai
=> 12 iters (-159680.35) -> 3
 theta:  0   mom:  7   Ent:19226
=== Sucessful r9essai
=>  1 iters (-116566.51) -> 3
 theta:  0   mom:  8   Ent:20125
=== Sucessful r9essai
=>  1 iters (-119774.71) -> 3
 theta:  0   mom:  9   Ent:13266
=>  3 iters (-77783.93) -> 3
 theta:  0   mom: 10   Ent:6239
=== Sucessful r9essai
=>  1 iters (-34157.35) -> 3
 theta:  0   mom: 11   Ent:6604
=>  2 iters (-35179.75) -> 3
 theta:  0   mom: 12   Ent:6790
=>  1 iters (-35700.59) -> 3
 theta:  0   mom: 13   Ent:3483
=>  1 iters (-17294.88) -> 3
 theta:  0   mom: 14   Ent:2845
=>  1 iters (-14724.37) -> 3
 theta:  1   mom:  2   Ent:148013
=== Sucessful r9essai
=== Sucessful r9essai
=== Sucessful r9essai
=== Sucessful r9essai
=== Sucessful r9essai
=== Sucessful r9essai
=== Sucessful r9essai
=== Sucessful r9essai
=== Sucessful r9essai
=== Sucessful r9essai
=== Sucessful r9essai
=== Sucessful r9essai
=== Sucessful r9essai
=== Sucessful r9essai
=> 101 iters (-930077.91) -> 2
 theta:  1   mom:  3   Ent:56114
=>  3 iters (-350515.46) -> 3
 theta:  1   mom:  4   Ent:21241
=>  2 iters (-126620.36) -> 3
 theta:  1   mom:  5   Ent:32767
=== Sucessful r9essai
=>  7 iters (-203471.60) -> 3
 theta:  1   mom:  6   Ent:23628
=>  1 iters (-144901.53) -> 3
 theta:  1   mom:  7   Ent:17458
=== Sucessful r9essai
=>  7 iters (-104122.75) -> 3
 theta:  1   mom:  8   Ent:17928
=>  3 iters (-104980.26) -> 3
 theta:  1   mom:  9   Ent:11591
=>  1 iters (-65816.40) -> 3
 theta:  1   mom: 10   Ent:5296
=>  1 iters (-28143.37) -> 3
 theta:  1   mom: 11   Ent:5521
=>  1 iters (-28299.93) -> 3
 theta:  1   mom: 12   Ent:5505
=>  2 iters (-27726.37) -> 3
 theta:  1   mom: 13   Ent:2651
=>  1 iters (-12032.11) -> 3
 theta:  1   mom: 14   Ent:1988
=>  1 iters (-9401.89) -> 3
 theta:  2   mom:  2   Ent:245519
=== Sucessful r9essai
=== Sucessful r9essai
=== Sucessful r9essai
=== Sucessful r9essai
=== Sucessful r9essai
=> 12 iters (-1601908.42) -> 3
 theta:  2   mom:  3   Ent:84197
=== Sucessful r9essai
=>  4 iters (-537788.22) -> 3
 theta:  2   mom:  4   Ent:29998
=== Sucessful r9essai
=>  1 iters (-180930.70) -> 3
 theta:  2   mom:  5   Ent:43893
=== Sucessful r9essai
=>  5 iters (-275320.06) -> 3
 theta:  2   mom:  6   Ent:29541
=== Sucessful r9essai
=== Sucessful r9essai
=>  8 iters (-183459.82) -> 3
 theta:  2   mom:  7   Ent:20755
=== Sucessful r9essai
=== Sucessful r9essai
=== Sucessful r9essai
=== Sucessful r9essai
=== Sucessful r9essai
=== Sucessful r9essai
=> 36 iters (-124183.05) -> 3
 theta:  2   mom:  8   Ent:20239
=== Sucessful r9essai
=>  5 iters (-119126.98) -> 3
 theta:  2   mom:  9   Ent:12549
=== Sucessful r9essai
=>  1 iters (-71204.56) -> 3
 theta:  2   mom: 10   Ent:5603
=== Sucessful r9essai
=== Sucessful r9essai
=>  5 iters (-29795.55) -> 3
 theta:  2   mom: 11   Ent:5730
=== Sucessful r9essai
=>  1 iters (-29299.41) -> 3
 theta:  2   mom: 12   Ent:5636
=== Sucessful r9essai
=== Sucessful r9essai
=== Sucessful r9essai
=== Sucessful r9essai
=> 14 iters (-28276.37) -> 3
 theta:  2   mom: 13   Ent:2679
=>  1 iters (-12094.56) -> 3
 theta:  2   mom: 14   Ent:2005
=>  1 iters (-9433.59) -> 3
 theta:  3   mom:  2   Ent:2530
=>  1 iters (-8132.81) -> 3
 theta:  3   mom:  3   Ent:194
=>  1 iters (-395.42) -> 3
 theta:  3   mom:  4   Ent:31
=>  1 iters (-20.47) -> 3
 theta:  3   mom:  5   Ent:23
 theta:  3   mom:  6   Ent:9
 theta:  3   mom:  7   Ent:2
 theta:  3   mom:  8   Ent:1
 theta:  3   mom:  9   Ent:0
 theta:  3   mom: 10   Ent:0
 theta:  3   mom: 11   Ent:0
 theta:  3   mom: 12   Ent:0
 theta:  3   mom: 13   Ent:0
 theta:  3   mom: 14   Ent:0

Fits of PHI sample for K+ efficiency:
 theta:  0   mom:  2   Ent:129003
=== Sucessful r9essai
=>  3 iters (-810587.22) -> 3
 theta:  0   mom:  3   Ent:50637
=== Sucessful r9essai
=== Sucessful r9essai
=== Sucessful r9essai
=== Sucessful r9essai
=== Sucessful r9essai
=> 14 iters (-321542.24) -> 3
 theta:  0   mom:  4   Ent:19948
=== Sucessful r9essai
=== Sucessful r9essai
=>  3 iters (-120225.46) -> 3
 theta:  0   mom:  5   Ent:31213
=>  2 iters (-201812.46) -> 3
 theta:  0   mom:  6   Ent:23177
=== Sucessful r9essai
=>  9 iters (-147021.91) -> 3
 theta:  0   mom:  7   Ent:17598
=== Sucessful r9essai
=== Sucessful r9essai
=>  7 iters (-108407.80) -> 3
 theta:  0   mom:  8   Ent:18941
=>  2 iters (-114798.28) -> 3
 theta:  0   mom:  9   Ent:12463
=>  3 iters (-74263.05) -> 3
 theta:  0   mom: 10   Ent:5889
=>  1 iters (-31436.47) -> 3
 theta:  0   mom: 11   Ent:6324
=== Sucessful r9essai
=>  3 iters (-33934.58) -> 3
 theta:  0   mom: 12   Ent:6611
=>  1 iters (-36705.87) -> 3
 theta:  0   mom: 13   Ent:3418
=>  1 iters (-18395.01) -> 3
 theta:  0   mom: 14   Ent:2784
=>  1 iters (-14899.24) -> 3
 theta:  1   mom:  2   Ent:123279
=== Sucessful r9essai
=== Sucessful r9essai
=>  9 iters (-775079.80) -> 3
 theta:  1   mom:  3   Ent:48200
=> 11 iters (-304918.68) -> 3
 theta:  1   mom:  4   Ent:18860
=== Sucessful r9essai
=== Sucessful r9essai
=== Sucessful r9essai
=== Sucessful r9essai
=== Sucessful r9essai
=== Sucessful r9essai
=== Sucessful r9essai
=== Sucessful r9essai
=== Sucessful r9essai
=== Sucessful r9essai
=== Sucessful r9essai
=== Sucessful r9essai
=== Sucessful r9essai
=== Sucessful r9essai
=== Sucessful r9essai
=== Sucessful r9essai
=== Sucessful r9essai
=== Sucessful r9essai
=== Sucessful r9essai
=== Sucessful r9essai
=== Sucessful r9essai
=> 101 iters (-113197.18) -> 2
 theta:  1   mom:  5   Ent:29072
=== Sucessful r9essai
=== Sucessful r9essai
=> 11 iters (-186024.86) -> 3
 theta:  1   mom:  6   Ent:21344
=>  5 iters (-133795.39) -> 3
 theta:  1   mom:  7   Ent:16016
=>  1 iters (-97161.35) -> 3
 theta:  1   mom:  8   Ent:16953
=== Sucessful r9essai
=> 19 iters (-100177.50) -> 3
 theta:  1   mom:  9   Ent:10812
=>  2 iters (-62381.12) -> 3
 theta:  1   mom: 10   Ent:4982
=== Sucessful r9essai
=> 41 iters (-25603.20) -> 3
 theta:  1   mom: 11   Ent:5262
=>  5 iters (-26736.59) -> 3
 theta:  1   mom: 12   Ent:5333
=>  3 iters (-28059.88) -> 3
 theta:  1   mom: 13   Ent:2594
=>  2 iters (-12871.38) -> 3
 theta:  1   mom: 14   Ent:1947
=>  1 iters (-9295.39) -> 3
 theta:  2   mom:  2   Ent:204381
=== Sucessful r9essai
=== Sucessful r9essai
=== Sucessful r9essai
=== Sucessful r9essai
=== Sucessful r9essai
=== Sucessful r9essai
=== Sucessful r9essai
=== Sucessful r9essai
=> 21 iters (-1329076.32) -> 3
 theta:  2   mom:  3   Ent:72215
=== Sucessful r9essai
=>  3 iters (-469040.56) -> 3
 theta:  2   mom:  4   Ent:26733
=== Sucessful r9essai
=> 11 iters (-163459.99) -> 3
 theta:  2   mom:  5   Ent:38943
=== Sucessful r9essai
=== Sucessful r9essai
=> 18 iters (-251063.28) -> 3
 theta:  2   mom:  6   Ent:26776
=== Sucessful r9essai
=== Sucessful r9essai
=== Sucessful r9essai
=> 15 iters (-169285.15) -> 3
 theta:  2   mom:  7   Ent:18977
=>  3 iters (-116807.46) -> 3
 theta:  2   mom:  8   Ent:19192
=>  2 iters (-114335.27) -> 3
 theta:  2   mom:  9   Ent:11706
=== Sucessful r9essai
=== Sucessful r9essai
=== Sucessful r9essai
=> 47 iters (-67663.18) -> 3
 theta:  2   mom: 10   Ent:5301
=> 32 iters (-27385.09) -> 3
 theta:  2   mom: 11   Ent:5483
=>  1 iters (-27478.44) -> 3
 theta:  2   mom: 12   Ent:5479
=== Sucessful r9essai
=>  1 iters (-28638.33) -> 3
 theta:  2   mom: 13   Ent:2635
=>  1 iters (-13049.00) -> 3
 theta:  2   mom: 14   Ent:1962
=>  1 iters (-9309.34) -> 3
 theta:  3   mom:  2   Ent:2236
=>  2 iters (-7024.57) -> 3
 theta:  3   mom:  3   Ent:161
=>  1 iters (-282.89) -> 3
 theta:  3   mom:  4   Ent:28
=>  1 iters (-28.98) -> 3
 theta:  3   mom:  5   Ent:27
=>  1 iters (-30.31) -> 3
 theta:  3   mom:  6   Ent:6
 theta:  3   mom:  7   Ent:3
 theta:  3   mom:  8   Ent:3
 theta:  3   mom:  9   Ent:1
 theta:  3   mom: 10   Ent:0
 theta:  3   mom: 11   Ent:0
 theta:  3   mom: 12   Ent:0
 theta:  3   mom: 13   Ent:0
 theta:  3   mom: 14   Ent:0

Fits of LAMBDA sample for pbar efficiency:
 theta:  0   mom:  0   Ent:0
 theta:  0   mom:  1   Ent:69
=>  2 iters (0.00) -> 1
 theta:  0   mom:  2   Ent:1377
=>  1 iters (-5053.27) -> 3
 theta:  0   mom:  3   Ent:2125
=>  1 iters (-19844.56) -> 3
 theta:  0   mom:  4   Ent:1443
=>  1 iters (-13307.81) -> 3
 theta:  0   mom:  5   Ent:3259
=== Sucessful r9essai
=>  2 iters (-33419.08) -> 3
 theta:  0   mom:  6   Ent:3371
=== Sucessful r9essai
=>  1 iters (-35120.53) -> 3
 theta:  0   mom:  7   Ent:3295
=>  2 iters (-32072.48) -> 3
 theta:  0   mom:  8   Ent:4418
=>  2 iters (-43067.12) -> 3
 theta:  0   mom:  9   Ent:3900
=>  2 iters (-35586.77) -> 3
 theta:  0   mom: 10   Ent:2141
=>  2 iters (-17975.86) -> 2
 theta:  0   mom: 11   Ent:2794
Eff+/-dEff = 0.95+/-0.21 >> 0.01
=>  2 iters (-23777.06) -> 3
 theta:  0   mom: 12   Ent:3448
=== Sucessful r9essai
=>  2 iters (-30121.67) -> 3
 theta:  0   mom: 13   Ent:2609
=== Sucessful r9essai
=>  2 iters (-20995.26) -> 2
 theta:  0   mom: 14   Ent:2808
=>  1 iters (-23163.59) -> 3
 theta:  1   mom:  0   Ent:0
 theta:  1   mom:  1   Ent:68
=>  2 iters (0.00) -> 1
 theta:  1   mom:  2   Ent:1316
=>  1 iters (-4760.36) -> 3
 theta:  1   mom:  3   Ent:2022
=>  1 iters (-18750.66) -> 3
 theta:  1   mom:  4   Ent:1378
=>  1 iters (-12538.99) -> 3
 theta:  1   mom:  5   Ent:3084
=>  2 iters (-31369.11) -> 3
 theta:  1   mom:  6   Ent:3132
=>  2 iters (-32281.26) -> 3
 theta:  1   mom:  7   Ent:3023
=>  2 iters (-29271.46) -> 2
 theta:  1   mom:  8   Ent:3976
=== Sucessful r9essai
=>  2 iters (-38408.01) -> 2
 theta:  1   mom:  9   Ent:3460
=>  2 iters (-31136.81) -> 2
 theta:  1   mom: 10   Ent:1862
=>  1 iters (-15629.21) -> 3
 theta:  1   mom: 11   Ent:2378
=>  1 iters (-19740.58) -> 3
 theta:  1   mom: 12   Ent:2847
=== Sucessful r9essai
=>  2 iters (-24355.79) -> 3
 theta:  1   mom: 13   Ent:2098
=>  1 iters (-16745.26) -> 3
 theta:  1   mom: 14   Ent:2069
=>  1 iters (-16588.74) -> 3
 theta:  2   mom:  0   Ent:0
 theta:  2   mom:  1   Ent:118
=>  2 iters (0.00) -> 1
 theta:  2   mom:  2   Ent:2096
=>  1 iters (-7854.32) -> 3
 theta:  2   mom:  3   Ent:3047
=>  1 iters (-29956.72) -> 3
 theta:  2   mom:  4   Ent:1989
=>  1 iters (-19482.06) -> 3
 theta:  2   mom:  5   Ent:4238
=>  1 iters (-46097.80) -> 3
 theta:  2   mom:  6   Ent:4078
=>  2 iters (-44383.49) -> 2
 theta:  2   mom:  7   Ent:3725
=>  2 iters (-37552.78) -> 3
 theta:  2   mom:  8   Ent:4693
=>  2 iters (-47061.91) -> 3
 theta:  2   mom:  9   Ent:3905
=>  2 iters (-35873.06) -> 3
 theta:  2   mom: 10   Ent:2024
=>  2 iters (-17086.48) -> 3
 theta:  2   mom: 11   Ent:2569
=>  2 iters (-21296.70) -> 3
 theta:  2   mom: 12   Ent:2970
=>  2 iters (-25634.90) -> 3
 theta:  2   mom: 13   Ent:2161
=>  2 iters (-17265.14) -> 3
 theta:  2   mom: 14   Ent:2104
=== Sucessful r9essai
=>  2 iters (-16875.54) -> 2
 theta:  3   mom:  0   Ent:0
 theta:  3   mom:  1   Ent:1
 theta:  3   mom:  2   Ent:8
 theta:  3   mom:  3   Ent:6
 theta:  3   mom:  4   Ent:4
 theta:  3   mom:  5   Ent:0
 theta:  3   mom:  6   Ent:1

Fits of LAMBDA sample for p efficiency:
 theta:  0   mom:  0   Ent:0
 theta:  0   mom:  1   Ent:54
=>  2 iters (0.00) -> 1
 theta:  0   mom:  2   Ent:1482
=>  1 iters (-5763.37) -> 3
 theta:  0   mom:  3   Ent:2814
=>  1 iters (-29764.20) -> 3
 theta:  0   mom:  4   Ent:1719
=>  2 iters (-18550.36) -> 2
 theta:  0   mom:  5   Ent:3889
=>  1 iters (-46401.49) -> 3
 theta:  0   mom:  6   Ent:4145
=== Sucessful r9essai
=>  2 iters (-47474.87) -> 3
 theta:  0   mom:  7   Ent:3994
=== Sucessful r9essai
=>  2 iters (-44184.94) -> 3
 theta:  0   mom:  8   Ent:5300
=>  2 iters (-57605.22) -> 3
 theta:  0   mom:  9   Ent:4576
=== Sucessful r9essai
=>  2 iters (-46860.00) -> 2
 theta:  0   mom: 10   Ent:2583
=== Sucessful r9essai
=>  1 iters (-24603.58) -> 3
 theta:  0   mom: 11   Ent:3380
=>  2 iters (-32115.08) -> 2
 theta:  0   mom: 12   Ent:4245
=>  2 iters (-41536.99) -> 2
 theta:  0   mom: 13   Ent:2849
=>  2 iters (-26407.04) -> 2
 theta:  0   mom: 14   Ent:3094
=>  1 iters (-26365.37) -> 3
 theta:  1   mom:  0   Ent:0
 theta:  1   mom:  1   Ent:51
=>  2 iters (0.00) -> 1
 theta:  1   mom:  2   Ent:1403
=>  1 iters (-5431.60) -> 3
 theta:  1   mom:  3   Ent:2704
=>  1 iters (-28575.43) -> 3
 theta:  1   mom:  4   Ent:1630
=>  1 iters (-17294.58) -> 3
 theta:  1   mom:  5   Ent:3680
=== Sucessful r9essai
=>  1 iters (-43636.00) -> 3
 theta:  1   mom:  6   Ent:3865
=>  1 iters (-44147.34) -> 3
 theta:  1   mom:  7   Ent:3659
=>  2 iters (-40590.12) -> 2
 theta:  1   mom:  8   Ent:4818
=>  2 iters (-51577.08) -> 2
 theta:  1   mom:  9   Ent:4068
=>  2 iters (-41211.84) -> 2
 theta:  1   mom: 10   Ent:2272
=>  1 iters (-21478.14) -> 3
 theta:  1   mom: 11   Ent:2923
=== Sucessful r9essai
=>  2 iters (-27365.94) -> 3
 theta:  1   mom: 12   Ent:3591
=>  1 iters (-34701.11) -> 3
 theta:  1   mom: 13   Ent:2369
=== Sucessful r9essai
=>  2 iters (-21717.39) -> 3
 theta:  1   mom: 14   Ent:2430
=>  1 iters (-20146.18) -> 3
 theta:  2   mom:  0   Ent:0
 theta:  2   mom:  1   Ent:90
=>  2 iters (0.00) -> 1
 theta:  2   mom:  2   Ent:2282
=>  1 iters (-9270.22) -> 3
 theta:  2   mom:  3   Ent:4090
=>  1 iters (-45904.31) -> 3
 theta:  2   mom:  4   Ent:2363
=>  1 iters (-26996.76) -> 3
 theta:  2   mom:  5   Ent:5144
=== Sucessful r9essai
=>  2 iters (-64314.62) -> 3
 theta:  2   mom:  6   Ent:5102
=>  2 iters (-61439.82) -> 3
 theta:  2   mom:  7   Ent:4647
=== Sucessful r9essai
=>  2 iters (-53765.14) -> 3
 theta:  2   mom:  8   Ent:5765
=>  1 iters (-63375.49) -> 3
 theta:  2   mom:  9   Ent:4651
=== Sucessful r9essai
=>  2 iters (-48382.68) -> 2
 theta:  2   mom: 10   Ent:2570
=>  1 iters (-25012.65) -> 3
 theta:  2   mom: 11   Ent:3179
=== Sucessful r9essai
=>  2 iters (-30398.65) -> 3
 theta:  2   mom: 12   Ent:3803
=>  2 iters (-37331.26) -> 3
 theta:  2   mom: 13   Ent:2449
=>  1 iters (-22552.94) -> 3
 theta:  2   mom: 14   Ent:2481
=>  1 iters (-20577.52) -> 3
 theta:  3   mom:  0   Ent:0
 theta:  3   mom:  1   Ent:2
 theta:  3   mom:  2   Ent:14
 theta:  3   mom:  3   Ent:10
 theta:  3   mom:  4   Ent:6
 theta:  3   mom:  5   Ent:4
 theta:  3   mom:  6   Ent:5
p,t,i: 0,1,2 Empty
p,t,i: 0,1,3 Empty
p,t,i: 0,1,4 Empty
p,t,i: 0,1,5 Empty
p,t,i: 0,2,2 Empty
p,t,i: 0,2,3 Empty
p,t,i: 0,2,4 Empty
p,t,i: 0,2,5 Empty
p,t,i: 1,1,2 Empty
p,t,i: 1,1,3 Empty
p,t,i: 1,2,2 Empty
p,t,i: 1,2,3 Empty
0 1 0 0.916485 0.965097 0.971414 0.976228 0.980632 0.98019 0.981333 0.984842 0.98729 0.986805 0.990247 0.983589 0.969329 0.961958 0.914326 
0 2 0 0 0 0 0.000610524 0.00321289 0.00184278 0.00199999 0.00178718 0.000965111 0.00146897 0.000373476 0.00612367 0.00507249 0.00648259 0.0198807 
0 3 0 0.083515 0.0349033 0.0285859 0.0230253 0.0153469 0.017509 0.0163394 0.0127911 0.0107597 0.00886285 0.00471303 0.00320358 0.00906444 0.00601071 0.00724965 
0 4 0 0 0 0 0.000136179 0.000808235 0.000457713 0.000327451 0.000579582 0.000985316 0.00286309 0.00466616 0.00708384 0.0165339 0.0255489 0.0585433 
0 1 1 0.934607 0.968746 0.971826 0.976048 0.982013 0.979984 0.980999 0.985208 0.988363 0.986028 0.990157 0.984799 0.967725 0.959102 0.928539 
0 2 1 0 0 0 0.000638592 0.00345137 0.00185144 0.00203136 0.00169664 0.00103191 0.00147753 4.60277e-08 0.0053803 0.00598296 0.0067429 0.0178872 
0 3 1 0.0653928 0.0312539 0.0281736 0.0231763 0.0138522 0.0176767 0.0166273 0.0126009 0.00955593 0.00975991 0.00496379 0.00326341 0.0107396 0.00721526 0.00622543 
0 4 1 0 0 0 0.000137145 0.000683842 0.000487602 0.000342691 0.00049473 0.00104909 0.00273447 0.00487924 0.00655763 0.0155525 0.0269403 0.0473488 
0 1 2 0.939132 0.968757 0.971201 0.975827 0.981164 0.978493 0.978506 0.984424 0.987473 0.986085 0.990924 0.984627 0.966497 0.960651 0.929934 
0 2 2 0 0 0 0.000821908 0.00396823 0.00225267 0.00192549 0.00134938 0.001036 0.00130115 1.74038e-07 0.0051851 0.00609159 0.00698901 0.0173986 
0 3 2 0.0608679 0.0312432 0.0287994 0.023159 0.0140483 0.0185791 0.0191231 0.0138124 0.0104271 0.0105641 0.00469199 0.00357071 0.0112165 0.00615934 0.00597407 
0 4 2 0 0 0 0.000191877 0.000819246 0.000675313 0.000444971 0.000414319 0.00106419 0.00205028 0.0043843 0.00661696 0.016195 0.0262003 0.0466934 
0 1 3 0.859037 0.883191 0.863358 0.763672 
0 2 3 0 0 0 0 
0 3 3 0.140963 0.116809 0.136642 0.236328 
0 4 3 0 0 0 0 
1 1 0 0.913546 0.962434 0.971092 0.9775 0.981939 0.977953 0.981632 0.980711 0.987092 0.987152 0.988457 0.98429 0.970928 0.955872 0.916263 
1 2 0 0 0 0 0.000985873 0.00125591 0.00147157 0.00210771 0.00408649 0.000284542 0.00164126 0.000863951 0.00389751 0.00786366 0.0134867 0.0132757 
1 3 0 0.0864536 0.0375656 0.0289083 0.021514 0.016805 0.0202139 0.0157517 0.0148204 0.0121642 0.00812886 0.00448592 0.00351187 0.00694793 0.00393672 0.00707545 
1 4 0 0 0 0 1.64695e-12 0 0.00036139 0.000508468 0.000381898 0.000459468 0.00307808 0.00619317 0.00830106 0.0142601 0.0267043 0.0633855 
1 1 1 0.933267 0.966992 0.972031 0.977985 0.981475 0.978271 0.981495 0.979866 0.987509 0.988596 0.986442 0.984405 0.971754 0.959644 0.928683 
1 2 1 0 0 0 0.00103488 0.00147644 0.00156999 0.00228687 0.00398153 1.2226e-08 0.00156319 0.0023667 0.00374667 0.00791721 0.0123127 0.0124606 
1 3 1 0.0667333 0.0330084 0.0279689 0.02098 0.0170486 0.0198739 0.0156307 0.0157389 0.0121212 0.00688337 0.00478284 0.00375663 0.00747731 0.00217302 0.00758729 
1 4 1 0 0 0 4.39713e-13 0 0.000285587 0.000587356 0.00041315 0.00036986 0.00295768 0.0064083 0.00809134 0.0128514 0.02587 0.0512689 
1 1 2 0.939203 0.967518 0.971591 0.977176 0.980319 0.97714 0.981527 0.976886 0.986374 0.987582 0.985818 0.985984 0.971092 0.959967 0.930432 
1 2 2 0 0 0 0.0009239 0.00178193 0.00201491 0.00233737 0.00513798 0.000659316 0.0016462 0.00253348 0.00315626 0.00722139 0.0126545 0.0126388 
1 3 2 0.0607967 0.0324824 0.0284094 0.0219 0.017899 0.0204862 0.0153132 0.0175203 0.0123706 0.00751198 0.00454726 0.003222 0.00844695 0.00175296 0.00673241 
1 4 2 0 0 0 1.27945e-12 0 0.000358399 0.000822044 0.000456174 0.000596453 0.00325939 0.00710103 0.00763811 0.0132394 0.0256258 0.0501968 
1 1 3 0.853239 0.857621 0.853138 0.807274 
1 2 3 0 0 0 0.0276444 
1 3 3 0.146761 0.142379 0.146862 0.165082 
1 4 3 0 0 0 0 
2 1 0 0.0851419 0.0614831 0.0674221 0.0103242 0.0180924 0.0516363 1.68697e-07 6.56016e-08 0.032929 0.0500366 0.0601882 0.153771 0.278163 
2 2 0 0.00315031 0.61348 0.840484 0.939846 0.954801 0.936026 0.996358 0.984415 0.947732 0.904358 0.859869 0.696313 0.401408 
2 3 0 0.911708 0.320658 0.088926 0.0463174 0.0250352 0.0123381 2.87304e-11 0.00434349 0.0131771 0.00396775 0.00377696 0.00916932 0.000837716 
2 4 0 0 0.00437886 0.00316779 0.00351217 0.00207103 5.33802e-11 0.00364188 0.0112413 0.00616216 0.041638 0.0761657 0.140748 0.31959 
2 1 1 0.0817624 0.0424379 0.0519619 0.00518127 0.033008 0.0519449 0.000411162 7.05852e-10 0.0330414 0.0313487 0.0117746 0.0961683 0.190982 
2 2 1 0.00286667 0.635166 0.856468 0.954348 0.945833 0.939167 0.998362 0.988288 0.960256 0.931086 0.936482 0.797608 0.499747 
2 3 1 0.915371 0.318521 0.089925 0.0373844 0.021159 0.00888821 3.33906e-09 0.00584096 0.00670296 0.00933831 0.00194262 0.0102204 0.00675412 
2 4 1 0 0.00387531 0.00164515 0.00308623 6.22965e-10 3.6251e-13 0.00122666 0.00587135 2.50887e-12 0.0282266 0.0498007 0.0960037 0.302517 
2 1 2 0.0726237 0.0246828 0.0229038 8.03024e-07 0.0155632 0.0583527 0.00132882 1.81894e-09 0.0356108 0.0323256 0.00903952 0.100426 0.190445 
2 2 2 0.00348578 0.663335 0.899251 0.961474 0.96393 0.926912 0.99661 0.987889 0.956833 0.93327 0.938686 0.793696 0.501176 
2 3 2 0.923891 0.307759 0.0759135 0.0363318 0.0205063 0.0147355 0.00135853 0.00589324 0.00755623 0.00820953 0.00290507 0.0101649 0.00674932 
2 4 2 0 0.00422289 0.00193132 0.00219355 1.58556e-12 8.47554e-12 0.000702596 0.00621808 9.81924e-10 0.0261944 0.0493691 0.0957137 0.30163 
2 1 3 0.0763322 9.24799e-07 8.74213e-09 
2 2 3 0.00837441 0.505071 1 
2 3 3 0.915293 0.494928 4.60267e-07 
2 4 3 0 0 0 
3 1 0 0.887307 0.107083 0.094137 0.01322 0.0325563 0.0148413 0.0302547 6.80661e-08 0.070434 0.0260265 0.0996342 0.130811 0.281883 
3 2 0 2.01435e-11 0.585943 0.837014 0.953908 0.941056 0.968018 0.957933 0.982419 0.886869 0.938017 0.807055 0.717955 0.401974 
3 3 0 0.112693 0.303453 0.0671825 0.0277159 0.0224181 0.0161116 0.00916167 0.00123341 0.0193806 0.0168039 0.0220401 0.00854108 0.0188857 
3 4 0 0 0.00352014 0.00166611 0.00515638 0.00396942 0.00102903 0.00265108 0.0163475 0.0233162 0.0191529 0.0712705 0.142693 0.297257 
3 1 1 0.122188 0.0921703 0.0585713 0.0218418 0.018351 0.0194471 0.0172628 3.87819e-07 0.05087 1.77077e-07 0.0591225 0.0628472 0.169345 
3 2 1 0.00601119 0.604453 0.876942 0.955629 0.95947 0.973508 0.97435 0.983164 0.911975 0.984589 0.853594 0.825045 0.490677 
3 3 1 0.871801 0.299344 0.0634197 0.0170729 0.0183248 0.00699504 0.00579382 0.00358992 0.0197274 0.0118961 0.0225236 0.0142357 0.0299453 
3 4 1 0 0.0040321 0.00106738 0.0054564 0.00385381 4.94467e-05 0.00259374 0.0132453 0.0174277 0.00351442 0.0647597 0.0978716 0.310033 
3 1 2 0.118657 0.0835412 0.0646905 0.0161941 0.00553003 0.0177769 0.0190367 6.05224e-09 0.0457394 1.29081e-05 0.059393 0.062836 0.169129 
3 2 2 0.00638473 0.631901 0.867338 0.968679 0.97694 0.973453 0.969653 0.988934 0.915425 0.987728 0.853532 0.820317 0.491204 
3 3 2 0.874958 0.280882 0.067429 0.011186 0.0138404 0.00877008 0.00901371 1.27603e-06 0.0204673 0.00882259 0.0204143 0.0167911 0.0299278 
3 4 2 0 0.00367597 0.0005423 0.00394128 0.00368953 7.24608e-09 0.00229616 0.0110645 0.0183686 0.00343658 0.0666609 0.100056 0.309739 
3 1 3 1.0156e-05 1.33864e-05 0.211852 0.287746 
3 2 3 0.00982557 0.21395 4.62848e-09 2.17007e-12 
3 3 3 0.990164 0.786036 0.788148 0.712254 
3 4 3 0 0 0 0 
4 1 0 0 0.461771 0.162487 0.173833 0.141433 0.174243 0.182041 0.139302 0.0806302 0.0377309 0.0326411 0.0214627 2.50637e-09 0.0640649 
4 2 0 0 0 0.034046 0.0291991 0.0472397 0.0545468 0.0697116 0.0430941 0.0316415 0.00449291 0.000283092 0.0117854 0.0162298 0.0229704 
4 3 0 1 0.538229 0.803467 0.79267 0.807824 0.76325 0.73944 0.811319 0.879603 0.932638 0.948047 0.966752 0.954088 0.889871 
4 4 0 0 0 0 0.00429804 0.00350317 0.0079596 0.00880807 0.00628409 0.0081251 0.0251387 0.0190284 9.87088e-10 0.0296824 0.0230942 
4 1 1 0 0.45799 0.160526 0.165852 0.132016 0.155289 0.172805 0.115516 0.0637949 0.0352854 0.0447916 0.0164917 1.43673e-08 0.0856262 
4 2 1 0 0 0.0358395 0.0289652 0.0464785 0.0574714 0.0674446 0.0401511 0.0296357 0.00310919 1.94656e-11 0.0164997 0.00890009 0.0182397 
4 3 1 1 0.54201 0.803635 0.800533 0.817785 0.779948 0.750061 0.837293 0.897026 0.938612 0.935964 0.967009 0.963947 0.868512 
4 4 1 0 0 0 0.00464997 0.00372029 0.00729131 0.00969002 0.00703996 0.00954317 0.0229936 0.0192441 1.53816e-12 0.0271531 0.0276218 
4 1 2 0 0.472666 0.141269 0.137897 0.126088 0.13683 0.163402 0.098694 0.0688534 0.0346559 0.0487224 0.0153906 4.66199e-08 0.0861113 
4 2 2 0 0 0.0403924 0.028251 0.0492532 0.0591368 0.0661171 0.0361781 0.0283177 0.000338234 2.16164e-08 0.0164028 0.00921437 0.0204694 
4 3 2 0 0.527334 0.818339 0.829389 0.821446 0.796921 0.759874 0.859199 0.894575 0.94187 0.93042 0.968207 0.964107 0.865912 
4 4 2 0 0 0 0.00446293 0.00321293 0.00711161 0.0106063 0.00592905 0.0082542 0.0231354 0.020858 7.76798e-11 0.0266783 0.027507 
4 1 3 
4 2 3 
4 3 3 
4 4 3 
5 1 0 0 0.246149 0.148952 0.136659 0.15543 0.175717 0.166077 0.105812 0.0611617 0.0416048 0.0605515 0.0336928 0.064412 0.0233103 
5 2 0 0 0 0.0201222 0.0431467 0.0360939 0.0556471 0.0619643 0.0405804 0.0161297 0.00574502 0.00342466 0.0136204 0.0234473 0.0152364 
5 3 0 0 0.753851 0.830025 0.818839 0.807291 0.76433 0.764445 0.84679 0.912838 0.934737 0.924934 0.937547 0.894072 0.932096 
5 4 0 0 0 0.000900225 0.00135569 0.00118575 0.00430552 0.00751341 0.00681803 0.00987094 0.0179136 0.0110894 0.0151396 0.0180685 0.0293573 
5 1 1 0 0.191249 0.139168 0.135957 0.150876 0.166471 0.158224 0.0905933 0.056978 0.0220414 0.0561786 0.0383154 0.0710663 0.0171366 
5 2 1 0 0 0.0210528 0.0451154 0.0369095 0.057451 0.0655339 0.0382783 0.0170832 0.00725784 2.12638e-09 0.0150995 0.0290714 0.0129068 
5 3 1 0 0.808751 0.83885 0.817489 0.81096 0.772128 0.768848 0.866167 0.917726 0.954874 0.930865 0.934052 0.876395 0.939483 
5 4 1 0 0 0.000929028 0.00143773 0.00125369 0.00394918 0.00739473 0.00496135 0.00821243 0.0158269 0.0129566 0.0125333 0.0234677 0.0304738 
5 1 2 0 0.187992 0.135249 0.123673 0.136715 0.15456 0.14682 0.0854992 0.0503781 0.0192981 0.0498267 0.0360937 0.070425 0.0159955 
5 2 2 0 0 0.0236746 0.0504129 0.0358626 0.0635732 0.0598268 0.0341137 0.0183673 0.00859239 3.99334e-10 0.0143168 0.0255317 0.0127012 
5 3 2 0 0.812008 0.839871 0.82403 0.825702 0.778997 0.787335 0.875262 0.921823 0.956069 0.936441 0.937781 0.882441 0.942613 
5 4 2 0 0 0.0012052 0.00188423 0.00171964 0.00286956 0.00601819 0.00512561 0.00943198 0.0160409 0.0137322 0.0118085 0.0216021 0.02869 
5 1 3 
5 2 3 
5 3 3 
5 4 3 
Error in <TGraphPainter::PaintGraph>: illegal number of points (0)
Error in <TGraphPainter::PaintGraph>: illegal number of points (0)
Error in <TGraphPainter::PaintGraph>: illegal number of points (0)
ERROR in TPDF::Open: Cannot open file:table/pim_pi.pdf
ERROR in TPDF::Open: Cannot open file:table/pim_K.pdf
ERROR in TPDF::Open: Cannot open file:table/pim_p.pdf
ERROR in TPDF::Open: Cannot open file:table/pim_u.pdf
ERROR in TPDF::Open: Cannot open file:table/pip_pi.pdf
ERROR in TPDF::Open: Cannot open file:table/pip_K.pdf
ERROR in TPDF::Open: Cannot open file:table/pip_p.pdf
ERROR in TPDF::Open: Cannot open file:table/pip_u.pdf
ERROR in TPDF::Open: Cannot open file:table/Km_pi.pdf
ERROR in TPDF::Open: Cannot open file:table/Km_K.pdf
ERROR in TPDF::Open: Cannot open file:table/Km_p.pdf
ERROR in TPDF::Open: Cannot open file:table/Km_u.pdf
ERROR in TPDF::Open: Cannot open file:table/Kp_pi.pdf
ERROR in TPDF::Open: Cannot open file:table/Kp_K.pdf
ERROR in TPDF::Open: Cannot open file:table/Kp_p.pdf
ERROR in TPDF::Open: Cannot open file:table/Kp_u.pdf
ERROR in TPDF::Open: Cannot open file:table/pm_pi.pdf
ERROR in TPDF::Open: Cannot open file:table/pm_K.pdf
ERROR in TPDF::Open: Cannot open file:table/pm_p.pdf
ERROR in TPDF::Open: Cannot open file:table/pm_u.pdf
ERROR in TPDF::Open: Cannot open file:table/pp_pi.pdf
ERROR in TPDF::Open: Cannot open file:table/pp_K.pdf
ERROR in TPDF::Open: Cannot open file:table/pp_p.pdf
ERROR in TPDF::Open: Cannot open file:table/pp_u.pdf
